Making install in despatcher
make[1]: Entering directory `/usr/local/oracc/src/c/bin/despatcher'
./install.sh /var/local/oracc/www/cgi-bin
make[1]: Leaving directory `/usr/local/oracc/src/c/bin/despatcher'
Making install in lemmer
make[1]: Entering directory `/usr/local/oracc/src/c/bin/lemmer'
gcc -DHAVE_CONFIG_H -I. -I../../.. -I../../../c/include -I../../../c/lib/expat/xmlparse -I../../../c/otf/{chr,lib,lng} -I../../../c/l2/{form,ilem,link,ngram,prop,psus,sigs,word,xcl2,xli}    -g -MT bigrams.o -MD -MP -MF .deps/bigrams.Tpo -c -o bigrams.o bigrams.c
mv -f .deps/bigrams.Tpo .deps/bigrams.Po
/bin/sh ../../../libtool --tag=CC   --mode=link gcc  -g   -o bigrams bigrams.o ../../../c/l2/libl2.la ../../../c/otf/lng/liblng.la ../../../c/otf/chr/libchr.la ../../../c/lib/skl/libskl.la ../../../c/lib/liboracc.la -lpcre 
libtool: link: gcc -g -o bigrams bigrams.o  ../../../c/l2/.libs/libl2.a ../../../c/otf/lng/.libs/liblng.a ../../../c/otf/chr/.libs/libchr.a ../../../c/lib/skl/.libs/libskl.a ../../../c/lib/.libs/liboracc.a -lpcre
gcc -DHAVE_CONFIG_H -I. -I../../.. -I../../../c/include -I../../../c/lib/expat/xmlparse -I../../../c/otf/{chr,lib,lng} -I../../../c/l2/{form,ilem,link,ngram,prop,psus,sigs,word,xcl2,xli}    -g -MT lemmer.o -MD -MP -MF .deps/lemmer.Tpo -c -o lemmer.o lemmer.c
mv -f .deps/lemmer.Tpo .deps/lemmer.Po
/bin/sh ../../../libtool --tag=CC   --mode=link gcc  -g   -o lemmer lemmer.o ../../../c/l2/libl2.la ../../../c/otf/lng/liblng.la ../../../c/otf/chr/libchr.la ../../../c/lib/skl/libskl.la ../../../c/lib/liboracc.la -lpcre 
libtool: link: gcc -g -o lemmer lemmer.o  ../../../c/l2/.libs/libl2.a ../../../c/otf/lng/.libs/liblng.a ../../../c/otf/chr/.libs/libchr.a ../../../c/lib/skl/.libs/libskl.a ../../../c/lib/.libs/liboracc.a -lpcre
gcc -DHAVE_CONFIG_H -I. -I../../.. -I../../../c/include -I../../../c/lib/expat/xmlparse -I../../../c/otf/{chr,lib,lng} -I../../../c/l2/{form,ilem,link,ngram,prop,psus,sigs,word,xcl2,xli}    -g -MT ngrammer.o -MD -MP -MF .deps/ngrammer.Tpo -c -o ngrammer.o ngrammer.c
mv -f .deps/ngrammer.Tpo .deps/ngrammer.Po
/bin/sh ../../../libtool --tag=CC   --mode=link gcc  -g   -o ngrammer ngrammer.o ../../../c/l2/libl2.la ../../../c/otf/lng/liblng.la ../../../c/otf/chr/libchr.la ../../../c/lib/skl/libskl.la ../../../c/lib/liboracc.la -lpcre 
libtool: link: gcc -g -o ngrammer ngrammer.o  ../../../c/l2/.libs/libl2.a ../../../c/otf/lng/.libs/liblng.a ../../../c/otf/chr/.libs/libchr.a ../../../c/lib/skl/.libs/libskl.a ../../../c/lib/.libs/liboracc.a -lpcre
/bin/sh ../../../libtool --tag=CC   --mode=link gcc  -g   -o xis xis.o ../../../c/l2/libl2.la ../../../c/otf/lng/liblng.la ../../../c/otf/chr/libchr.la ../../../c/lib/skl/libskl.la ../../../c/lib/liboracc.la -lpcre 
libtool: link: gcc -g -o xis xis.o  ../../../c/l2/.libs/libl2.a ../../../c/otf/lng/.libs/liblng.a ../../../c/otf/chr/.libs/libchr.a ../../../c/lib/skl/.libs/libskl.a ../../../c/lib/.libs/liboracc.a -lpcre
/bin/sh ../../../libtool --tag=CC   --mode=link gcc  -g   -o xis2 xis2.o ../../../c/l2/libl2.la ../../../c/otf/lng/liblng.la ../../../c/otf/chr/libchr.la ../../../c/lib/skl/libskl.la ../../../c/lib/liboracc.la -lpcre 
libtool: link: gcc -g -o xis2 xis2.o  ../../../c/l2/.libs/libl2.a ../../../c/otf/lng/.libs/liblng.a ../../../c/otf/chr/.libs/libchr.a ../../../c/lib/skl/.libs/libskl.a ../../../c/lib/.libs/liboracc.a -lpcre
make[2]: Entering directory `/usr/local/oracc/src/c/bin/lemmer'
test -z "/usr/local/oracc/bin" || /bin/mkdir -p "/usr/local/oracc/bin"
  /bin/sh ../../../libtool   --mode=install /usr/bin/install -c bigrams lemmer ngrammer xis xis2 '/usr/local/oracc/bin'
libtool: install: /usr/bin/install -c bigrams /usr/local/oracc/bin/bigrams
libtool: install: /usr/bin/install -c lemmer /usr/local/oracc/bin/lemmer
libtool: install: /usr/bin/install -c ngrammer /usr/local/oracc/bin/ngrammer
libtool: install: /usr/bin/install -c xis /usr/local/oracc/bin/xis
libtool: install: /usr/bin/install -c xis2 /usr/local/oracc/bin/xis2
make[2]: Nothing to be done for `install-data-am'.
make[2]: Leaving directory `/usr/local/oracc/src/c/bin/lemmer'
make[1]: Leaving directory `/usr/local/oracc/src/c/bin/lemmer'
Making install in matrix
make[1]: Entering directory `/usr/local/oracc/src/c/bin/matrix'
gcc -DHAVE_CONFIG_H -I. -I../../.. -I../../../c/include -I../../../c/lib/collate -I../../../c/otf/{chr,gdl,lib,lng} -I../../../c/otf/{otf,ox}   -ansi -g -MT iterate.o -MD -MP -MF .deps/iterate.Tpo -c -o iterate.o iterate.c
mv -f .deps/iterate.Tpo .deps/iterate.Po
gcc -DHAVE_CONFIG_H -I. -I../../.. -I../../../c/include -I../../../c/lib/collate -I../../../c/otf/{chr,gdl,lib,lng} -I../../../c/otf/{otf,ox}   -ansi -g -MT pf-clear.o -MD -MP -MF .deps/pf-clear.Tpo -c -o pf-clear.o pf-clear.c
mv -f .deps/pf-clear.Tpo .deps/pf-clear.Po
gcc -DHAVE_CONFIG_H -I. -I../../.. -I../../../c/include -I../../../c/lib/collate -I../../../c/otf/{chr,gdl,lib,lng} -I../../../c/otf/{otf,ox}   -ansi -g -MT pf-sf4.o -MD -MP -MF .deps/pf-sf4.Tpo -c -o pf-sf4.o pf-sf4.c
mv -f .deps/pf-sf4.Tpo .deps/pf-sf4.Po
gcc -DHAVE_CONFIG_H -I. -I../../.. -I../../../c/include -I../../../c/lib/collate -I../../../c/otf/{chr,gdl,lib,lng} -I../../../c/otf/{otf,ox}   -ansi -g -MT pf-vars.o -MD -MP -MF .deps/pf-vars.Tpo -c -o pf-vars.o pf-vars.c
mv -f .deps/pf-vars.Tpo .deps/pf-vars.Po
gcc -DHAVE_CONFIG_H -I. -I../../.. -I../../../c/include -I../../../c/lib/collate -I../../../c/otf/{chr,gdl,lib,lng} -I../../../c/otf/{otf,ox}   -ansi -g -MT sources.o -MD -MP -MF .deps/sources.Tpo -c -o sources.o sources.c
mv -f .deps/sources.Tpo .deps/sources.Po
gcc -DHAVE_CONFIG_H -I. -I../../.. -I../../../c/include -I../../../c/lib/collate -I../../../c/otf/{chr,gdl,lib,lng} -I../../../c/otf/{otf,ox}   -ansi -g -MT matrix.o -MD -MP -MF .deps/matrix.Tpo -c -o matrix.o matrix.c
mv -f .deps/matrix.Tpo .deps/matrix.Po
gcc -DHAVE_CONFIG_H -I. -I../../.. -I../../../c/include -I../../../c/lib/collate -I../../../c/otf/{chr,gdl,lib,lng} -I../../../c/otf/{otf,ox}   -ansi -g -MT pf-cmp.o -MD -MP -MF .deps/pf-cmp.Tpo -c -o pf-cmp.o pf-cmp.c
mv -f .deps/pf-cmp.Tpo .deps/pf-cmp.Po
gcc -DHAVE_CONFIG_H -I. -I../../.. -I../../../c/include -I../../../c/lib/collate -I../../../c/otf/{chr,gdl,lib,lng} -I../../../c/otf/{otf,ox}   -ansi -g -MT pf-skel.o -MD -MP -MF .deps/pf-skel.Tpo -c -o pf-skel.o pf-skel.c
mv -f .deps/pf-skel.Tpo .deps/pf-skel.Po
gcc -DHAVE_CONFIG_H -I. -I../../.. -I../../../c/include -I../../../c/lib/collate -I../../../c/otf/{chr,gdl,lib,lng} -I../../../c/otf/{otf,ox}   -ansi -g -MT pf_lib.o -MD -MP -MF .deps/pf_lib.Tpo -c -o pf_lib.o pf_lib.c
mv -f .deps/pf_lib.Tpo .deps/pf_lib.Po
gcc -DHAVE_CONFIG_H -I. -I../../.. -I../../../c/include -I../../../c/lib/collate -I../../../c/otf/{chr,gdl,lib,lng} -I../../../c/otf/{otf,ox}   -ansi -g -MT tabloc.o -MD -MP -MF .deps/tabloc.Tpo -c -o tabloc.o tabloc.c
mv -f .deps/tabloc.Tpo .deps/tabloc.Po
gcc -DHAVE_CONFIG_H -I. -I../../.. -I../../../c/include -I../../../c/lib/collate -I../../../c/otf/{chr,gdl,lib,lng} -I../../../c/otf/{otf,ox}   -ansi -g -MT pf-align.o -MD -MP -MF .deps/pf-align.Tpo -c -o pf-align.o pf-align.c
mv -f .deps/pf-align.Tpo .deps/pf-align.Po
gcc -DHAVE_CONFIG_H -I. -I../../.. -I../../../c/include -I../../../c/lib/collate -I../../../c/otf/{chr,gdl,lib,lng} -I../../../c/otf/{otf,ox}   -ansi -g -MT pf-debug.o -MD -MP -MF .deps/pf-debug.Tpo -c -o pf-debug.o pf-debug.c
mv -f .deps/pf-debug.Tpo .deps/pf-debug.Po
gcc -DHAVE_CONFIG_H -I. -I../../.. -I../../../c/include -I../../../c/lib/collate -I../../../c/otf/{chr,gdl,lib,lng} -I../../../c/otf/{otf,ox}   -ansi -g -MT pf-tex.o -MD -MP -MF .deps/pf-tex.Tpo -c -o pf-tex.o pf-tex.c
mv -f .deps/pf-tex.Tpo .deps/pf-tex.Po
gcc -DHAVE_CONFIG_H -I. -I../../.. -I../../../c/include -I../../../c/lib/collate -I../../../c/otf/{chr,gdl,lib,lng} -I../../../c/otf/{otf,ox}   -ansi -g -MT sort.o -MD -MP -MF .deps/sort.Tpo -c -o sort.o sort.c
mv -f .deps/sort.Tpo .deps/sort.Po
gcc -DHAVE_CONFIG_H -I. -I../../.. -I../../../c/include -I../../../c/lib/collate -I../../../c/otf/{chr,gdl,lib,lng} -I../../../c/otf/{otf,ox}   -ansi -g -MT variants.o -MD -MP -MF .deps/variants.Tpo -c -o variants.o variants.c
mv -f .deps/variants.Tpo .deps/variants.Po
gcc -DHAVE_CONFIG_H -I. -I../../.. -I../../../c/include -I../../../c/lib/collate -I../../../c/otf/{chr,gdl,lib,lng} -I../../../c/otf/{otf,ox}   -ansi -g -MT expand.o -MD -MP -MF .deps/expand.Tpo -c -o expand.o expand.c
mv -f .deps/expand.Tpo .deps/expand.Po
gcc -DHAVE_CONFIG_H -I. -I../../.. -I../../../c/include -I../../../c/lib/collate -I../../../c/otf/{chr,gdl,lib,lng} -I../../../c/otf/{otf,ox}   -ansi -g -MT pf-xpand.o -MD -MP -MF .deps/pf-xpand.Tpo -c -o pf-xpand.o pf-xpand.c
mv -f .deps/pf-xpand.Tpo .deps/pf-xpand.Po
gcc -DHAVE_CONFIG_H -I. -I../../.. -I../../../c/include -I../../../c/lib/collate -I../../../c/otf/{chr,gdl,lib,lng} -I../../../c/otf/{otf,ox}   -ansi -g -MT phantom.o -MD -MP -MF .deps/phantom.Tpo -c -o phantom.o phantom.c
mv -f .deps/phantom.Tpo .deps/phantom.Po
gcc -DHAVE_CONFIG_H -I. -I../../.. -I../../../c/include -I../../../c/lib/collate -I../../../c/otf/{chr,gdl,lib,lng} -I../../../c/otf/{otf,ox}   -ansi -g -MT pf-mtx.o -MD -MP -MF .deps/pf-mtx.Tpo -c -o pf-mtx.o pf-mtx.c
mv -f .deps/pf-mtx.Tpo .deps/pf-mtx.Po
gcc -DHAVE_CONFIG_H -I. -I../../.. -I../../../c/include -I../../../c/lib/collate -I../../../c/otf/{chr,gdl,lib,lng} -I../../../c/otf/{otf,ox}   -ansi -g -MT gdlif.o -MD -MP -MF .deps/gdlif.Tpo -c -o gdlif.o gdlif.c
mv -f .deps/gdlif.Tpo .deps/gdlif.Po
gcc -DHAVE_CONFIG_H -I. -I../../.. -I../../../c/include -I../../../c/lib/collate -I../../../c/otf/{chr,gdl,lib,lng} -I../../../c/otf/{otf,ox}   -ansi -g -MT globals.o -MD -MP -MF .deps/globals.Tpo -c -o globals.o `test -f '../../../c/otf/ox/globals.c' || echo './'`../../../c/otf/ox/globals.c
mv -f .deps/globals.Tpo .deps/globals.Po
/bin/sh ../../../libtool --tag=CC   --mode=link gcc -ansi -g   -o matrix iterate.o pf-clear.o pf-sf4.o pf-vars.o sources.o matrix.o pf-cmp.o pf-skel.o pf_lib.o tabloc.o pf-align.o pf-debug.o pf-tex.o sort.o variants.o expand.o pf-xpand.o phantom.o pf-mtx.o gdlif.o globals.o ../../../c/lib/collate/libcoll.la ../../../c/l2/libl2.la ../../../c/otf/gdl/libgdl.la ../../../c/otf/atf/libatf.la ../../../c/otf/chr/libchr.la ../../../c/otf/lib/libcdf.la ../../../c/otf/lng/liblng.la ../../../c/lib/liboracc.la -lpcre 
libtool: link: gcc -ansi -g -o matrix iterate.o pf-clear.o pf-sf4.o pf-vars.o sources.o matrix.o pf-cmp.o pf-skel.o pf_lib.o tabloc.o pf-align.o pf-debug.o pf-tex.o sort.o variants.o expand.o pf-xpand.o phantom.o pf-mtx.o gdlif.o globals.o  ../../../c/lib/collate/.libs/libcoll.a ../../../c/l2/.libs/libl2.a ../../../c/otf/gdl/.libs/libgdl.a ../../../c/otf/atf/.libs/libatf.a ../../../c/otf/chr/.libs/libchr.a ../../../c/otf/lib/.libs/libcdf.a ../../../c/otf/lng/.libs/liblng.a ../../../c/lib/.libs/liboracc.a -lpcre
../../../c/otf/gdl/.libs/libgdl.a(inline.o): In function `process_fields':
/usr/local/oracc/src/c/otf/gdl/inline.c:416: undefined reference to `sparse_lem'
/usr/local/oracc/src/c/otf/gdl/inline.c:416: undefined reference to `xcl_is_sparse_field'
../../../c/otf/gdl/.libs/libgdl.a(inline.o): In function `init_word_func':
/usr/local/oracc/src/c/otf/gdl/inline.c:625: undefined reference to `sparse_lem'
collect2: ld returned 1 exit status
make[1]: *** [matrix] Error 1
make[1]: Leaving directory `/usr/local/oracc/src/c/bin/matrix'
make: *** [install-recursive] Error 1
