|EDIN.NA.A.LAL|: adding useq x12094.x1223E.x12000.x121F2
|HA.MUŠ.DU|: adding useq x12129.x12232.x1207A
|HA.A.DU|: adding useq x12129.x12000.x1207A
|A.KA×A|: adding useq x12000.x12158
|A.LAGAB×U|: adding useq x12000.x121E5
|A.LAK648×A|: adding useq x12000.X
|GISAL.SI|: adding useq x12110.x122DB
|PA.GISAL.SI|: adding useq x1227A.x12110.x122DB
|GISAL.A.SI|: adding useq x12110.x12000.x122DB
|PAD.GISAL.SI.A|: adding useq x1227B.x12110.x122DB.x12000
|GUD.GIŠ×TAK₄.SI|: adding useq x124CD.x122DB
|A.PA.GISAL|: adding useq x12000.x1227A.x12110
|BI.GIŠ.GAD.A.A.SI|: adding useq x12049.x12111.x120F0.x12000.x12000.x122DB
|A.PA.BI.GIŠ.PAD|: adding useq x12000.x1227A.x12049.x12111.x1227B
|A.GISAL|: adding useq x12000.x12110
|SI.A.PAD.GISAL|: adding useq x122DB.x12000.x1227B.x12110
|GISAL.A|: adding useq x12110.x12000
|SA.SUD|: adding useq x12293.x122E4
|A.ŠU₂.U₂.NAGA|: adding useq x12000.x122D9.x12311.x12240
|A.TU.A.TU.GABA.LIŠ|: adding useq x12000.x12305.x12000.x12305.x120EE.x121FA
|A.TU.GABA.LIŠ.GAR|: adding useq x12000.x12305.x120EE.x121FA.x120FB
|AB×HA.TAG|: adding useq x1200F.x122F3
|AB₂.LAGAB×U|: adding useq x12016.x121E5
|AMAR.AMAR|: adding useq x1202B.x1202B
|AMAR.ERIN₂|: adding useq x1202B.x1209F
|UD.AMAR|: adding useq x12313.x1202B
|AN.AN.AŠ|: adding useq x1202D.x1202D.x12038
|AN.GU₂×PAP|: adding useq x1202D.X
|AN.MI.HU|: adding useq x1202D.x1222A.x12137
|IM.MI|: adding useq x1214E.x1222A
|AN.MI|: adding useq x1202D.x1222A
|AN.ŠE.NAGA.GAL|: adding useq x1202D.x122BA.x12240.x120F2
|LAK248@g.ARAD|: adding useq X.x12034
|ANŠE.IGI|: adding useq x12032.x12146
|AN.AN.AN|: adding useq x1202D.x1202D.x1202D
|KU.ARAD|: adding useq x121AA.x12034
|AŠ.KUN|: adding useq x12038.x121B2
|AŠ₂.U&U|: adding useq x1203E.X
|UD.BAD|: adding useq x12313.x12041
|BAD&BAD.X|: adding useq X.X
|DUG.LIŠ.BUR|: adding useq x12081.x121FA.x12053
|BAR.BAHAR₂|: adding useq x12047.x12043
|GUD.BAR|: adding useq x1211E.x12047
|BAR.GUD|: adding useq x12047.x1211E
|BI.UD.SUD|: adding useq x12049.x12313.x122E4
|SUD&SUD.AB|: adding useq X.x1200A
|BU%BU.AB|: adding useq x12050.x1200A
|BU@90.BU.UN|: adding useq X.x1204D.x12326
|BU@90.BU.NA₂|: adding useq X.x1204D.x1223F
|(BU&BU)×NA₂.A|: adding useq x12487.x12000
|E.KISIM₅×(A.MAŠ)|: adding useq x1208A.X
|E.KISIM₅×BALAG|: adding useq x1208A.X
|E.KISIM₅×GA|: adding useq x1208A.X
|DAG.DAG.KISIM₅×(U₂.GIR₂)|: adding useq x12056.x1206C
|E.KISIM₅×GIR₂|: adding useq x1208A.X
|NUNUZ.KISIM₅×KAK|: adding useq x1226D.X
|E.KISIM₅×LA|: adding useq x1208A.X
|DAG.KISIM₅×(LU.GIR₂)|: adding useq x12056.X
|E.KISIM₅×TAK₄|: adding useq x1208A.X
|E.KISIM₅×(U₂.GIR₂)|: adding useq x1208A.X
|DAG.KISIM₅×X|: adding useq x12056.X
|DIN.KASKAL|: adding useq x12077.x1219C
|DIŠ@k.DIŠ@k.DIŠ@k.DIŠ@k|: adding useq X.X.X.X
|NAGAR.DUB|: adding useq x12244.x1207E
|UM×KUL.NAGAR|: adding useq X.x12244
|KID.NUN|: adding useq x121A4.x12263
|GA.HI×AŠ₂.BUR|: adding useq x120B5.x1212F.x12053
|GA.PAP.U@g.DIŠ|: adding useq x120B5.x1227D.x12434.x12079
|E₂.PAP.GAŠAN.DIŠ|: adding useq x1208D.x1227D.x120FD.x12079
|GA.HI×AŠ₂.GAŠAN.DIŠ|: adding useq x120B5.x1212F.x120FD.x12079
|EN.E₂|: adding useq x12097.x1208D
|EN.ME.AN×MUŠ₃|: adding useq x12097.x12228.X
|EN×ME.GI|: adding useq x1209A.x12100
|ME.EN.GI|: adding useq x12228.x12097.x12100
|ME.MU|: adding useq x12228.x1222C
|EN×ME.MU|: adding useq x1209A.x1222C
|ME.EN.MU|: adding useq x12228.x12097.x1222C
|EN×IGI@g.NUN.ME.EZEN×KASKAL|: adding useq X.x12263.x12228.x120AC
|EN×IGI@g.NUN.EZEN×KASKAL|: adding useq X.x12263.x120AC
|IGI@g.EN.NUN.ME.EZEN×KASKAL|: adding useq x1214A.x12097.x12263.x12228.x120AC
|AN.EN.NU.NUNUZ.ZI.AN.ŠEŠ.KI|: adding useq x1202D.x12097.x12261.x1226D.x12363.x1202D.x122C0.x121A0
|EN×MAŠ.KAK|: adding useq X.x12195
|EN%EN.EN%EN|: adding useq x1209B.x1209B
|BU.NU.NUN.LUH.EŠ₂|: adding useq x1204D.x12261.x12263.x1221B.x120A0
|BU.ŠE.EŠ₂.NUN|: adding useq x1204D.x122BA.x120A0.x12263
|EŠ₂.SUD.NUN|: adding useq x120A0.x122E4.x12263
|BU.EŠ₂.ŠE.NUN|: adding useq x1204D.x120A0.x122BA.x12263
|SUD.NU.NUN.EŠ₂|: adding useq x122E4.x12261.x12263.x120A0
|EŠ₂%EŠ₂.NUN|: adding useq x124AC.x12263
|EŠ₂%EŠ₂.NUN.A|: adding useq x124AC.x12263.x12000
|EŠ₂@t.GIR₂@g|: adding useq X.x12109
|EZEN.AN|: adding useq x120A1.x1202D
|EZEN×BAD.SI.AB.BA|: adding useq x120A6.x122DB.x1200A.x12040
|GA₂×HA.A|: adding useq X.x12000
|LAGAB×HA.A|: adding useq x121C8.x12000
|GAD.GAR|: adding useq x120F0.x120FB
|GAL.GAD.GAR|: adding useq x120F2.x120F0.x120FB
|KID.MA₂.MAH|: adding useq x121A4.x12223.x12224
|GA₂×AN.GAN.KAK|: adding useq x120BC.x120F6.x12195
|KIŠ@g.ARAD|: adding useq X.x12034
|IGI.KIŠ|: adding useq x12146.x121A7
|A.IGI.GIR₃|: adding useq x12000.x12146.x1210A
|IGI.LU.LAK248|: adding useq x12146.x121FB.X
|LU.IGI.ANŠE|: adding useq x121FB.x12146.x12032
|GIŠ.KUŠU₂×KASKAL|: adding useq x12111.X
|GI.NE|: adding useq x12100.x12248
|GIŠ.PI|: adding useq x12111.x1227F
|GIŠ.TUG₂.PI.NU₁₁@90.SILA₃|: adding useq x12111.x12306.x1227F.x12393.x122E1
|NU₁₁@90.SILA₃|: adding useq x12393.x122E1
|NU₁₁@90.PI|: adding useq x12393.x1227F
|GIŠ.TUG₂.PI.NU₁₁@90|: adding useq x12111.x12306.x1227F.x12393
|GIŠ.PI.TUG₂.NU₁₁@90|: adding useq x12111.x1227F.x12306.x12393
|GIŠ.TE.A.TUG₂.DU|: adding useq x12111.x122FC.x12000.x12306.x1207A
|GIŠ.DU.TE.A.TUG₂|: adding useq x12111.x1207A.x122FC.x12000.x12306
|GIŠ.TE.A.DU.TUG₂|: adding useq x12111.x122FC.x12000.x1207A.x12306
|TUG₂.TE.A.DU|: adding useq x12306.x122FC.x12000.x1207A
|GU₂×KAK.IGI|: adding useq x12119.x12146
|GUL.ZA|: adding useq x12122.x1235D
|SIK₂.NUN.ME.U|: adding useq x122E0.x12263.x12228.x1230B
|PAN.GAM|: adding useq x1227C.x120F5
|IGI.LAK248|: adding useq x12146.X
|HI+AŠ₂.SAG|: adding useq x1212D.x1203E.x12295
|HI.AŠ.RI|: adding useq x1212D.x12038.x12291
|HI+NUN|: adding useq x1212D.x12263
|HI+NUN.ME|: adding useq x1212D.x12263.x12228
|HI.AŠ.RI.ME|: adding useq x1212D.x12038.x12291.x12228
|AN.HUL₂|: adding useq x1202D.x1213E
|IGI.KID|: adding useq x12146.x121A4
|IGI.KISAL|: adding useq x12146.x121A6
|IGI.UR.SAR|: adding useq x12146.x12328.x122AC
|KAD₄.SAG|: adding useq x12192.x12295
|KA.EŠ₂|: adding useq x12157.x120A0
|KA×ŠU.ŠA|: adding useq x12183.x122AD
|KA.GAR|: adding useq x12157.x120FB
|KA.IM|: adding useq x12157.x1214E
|KA.LI|: adding useq x12157.x121F7
|KA.ME|: adding useq x12157.x12228
|ŠE.KA|: adding useq x122BA.x12157
|KA.X|: adding useq x12157.X
|KAK+DIŠ|: adding useq x12195.x12079
|KASKAL&KASKAL.LAGAB&LAGAB|: adding useq X.X
|KASKAL&KASKAL.DU&DU.BAD&BAD|: adding useq X.x1207B.X
|BI.KI|: adding useq x12049.x121A0
|BI.KI.GAR|: adding useq x12049.x121A0.x120FB
|MIN.MIN|: adding useq x1222B.x1222B
|KI.LU.EŠ₂|: adding useq x121A0.x121FB.x120A0
|KI.LU.EŠ₂.GAR.SU.GAR.RA|: adding useq x121A0.x121FB.x120A0.x120FB.x122E2.x120FB.x1228F
|KI.SU.LU.EŠ₂|: adding useq x121A0.x122E2.x121FB.x120A0
|KI.SU.LU.EŠ₂.GAR.KI|: adding useq x121A0.x122E2.x121FB.x120A0.x120FB.x121A0
|KI.SU.LU.EŠ₂.KI.GAR|: adding useq x121A0.x122E2.x121FB.x120A0.x121A0.x120FB
|KI.SU.LU.GAR.KI|: adding useq x121A0.x122E2.x121FB.x120FB.x121A0
|KI.SU.LU.EŠ₂.GAR.RA|: adding useq x121A0.x122E2.x121FB.x120A0.x120FB.x1228F
|KI.SU.LU.GAR|: adding useq x121A0.x122E2.x121FB.x120FB
|KI.SU.LU.KI.GAR|: adding useq x121A0.x122E2.x121FB.x121A0.x120FB
|KI.SU.LU.LAGAB×U.GAR|: adding useq x121A0.x122E2.x121FB.x121E5.x120FB
|KI.SU.LU.ŠU.GAR|: adding useq x121A0.x122E2.x121FB.x122D7.x120FB
|KI.SU.ZA.LU.EŠ₂|: adding useq x121A0.x122E2.x1235D.x121FB.x120A0
|LU.EŠ₂.GAR.KI|: adding useq x121FB.x120A0.x120FB.x121A0
|SU.KI.LU.EŠ₂.KI|: adding useq x122E2.x121A0.x121FB.x120A0.x121A0
|SU.LU.EŠ₂.KI.GAR|: adding useq x122E2.x121FB.x120A0.x121A0.x120FB
|SU.LU.ŠU.KI.GAR|: adding useq x122E2.x121FB.x122D7.x121A0.x120FB
|KI.LU.EŠ₂.GAR|: adding useq x121A0.x121FB.x120A0.x120FB
|KI.SU.LU.GAR.EŠ₂|: adding useq x121A0.x122E2.x121FB.x120FB.x120A0
|KI.SU.GAR.RA|: adding useq x121A0.x122E2.x120FB.x1228F
|BALAG.KID|: adding useq x12046.x121A4
|KIŠ.AB@g|: adding useq x121A7.x12015
|KUŠU₂.HI×DIŠ|: adding useq x121B5.x12131
|LAGAB×(GUD&GUD)+HUL₂|: adding useq x121C7.x1213E
|LAGAR.HUL₂|: adding useq x121EC.x1213E
|ŠE+SAR.ZU&ZU|: adding useq x122BA.x122AC.X
|LAGAR@g&LAGAR@g.SAR|: adding useq X.x122AC
|LAGAR@g&LAGAR@g.LAGAR@g&LAGAR@g.LAGAR@g&LAGAR@g|: adding useq X.X.X
|ŠE+SAR.HI.ZU&ZU|: adding useq x122BA.x122AC.x1212D.X
|HI.ŠE+SAR.ZU&ZU|: adding useq x1212D.x122BA.x122AC.X
|ZU&ZU.ŠE|: adding useq X.x122BA
|ZU&ZU.ŠE.SAR|: adding useq X.x122BA.x122AC
|ŠU₂.E₂|: adding useq x122D9.x1208D
|NUNUZ.AB₂×LU₃|: adding useq x1226D.X
|NUNUZ.AB₂×(LU₃.PAP.PAP)|: adding useq x1226D.X
|A.GISAL.SI.ELLES214|: adding useq x12000.x12110.x122DB.X
|LAL.A|: adding useq x121F2.x12000
|LAL.DUG|: adding useq x121F2.x12081
|LAL₂×DU.DU|: adding useq X.x1207A
|LAM.RU|: adding useq x121F4.x12292
|LU₂.EŠ₂@t|: adding useq x121FD.X
|LU₂.NE|: adding useq x121FD.x12248
|LU₂@g.UŠ₂|: adding useq X.x12357
|LU₂.GAN|: adding useq x121FD.x120F6
|MA₂.HU|: adding useq x12223.x12137
|HU.MA₂|: adding useq x12137.x12223
|MA₂.KASKAL.IGI@g&IGI@g|: adding useq x12223.x1219C.X
|MA₂.LIŠ|: adding useq x12223.x121FA
|MA₂.HI.DIŠ|: adding useq x12223.x1212D.x12079
|MA₂.IGI|: adding useq x12223.x12146
|MAŠ₂.MI|: adding useq x12227.x1222A
|MU.MU|: adding useq x1222C.x1222C
|MUG.DIŠ|: adding useq x1222E.x12079
|PA.MUNSUB|: adding useq x1227A.x12230
|MUŠ@90.MUŠ@90|: adding useq X.X
|MUŠ.IR.HA.DIN.BALAG|: adding useq x12232.x12155.x12129.x12077.x12046
|IR.MUŠ.HA.DIN.BALAG|: adding useq x12155.x12232.x12129.x12077.x12046
|BALAG.DIN.AN.MUŠ|: adding useq x12046.x12077.x1202D.x12232
|MUŠ%MUŠ.KAK|: adding useq x12238.x12195
|MUŠ%MUŠ.HI|: adding useq x12238.x1212D
|MUŠ.MUŠ|: adding useq x12232.x12232
|BU.BU|: adding useq x1204D.x1204D
|MUŠ₃@g.ŠEŠ₂|: adding useq x1223D.x122C1
|ŠE.NAGA@ŠE.NAGA|: adding useq x122BA.X.x12240
|U₂.NAGA@U₂.NAGA|: adding useq x12311.X.x12240
|BU.NAGAR|: adding useq x1204D.x12244
|ZA@t.NAGAR|: adding useq x1235E.x12244
|TUG₂.NAM.LUGAL|: adding useq x12306.x12246.x12217
|NE.PAP.BAU377|: adding useq x12248.x1227D.X
|NE.PAP.BAU077|: adding useq x12248.x1227D.X
|NE.PAP.GIŠ|: adding useq x12248.x1227D.x12111
|PAP.GIŠ.NE|: adding useq x1227D.x12111.x12248
|PAP.NE.GIŠ|: adding useq x1227D.x12248.x12111
|GIŠ.PAP.NE|: adding useq x12111.x1227D.x12248
|PAP.NE|: adding useq x1227D.x12248
|GIŠ.NE.PAP|: adding useq x12111.x12248.x1227D
|GIŠ.PAP.NE@s|: adding useq x12111.x1227D.x1224B
|UD.NI.HUB₂|: adding useq x12313.x1224C.x12138
|NINDA₂.AŠ.AŠ|: adding useq x12252.x12038.x12038
|NINDA₂.GUD|: adding useq x12252.x1211E
|ŠE.NINDA₂@180×ZA|: adding useq x122BA.X
|LA.NU₁₁.BUR|: adding useq x121B7.x12262.x12053
|BUR.NU₁₁.LA.HU|: adding useq x12053.x12262.x121B7.x12137
|BUR.NU₁₁.LA|: adding useq x12053.x12262.x121B7
|NU₁₁.BUR.LA.HU|: adding useq x12262.x12053.x121B7.x12137
|NU₁₁.BUR.HU|: adding useq x12262.x12053.x12137
|NU₁₁.BUR.SU.LA.HU|: adding useq x12262.x12053.x122E2.x121B7.x12137
|NU₁₁@t.SILA₃|: adding useq X.x122E1
|NUN.LA.GA₂×GAR|: adding useq x12263.x121B7.x120CC
|NUN.LA.GA₂×UŠ|: adding useq x12263.x121B7.X
|ME.NUN.DU|: adding useq x12228.x12263.x1207A
|NUN.AB₂.DU|: adding useq x12263.x12016.x1207A
|NUNUZ.NUNUZ|: adding useq x1226D.x1226D
|NUNUZ.AB₂×NI|: adding useq x1226D.X
|NUNUZ.AB₂×(BUR₂.LU₃)|: adding useq x1226D.X
|NUNUZ.AB₂×(LU₃.BUR₂)|: adding useq x1226D.X
|NUNUZ.AB₂×GU|: adding useq x1226D.X
|NUNUZ.DUH.A|: adding useq x1226D.x12083.x12000
|NUNUZ.KISIM₅×(LU₃.PAP.PAP)|: adding useq x1226D.X
|NUNUZ.KISIM₅×(TUG₂.HI)|: adding useq x1226D.X
|AL.PA|: adding useq x12020.x1227A
|PA.DAG.KISIM₅×PAP|: adding useq x1227A.x12056.X
|PA.DAG.KISIM₅×LU|: adding useq x1227A.x12065
|PA.EL.BU@g|: adding useq x1227A.x12096.X
|PA.EL.SUD|: adding useq x1227A.x12096.x122E4
|EL.SUD|: adding useq x12096.x122E4
|PA.EL|: adding useq x1227A.x12096
|PA.EŠ₂|: adding useq x1227A.x120A0
|PA.GAR.TE.SI|: adding useq x1227A.x120FB.x122FC.x122DB
|PA.NAM₂|: adding useq x1227A.x12247
|MUŠ₃.PAD|: adding useq x12239.x1227B
|(PAN&PAN).(EŠ₂&EŠ₂)|: adding useq X.X
|PAP.PAP×ŠE|: adding useq x1227D.X
|IGI@g.PAP.NUN.ME|: adding useq x1214A.x1227D.x12263.x12228
|GIR₃.AB@g.GAL|: adding useq x1210A.x12015.x120F2
|ZA.PIRIG|: adding useq x1235D.x1228A
|ZA.LAK247|: adding useq x1235D.X
|GIR₃.GIR₃|: adding useq x1210A.x1210A
|SAG.DU|: adding useq x12295.x1207A
|SAG.NI|: adding useq x12295.x1224C
|SAL.HUB₂.AL|: adding useq x122A9.x12138.x12020
|ŠITA.GIŠ.ME|: adding useq x122D6.x12111.x12228
|SAL.SAL.DAM|: adding useq x122A9.x122A9.x1206E
|SAL.TUG₂.BAHAR₂|: adding useq x1238F.x12043
|SAL.TUG₂.ME.DAG.X|: adding useq x1238F.x12228.x12056.X
|SAL.TUG₂.IGI@g.NUN.ME.EZEN×KASKAL|: adding useq x1238F.x1214A.x12263.x12228.x120AC
|SAL.TUG₂.PAP.IGI@g.ME.EZEN×KASKAL|: adding useq x1238F.x1227D.x1214A.x12228.x120AC
|SAL.UŠ.E₂.DI|: adding useq x122A9.x12351.x1208D.x12072
|A.SI|: adding useq x12000.x122DB
|SI.GUD×AŠ|: adding useq x122DB.X
|SIG₄%SIG₄.ŠU₂|: adding useq X.x122D9
|GABA.ŠU.SILA₃|: adding useq x120EE.x122D7.x122E1
|SILA₃.ŠU|: adding useq x122E1.x122D7
|TAK₄.SILA₃.GABA|: adding useq x122FA.x122E1.x120EE
|ŠU.SILA₃.GABA.A|: adding useq x122D7.x122E1.x120EE.x12000
|SU.LAM.KUR.RU|: adding useq x122E2.x121F4.x121B3.x12292
|UZ₃.IGI@g|: adding useq x1235A.x1214A
|UZ₃.IGI@g.IGI@g|: adding useq x1235A.x1214A.x1214A
|SIK₂.E|: adding useq x122E0.x1208A
|ŠE.KAK.A|: adding useq x122BA.x12195.x12000
|ŠE.NAGA×A|: adding useq x122BA.X
|U₂.(ŠE.NUN&NUN)&(ŠE.NUN&NUN)|: adding useq x12311.x12303
|U₂.(ŠE.NUN&NUN)%(ŠE.NUN&NUN)|: adding useq x12311.X
|(ŠE.NUN&NUN)&(ŠE.NUN&NUN).GAD&GAD|: adding useq x12303.X
|ŠE&ŠE.GAR&GAR|: adding useq x12532.X
|ŠE&ŠE.PA&PA.GAR&GAR|: adding useq x12532.X.X
|ŠE.EŠ₂.PI.GAR|: adding useq x122BA.x120A0.x1227F.x120FB
|AB.ŠEŠ|: adding useq x1200A.x122C0
|ŠEŠ.NA|: adding useq x122C0.x1223E
|ŠIM.SAL|: adding useq x122C6.x122A9
|ŠITA.GIŠ.NAM₂|: adding useq x122D6.x12111.x12247
|ŠITA~a.GIŠ.NAM₂|: adding useq X.x12111.x12247
|GAR.ŠU.TUR.LAL|: adding useq x120FB.x122D7.x12309.x121F2
|ŠU.KAD₅|: adding useq x122D7.x12193
|ŠU.SUM.KAK|: adding useq x122D7.x122E7.x12195
|AN.HI×GAD|: adding useq x1202D.x12132
|ŠU₂.AN.HI×KAK|: adding useq x122D9.x1202D.X
|ŠU₂.ŠA|: adding useq x122D9.x122AD
|TAG.LU|: adding useq x122F3.x121FB
|ŠU.TAG|: adding useq x122D7.x122F3
|ŠIM.TUG₂|: adding useq x122C6.x12306
|TUG₂.TAG|: adding useq x12306.x122F3
|AB.TE|: adding useq x1200A.x122FC
|TUR.TUR.LAL|: adding useq x12309.x12309.x121F2
|TUR&TUR.ZA&ZA.NA|: adding useq x1230A.x1223E
|TUR&TUR.ZA&ZA.TUR&TUR.ZA&ZA|: adding useq x1230A.x1230A
|U.BAHAR₂|: adding useq x1230B.x12043
|U.GAN@s|: adding useq x1230B.X
|ŠU₂.GUD|: adding useq x122D9.x1211E
|U.SAG×PAP|: adding useq x1230B.X
|U.KUL|: adding useq x1230B.x121B0
|SAG.ŠU₂|: adding useq x12295.x122D9
|A.LAGAB×KUL.ŠU₂|: adding useq x12000.x121D2.x122D9
|KUR.RA|: adding useq x121B3.x1228F
|NAGA.U₂|: adding useq x12240.x12311
|GA.NAGA|: adding useq x120B5.x12240
|UD.AB×(U.U.U).ŠIR.LAGAB.A|: adding useq x12313.x12014.x122D3.x121B8.x12000
|AN.UD.AN.UD|: adding useq x1202D.x12313.x1202D.x12313
|UD.KA.AŠ|: adding useq x12313.x12157.x12038
|KA.UD.AŠ|: adding useq x12157.x12313.x12038
|KA.UD.BAR|: adding useq x12157.x12313.x12047
|KA.BAR|: adding useq x12157.x12047
|UD.KA×BAR|: adding useq x12313.x1215E
|UD.(GIŠ%GIŠ)@g.AN|: adding useq x12313.X.x1202D
|UD.GIŠ%GIŠ.NUN.KI|: adding useq x12313.x12112.x12263.x121A0
|UD.AN.(GIŠ%GIŠ)@g|: adding useq x12313.x1202D.X
|UD.HU.HI.NUN.NA.KI|: adding useq x12313.x12137.x1212D.x12263.x1223E.x121A0
|UD×(U.U.U).DU|: adding useq x12317.x1207A
|GAD.UR₂×TAK₄|: adding useq x120F0.X
|UR.A.EDIN|: adding useq x12328.x12000.x12094
|URU.A|: adding useq x12337.x12000
|URU×MIN+AŠ|: adding useq x12347.x12038
|URU.URUDA|: adding useq x12337.x1234F
|ZA.ZA₇.MUŠ₃|: adding useq x1235D.x12541.x12239
|ZA₇.MUŠ₃.AB@g|: adding useq x12541.x12239.x12015
|ZI.ZI.A|: adding useq x12363.x12363.x12000
|ZI.ZI|: adding useq x12363.x12363
|ZI&ZI.LAGAB×AŠ|: adding useq x12364.X
|ZI&ZI.LAGAB&LAGAB|: adding useq x12364.X
|ZI%ZI.LAGAB|: adding useq X.x121B8
|TUM.AŠ₂|: adding useq x12308.x1203E
|TUM.U.U.U|: adding useq x12308.x1230D
|DAG.KISIM₅×U|: adding useq x12056.X
|EN.GA₂×SAL.DIM₂|: adding useq x12097.x120E3.x12076
|GAD+DIŠ×A|: adding useq x120F0.X
|NUNUZ.KISIM₅×AŠGAB|: adding useq x1226D.X
|ŠIR.LU.SU&ŠIR.LU.SU|: adding useq x122D3.x121FB.X.x121FB.x122E2
|URUDA.IŠ|: adding useq x1234F.x12156
|AN.LAK397|: adding useq x1202D.X
|UR₂×TAK₄.SU|: adding useq X.x122E2
|KASKAL.LAGAB×X|: adding useq x1219C.X
|KA×X.KA×X|: adding useq X.X
|EZEN×X.KI|: adding useq X.x121A0
|LAL₂.X|: adding useq x121F3.X
|U₂.GA₂×X.TUR|: adding useq x12311.X.x12309
|U₂.GA₂×X|: adding useq x12311.X
|SAL.X|: adding useq x122A9.X
|DIM×KUR.SAR|: adding useq X.x122AC
|ZA.MUŠ₃.AB×(U.U.U)|: adding useq x1235D.x12239.x12014
|LU₂&LU₂.GIŠ&GIŠ|: adding useq X.X
|PA.SAG|: adding useq x1227A.x12295
|SI.A.GAR.X|: adding useq x122DB.x12000.x120FB.X
|NUN.TAG|: adding useq x12263.x122F3
|GISAL×A.GAD.GAR.A.SI.A|: adding useq X.x120F0.x120FB.x12000.x122DB.x12000
|ŠE.EŠ₂.BU|: adding useq x122BA.x120A0.x1204D
|NUN.EŠ₂.ŠE.BU|: adding useq x12263.x120A0.x122BA.x1204D
|SUD.ŠE.NUN.EŠ₂|: adding useq x122E4.x122BA.x12263.x120A0
|NUN.EŠ₂.AB.BU|: adding useq x12263.x120A0.x1200A.x1204D
|EŠ₂.NUN.BU|: adding useq x120A0.x12263.x1204D
|EŠ₂.NUN.BU.ŠE|: adding useq x120A0.x12263.x1204D.x122BA
|LU.ANŠE×IGI|: adding useq x121FB.X
|(ŠE&ŠE).KIN|: adding useq X.x121A5
|(ŠE%ŠE).KIN|: adding useq X.x121A5
|ŠIM×KUŠU₂+KASKAL|: adding useq x122CE.x1219C
|AN.GU×KAK|: adding useq x1202D.X
|ZIZ₂.AN.AN.AN|: adding useq x12369.x1202D.x1202D.x1202D
|PA.SI|: adding useq x1227A.x122DB
|A.DU&A.DU|: adding useq x12000.X.x1207A
|ŠE.GAN₂|: adding useq x122BA.x120F7
|GUD.KU|: adding useq x1211E.x121AA
|PA.DUG.GIŠ.PAD.SI.A|: adding useq x1227A.x12081.x12111.x1227B.x122DB.x12000
|IGI.BUR|: adding useq x12146.x12053
|GU.GU|: adding useq x12116.x12116
|NUN.LAGAR×TAK₄|: adding useq x12263.X
|1(N57).1(N57)|: adding useq X.X
|1(N57).DUN|: adding useq X.x12084
|ŠU₂.2(N57)|: adding useq x122D9.X
|HA@g×IGI.LU|: adding useq X.x121FB
|HI.SUHUR|: adding useq x1212D.x122E6
|IGI.SUHUR|: adding useq x12146.x122E6
|PIRIG×PA.LAGAB|: adding useq X.x121B8
|SAL.AŠ₂|: adding useq x122A9.x1203E
|U&U.GAR₃&GAR₃|: adding useq X.X
|SAL.HUB₂×UD|: adding useq x122A9.x1213D
|A.LAGAB×MU|: adding useq x12000.X
|AŠ₃+DIŠ|: adding useq x1240B.x12079
|BARA₂.BI|: adding useq x12048.x12049
|KI.LUGAL.DU|: adding useq x121A0.x12217.x1207A
|GIŠ.PAP.PAP|: adding useq x12111.x1227D.x1227D
|GIŠ.TUK.MAŠ|: adding useq x12111.x12307.x12226
|SAL.UŠ.KI|: adding useq x122A9.x12351.x121A0
|NUNUZ.AB₂×TAB|: adding useq x1226D.X
|A.KU|: adding useq x12000.x121AA
|DUG.PAP.BUR|: adding useq x12081.x1227D.x12053
|NUN.ME.EZEN.GUM|: adding useq x12263.x12228.x120A1.x12123
|LU₂@s+GAM|: adding useq x12215.x120F5
|MUŠ₃.(TA×HI)|: adding useq x12239.X
|A.BARA₂|: adding useq x12000.x12048
|A.ZA.MUŠ₃@g|: adding useq x12000.x1235D.x1223D
|NUNUZ.KISIM₅×U₂|: adding useq x1226D.X
|A.LAGAB×HAL.PAP.NA₂|: adding useq x12000.x121C9.x1227D.x1223F
|NUNUZ.AB₂×(U.U.U)|: adding useq x1226D.X
|UD.MA₂.AB.TAG|: adding useq x12313.x12223.x1200A.x122F3
|ZI.LAGAB&ZI.LAGAB|: adding useq x12363.X.x121B8
|ŠE.NUN.LAGAB&ŠE.NUN.LAGAB|: adding useq x122BA.x12263.X.x12263.x121B8
|UD.SAL.KAB|: adding useq x12313.x122A9.x1218F
|TAB+ERIN₂×(U.U.U)|: adding useq x122F0.X
|GA₂×GAR.ME|: adding useq x120CC.x12228
|DAG.KISIM₅×ŠE|: adding useq x12056.X
|KA×MU.KA×MU|: adding useq X.X
|(SU.LU.EŠ₂.GAR)&(SU.LU.EŠ₂.GAR).ŠIR|: adding useq X.x122D3
|ŠU₂.DUN₃|: adding useq x122D9.x12085
|KI.DIŠ.DIŠ.DIŠ|: adding useq x121A0.x12079.x12079.x12079
|IGI.IB|: adding useq x12146.x12141
|DAG.KISIM₅×EN|: adding useq x12056.X
|NUN.NUN|: adding useq x12263.x12263
|ŠE.DIŠ&DIŠ.NUN&NUN|: adding useq x122BA.X.x1226A
|GIŠ.TUG₂.PI.ŠIR.TAR.GAR₃|: adding useq x12111.x12306.x1227F.x122D3.x122FB.x120FC
|ŠITA.AN.MUŠ₃|: adding useq x122D6.x1202D.x12239
|UM.MA|: adding useq x1231D.x12220
|AN.GU₂×NUN.PA.EL|: adding useq x1202D.x1211B.x1227A.x12096
|HA.LU.EŠ₂|: adding useq x12129.x121FB.x120A0
|NI.UD.KISIM₅×(U₂.GIR₂)|: adding useq x1238E.X
|ŠIM.KU|: adding useq x122C6.x121AA
|SIK₂.HI×(NUN.ME)|: adding useq x122E0.X
|SIK₂.HI×(NUN.ME.U)|: adding useq x122E0.X
|AB×(U.U.U).KU₃.LAM.SAL|: adding useq x12014.x121AC.x121F4.x122A9
|DAG.AB₂×LA|: adding useq x12056.X
|HI.KISIM₅×SA|: adding useq x1212D.X
|NU&NU.NUNUZ&NUNUZ.U₂&U₂|: adding useq X.X.X
|GAN.SU|: adding useq x120F6.x122E2
|KI.LAM×KUR|: adding useq x121A0.x121F5
|BU.NAGAR.UM|: adding useq x1204D.x12244.x1231D
|KIŠ.PIRIG|: adding useq x121A7.x1228A
|HA.A.UR₂|: adding useq x12129.x12000.x1232B
|DAM.UŠ|: adding useq x1206E.x12351
|ŠIM×GAR.ŠIM×GAR|: adding useq x122CB.x122CB
|UR₂.U₂|: adding useq x1232B.x12311
|AN.AB×HA|: adding useq x1202D.x1200F
|SU.GAN|: adding useq x122E2.x120F6
|KI.NE.DI|: adding useq x121A0.x12248.x12072
|AN.ME.NAGA|: adding useq x1202D.x12228.x12240
|SAG.HUB₂.DU|: adding useq x12295.x12138.x1207A
|KA.NU|: adding useq x12157.x12261
|KA.NUN|: adding useq x12157.x12263
|ŠIM.GA|: adding useq x122C6.x120B5
|LU₃.LU₃|: adding useq x12216.x12216
|BU.BU@90|: adding useq x1204D.X
|BU.BU@90.UN|: adding useq x1204D.X.x12326
|ŠE.NUNUZ.GABA.LIŠ|: adding useq x122BA.x1226D.x120EE.x121FA
|LAM×KUR.KI|: adding useq x121F5.x121A0
|NINDA₂×AŠ.KUR|: adding useq x12254.x121B3
|SAG×NI.BU|: adding useq X.x1204D
|NU.SAG|: adding useq x12261.x12295
|UM.NAGAR.BU|: adding useq x1231D.x12244.x1204D
|LAK526.MUŠ₃|: adding useq X.x12239
|SU&SU.SAR|: adding useq x122E3.x122AC
|E₂.ŠA₃|: adding useq x1208D.x122AE
|LAK636.LAK636|: adding useq x1250C.x1250C
|A.ZU₅|: adding useq x12000.x1236B
|ZU₅.A|: adding useq x1236B.x12000
|GA₂.NU₁₁|: adding useq x120B7.x12262
|NU₁₁.GA₂|: adding useq x12262.x120B7
|ŠA.PI|: adding useq x122AD.x1227F
|MUŠ.HA.DU.A|: adding useq x12232.x12129.x1207A.x12000
|SAG×NI.ME|: adding useq X.x12228
