This file contains any messages produced by compilers while
running configure, to aid debugging if configure makes a mistake.

It was created by hyperestraier-javanative configure 1.0.0, which was
generated by GNU Autoconf 2.63.  Invocation command line was

  $ ./configure 

## --------- ##
## Platform. ##
## --------- ##

hostname = oracc
uname -m = x86_64
uname -r = 2.6.32-279.14.1.el6.x86_64
uname -s = Linux
uname -v = #1 SMP Mon Oct 15 13:44:51 EDT 2012

/usr/bin/uname -p = unknown
/bin/uname -X     = unknown

/bin/arch              = x86_64
/usr/bin/arch -k       = unknown
/usr/convex/getsysinfo = unknown
/usr/bin/hostinfo      = unknown
/bin/machine           = unknown
/usr/bin/oslevel       = unknown
/bin/universe          = unknown

PATH: /usr/lib64/qt-3.3/bin
PATH: /usr/local/pkg/hyperestraier/bin
PATH: /usr/local/pkg/qdbm/bin
PATH: /usr/local/pkg/msort/bin
PATH: /usr/local/pkg/tre/bin
PATH: /usr/local/pkg/rnv
PATH: /usr/local/bin
PATH: /bin
PATH: /usr/bin
PATH: /usr/local/sbin
PATH: /usr/sbin
PATH: /sbin
PATH: /home/stinney/bin


## ----------- ##
## Core tests. ##
## ----------- ##

configure:1953: checking for gcc
configure:1969: found /usr/bin/gcc
configure:1980: result: gcc
configure:2212: checking for C compiler version
configure:2220: gcc --version >&5
gcc (GCC) 4.4.6 20120305 (Red Hat 4.4.6-4)
Copyright (C) 2010 Free Software Foundation, Inc.
This is free software; see the source for copying conditions.  There is NO
warranty; not even for MERCHANTABILITY or FITNESS FOR A PARTICULAR PURPOSE.

configure:2224: $? = 0
configure:2231: gcc -v >&5
Using built-in specs.
Target: x86_64-redhat-linux
Configured with: ../configure --prefix=/usr --mandir=/usr/share/man --infodir=/usr/share/info --with-bugurl=http://bugzilla.redhat.com/bugzilla --enable-bootstrap --enable-shared --enable-threads=posix --enable-checking=release --with-system-zlib --enable-__cxa_atexit --disable-libunwind-exceptions --enable-gnu-unique-object --enable-languages=c,c++,objc,obj-c++,java,fortran,ada --enable-java-awt=gtk --disable-dssi --with-java-home=/usr/lib/jvm/java-1.5.0-gcj-1.5.0.0/jre --enable-libgcj-multifile --enable-java-maintainer-mode --with-ecj-jar=/usr/share/java/eclipse-ecj.jar --disable-libjava-multilib --with-ppl --with-cloog --with-tune=generic --with-arch_32=i686 --build=x86_64-redhat-linux
Thread model: posix
gcc version 4.4.6 20120305 (Red Hat 4.4.6-4) (GCC) 
configure:2235: $? = 0
configure:2242: gcc -V >&5
gcc: '-V' option must have argument
configure:2246: $? = 1
configure:2269: checking for C compiler default output file name
configure:2291: gcc    conftest.c  >&5
configure:2295: $? = 0
configure:2333: result: a.out
configure:2352: checking whether the C compiler works
configure:2362: ./a.out
configure:2366: $? = 0
configure:2385: result: yes
configure:2392: checking whether we are cross compiling
configure:2394: result: no
configure:2397: checking for suffix of executables
configure:2404: gcc -o conftest    conftest.c  >&5
configure:2408: $? = 0
configure:2434: result: 
configure:2440: checking for suffix of object files
configure:2466: gcc -c   conftest.c >&5
configure:2470: $? = 0
configure:2495: result: o
configure:2499: checking whether we are using the GNU C compiler
configure:2528: gcc -c   conftest.c >&5
configure:2535: $? = 0
configure:2552: result: yes
configure:2561: checking whether gcc accepts -g
configure:2591: gcc -c -g  conftest.c >&5
configure:2598: $? = 0
configure:2699: result: yes
configure:2716: checking for gcc option to accept ISO C89
configure:2790: gcc  -c -g -O2  conftest.c >&5
configure:2797: $? = 0
configure:2820: result: none needed
configure:2865: checking how to run the C preprocessor
configure:2905: gcc -E  conftest.c
configure:2912: $? = 0
configure:2943: gcc -E  conftest.c
conftest.c:8:28: error: ac_nonexistent.h: No such file or directory
configure:2950: $? = 1
configure: failed program was:
| /* confdefs.h.  */
| #define PACKAGE_NAME "hyperestraier-javanative"
| #define PACKAGE_TARNAME "hyperestraier-javanative"
| #define PACKAGE_VERSION "1.0.0"
| #define PACKAGE_STRING "hyperestraier-javanative 1.0.0"
| #define PACKAGE_BUGREPORT ""
| /* end confdefs.h.  */
| #include <ac_nonexistent.h>
configure:2983: result: gcc -E
configure:3012: gcc -E  conftest.c
configure:3019: $? = 0
configure:3050: gcc -E  conftest.c
conftest.c:8:28: error: ac_nonexistent.h: No such file or directory
configure:3057: $? = 1
configure: failed program was:
| /* confdefs.h.  */
| #define PACKAGE_NAME "hyperestraier-javanative"
| #define PACKAGE_TARNAME "hyperestraier-javanative"
| #define PACKAGE_VERSION "1.0.0"
| #define PACKAGE_STRING "hyperestraier-javanative 1.0.0"
| #define PACKAGE_BUGREPORT ""
| /* end confdefs.h.  */
| #include <ac_nonexistent.h>
configure:3097: checking for grep that handles long lines and -e
configure:3157: result: /bin/grep
configure:3162: checking for egrep
configure:3226: result: /bin/grep -E
configure:3231: checking for ANSI C header files
configure:3261: gcc -c -g -O2  conftest.c >&5
configure:3268: $? = 0
configure:3367: gcc -o conftest -g -O2   conftest.c  >&5
configure:3371: $? = 0
configure:3377: ./conftest
configure:3381: $? = 0
configure:3399: result: yes
configure:3423: checking for sys/types.h
configure:3444: gcc -c -g -O2  conftest.c >&5
configure:3451: $? = 0
configure:3468: result: yes
configure:3423: checking for sys/stat.h
configure:3444: gcc -c -g -O2  conftest.c >&5
configure:3451: $? = 0
configure:3468: result: yes
configure:3423: checking for stdlib.h
configure:3444: gcc -c -g -O2  conftest.c >&5
configure:3451: $? = 0
configure:3468: result: yes
configure:3423: checking for string.h
configure:3444: gcc -c -g -O2  conftest.c >&5
configure:3451: $? = 0
configure:3468: result: yes
configure:3423: checking for memory.h
configure:3444: gcc -c -g -O2  conftest.c >&5
configure:3451: $? = 0
configure:3468: result: yes
configure:3423: checking for strings.h
configure:3444: gcc -c -g -O2  conftest.c >&5
configure:3451: $? = 0
configure:3468: result: yes
configure:3423: checking for inttypes.h
configure:3444: gcc -c -g -O2  conftest.c >&5
configure:3451: $? = 0
configure:3468: result: yes
configure:3423: checking for stdint.h
configure:3444: gcc -c -g -O2  conftest.c >&5
configure:3451: $? = 0
configure:3468: result: yes
configure:3423: checking for unistd.h
configure:3444: gcc -c -g -O2  conftest.c >&5
configure:3451: $? = 0
configure:3468: result: yes
configure:3486: checking size of void *
configure:3791: gcc -o conftest -g -O2   conftest.c  >&5
configure:3795: $? = 0
configure:3801: ./conftest
configure:3805: $? = 0
configure:3831: result: 8
configure:3845: checking size of int
configure:4150: gcc -o conftest -g -O2   conftest.c  >&5
configure:4154: $? = 0
configure:4160: ./conftest
configure:4164: $? = 0
configure:4190: result: 4
configure:4203: checking for main in -lc
configure:4232: gcc -o conftest -g -O2   conftest.c -lc   >&5
configure:4239: $? = 0
configure:4260: result: yes
configure:4272: checking for main in -lm
configure:4301: gcc -o conftest -g -O2   conftest.c -lm  -lc  >&5
configure:4308: $? = 0
configure:4329: result: yes
configure:4341: checking for main in -liconv
configure:4370: gcc -o conftest -g -O2   conftest.c -liconv  -lm -lc  >&5
/usr/bin/ld: cannot find -liconv
collect2: ld returned 1 exit status
configure:4377: $? = 1
configure: failed program was:
| /* confdefs.h.  */
| #define PACKAGE_NAME "hyperestraier-javanative"
| #define PACKAGE_TARNAME "hyperestraier-javanative"
| #define PACKAGE_VERSION "1.0.0"
| #define PACKAGE_STRING "hyperestraier-javanative 1.0.0"
| #define PACKAGE_BUGREPORT ""
| #define STDC_HEADERS 1
| #define HAVE_SYS_TYPES_H 1
| #define HAVE_SYS_STAT_H 1
| #define HAVE_STDLIB_H 1
| #define HAVE_STRING_H 1
| #define HAVE_MEMORY_H 1
| #define HAVE_STRINGS_H 1
| #define HAVE_INTTYPES_H 1
| #define HAVE_STDINT_H 1
| #define HAVE_UNISTD_H 1
| #define SIZEOF_VOID_P 8
| #define SIZEOF_INT 4
| #define HAVE_LIBC 1
| #define HAVE_LIBM 1
| /* end confdefs.h.  */
| 
| 
| int
| main ()
| {
| return main ();
|   ;
|   return 0;
| }
configure:4398: result: no
configure:4410: checking for main in -lz
configure:4439: gcc -o conftest -g -O2   conftest.c -lz  -lm -lc  >&5
configure:4446: $? = 0
configure:4467: result: yes
configure:4479: checking for main in -llzo2
configure:4508: gcc -o conftest -g -O2   conftest.c -llzo2  -lz -lm -lc  >&5
/usr/bin/ld: cannot find -llzo2
collect2: ld returned 1 exit status
configure:4515: $? = 1
configure: failed program was:
| /* confdefs.h.  */
| #define PACKAGE_NAME "hyperestraier-javanative"
| #define PACKAGE_TARNAME "hyperestraier-javanative"
| #define PACKAGE_VERSION "1.0.0"
| #define PACKAGE_STRING "hyperestraier-javanative 1.0.0"
| #define PACKAGE_BUGREPORT ""
| #define STDC_HEADERS 1
| #define HAVE_SYS_TYPES_H 1
| #define HAVE_SYS_STAT_H 1
| #define HAVE_STDLIB_H 1
| #define HAVE_STRING_H 1
| #define HAVE_MEMORY_H 1
| #define HAVE_STRINGS_H 1
| #define HAVE_INTTYPES_H 1
| #define HAVE_STDINT_H 1
| #define HAVE_UNISTD_H 1
| #define SIZEOF_VOID_P 8
| #define SIZEOF_INT 4
| #define HAVE_LIBC 1
| #define HAVE_LIBM 1
| #define HAVE_LIBZ 1
| /* end confdefs.h.  */
| 
| 
| int
| main ()
| {
| return main ();
|   ;
|   return 0;
| }
configure:4536: result: no
configure:4548: checking for main in -lbz2
configure:4577: gcc -o conftest -g -O2   conftest.c -lbz2  -lz -lm -lc  >&5
/usr/bin/ld: cannot find -lbz2
collect2: ld returned 1 exit status
configure:4584: $? = 1
configure: failed program was:
| /* confdefs.h.  */
| #define PACKAGE_NAME "hyperestraier-javanative"
| #define PACKAGE_TARNAME "hyperestraier-javanative"
| #define PACKAGE_VERSION "1.0.0"
| #define PACKAGE_STRING "hyperestraier-javanative 1.0.0"
| #define PACKAGE_BUGREPORT ""
| #define STDC_HEADERS 1
| #define HAVE_SYS_TYPES_H 1
| #define HAVE_SYS_STAT_H 1
| #define HAVE_STDLIB_H 1
| #define HAVE_STRING_H 1
| #define HAVE_MEMORY_H 1
| #define HAVE_STRINGS_H 1
| #define HAVE_INTTYPES_H 1
| #define HAVE_STDINT_H 1
| #define HAVE_UNISTD_H 1
| #define SIZEOF_VOID_P 8
| #define SIZEOF_INT 4
| #define HAVE_LIBC 1
| #define HAVE_LIBM 1
| #define HAVE_LIBZ 1
| /* end confdefs.h.  */
| 
| 
| int
| main ()
| {
| return main ();
|   ;
|   return 0;
| }
configure:4605: result: no
configure:4617: checking for main in -lqdbm
configure:4646: gcc -o conftest -g -O2   conftest.c -lqdbm  -lz -lm -lc  >&5
configure:4653: $? = 0
configure:4674: result: yes
configure:4686: checking for main in -lestraier
configure:4715: gcc -o conftest -g -O2   conftest.c -lestraier  -lqdbm -lz -lm -lc  >&5
configure:4722: $? = 0
configure:4743: result: yes
configure:4756: checking for main in -lpthread
configure:4785: gcc -o conftest -g -O2   conftest.c -lpthread  -lestraier -lqdbm -lz -lm -lc  >&5
configure:4792: $? = 0
configure:4813: result: yes
configure:4885: checking for main in -lnsl
configure:4914: gcc -o conftest -g -O2   conftest.c -lnsl  -lestraier -lqdbm -lz -lm -lc  >&5
configure:4921: $? = 0
configure:4942: result: yes
configure:4948: checking for main in -lsocket
configure:4977: gcc -o conftest -g -O2   conftest.c -lsocket  -lestraier -lqdbm -lz -lm -lc  >&5
/usr/bin/ld: cannot find -lsocket
collect2: ld returned 1 exit status
configure:4984: $? = 1
configure: failed program was:
| /* confdefs.h.  */
| #define PACKAGE_NAME "hyperestraier-javanative"
| #define PACKAGE_TARNAME "hyperestraier-javanative"
| #define PACKAGE_VERSION "1.0.0"
| #define PACKAGE_STRING "hyperestraier-javanative 1.0.0"
| #define PACKAGE_BUGREPORT ""
| #define STDC_HEADERS 1
| #define HAVE_SYS_TYPES_H 1
| #define HAVE_SYS_STAT_H 1
| #define HAVE_STDLIB_H 1
| #define HAVE_STRING_H 1
| #define HAVE_MEMORY_H 1
| #define HAVE_STRINGS_H 1
| #define HAVE_INTTYPES_H 1
| #define HAVE_STDINT_H 1
| #define HAVE_UNISTD_H 1
| #define SIZEOF_VOID_P 8
| #define SIZEOF_INT 4
| #define HAVE_LIBC 1
| #define HAVE_LIBM 1
| #define HAVE_LIBZ 1
| #define HAVE_LIBQDBM 1
| #define HAVE_LIBESTRAIER 1
| /* end confdefs.h.  */
| 
| 
| int
| main ()
| {
| return main ();
|   ;
|   return 0;
| }
configure:5005: result: no
configure:5011: checking for main in -lresolv
configure:5040: gcc -o conftest -g -O2   conftest.c -lresolv  -lestraier -lqdbm -lz -lm -lc  >&5
configure:5047: $? = 0
configure:5068: result: yes
configure:5250: creating ./config.status

## ---------------------- ##
## Running config.status. ##
## ---------------------- ##

This file was extended by hyperestraier-javanative config.status 1.0.0, which was
generated by GNU Autoconf 2.63.  Invocation command line was

  CONFIG_FILES    = 
  CONFIG_HEADERS  = 
  CONFIG_LINKS    = 
  CONFIG_COMMANDS = 
  $ ./config.status 

on oracc

config.status:661: creating Makefile

## ---------------- ##
## Cache variables. ##
## ---------------- ##

ac_cv_c_compiler_gnu=yes
ac_cv_env_CC_set=
ac_cv_env_CC_value=
ac_cv_env_CFLAGS_set=
ac_cv_env_CFLAGS_value=
ac_cv_env_CPPFLAGS_set=
ac_cv_env_CPPFLAGS_value=
ac_cv_env_CPP_set=
ac_cv_env_CPP_value=
ac_cv_env_LDFLAGS_set=
ac_cv_env_LDFLAGS_value=
ac_cv_env_LIBS_set=
ac_cv_env_LIBS_value=
ac_cv_env_build_alias_set=
ac_cv_env_build_alias_value=
ac_cv_env_host_alias_set=
ac_cv_env_host_alias_value=
ac_cv_env_target_alias_set=
ac_cv_env_target_alias_value=
ac_cv_header_inttypes_h=yes
ac_cv_header_memory_h=yes
ac_cv_header_stdc=yes
ac_cv_header_stdint_h=yes
ac_cv_header_stdlib_h=yes
ac_cv_header_string_h=yes
ac_cv_header_strings_h=yes
ac_cv_header_sys_stat_h=yes
ac_cv_header_sys_types_h=yes
ac_cv_header_unistd_h=yes
ac_cv_lib_bz2_main=no
ac_cv_lib_c_main=yes
ac_cv_lib_estraier_main=yes
ac_cv_lib_iconv_main=no
ac_cv_lib_lzo2_main=no
ac_cv_lib_m_main=yes
ac_cv_lib_nsl_main=yes
ac_cv_lib_pthread_main=yes
ac_cv_lib_qdbm_main=yes
ac_cv_lib_resolv_main=yes
ac_cv_lib_socket_main=no
ac_cv_lib_z_main=yes
ac_cv_objext=o
ac_cv_path_EGREP='/bin/grep -E'
ac_cv_path_GREP=/bin/grep
ac_cv_prog_CPP='gcc -E'
ac_cv_prog_ac_ct_CC=gcc
ac_cv_prog_cc_c89=
ac_cv_prog_cc_g=yes
ac_cv_sizeof_int=4
ac_cv_sizeof_void_p=8

## ----------------- ##
## Output variables. ##
## ----------------- ##

CC='gcc'
CFLAGS='-g -O2'
CPP='gcc -E'
CPPFLAGS=''
DEFS='-DPACKAGE_NAME=\"hyperestraier-javanative\" -DPACKAGE_TARNAME=\"hyperestraier-javanative\" -DPACKAGE_VERSION=\"1.0.0\" -DPACKAGE_STRING=\"hyperestraier-javanative\ 1.0.0\" -DPACKAGE_BUGREPORT=\"\" -DSTDC_HEADERS=1 -DHAVE_SYS_TYPES_H=1 -DHAVE_SYS_STAT_H=1 -DHAVE_STDLIB_H=1 -DHAVE_STRING_H=1 -DHAVE_MEMORY_H=1 -DHAVE_STRINGS_H=1 -DHAVE_INTTYPES_H=1 -DHAVE_STDINT_H=1 -DHAVE_UNISTD_H=1 -DSIZEOF_VOID_P=8 -DSIZEOF_INT=4 -DHAVE_LIBC=1 -DHAVE_LIBM=1 -DHAVE_LIBZ=1 -DHAVE_LIBQDBM=1 -DHAVE_LIBESTRAIER=1'
ECHO_C=''
ECHO_N='-n'
ECHO_T=''
EGREP='/bin/grep -E'
EXEEXT=''
GREP='/bin/grep'
JAR='/usr/java/bin/jar'
JAVAC='/usr/java/bin/javac'
JAVADOC='/usr/java/bin/javadoc'
JAVAH='/usr/java/bin/javah'
JAVARUN='/usr/java/bin/java'
JVMPLATFORM='linux'
LDFLAGS=''
LIBOBJS=''
LIBREV='0'
LIBS='-lestraier -lqdbm -lz -lm -lc '
LIBVER='1'
LTLIBOBJS=''
MYCFLAGS='-Wall -fPIC -fsigned-char -O2 -fomit-frame-pointer -fforce-addr'
MYCPPOPTS='-DNDEBUG -I/usr/local/pkg/qdbm-1.8.78/include'
MYJAVAHOME='/usr/java'
MYLDOPTS=' -L/usr/local/pkg/qdbm-1.8.78/lib'
MYMTLIBS='-lpthread '
MYRUNPATH=':/usr/local/pkg/qdbm-1.8.78/lib'
MYSKLIBS='-lresolv -lnsl '
OBJEXT='o'
PACKAGE_BUGREPORT=''
PACKAGE_NAME='hyperestraier-javanative'
PACKAGE_STRING='hyperestraier-javanative 1.0.0'
PACKAGE_TARNAME='hyperestraier-javanative'
PACKAGE_VERSION='1.0.0'
PATH_SEPARATOR=':'
SHELL='/bin/sh'
ac_ct_CC='gcc'
bindir='${exec_prefix}/bin'
build_alias=''
datadir='${datarootdir}'
datarootdir='${prefix}/share'
docdir='${datarootdir}/doc/${PACKAGE_TARNAME}'
dvidir='${docdir}'
exec_prefix='${prefix}'
host_alias=''
htmldir='${docdir}'
includedir='${prefix}/include'
infodir='${datarootdir}/info'
libdir='${exec_prefix}/lib'
libexecdir='${exec_prefix}/libexec'
localedir='${datarootdir}/locale'
localstatedir='${prefix}/var'
mandir='${datarootdir}/man'
oldincludedir='/usr/include'
pdfdir='${docdir}'
prefix='/usr/local'
program_transform_name='s,x,x,'
psdir='${docdir}'
sbindir='${exec_prefix}/sbin'
sharedstatedir='${prefix}/com'
sysconfdir='${prefix}/etc'
target_alias=''

## ----------- ##
## confdefs.h. ##
## ----------- ##

#define PACKAGE_NAME "hyperestraier-javanative"
#define PACKAGE_TARNAME "hyperestraier-javanative"
#define PACKAGE_VERSION "1.0.0"
#define PACKAGE_STRING "hyperestraier-javanative 1.0.0"
#define PACKAGE_BUGREPORT ""
#define STDC_HEADERS 1
#define HAVE_SYS_TYPES_H 1
#define HAVE_SYS_STAT_H 1
#define HAVE_STDLIB_H 1
#define HAVE_STRING_H 1
#define HAVE_MEMORY_H 1
#define HAVE_STRINGS_H 1
#define HAVE_INTTYPES_H 1
#define HAVE_STDINT_H 1
#define HAVE_UNISTD_H 1
#define SIZEOF_VOID_P 8
#define SIZEOF_INT 4
#define HAVE_LIBC 1
#define HAVE_LIBM 1
#define HAVE_LIBZ 1
#define HAVE_LIBQDBM 1
#define HAVE_LIBESTRAIER 1

configure: exit 0
