doc/user/unicode/unitab.plx
fix-oracc-path.sh
mac-config.sh
misc/admin/dmg.sh
misc/admin/oraccenv-single.sh
misc/admin/oraccenv.sh
misc/admin/wwwify.sh
misc/admin/wwwperm.sh
misc/agg/agg-proxify.plx
misc/esp/esp-images-info.xslt
misc/esp/esp-live.sh
misc/esp/esp-phase-01.xslt
misc/esp/esp-phase-03.xslt
misc/esp/esp-phase-04.xslt
misc/esp/esp-stylesheets.xslt
misc/g2plus/g2plus-index-toc.xsl
misc/l2phase2/g2-articles.xsl
misc/l2phase3/g2-HTML-articles.xsl
misc/l2phase3/g2-TeX-articles.xsl
misc/otf/odfmanager.plx
misc/otf/oracc-odtTeX.xsl
misc/p2/p2-browse.plx
misc/p2/p2-project-data.plx
misc/p2/p2-project.xsl
misc/p2/p2-search.plx
misc/p2/p2-sig.plx
misc/p2/p2-xmd-div.xsl
misc/ptb/ptb2html.plx
misc/se/s2-debug.sh
misc/se/s2-pg2wrapper.plx
misc/se/s2-pipeline.sh
misc/system/tomcat/start-tomcat.sh
misc/system/tomcat/stop-tomcat.sh
misc/www/xmdoutline.xsl
misc/xse/stash/oase.plx
missing-in.sh
oracc-build.sh
oracc-configure.sh
oracc-make-doc-am.sh
oracc-make-misc-am.sh
oracc-rebuild.sh
