	9(bur₃)
	abzu₂
	giri₁₆⁻
	udilia
	zizna
×BAD|
1(BAN₂@c)
1(BURU@c)
1(EŠE₃@c)
1(ŠARU@c)
1(ŠARU@v)
1/2(DIŠ@c)
2(AŠ@c)
2(BAN₂@c)
2(BURU@c)
2(DIŠ@c)
2(EŠE₃@c)
2(GEŠU@c)
2(GEŠ₂@c)
2(U@c)
2(ŠARU@c)
2(ŠAR₂@c)
3(AŠ@c)
3(AŠ@c)@v
3(BAN₂@c)
3(BAN₂@c)@v
3(BURU@c)
3(BURU@c)@v
3(DIŠ@c)
3(DIŠ@c)@v
3(GEŠU@c)
3(GEŠU@c)@v
3(GEŠ₂@c)
3(GEŠ₂@c)@v
3(U@c)
3(U@c)@v
3(ŠARU@c)
3(ŠARU@c)@v
3(ŠAR₂@c)
3(ŠAR₂@c)@v
4(AŠ@c)
4(AŠ@c)@v
4(BAN₂@c)
4(BAN₂@c)@v
4(BURU@c)
4(DIŠ@c)
4(GEŠU@c)
4(GEŠU@c)@v
4(GEŠ₂@c)
4(GEŠ₂@c)@v
4(U@c)
4(U@c)@v
4(ŠARU@c)
4(ŠAR₂@c)
5(AŠ@c)
5(BAN₂@c)
5(BAN₂@c)@v
5(BURU@c)
5(DIŠ@c)
5(GEŠU@c)
5(GEŠ₂@c)
5(U@c)
5(ŠARU@c)
5(ŠAR₂@c)
5/6(DIŠ@c)
6(AŠ@c)
6(AŠ@c)@v
6(DIŠ@c)
6(GEŠ₂@c)
6(U@c)
6(ŠAR₂@c)
7(AŠ@c)
7(AŠ@c)@l
7(AŠ@c)@v
7(DIŠ@c)
7(DIŠ@c)@v
7(DIŠ@c)@v~b
7(GEŠ₂@c)
7(U@c)
7(ŠAR₂@c)
8(AŠ@c)
8(DIŠ@c)
8(GEŠ₂@c)
8(U@c)
8(ŠAR₂@c)
9(AŠ@c)
9(AŠ@c@90)
9(DIŠ@c)
9(DIŠ@c)@v
9(DIŠ@c)@v~a
9(DIŠ@c)~d
9(DIŠ@v@c)
9(GEŠ₂@c)
9(U@c)
9(ŠAR₂@c)
@sign	1(BAN₂)
@sign	1(DIŠ)
@sign	1(EŠE₃)
@sign	1(GEŠU)
@sign	1(GEŠ₂)
@sign	1(ŠARU)
@sign	2(AŠ)
@sign	2(BAN₂)
@sign	2(BURU)
@sign	2(DIŠ)
@sign	2(EŠE₃)
@sign	2(GEŠU)
@sign	2(GEŠ₂)
@sign	2(ŠARU)
@sign	2(ŠAR₂)
@sign	3(AŠ)
@sign	3(AŠ~a)
@sign	3(AŠ~b)
@sign	3(BAN₂)
@sign	3(BURU)
@sign	3(BURU@v)
@sign	3(DIŠ)
@sign	3(GEŠU)
@sign	3(GEŠ₂)
@sign	3(ŠARU)
@sign	3(ŠARU@v)
@sign	3(ŠAR₂)
@sign	3(ŠAR₂)@v
@sign	4(AŠ)
@sign	4(AŠ~a)
@sign	4(BAN₂)
@sign	4(BAN₂@v)
@sign	4(BURU)
@sign	4(DIŠ)
@sign	4(GEŠU)
@sign	4(GEŠ₂)
@sign	4(U)
@sign	4(U)@v
@sign	4(ŠARU)
@sign	4(ŠAR₂)
@sign	5(AŠ)
@sign	5(BAN₂)
@sign	5(BAN₂@v)
@sign	5(BURU)
@sign	5(DIŠ)
@sign	5(GEŠU)
@sign	5(GEŠ₂)
@sign	5(U)
@sign	5(U)@v
@sign	5(ŠARU)
@sign	5(ŠAR₂)
@sign	6(AŠ)
@sign	6(AŠ~a)
@sign	6(DIŠ)
@sign	6(GEŠ₂)
@sign	6(U)
@sign	6(|ŠAR₂×KASKAL|)
@sign	6(ŠAR₂)
@sign	7(AŠ)
@sign	7(AŠ~a)
@sign	7(DIŠ)
@sign	7(DIŠ)~a
@sign	7(DIŠ)~b
@sign	7(GEŠ₂)
@sign	7(U)
@sign	7(ŠAR₂)
@sign	8(AŠ)
@sign	8(DIŠ)
@sign	8(GEŠ₂)
@sign	8(U)
@sign	8(ŠAR₂)
@sign	9(AŠ)
@sign	9(DIŠ)
@sign	9(DIŠ~a)
@sign	9(DIŠ~b)
@sign	9(DIŠ~c)
@sign	9(GEŠ₂)
@sign	9(U)
@sign	9(ŠAR₂)
@sign	A
@sign	A@g
@sign	AB
@sign	AB@g
@sign	AB₂
@sign	AD
@sign	AK
@sign	AL
@sign	ALAN
@sign	ALEPH
@sign	AMAR
@sign	AN
@sign	ANŠE
@sign	APIN
@sign	ARAD
@sign	ARKAB₂
@sign	AŠ
@sign	A₂
@sign	AŠ@k
@sign	AŠ@z
@sign	AŠGAB
@sign	AŠ₂
@sign	AŠ₃
@sign	BA
@sign	BAD
@sign	BAG₃
@sign	BAHAR₂
@sign	BAL
@sign	BALAG
@sign	BAR
@sign	BARA₂
@sign	BAU176
@sign	BAU329
@sign	BI
@sign	BU
@sign	BU@90
@sign	BU@g
@sign	BULUG
@sign	BUR
@sign	BURU₅
@sign	BUR₂
@sign	DA
@sign	DAG
@sign	DAM
@sign	DAR
@sign	DARA₃
@sign	DARA₄
@sign	DE₂
@sign	DI
@sign	DIB
@sign	DIM
@sign	DIM₂
@sign	DIN
@sign	DIŠ
@sign	DIŠ@k
@sign	DN
@sign	DU
@sign	DU@g
@sign	DU@g@g
@sign	DU@s
@sign	DUB
@sign	DUB₂
@sign	DUG
@sign	DUGUD
@sign	DUH
@sign	DUN
@sign	DUN@g
@sign	DUN₃
@sign	DUN₄
@sign	DUN₃@g
@sign	DUN₃@g@g
@sign	DUN₃@g@g@s
@sign	DUR₂
@sign	E
@sign	EDIN
@sign	EGIR
@sign	EGIR@g
@sign	EL
@sign	ELLES257
@sign	ELLES270
@sign	ELLES278
@sign	ELLES302
@sign	ELLES360
@sign	ELLES396
@sign	EN
@sign	EREN
@sign	ERIN₂
@sign	EZEN
@sign	EZEN@90
@sign	E₂
@sign	EŠ₂
@sign	F₁
@sign	F₂
@sign	F₃
@sign	F₄
@sign	F₅
@sign	F₆
@sign	GA
@sign	GA@g
@sign	GABA
@sign	GABA@90
@sign	GAD
@sign	GAL
@sign	GALAM
@sign	GAM
@sign	GAN
@sign	GAN@s
@sign	GAN₂
@sign	GAN₂@g
@sign	GAR
@sign	GAR@g
@sign	GAR₃
@sign	GA₂
@sign	GAŠAN
@sign	GEŠTIN
@sign	GE₂₂
@sign	GI
@sign	GIDIM
@sign	GIG
@sign	GIR₂
@sign	GIR₃
@sign	GIR₂@g
@sign	GISAL
@sign	GIŠ
@sign	GI₄
@sign	GN
@sign	GU
@sign	GUD
@sign	GUL
@sign	GUM
@sign	GUR
@sign	GURUN
@sign	GURUŠ
@sign	GUR₇
@sign	GU₂
@sign	GU₂@g
@sign	HA
@sign	HA@g
@sign	HAL
@sign	HI
@sign	HU
@sign	HUB₂
@sign	HUL₂
@sign	I
@sign	IA₂
@sign	IB
@sign	IDIM
@sign	IG
@sign	IGI
@sign	IGI@g
@sign	IL
@sign	ILIMMU
@sign	ILIMMU3
@sign	IL₂
@sign	IM
@sign	IMIN
@sign	IN
@sign	IR
@sign	IŠ
@sign	KA
@sign	KA@180
@sign	KAB
@sign	KAD₂
@sign	KAD₃
@sign	KAD₄
@sign	KAD₅
@sign	KAK
@sign	KAL
@sign	KAM₂
@sign	KAM₄
@sign	KAP₀
@sign	KASKAL
@sign	KA₂
@sign	KEŠ₂
@sign	KI
@sign	KID
@sign	KIN
@sign	KINGUSILI
@sign	KISAL
@sign	KISIM₅
@sign	KIŠ
@sign	KIŠ@g
@sign	KU
@sign	KUL
@sign	KUN
@sign	KUR
@sign	KU₃
@sign	KU₄
@sign	KU₇
@sign	KUŠU₂
@sign	KWU318
@sign	KWU715
@sign	KWU733
@sign	KWU822
@sign	LA
@sign	LA@n
@sign	LAGAB
@sign	LAGAR
@sign	LAGAR@g
@sign	LAHŠU
@sign	LAK046a
@sign	LAK079
@sign	LAK099
@sign	LAK11
@sign	LAK120
@sign	LAK13
@sign	LAK130
@sign	LAK132
@sign	LAK141
@sign	LAK142
@sign	LAK151
@sign	LAK171@s
@sign	LAK173
@sign	LAK178
@sign	LAK195
@sign	LAK20
@sign	LAK203
@sign	LAK205
@sign	LAK207a
@sign	LAK21
@sign	LAK210
@sign	LAK213
@sign	LAK219
@sign	LAK220
@sign	LAK222
@sign	LAK225
@sign	LAK228
@sign	LAK231
@sign	LAK238
@sign	LAK241
@sign	LAK246
@sign	LAK248
@sign	LAK248@g
@sign	LAK248b
@sign	LAK25
@sign	LAK252
@sign	LAK256
@sign	LAK256@g
@sign	LAK262
@sign	LAK262@g
@sign	LAK265
@sign	LAK266
@sign	LAK27
@sign	LAK28
@sign	LAK280
@sign	LAK286
@sign	LAK287
@sign	LAK298
@sign	LAK3
@sign	LAK30
@sign	LAK304a
@sign	LAK309a
@sign	LAK315
@sign	LAK336
@sign	LAK340
@sign	LAK343
@sign	LAK347
@sign	LAK348
@sign	LAK363
@sign	LAK368@s
@sign	LAK369
@sign	LAK37
@sign	LAK380
@sign	LAK383
@sign	LAK386
@sign	LAK387
@sign	LAK390
@sign	LAK407
@sign	LAK408
@sign	LAK409
@sign	LAK410
@sign	LAK416
@sign	LAK431
@sign	LAK441
@sign	LAK450
@sign	LAK453
@sign	LAK457
@sign	LAK459
@sign	LAK460
@sign	LAK470
@sign	LAK471
@sign	LAK483
@sign	LAK488
@sign	LAK490
@sign	LAK492
@sign	LAK495
@sign	LAK496
@sign	LAK498
@sign	LAK499
@sign	LAK50
@sign	LAK500
@sign	LAK51
@sign	LAK539
@sign	LAK550
@sign	LAK558
@sign	LAK605
@sign	LAK606
@sign	LAK607
@sign	LAK608
@sign	LAK617
@sign	LAK636
@sign	LAK638
@sign	LAK646
@sign	LAK649
@sign	LAK708
@sign	LAK712
@sign	LAK724
@sign	LAK747
@sign	LAK748
@sign	LAK749
@sign	LAK764
@sign	LAK771
@sign	LAK772b
@sign	LAK774
@sign	LAK791a
@sign	LAK80
@sign	LAK811
@sign	LAK812
@sign	LAK821
@sign	LAK92
@sign	LAL
@sign	LAL₂
@sign	LAM
@sign	LI
@sign	LIL
@sign	LIMMU
@sign	LIMMU~a
@sign	LIMMU~b
@sign	LIMMU₂
@sign	LIŠ
@sign	LN
@sign	LU
@sign	LUGAL
@sign	LUGAL@s
@sign	LUH
@sign	LUL
@sign	LUM
@sign	LU₂
@sign	LU₃
@sign	LU₂@90
@sign	LU₂@s
@sign	MA
@sign	MA@g
@sign	MAH
@sign	MAR
@sign	MAŠ
@sign	MA₂
@sign	MAŠ₂
@sign	ME
@sign	MES
@sign	MI
@sign	MIN
@sign	MU
@sign	MUG
@sign	MUG@g
@sign	MUNSUB
@sign	MURGU₂
@sign	MURUB₄
@sign	MUŠ
@sign	MUŠ₃
@sign	MUŠ₃@g
@sign	N
@sign	NA
@sign	NAGA
@sign	NAGA@180
@sign	NAGAR
@sign	NAM
@sign	NAM₂
@sign	NA₂
@sign	NE
@sign	NE@s
@sign	NI
@sign	NIGIDAEŠ
@sign	NIGIDAMIN
@sign	NIM
@sign	NINDA₂
@sign	NISAG
@sign	NI₂
@sign	NU
@sign	NUN
@sign	NUNUZ
@sign	NU₁₁
@sign	NU₁₁@90
@sign	O
@sign	ON
@sign	OO
@sign	PA
@sign	PAD
@sign	PAN
@sign	PAP
@sign	PEŠ₂
@sign	PI
@sign	PIRIG
@sign	PN
@sign	P₁
@sign	P₂
@sign	P₃
@sign	P₄
@sign	P₅
@sign	RA
@sign	RAB
@sign	REC107
@sign	RI
@sign	RN
@sign	RSP350
@sign	RSP380bis
@sign	RSP404
@sign	RSP468bis
@sign	RU
@sign	SA
@sign	SAG
@sign	SAG@g
@sign	SAG@n
@sign	SAG@n@g
@sign	SAL
@sign	SANGA₂
@sign	SAR
@sign	SI
@sign	SI@g
@sign	SIG
@sign	SIG₄
@sign	SIK₂
@sign	SILA₃
@sign	SU
@sign	SUD
@sign	SUD₂
@sign	SUHUR
@sign	SUM
@sign	SUMAŠ
@sign	SUR
@sign	SUR₉
@sign	TA
@sign	TA@g
@sign	TA@v
@sign	TAB
@sign	TAG
@sign	TAK₄
@sign	TAR
@sign	TE
@sign	TE@g
@sign	TI
@sign	TIL
@sign	TU
@sign	TUG₂
@sign	TUK
@sign	TUM
@sign	TUR
@sign	U
@sign	U@g
@sign	U@v
@sign	UB
@sign	UD
@sign	UD@180
@sign	UD@g
@sign	UD@s
@sign	UDUG
@sign	UM
@sign	UMBIN
@sign	UMUM
@sign	UN
@sign	UN@g
@sign	UR
@sign	UR@180
@sign	UR@s
@sign	URI
@sign	URI₃
@sign	URU
@sign	URU@g
@sign	URUDA
@sign	UR₂
@sign	UR₄
@sign	UR₂@h
@sign	USSU
@sign	USSU₃
@sign	UTUKI
@sign	UZU
@sign	UZ₃
@sign	UŠ
@sign	U₂
@sign	UŠX
@sign	UŠ₂
@sign	WN
@sign	X
@sign	X₁
@sign	ZA
@sign	ZAG
@sign	ZAX
@sign	ZA₇
@sign	ZE₂
@sign	ZI
@sign	ZIG
@sign	ZIZ₂
@sign	ZI₃
@sign	ZU
@sign	ZUBI
@sign	ZUBUR
@sign	ZUM
@sign	ZU₅
@sign	|(4×ZA)×KUR|
@sign	|(BU&BU)×NA₂|
@sign	|(GUD×KUR₂)&(GUD×KUR₂)|
@sign	|(GUR₇&GUR₇)×AN|
@sign	|(HI×AŠ)&(HI×AŠ)|
@sign	|(LAK079&LAK079)@g|
@sign	|(MUŠ&MUŠ)×GA|
@sign	|(MUŠ&MUŠ)×KAK|
@sign	|(MUŠ&MUŠ)×NA|
@sign	|(NUN&NUN)&(NUN&NUN)|
@sign	|3×AN|
@sign	|4×(EZEN×KASKAL)|
@sign	|4×(IDIM&IDIM)|
@sign	|4×EN|
@sign	|4×GABA|
@sign	|4×IDIM|
@sign	|4×IM|
@sign	|4×LAGAB|
@sign	|4×LU₂|
@sign	|4×NI|
@sign	|4×TAB|
@sign	|A×A|
@sign	|A×BAD|
@sign	|A×HA|
@sign	|A×IGI|
@sign	|A×KU₃|
@sign	|A×LAGAR@g|
@sign	|A×MUŠ|
@sign	|A×SAG|
@sign	|A×SUD@90|
@sign	|AB×A|
@sign	|AB×AŠ₂|
@sign	|AB×DUN₃@g|
@sign	|AB×GAL|
@sign	|AB×HA|
@sign	|AB×IGI@g|
@sign	|AB×IMIN|
@sign	|AB×LAGAB|
@sign	|AB×NUN|
@sign	|AB×ŠEŠ|
@sign	|AB×ŠU₂|
@sign	|AB₂×BALAG|
@sign	|AB₂×MU|
@sign	|AB₂×TAK₄|
@sign	|AB₂×ŠA₃|
@sign	|AB₂×ŠE|
@sign	|AD×EŠ₂|
@sign	|AK×ERIN₂|
@sign	|AL×AL|
@sign	|AL×DIM₂|
@sign	|AL×GIŠ|
@sign	|AL×HA|
@sign	|AL×KAD₃|
@sign	|AL×KI|
@sign	|AL×UŠ|
@sign	|AL×ŠE|
@sign	|ALAN&ALAN|
@sign	|AMAR×ŠE|
@sign	|AN&AN|
@sign	|ANŠE×ŠA₃|
@sign	|ARAD×KUR|
@sign	|AŠ&AŠ&AŠ%AŠ&AŠ&AŠ|
@sign	|AŠ+SUR|
@sign	|AŠ@k&AŠ@k&AŠ@k&AŠ@k|
@sign	|AŠ@z&AŠ@z&AŠ@z&AŠ@z|
@sign	|AŠ₃+DIŠ|
@sign	|BAD&BAD|
@sign	|BAD×DIŠ|
@sign	|BAHAR₂×AB₂|
@sign	|BAHAR₂×GU|
@sign	|BAHAR₂×NI|
@sign	|BAHAR₂×ZA|
@sign	|BAL&BAL|
@sign	|BAR×TAB|
@sign	|BI×A|
@sign	|BI×BAD|
@sign	|BI×DIŠ|
@sign	|BI×GAR|
@sign	|BI×IGI@g|
@sign	|BI×IGI|
@sign	|BU%BU|
@sign	|BULUG&BULUG|
@sign	|DA×TAK₄|
@sign	|DAG×KUR|
@sign	|DARA₃×MA|
@sign	|DIM×EŠ|
@sign	|DIM×IGI|
@sign	|DIM×MAŠ|
@sign	|DIM×ŠE|
@sign	|DIM₂×SU|
@sign	|DIM₂×UD|
@sign	|DU&DU|
@sign	|DUG×(LAM×KUR)|
@sign	|DUG×ANŠE|
@sign	|DUG×AŠ@f|
@sign	|DUG×AŠ|
@sign	|DUG×DIN|
@sign	|DUG×DUB|
@sign	|DUG×DUN|
@sign	|DUG×ERIN₂|
@sign	|DUG×GA|
@sign	|DUG×GIR₂@g|
@sign	|DUG×GI|
@sign	|DUG×GIŠ|
@sign	|DUG×HA|
@sign	|DUG×HI|
@sign	|DUG×KASKAL|
@sign	|DUG×KUR|
@sign	|DUG×KUŠU₂|
@sign	|DUG×LAK20|
@sign	|DUG×LAM|
@sign	|DUG×LUH|
@sign	|DUG×MAŠ|
@sign	|DUG×MES|
@sign	|DUG×MI|
@sign	|DUG×NI|
@sign	|DUG×PI|
@sign	|DUG×SI@g|
@sign	|DUG×ŠE|
@sign	|DUG×ŠUBUR|
@sign	|DUN₃@g@g×UŠ|
@sign	|E×PAP|
@sign	|EN%EN|
@sign	|EN×GAN₂|
@sign	|EN×IGI@g|
@sign	|EN×KUR|
@sign	|EN×MAŠ|
@sign	|EN×ME|
@sign	|EN×X|
@sign	|EN@EN|
@sign	|EREN×KASKAL|
@sign	|ERIN₂+X|
@sign	|EZEN×A|
@sign	|EZEN×AŠ|
@sign	|EZEN×BAD|
@sign	|EZEN×DUN₃@g@g|
@sign	|EZEN×DUN₃@g|
@sign	|EZEN×DUN₃|
@sign	|EZEN×HA@g|
@sign	|EZEN×HAL|
@sign	|EZEN×HA|
@sign	|EZEN×IGI@g|
@sign	|EZEN×KASKAL|
@sign	|EZEN×KU₃|
@sign	|EZEN×LAL₂|
@sign	|EZEN×LA|
@sign	|EZEN×LI|
@sign	|EZEN×LU|
@sign	|EZEN×SU|
@sign	|EZEN×UD|
@sign	|EZEN×U₂|
@sign	|EZEN×X|
@sign	|EZEN×ŠE|
@sign	|EZEN@s×AŠ|
@sign	|EZEN@s×HI|
@sign	|EZEN@s×IGI@g|
@sign	|EZEN@s×LAL|
@sign	|EZEN@s×LA|
@sign	|EZEN@s×MES|
@sign	|EZEN@s×ME|
@sign	|EZEN@s×SU|
@sign	|E₂×BAD|
@sign	|E₂×GAR|
@sign	|E₂×KUR|
@sign	|E₂×MIN|
@sign	|E₂×MI|
@sign	|E₂×PAP|
@sign	|E₂×SAL|
@sign	|E₂×U|
@sign	|E₂×ŠE|
@sign	|GABA%GABA|
@sign	|GAN₂%GAN₂|
@sign	|GAN₂&GAN₂|
@sign	|GA₂&GA₂|
@sign	|GA₂×(DUG×IGI@g)|
@sign	|GA₂×(DUG×KASKAL)|
@sign	|GA₂×(LAM×KUR)|
@sign	|GA₂×AN|
@sign	|GA₂×AŠ|
@sign	|GA₂×AŠ₂|
@sign	|GA₂×BAD|
@sign	|GA₂×BAHAR₂|
@sign	|GA₂×BUR|
@sign	|GA₂×DA|
@sign	|GA₂×DIM×ŠE|
@sign	|GA₂×DIM@g|
@sign	|GA₂×DIM|
@sign	|GA₂×DI|
@sign	|GA₂×DUB|
@sign	|GA₂×EL|
@sign	|GA₂×EN|
@sign	|GA₂×EREN|
@sign	|GA₂×GAM|
@sign	|GA₂×GAR|
@sign	|GA₂×GA|
@sign	|GA₂×GI|
@sign	|GA₂×GIŠ|
@sign	|GA₂×GI₄|
@sign	|GA₂×GUD|
@sign	|GA₂×HAL|
@sign	|GA₂×HUB₂|
@sign	|GA₂×IGI@g|
@sign	|GA₂×IL₂|
@sign	|GA₂×KAK|
@sign	|GA₂×KASKAL|
@sign	|GA₂×KID|
@sign	|GA₂×KU|
@sign	|GA₂×LAM|
@sign	|GA₂×LA|
@sign	|GA₂×LI|
@sign	|GA₂×LUH|
@sign	|GA₂×MI|
@sign	|GA₂×MUŠ|
@sign	|GA₂×NE|
@sign	|GA₂×NUN&NUN|
@sign	|GA₂×NUN|
@sign	|GA₂×PA|
@sign	|GA₂×SAL|
@sign	|GA₂×SAR|
@sign	|GA₂×SUM|
@sign	|GA₂×TAK₄|
@sign	|GA₂×TUR|
@sign	|GA₂×UD|
@sign	|GA₂×U|
@sign	|GA₂×X|
@sign	|GA₂×ZIZ₂|
@sign	|GA₂×ŠE|
@sign	|GA₂×ŠID|
@sign	|GA₂×ŠIM|
@sign	|GA₂×ŠU|
@sign	|GEŠTIN×KUR|
@sign	|GEŠTIN×U|
@sign	|GI%GI|
@sign	|GI×E|
@sign	|GI×TAK₄|
@sign	|GI×U|
@sign	|GIR₂×AŠGAB|
@sign	|GIR₃×IGI|
@sign	|GIR₃×PA|
@sign	|GIR₃×ŠE|
@sign	|GIŠ%GIŠ|
@sign	|GI₄%GI₄|
@sign	|GIŠ&GIŠ|
@sign	|GI₄&GI₄|
@sign	|GIŠ×(GIŠ%GIŠ)|
@sign	|GIŠ×BAD|
@sign	|GIŠ×HI|
@sign	|GIŠ×TAK₄|
@sign	|GIŠ×X|
@sign	|GU%GU|
@sign	|GU×GU@90|
@sign	|GUD&GUD|
@sign	|GUD×AŠ|
@sign	|GUD×BAD|
@sign	|GUD×DIŠ|
@sign	|GUD×KUR|
@sign	|GUD×ŠE|
@sign	|GUM×ŠE|
@sign	|GUR×AŠ@c|
@sign	|GU₂×IGI@g|
@sign	|GU₂×KAK×IGI@g|
@sign	|GU₂×KAK×IGI|
@sign	|GU₂×KAK|
@sign	|GU₂×NUN|
@sign	|HI×AŠ|
@sign	|HI×AŠ₂|
@sign	|HI×BAD|
@sign	|HI×DIŠ|
@sign	|HI×GAD|
@sign	|HI×HI|
@sign	|HI×KIN|
@sign	|HI×NUN|
@sign	|HI×PAP|
@sign	|HI×PA|
@sign	|HI×ŠE|
@sign	|HUB₂×AN|
@sign	|HUB₂×HAL|
@sign	|HUB₂×KASKAL|
@sign	|HUB₂×LIŠ|
@sign	|HUB₂×UD|
@sign	|IGI×A|
@sign	|IM%IM|
@sign	|IM&IM|
@sign	|IM×TAK₄|
@sign	|IM@IM|
@sign	|ITI@s×BAD|
@sign	|KA&KA|
@sign	|KA×6(DIŠ)|
@sign	|KA×AD|
@sign	|KA×A|
@sign	|KA×AŠ|
@sign	|KA×AŠ₂|
@sign	|KA×BAD|
@sign	|KA×BALAG|
@sign	|KA×BAL|
@sign	|KA×BI|
@sign	|KA×BU|
@sign	|KA×DIŠ|
@sign	|KA×DUB₂|
@sign	|KA×EŠ|
@sign	|KA×EŠ₂|
@sign	|KA×GAL|
@sign	|KA×GAN|
@sign	|KA×GAR|
@sign	|KA×GA|
@sign	|KA×GIR₂|
@sign	|KA×GI|
@sign	|KA×GIŠ%GIŠ|
@sign	|KA×GIŠ|
@sign	|KA×GUD|
@sign	|KA×GUR₇|
@sign	|KA×GU|
@sign	|KA×HI×AŠ₂|
@sign	|KA×IM|
@sign	|KA×KAD₃|
@sign	|KA×KAK|
@sign	|KA×KA|
@sign	|KA×KID|
@sign	|KA×KID₂|
@sign	|KA×KI|
@sign	|KA×LI|
@sign	|KA×LUM|
@sign	|KA×LU|
@sign	|KA×MAŠ|
@sign	|KA×ME|
@sign	|KA×NE|
@sign	|KA×NUN|
@sign	|KA×PA|
@sign	|KA×PI|
@sign	|KA×RU|
@sign	|KA×SAL|
@sign	|KA×SAR|
@sign	|KA×SA|
@sign	|KA×SIG|
@sign	|KA×SUHUR|
@sign	|KA×TAR|
@sign	|KA×TE|
@sign	|KA×TIL|
@sign	|KA×UD|
@sign	|KA×UMUM×PA|
@sign	|KA×UR|
@sign	|KA×UR₂|
@sign	|KA×U|
@sign	|KA×UŠ|
@sign	|KA×U₂|
@sign	|KA×X|
@sign	|KA×ZI|
@sign	|KA×ŠAR₂|
@sign	|KA×ŠE@f|
@sign	|KA×ŠE|
@sign	|KA×ŠID|
@sign	|KA×ŠU|
@sign	|KAD₅&KAD₅|
@sign	|KAK×IGI@g|
@sign	|KAL%KAL|
@sign	|KAL×BAD|
@sign	|KA₂%KA₂|
@sign	|KI×BAD|
@sign	|KI×UD|
@sign	|KI×U|
@sign	|KIN×UD|
@sign	|KISAL×PAP|
@sign	|KISIM₅&KISIM₅|
@sign	|KIŠ×TIL|
@sign	|KUR@KUR|
@sign	|KUŠU₂×KASKAL|
@sign	|KUŠU₂×SAL|
@sign	|LAGAB×(GUD&GUD)+HUL₂|
@sign	|LAGAB×(GUD&GUD)|
@sign	|LAGAB×(ZU&ZU)|
@sign	|LAGAB×AL|
@sign	|LAGAB×AN|
@sign	|LAGAB×A|
@sign	|LAGAB×AŠ@z|
@sign	|LAGAB×BAD|
@sign	|LAGAB×BI|
@sign	|LAGAB×DAR|
@sign	|LAGAB×EN|
@sign	|LAGAB×GAR|
@sign	|LAGAB×GA|
@sign	|LAGAB×GUD|
@sign	|LAGAB×GUR|
@sign	|LAGAB×HAL|
@sign	|LAGAB×HA|
@sign	|LAGAB×HI×NUN|
@sign	|LAGAB×IGI@g|
@sign	|LAGAB×IGI|
@sign	|LAGAB×IM|
@sign	|LAGAB×KIN|
@sign	|LAGAB×KI|
@sign	|LAGAB×KUL|
@sign	|LAGAB×KU₃|
@sign	|LAGAB×LAGAB|
@sign	|LAGAB×LUL|
@sign	|LAGAB×LU|
@sign	|LAGAB×MUŠ|
@sign	|LAGAB×NE|
@sign	|LAGAB×PA|
@sign	|LAGAB×SUM|
@sign	|LAGAB×TAG|
@sign	|LAGAB×TAK₄|
@sign	|LAGAB×TIL|
@sign	|LAGAB×UD|
@sign	|LAGAB×UN|
@sign	|LAGAB×U|
@sign	|LAGAB×UŠ|
@sign	|LAGAB×ZA|
@sign	|LAGAB×ŠU₂|
@sign	|LAGAR×SUM|
@sign	|LAGAR×ZA|
@sign	|LAGAR×ŠE|
@sign	|LAGAR@g×ŠE|
@sign	|LAK263×BAR|
@sign	|LAK449×GU|
@sign	|LAK449×IGI|
@sign	|LAK449×SI|
@sign	|LAK617×AŠ|
@sign	|LAK617×BAD|
@sign	|LAK617×KU₃|
@sign	|LAK617×LA|
@sign	|LAK617×TAR|
@sign	|LAK617×TE|
@sign	|LAK617×UD|
@sign	|LAK617×URUDA|
@sign	|LAK617×U₂|
@sign	|LAK648×DUB|
@sign	|LAK648×GA|
@sign	|LAK648×IGI@g|
@sign	|LAK648×IGI|
@sign	|LAK648×NI|
@sign	|LAK648×UD|
@sign	|LAK81&LAK81|
@sign	|LAL×DIŠ|
@sign	|LAL₂×(URU×MIN)|
@sign	|LAL₂×KAK|
@sign	|LAM×KUR|
@sign	|LI&LI|
@sign	|LU×BAD|
@sign	|LUGAL&LUGAL|
@sign	|LUGAL@LUGAL|
@sign	|LUM&LUM|
@sign	|LU₂×AL|
@sign	|LU₂×BAD|
@sign	|LU₂×DIŠ|
@sign	|LU₂×EŠ₂|
@sign	|LU₂×HAL|
@sign	|LU₂×HI×BAD|
@sign	|LU₂×IM|
@sign	|LU₂×KAD₂|
@sign	|LU₂×KI|
@sign	|LU₂×LAGAB|
@sign	|LU₂×LIL|
@sign	|LU₂×NE|
@sign	|LU₂×NU|
@sign	|LU₂×PAP|
@sign	|LU₂×TAK₄|
@sign	|LU₂×TUG₂|
@sign	|LU₂×ŠA₃|
@sign	|LU₂×ŠU|
@sign	|LU₂@LU₂|
@sign	|LU₂@g×AŠ|
@sign	|LU₂@s+GAM|
@sign	|LU₂@s×BAD|
@sign	|LU₂@s×TIL|
@sign	|MA@g×TAK₄|
@sign	|MU&MU|
@sign	|MUŠ%MUŠ×MAŠ|
@sign	|MUŠ%MUŠ|
@sign	|MUŠ&MUŠ×AB|
@sign	|MUŠ&MUŠ|
@sign	|MUŠ×A|
@sign	|MUŠ×ERIN₂|
@sign	|MUŠ×KUR|
@sign	|MUŠ×ZA|
@sign	|MUŠ₃&MUŠ₃|
@sign	|MUŠ₃×MUŠ₃|
@sign	|MUŠ₃×PA|
@sign	|NAGA×DIŠ|
@sign	|NAGA@NAGA|
@sign	|NE×A|
@sign	|NE×UD|
@sign	|NI&NI|
@sign	|NI×E|
@sign	|NINDA₂×2(DIŠ)|
@sign	|NINDA₂×3(AŠ)|
@sign	|NINDA₂×AN|
@sign	|NINDA₂×AŠ@c|
@sign	|NINDA₂×AŠ|
@sign	|NINDA₂×BAL|
@sign	|NINDA₂×DIM@g|
@sign	|NINDA₂×DIŠ@c|
@sign	|NINDA₂×DUB|
@sign	|NINDA₂×GIŠ|
@sign	|NINDA₂×GUD|
@sign	|NINDA₂×GUL|
@sign	|NINDA₂×HI|
@sign	|NINDA₂×KEŠ₂|
@sign	|NINDA₂×LAK50|
@sign	|NINDA₂×MAŠ|
@sign	|NINDA₂×MI|
@sign	|NINDA₂×NE|
@sign	|NINDA₂×NUMUN|
@sign	|NINDA₂×NUN|
@sign	|NINDA₂×TUR|
@sign	|NINDA₂×U@c|
@sign	|NINDA₂×URUDA|
@sign	|NINDA₂×U|
@sign	|NINDA₂×UŠ|
@sign	|NINDA₂×U₂|
@sign	|NINDA₂×ŠANABI@c|
@sign	|NINDA₂×ŠE|
@sign	|NINDA₂×ŠID|
@sign	|NINDA₂×ŠIM|
@sign	|NINDA₂×ŠUŠANA@c|
@sign	|NUN%NUN|
@sign	|NUN&NUN|
@sign	|PI%PI|
@sign	|PI×AB|
@sign	|PI×A|
@sign	|PI×BI|
@sign	|PI×BU|
@sign	|PI×E|
@sign	|PI×IB|
@sign	|PI×I|
@sign	|PI×U|
@sign	|PI×U₂|
@sign	|PIRIG×KAL|
@sign	|PIRIG×UD|
@sign	|PIRIG×ZA|
@sign	|PIRIG@PIRIG|
@sign	|RU×KUR|
@sign	|SAG&SAG|
@sign	|SAG×A|
@sign	|SAG×DUB|
@sign	|SAG×DU|
@sign	|SAG×DU₃|
@sign	|SAG×EN|
@sign	|SAG×HA|
@sign	|SAG×IG|
@sign	|SAG×KAK|
@sign	|SAG×KUR|
@sign	|SAG×KU|
@sign	|SAG×LAM|
@sign	|SAG×LUM|
@sign	|SAG×MAŠ|
@sign	|SAG×MIN|
@sign	|SAG×MI|
@sign	|SAG×NUN|
@sign	|SAG×SAL|
@sign	|SAG×TAK₄@f|
@sign	|SAG×TAK₄|
@sign	|SAG×UB|
@sign	|SAG×UM|
@sign	|SAG×UR|
@sign	|SAG×UŠ|
@sign	|SAG×U₂|
@sign	|SAG×ŠID|
@sign	|SAG@g×HA|
@sign	|SAG@g×MIN|
@sign	|SAL×1(N58)|
@sign	|SAR&SAR|
@sign	|SAR×U₂|
@sign	|SAR×ZU&ZU|
@sign	|SAR×ŠE|
@sign	|SI×TAK₄|
@sign	|SIK₂×NUN|
@sign	|SU&SU|
@sign	|SU×U@c|
@sign	|TA×HI|
@sign	|TA×IGI@g|
@sign	|TA×MI|
@sign	|TA×ŠE|
@sign	|TAG×BI|
@sign	|TAG×GUD|
@sign	|TAG×KU|
@sign	|TAG×TUG₂|
@sign	|TAG×UD|
@sign	|TAG×ŠE|
@sign	|TAG×ŠU|
@sign	|TE&TE|
@sign	|TIL×AŠ|
@sign	|TU&TU|
@sign	|TUK×UD|
@sign	|TUM×A|
@sign	|TUM×UD|
@sign	|U&U|
@sign	|UD&UD|
@sign	|UD×BAD|
@sign	|UD×GIŠ|
@sign	|UD×MI|
@sign	|UD×TIL|
@sign	|UD@s×BAD|
@sign	|UM×LAGAB|
@sign	|UM×ME|
@sign	|UM×U|
@sign	|UM×ŠA₃|
@sign	|UMBIN×LU|
@sign	|UMUM×AN|
@sign	|UMUM×DUN₃@g|
@sign	|UMUM×HA|
@sign	|UMUM×PA|
@sign	|UR%UR|
@sign	|UR×AL|
@sign	|UR×A|
@sign	|UR×DIŠ|
@sign	|UR×KASKAL|
@sign	|UR×MIN|
@sign	|UR×SAG|
@sign	|UR×ŠU|
@sign	|URU×(TU&TU)|
@sign	|URU×A|
@sign	|URU×AŠGAB|
@sign	|URU×BAR|
@sign	|URU×DARA₃|
@sign	|URU×DUN|
@sign	|URU×GAL|
@sign	|URU×GAR|
@sign	|URU×GA|
@sign	|URU×GU|
@sign	|URU×HA|
@sign	|URU×HI|
@sign	|URU×IGI|
@sign	|URU×IM|
@sign	|URU×IŠ|
@sign	|URU×KI|
@sign	|URU×KUR|
@sign	|URU×LAK668|
@sign	|URU×LUM|
@sign	|URU×MAŠ|
@sign	|URU×MIN|
@sign	|URU×PA|
@sign	|URU×SAL|
@sign	|URU×SIG₄|
@sign	|URU×TU&TU|
@sign	|URU×TU|
@sign	|URU×UD|
@sign	|URU×URUDA|
@sign	|URU×ŠA₃|
@sign	|URU×ŠE|
@sign	|URUDA×U|
@sign	|UR₂×AL|
@sign	|UR₂×A|
@sign	|UR₂×AŠ₂|
@sign	|UR₂×HA|
@sign	|UR₂×NUN|
@sign	|UR₂×UD|
@sign	|UR₂×U₂|
@sign	|UR₂×X|
@sign	|UZU×GA|
@sign	|UZ₃×KASKAL|
@sign	|UŠ×A|
@sign	|UŠ×KUR|
@sign	|UŠ×KU|
@sign	|UŠ×TAK₄|
@sign	|UŠ×U@c|
@sign	|ZU&ZU|
@sign	|ZUM×KASKAL|
@sign	|ZUM×TUG₂|
@sign	|ZU₅×A|
@sign	|ŠAR₂×1(GEŠ₂)|
@sign	|ŠAR₂×1(U)|
@sign	|ŠAR₂×2(U)|
@sign	|ŠAR₂×3(U)|
@sign	|ŠAR₂×4(U)|
@sign	|ŠAR₂×5(U)|
@sign	|ŠAR₂×KASKAL|
@sign	|ŠAR₂×U@g|
@sign	|ŠA₃×A|
@sign	|ŠA₃×BAD|
@sign	|ŠA₃×GIŠ|
@sign	|ŠA₃×NE|
@sign	|ŠA₃×SAL|
@sign	|ŠA₃×TAR|
@sign	|ŠA₃×TUR|
@sign	|ŠA₃×U|
@sign	|ŠA₃×ŠU₂|
@sign	|ŠE&ŠE|
@sign	|ŠE+KIN|
@sign	|ŠE+KU|
@sign	|ŠE×DIŠ|
@sign	|ŠID×A|
@sign	|ŠID×IM|
@sign	|ŠID×ZA|
@sign	|ŠIM×A|
@sign	|ŠIM×BAL|
@sign	|ŠIM×BULUG|
@sign	|ŠIM×DIN|
@sign	|ŠIM×GAR|
@sign	|ŠIM×GIG|
@sign	|ŠIM×HI|
@sign	|ŠIM×IGI@g|
@sign	|ŠIM×IGI|
@sign	|ŠIM×KUŠU₂+KASKAL|
@sign	|ŠIM×KUŠU₂|
@sign	|ŠIM×LUL|
@sign	|ŠIM×MUG|
@sign	|ŠIM×PI|
@sign	|ŠIM×SAL|
@sign	|ŠIM×ŠE|
@sign	|ŠU&ŠU@180|
@sign	ŠA
@sign	ŠAB₆
@sign	ŠANABI
@sign	ŠAR₂
@sign	ŠA₃
@sign	ŠA₆
@sign	ŠE
@sign	ŠEG₉
@sign	ŠEN
@sign	ŠEŠ
@sign	ŠEŠLAM
@sign	ŠEŠ₂
@sign	ŠID
@sign	ŠIM
@sign	ŠINIG
@sign	ŠIR
@sign	ŠITA
@sign	ŠU
@sign	ŠU@180
@sign	ŠUBUR
@sign	ŠU₂
@sign	ŠUŠANA
@v	/ad/
@v	/allura/
@v	/damal/
@v	/dimer/
@v	/eneŋ/
@v	/nerim/
@v	/zeŋ/
@v	/ŋereš/
@v	/šumdum/
@v	/šumun/
@v	1(aš)
@v	1(aš@c)
@v	1(ban₂)
@v	1(ban₂@c)
@v	1(barig)
@v	1(barig@c)
@v	1(bariga)
@v	1(bariga@c)
@v	1(bur₃)
@v	1(bur₃@c)
@v	1(burʾu)
@v	1(burʾu@c)
@v	1(diš)
@v	1(diš@c)
@v	1(eše₃)
@v	1(eše₃@c)
@v	1(gešu)
@v	1(gešu@c)
@v	1(geš₂)
@v	1(geš₂@c)
@v	1(gešʾu)
@v	1(gešʾu@c)
@v	1(iku)
@v	1(u)
@v	1(u@c)
@v	1(šargal)
@v	1(šargal@c)
@v	1(šaru)
@v	1(šaru@c)
@v	1(šar₂)
@v	1(šar₂@c)
@v	1(šar₂@c@v)
@v	1(šarʾu)
@v	1(šarʾu)@v
@v	1(šarʾu@c)
@v	1(ŋeš₂)
@v	1(šu)
@v	1(šu@c)
@v	1/2(diš)
@v	1/2(diš@c)
@v	1/2(iku)
@v	1/2(iku@c)
@v	1/3(diš)
@v	1/3(diš@c)
@v	1/3(diš@c)@v
@v	1/4(iku)
@v	1/4(iku@c)
@v	1/8(iku)
@v	1/8(iku@c)
@v	2(aš)
@v	2(aš@c)
@v	2(ban₂)
@v	2(ban₂@c)
@v	2(barig)
@v	2(barig@c)
@v	2(bariga)
@v	2(bariga@c)
@v	2(bur₃)
@v	2(bur₃@c)
@v	2(burʾu)
@v	2(burʾu@c)
@v	2(diš)
@v	2(diš@c)
@v	2(eše₃)
@v	2(eše₃@c)
@v	2(gešu)
@v	2(gešu@c)
@v	2(geš₂)
@v	2(geš₂@c)
@v	2(gešʾu)
@v	2(gešʾu@c)
@v	2(iku)
@v	2(iku@c)
@v	2(u)
@v	2(u@c)
@v	2(šaru)
@v	2(šaru@c)
@v	2(šar₂)
@v	2(šar₂@c)
@v	2(šarʾu)
@v	2(šarʾu@c)
@v	2(ŋeš₂)
@v	2/3(diš)
@v	2/3(diš@c)
@v	2/3(diš@c)@v
@v	3(aš)
@v	3(aš)@v
@v	3(aš@c)
@v	3(aš@c)@v
@v	3(aš@v)
@v	3(aš@v@c)
@v	3(ban₂)
@v	3(ban₂@c)
@v	3(ban₂@c)@v
@v	3(barig)
@v	3(barig@c)
@v	3(bariga)
@v	3(bariga@c)
@v	3(bur₃)
@v	3(bur₃@c)
@v	3(burʾu)
@v	3(burʾu)@v
@v	3(burʾu@c)
@v	3(burʾu@c)@v
@v	3(diš)
@v	3(diš@c)
@v	3(diš@c)@v
@v	3(gešu)
@v	3(gešu@c)
@v	3(gešu@c)@v
@v	3(geš₂)
@v	3(geš₂@c)
@v	3(geš₂@c)@v
@v	3(gešʾu)
@v	3(gešʾu@c)
@v	3(gešʾu@c)@v
@v	3(iku)
@v	3(iku)@v
@v	3(iku@c)
@v	3(u)
@v	3(u@c)
@v	3(u@c)@v
@v	3(šaru)
@v	3(šaru)@v
@v	3(šaru@c)
@v	3(šaru@c)@v
@v	3(šar₂)
@v	3(šar₂)@v
@v	3(šar₂@c)
@v	3(šar₂@c)@v
@v	3(šarʾu)
@v	3(šarʾu)@v
@v	3(šarʾu@c)
@v	3(šarʾu@c)@v
@v	3(ŋeš₂)
@v	4(aš)
@v	4(aš@c)
@v	4(aš@v)
@v	4(aš@v@c)
@v	4(ban₂)
@v	4(ban₂)@v
@v	4(ban₂@c)
@v	4(ban₂@c)@v
@v	4(ban₂@v)
@v	4(ban₂@v@c)
@v	4(barig)
@v	4(barig@c)
@v	4(bariga)
@v	4(bariga@c)
@v	4(bur₃)
@v	4(bur₃@c)
@v	4(burʾu)
@v	4(burʾu@c)
@v	4(diš)
@v	4(diš)@v
@v	4(diš)@v~b
@v	4(diš@c)
@v	4(diš@c)@v
@v	4(diš@c)@v~b
@v	4(diš@v)
@v	4(diš@v@c)
@v	4(gešu)
@v	4(gešu@c)
@v	4(gešu@c)@v
@v	4(geš₂)
@v	4(geš₂@c)
@v	4(geš₂@c)@v
@v	4(gešʾu)
@v	4(gešʾu@c)
@v	4(gešʾu@c)@v
@v	4(iku)
@v	4(iku@c)
@v	4(u)
@v	4(u)@v
@v	4(u@c)
@v	4(u@c)@v
@v	4(šaru)
@v	4(šaru@c)
@v	4(šar₂)
@v	4(šar₂@c)
@v	4(šarʾu)
@v	4(šarʾu@c)
@v	4(ŋeš₂)
@v	5(aš)
@v	5(aš@c)
@v	5(ban₂)
@v	5(ban₂)@v
@v	5(ban₂@c)
@v	5(ban₂@c)@v
@v	5(ban₂@v)
@v	5(ban₂@v@c)
@v	5(bur₃)
@v	5(bur₃@c)
@v	5(burʾu)
@v	5(burʾu@c)
@v	5(diš)
@v	5(diš@c)
@v	5(gešu)
@v	5(gešu@c)
@v	5(geš₂)
@v	5(geš₂@c)
@v	5(gešʾu)
@v	5(gešʾu@c)
@v	5(iku)
@v	5(iku@c)
@v	5(u)
@v	5(u)@v
@v	5(u@c)
@v	5(šaru)
@v	5(šaru@c)
@v	5(šar₂)
@v	5(šar₂@c)
@v	5(šarʾu)
@v	5(šarʾu@c)
@v	5(ŋeš₂)
@v	5/6(diš)
@v	5/6(diš@c)
@v	6(aš)
@v	6(aš@c)
@v	6(aš@v)
@v	6(aš@v@c)
@v	6(bur₃)
@v	6(diš)
@v	6(diš@c)
@v	6(geš₂)
@v	6(geš₂@c)
@v	6(u)
@v	6(u@c)
@v	6(šar₂)
@v	6(šar₂@c)
@v	6(šarʾu)@v
@v	6(ŋeš₂)
@v	7(aš)
@v	7(aš@c)
@v	7(aš@v)
@v	7(aš@v@c)
@v	7(bur₃)
@v	7(diš)
@v	7(diš)@v
@v	7(diš)@v~b
@v	7(diš@c)
@v	7(diš@c)@v
@v	7(diš@c)@v~b
@v	7(geš₂)
@v	7(geš₂@c)
@v	7(u)
@v	7(u@c)
@v	7(šar₂)
@v	7(šar₂@c)
@v	7(ŋeš₂)
@v	8(aš)
@v	8(aš@c)
@v	8(aš@v)
@v	8(aš@v@c)
@v	8(bur₃)
@v	8(diš)
@v	8(diš)@v
@v	8(diš@c)
@v	8(geš₂)
@v	8(geš₂@c)
@v	8(u)
@v	8(u@c)
@v	8(šar₂)
@v	8(šar₂@c)
@v	8(ŋeš₂)
@v	9(aš)
@v	9(aš@c)
@v	9(aš@c@90)
@v	9(aš@v)
@v	9(aš@v@c)
@v	9(diš)
@v	9(diš)@v
@v	9(diš)@v~a
@v	9(diš)~d
@v	9(diš@c)
@v	9(diš@c)@v
@v	9(diš@c)@v~a
@v	9(diš@c)~d
@v	9(diš@v)
@v	9(diš@v@c)
@v	9(geš₂)
@v	9(geš₂@c)
@v	9(u)
@v	9(u@c)
@v	9(šar₂)
@v	9(šar₂@c)
@v	9(ŋeš₂)
@v	a
@v	ab
@v	aba
@v	aba₃
@v	aba₄
@v	abba
@v	abbar
@v	abba₂
@v	abbununna
@v	abbununnu
@v	abgal
@v	ablal
@v	ablal₃
@v	abni₂
@v	abrig
@v	abrig₂
@v	absin
@v	absin₂
@v	absin₃
@v	absu
@v	abul
@v	abula
@v	abulla
@v	abzu
@v	ab₂
@v	ab₃
@v	ab₄
@v	abšin₃
@v	ad
@v	ada
@v	adab
@v	adaba
@v	adad
@v	adama
@v	adamen
@v	adamen₂
@v	adamen₃
@v	adamen₄
@v	adamen₅
@v	adamin
@v	adamin₂
@v	adamin₃
@v	adamin₄
@v	adamin₅
@v	adamu
@v	adda
@v	adda₂
@v	adda₃
@v	adda₄
@v	addir
@v	addir₃
@v	addu₂
@v	addu₃
@v	addu₄
@v	adgub
@v	adkin
@v	ad₂
@v	ad₃
@v	ad₄
@v	ad₅
@v	ad₆
@v	ad₇
@v	ad₈
@v	ag
@v	aga
@v	agal
@v	agam
@v	agargara
@v	agarim
@v	agarin
@v	agarinx
@v	agarin₂
@v	agarin₃
@v	agarin₄
@v	agarin₅
@v	agar₂
@v	agar₃
@v	agar₄
@v	agar₅
@v	agar₆
@v	agaš
@v	aga₂
@v	aga₃
@v	agrig
@v	agrun
@v	agu
@v	agu₂
@v	ag₂
@v	ag₃
@v	ah
@v	aha
@v	aha₂
@v	aha₃
@v	ahi
@v	ahi₂
@v	ahud
@v	ah₂
@v	ah₃
@v	ah₄
@v	ah₅
@v	ah₆
@v	ai
@v	aia
@v	aia₂
@v	aia₃
@v	aia₄
@v	ak
@v	aka
@v	akan
@v	akani
@v	akan₂
@v	akan₃
@v	akar
@v	aka₂
@v	aka₃
@v	aka₄
@v	akkan₃
@v	akkil
@v	akkil₂
@v	akkil₃
@v	ak₃
@v	akšak
@v	akšak₂
@v	al
@v	ala
@v	alad
@v	alag
@v	alal
@v	alala
@v	alalmu
@v	alal₂
@v	alal₃
@v	alam
@v	alammuš
@v	alamu
@v	alamuš
@v	alamu₂
@v	alan
@v	alap
@v	alaŋ
@v	ala₃
@v	alba
@v	alba₂
@v	ale
@v	algames
@v	algameš
@v	algamis
@v	alha
@v	ali
@v	alim
@v	alima
@v	alla
@v	almu
@v	almu₂
@v	alu
@v	al₂
@v	al₅
@v	al₆
@v	al₈
@v	al₉
@v	am
@v	ama
@v	amagea
@v	amagi
@v	amagi₂
@v	amagi₃
@v	amagi₄
@v	amah
@v	amalu
@v	aman
@v	amar
@v	amaš
@v	ama₂
@v	ama₄
@v	ama₅
@v	ama₆
@v	amaša
@v	ambar
@v	ambara
@v	ame
@v	amedu
@v	ame₂
@v	ami
@v	ami₂
@v	amma
@v	amna
@v	amna₂
@v	amra
@v	amurrum
@v	amuru
@v	amuš
@v	amuša
@v	am₂
@v	am₃
@v	am₅
@v	am₆
@v	am₇
@v	an
@v	ana
@v	ana₂
@v	ana₃
@v	anbar
@v	anegi
@v	angar
@v	angur
@v	anig
@v	aniku
@v	anu
@v	anubu
@v	anzalub
@v	anzu
@v	anzud
@v	anzud₂
@v	anzu₂
@v	anše
@v	anše₂
@v	anši
@v	anšu
@v	anšu₂
@v	ap
@v	apin
@v	apina
@v	ap₂
@v	ap₃
@v	aq
@v	aqa
@v	aq₂
@v	ar
@v	ara
@v	arab
@v	arad
@v	arad₂
@v	aragub
@v	araha
@v	arah₃
@v	arah₄
@v	arala
@v	arali
@v	arar
@v	ararama
@v	ararama₂
@v	ararim
@v	ararma
@v	ararma₂
@v	ara₂
@v	ara₃
@v	ara₄
@v	ara₅
@v	ara₇
@v	ara₈
@v	araṭa
@v	arba
@v	arda
@v	argab
@v	arhus₂
@v	arhuš
@v	arhuš₂
@v	arhuš₃
@v	arhuš₅
@v	arhuš₆
@v	arhuš₇
@v	ari
@v	arina
@v	ari₂
@v	ari₃
@v	ari₆
@v	arkab
@v	arkab₂
@v	arrap
@v	aru
@v	ar₂
@v	ar₃
@v	ar₅
@v	ar₆
@v	as
@v	asa
@v	asag
@v	asal
@v	asal₂
@v	asal₃
@v	asar
@v	asara
@v	asari
@v	asaru
@v	asar₂
@v	asaŋ
@v	asa₂
@v	asi
@v	asil
@v	asila
@v	asilal
@v	asilal₂
@v	asilal₃
@v	asilal₄
@v	asilal₅
@v	asilal₆
@v	asila₂
@v	asila₃
@v	asila₄
@v	asila₅
@v	asila₆
@v	asillal₃
@v	asilla₂
@v	asil₃
@v	asil₄
@v	asil₅
@v	asil₆
@v	aski
@v	aslum
@v	as₂
@v	as₃
@v	as₄
@v	as₅
@v	as₆
@v	au
@v	aw
@v	aya
@v	aya₂
@v	aya₃
@v	aya₄
@v	aye
@v	ayi
@v	ayu
@v	ayya
@v	ayye
@v	ayyi
@v	ayyu
@v	az
@v	aza
@v	azad
@v	azad₂
@v	azag
@v	azag₂
@v	azak
@v	azalag
@v	azalag₂
@v	azalag₃
@v	azalag₄
@v	azalag₅
@v	azalag₆
@v	azalag₇
@v	aza₂
@v	azlag
@v	azlag₂
@v	azlag₃
@v	azlag₄
@v	azlag₅
@v	azlag₆
@v	azlag₇
@v	azu
@v	azubir
@v	azugna
@v	azukna
@v	az₂
@v	az₃
@v	aš
@v	aʾ
@v	aṣ
@v	aṭ
@v	a₂
@v	a₃
@v	a₄
@v	a₅
@v	a₆
@v	a₇
@v	a₈
@v	a₉
@v	aš@c
@v	aš@c@90
@v	aš@c@v
@v	aš@f
@v	aš@v
@v	aša
@v	ašag
@v	ašarid
@v	aŋarin
@v	aŋarin₂
@v	aŋarin₃
@v	aŋarin₄
@v	aŋarin₅
@v	aŋar₅
@v	aŋar₆
@v	ašar₂
@v	aŋarŋara
@v	aŋa₂
@v	aŋa₃
@v	aša₂
@v	aša₃
@v	aša₅
@v	aʾa₃
@v	ašaŋ₂
@v	ašdar
@v	ašgab
@v	ašgi
@v	ašgi₂
@v	aški
@v	aškud
@v	aškud₂
@v	ašlag
@v	ašlag₂
@v	ašlag₃
@v	ašlag₄
@v	ašlag₅
@v	ašlag₆
@v	ašlag₇
@v	ašlug
@v	ašnan
@v	ašnana
@v	ašnan₂
@v	aŋrig
@v	aṭu
@v	aʾuʾu
@v	aŋ₂
@v	aŋ₃
@v	aš₂
@v	aš₃
@v	aš₄
@v	aš₅
@v	aš₆
@v	aš₇
@v	aš₈
@v	aš₉
@v	aʾ₃
@v	aṣ₂
@v	aṣ₃
@v	aṭ₂
@v	a₁₂
@v	a₁₃
@v	a₁₄
@v	ašša
@v	aššan
@v	ašša₂
@v	ašša₃
@v	aš₁₀
@v	aš₁₁
@v	ba
@v	bab
@v	babar
@v	babar₂
@v	baba₂
@v	babbar
@v	babbar₂
@v	babila
@v	babila₂
@v	babilim
@v	babilima
@v	babilima₂
@v	babilim₂
@v	babir
@v	babir₂
@v	babu
@v	bab₂
@v	bad
@v	bada
@v	bada₃
@v	badi
@v	bad₂
@v	bad₃
@v	bad₄
@v	bad₅
@v	baeš
@v	bag
@v	bag₃
@v	bah
@v	bahar
@v	bahar₂
@v	bahar₃
@v	bahar₄
@v	bahar₅
@v	bah₃
@v	bak
@v	bakiru
@v	bakirum
@v	bak₂
@v	bak₃
@v	bal
@v	bala
@v	balag
@v	balak
@v	balaŋ
@v	baliha
@v	balla
@v	balla₂
@v	bal₂
@v	bal₃
@v	bal₄
@v	bamen
@v	bamin
@v	ban
@v	bana
@v	banda₂
@v	banda₃
@v	banda₄
@v	banda₅
@v	bandiliša
@v	baneš
@v	bania
@v	banlimmu
@v	banmin
@v	bansur
@v	bansur₂
@v	bansur₃
@v	ban₂
@v	ban₃
@v	ban₄
@v	ban₂@c
@v	ban₂@v
@v	banšur
@v	banšura
@v	banšur₂
@v	banšur₃
@v	bap
@v	bappir
@v	bappira
@v	bappira₂
@v	bappira₃
@v	bappir₂
@v	bappir₃
@v	baq
@v	bar
@v	bara
@v	barag₂
@v	bara₃
@v	bara₄
@v	bara₅
@v	bara₆
@v	bara₇
@v	bara₈
@v	bara₉
@v	bara₁₀
@v	bare
@v	barig
@v	barig@c
@v	bariga@c
@v	barim
@v	barim⁻
@v	barsip
@v	barzil
@v	bar₂
@v	bar₃
@v	bar₄
@v	bar₅
@v	bar₆
@v	bar₇
@v	bar₈
@v	baṭ
@v	ba₂
@v	ba₃
@v	ba₄
@v	ba₆
@v	ba₇
@v	ba₈
@v	ba₉
@v	ba₁₁
@v	ba₁₃
@v	ba₁₄
@v	ba₁₅
@v	be
@v	bebad
@v	bed
@v	bed₃
@v	bel
@v	belili
@v	bel₂
@v	ber
@v	ber₂
@v	ber₅
@v	ber₆
@v	ber₇
@v	be₂
@v	be₃
@v	be₄
@v	be₅
@v	be₆
@v	be₇
@v	bešeŋ
@v	beš₁₂
@v	bi
@v	bibad
@v	bibe
@v	bibra
@v	bibri
@v	bid
@v	bid₂
@v	bid₃
@v	big
@v	bik
@v	bil
@v	bila
@v	bili
@v	billuda
@v	billudu
@v	biluda
@v	bil₂
@v	bil₃
@v	bil₄
@v	bin
@v	bir
@v	birdu
@v	biri
@v	bir₂
@v	bir₄
@v	bir₅
@v	bir₆
@v	bir₇
@v	bir₈
@v	bir₉
@v	bisag
@v	bisag₂
@v	bisag₃
@v	bisan
@v	bisan₂
@v	bisan₃
@v	bisaŋ
@v	bisaŋ₂
@v	bisaŋ₃
@v	bis₂
@v	biz
@v	bizaza
@v	bizeg₃
@v	bizem₃
@v	biz₂
@v	biš
@v	biṭ
@v	bi₂
@v	bi₃
@v	bi₄
@v	bi₅
@v	bi₆
@v	bi₇
@v	bu
@v	bubbu
@v	bubbur
@v	bube
@v	bugin
@v	bugin₂
@v	bugin₄
@v	buglu
@v	buh
@v	buk
@v	bul
@v	bula
@v	bulug
@v	bulug₂
@v	bulug₃
@v	bulug₄
@v	bulug₅
@v	buluh
@v	buluŋ
@v	buluŋ₂
@v	buluŋ₃
@v	buluŋ₅
@v	bul₂
@v	bul₃
@v	bul₅
@v	bum
@v	bum₂
@v	bun
@v	bunga
@v	bungu
@v	buni
@v	bunin
@v	bunin₂
@v	bunin₄
@v	buniŋ
@v	buniŋ₂
@v	bun₂
@v	bur
@v	buranun
@v	buranuna
@v	buranunu
@v	buru
@v	buruh
@v	burunun
@v	burununa
@v	buru₂
@v	buru₃
@v	buru₄
@v	buru₅
@v	buru₆
@v	buru₇
@v	buru₈
@v	buru₉
@v	buru₁₁
@v	buru₁₄
@v	buru₁₆
@v	bur₂
@v	bur₃
@v	bur₄
@v	bur₅
@v	bur₆
@v	bur₇
@v	bur₈
@v	bur₃@c
@v	bur₃@v
@v	burʾu
@v	burʾu@c
@v	bur₁₀
@v	bur₁₁
@v	bur₁₂
@v	bur₁₃
@v	bur₁₄
@v	buzur
@v	buzur₂
@v	buzur₃
@v	buzur₄
@v	buzur₅
@v	buš
@v	bu₂
@v	bu₃
@v	bu₄
@v	bu₅
@v	bu₆
@v	bu₇
@v	bu₈
@v	buš₂
@v	bu₁₀
@v	bu₁₁
@v	bu₁₂
@v	bu₁₃
@v	bu₁₄
@v	bu₁₅
@v	bu₁₆
@v	da
@v	dab
@v	daba
@v	daban
@v	daba₅
@v	dabašin
@v	dabda₂
@v	dabe
@v	dabin
@v	dab₂
@v	dab₃
@v	dab₄
@v	dab₅
@v	dab₆
@v	dad
@v	dadag
@v	dadda
@v	dag
@v	dagal
@v	dagala
@v	dagrim
@v	dagrin
@v	dag₂
@v	dag₃
@v	dag₅
@v	dah
@v	dak
@v	dakan
@v	dakkan
@v	dak₃
@v	dal
@v	dala
@v	dala₂
@v	dalhamun
@v	dalhamun₂
@v	dalhamun₃
@v	dalhamun₄
@v	dalhamun₅
@v	dalhamun₆
@v	dalhamun₇
@v	dalla
@v	dalla₂
@v	dal₃
@v	dam
@v	dama
@v	damal
@v	damu
@v	damu₂
@v	dam₀
@v	dam₂
@v	dam₃
@v	dan
@v	dana
@v	dana₂
@v	dana₃
@v	danna
@v	danna₂
@v	dan₂
@v	dan₃
@v	dan₄
@v	dan₆
@v	dan₇
@v	dap
@v	dapar
@v	dapara
@v	daparu
@v	dapa₂
@v	dap₂
@v	daq
@v	daq₃
@v	dar
@v	dara₂
@v	dara₃
@v	dara₄
@v	dara₅
@v	dara₆
@v	darengal
@v	dari₂
@v	dari₅
@v	darum₂
@v	daru₂
@v	daru₅
@v	dar₂
@v	dar₃
@v	dar₄
@v	dar₆
@v	das
@v	daš
@v	da₂
@v	da₃
@v	da₄
@v	da₅
@v	da₆
@v	da₇
@v	da₈
@v	da₉
@v	daŋal
@v	dašgari
@v	daš₂
@v	daš₃
@v	da₁₀
@v	da₁₂
@v	da₁₃
@v	de
@v	deb
@v	deb₂
@v	deh
@v	dehi
@v	dehi₂
@v	dehi₃
@v	dehi₄
@v	deh₂
@v	deh₃
@v	del
@v	dele
@v	delen
@v	delena
@v	delena₂
@v	delena₃
@v	delen₂
@v	delen₃
@v	dele₄
@v	deli
@v	dellu
@v	delmun
@v	del₂
@v	del₄
@v	dema
@v	demma
@v	demmu
@v	demu
@v	dem₂
@v	den
@v	der
@v	dergul
@v	deš
@v	de₂
@v	de₃
@v	de₄
@v	de₅
@v	de₆
@v	de₈
@v	de₉
@v	deš₂
@v	deš₃
@v	deš₅
@v	de₁₀
@v	deššu
@v	di
@v	dib
@v	dibi
@v	dibira
@v	dibur
@v	dib₂
@v	dib₅
@v	didanu
@v	didanum
@v	didla
@v	didli
@v	didnu
@v	didnum
@v	dig
@v	digbir
@v	digi
@v	digir
@v	dih
@v	dihi
@v	dihi₂
@v	dihi₃
@v	dih₂
@v	dih₃
@v	dik
@v	dil
@v	dili
@v	dilib
@v	dilib₂
@v	dilib₃
@v	dilib₄
@v	dilib₅
@v	dilib₆
@v	dilim
@v	dilim₂
@v	dilim₃
@v	dilim₄
@v	dilim₅
@v	dilin
@v	dilina
@v	dilina₂
@v	dilina₃
@v	dilin₂
@v	dilin₃
@v	dili₂
@v	dili₄
@v	dilmun
@v	dilmuna
@v	dilu
@v	dilur
@v	dil₂
@v	dil₄
@v	dim
@v	dima
@v	dima₂
@v	dimer
@v	dimgal
@v	dimgul
@v	dimir
@v	dimma
@v	dimmer
@v	dimmu
@v	dimmuš
@v	dimna
@v	dimsar
@v	dimu
@v	dimuš
@v	dim₂
@v	dim₃
@v	dim₄
@v	dim₅
@v	dim₇
@v	dim₈
@v	dim₉
@v	dim₁₀
@v	dim₁₁
@v	dim₁₂
@v	dim₁₃
@v	din
@v	diner
@v	dingir
@v	dingira
@v	dini
@v	dinig
@v	dinig₂
@v	dinig₃
@v	dinir
@v	dip
@v	dipar
@v	diq
@v	dir
@v	dirgul
@v	diri
@v	dirig
@v	dir₂
@v	dir₃
@v	dir₄
@v	disgur
@v	diš
@v	di₂
@v	di₃
@v	di₄
@v	di₅
@v	di₆
@v	di₇
@v	di₈
@v	diš@c
@v	diš@f
@v	diša
@v	diŋir
@v	diš₂
@v	di₁₁
@v	di₁₂
@v	du
@v	dub
@v	duba
@v	dubad
@v	dubal
@v	dubal₂
@v	dubal₃
@v	dubal₄
@v	dubal₅
@v	dubal₆
@v	dubal₇
@v	duba₂
@v	dubba
@v	dubsig
@v	dubsik
@v	dubu
@v	dubul
@v	dubur
@v	dubur₂
@v	dubu₂
@v	dub₂
@v	dub₃
@v	dud
@v	duda
@v	dudda
@v	duddu
@v	dudu
@v	dud₂
@v	dug
@v	duga₃
@v	duga₄
@v	duggu
@v	dugin
@v	dugina
@v	dugina₂
@v	dugin₂
@v	dugu
@v	dugud
@v	duguda
@v	dug₃
@v	dug₄
@v	dug₅
@v	duh
@v	duk
@v	duka
@v	duk₂
@v	dul
@v	dulu
@v	dulum
@v	dulum₂
@v	dul₂
@v	dul₃
@v	dul₄
@v	dul₅
@v	dul₆
@v	dul₇
@v	dul₈
@v	dul₉
@v	dul₁₀
@v	dum
@v	dumgal
@v	dumu
@v	dum₄
@v	dun
@v	duna
@v	dunda
@v	dunga
@v	dunga₂
@v	dungu
@v	dun₃
@v	dun₄
@v	dun₅
@v	dun₆
@v	dun₃⁺
@v	dup
@v	dupsik
@v	dup₂
@v	duq
@v	dur
@v	durah
@v	durah₂
@v	durba
@v	durgul
@v	durme
@v	durum
@v	durum₂
@v	durum₄
@v	durun
@v	duruna
@v	duruna₂
@v	duruna₃
@v	duruna₄
@v	durungal
@v	durun₃
@v	duru₂
@v	duru₃
@v	duru₄
@v	duru₅
@v	duru₉
@v	dur₂
@v	dur₃
@v	dur₄
@v	dur₅
@v	dur₆
@v	dur₈
@v	dur₉
@v	dur₁₀
@v	dur₁₁
@v	dusi
@v	dusi₂
@v	dussa₂
@v	dussu
@v	dusu
@v	dusu₂
@v	duš
@v	du₂
@v	du₃
@v	du₄
@v	du₅
@v	du₆
@v	du₇
@v	du₈
@v	du₉
@v	duṭu
@v	duš₂
@v	du₁₀
@v	du₁₁
@v	du₁₂
@v	du₁₃
@v	du₁₄
@v	du₁₅
@v	du₁₆
@v	du₂₀
@v	du₂₄
@v	du₂₅
@v	du₂₆
@v	e
@v	ea
@v	eb
@v	ebeh
@v	ebih
@v	ebih₂
@v	ebir
@v	ebir₃
@v	ebir₄
@v	ebla
@v	ebur
@v	eb₂
@v	ed
@v	edakua
@v	edakua₂
@v	edamu
@v	eden
@v	edena
@v	edi
@v	edin
@v	edina
@v	edur
@v	eduru
@v	ed₂
@v	ed₃
@v	ed₄
@v	eg
@v	ega
@v	egar
@v	egara
@v	ega₂
@v	ege
@v	eger
@v	egera
@v	eger₂
@v	eger₃
@v	eger₄
@v	eger₅
@v	ege₂
@v	egi
@v	egia
@v	egir
@v	egirsu
@v	egir₂
@v	egir₃
@v	egir₄
@v	egir₅
@v	egi₂
@v	egur₄
@v	eg₂
@v	eg₃
@v	eh
@v	ehalla
@v	ehe
@v	eheh
@v	ehehhe
@v	ehi
@v	ehili
@v	eh₂
@v	eh₃
@v	ek
@v	eki
@v	el
@v	ela
@v	elal
@v	elal₂
@v	elam
@v	elama
@v	elamkuš
@v	elamkuš₂
@v	elamkuš₃
@v	elamkuš₄
@v	elamu
@v	eldig
@v	ele
@v	ele₂
@v	eli
@v	elilla
@v	ella
@v	ellag
@v	ellag₂
@v	ellam
@v	ellamkuš
@v	ellamkuš₂
@v	ellamkuš₃
@v	ellamkuš₄
@v	ellandu
@v	ellaŋ
@v	ella₂
@v	ellaŋ₂
@v	ellil
@v	el₂
@v	el₃
@v	el₄
@v	em
@v	emaš
@v	eme
@v	emeda
@v	emeda₃
@v	emedu
@v	emedub
@v	emedub₂
@v	emedu₂
@v	emengi
@v	emerah
@v	emesig
@v	emezi
@v	emeš
@v	eme₂
@v	eme₃
@v	eme₄
@v	eme₅
@v	eme₆
@v	eme₇
@v	eme₈
@v	emeš₂
@v	emma
@v	emma₂
@v	emmen
@v	emmen₂
@v	emmin
@v	emmin₂
@v	emuš
@v	em₃
@v	em₄
@v	en
@v	ena
@v	enaqa
@v	enbir
@v	endib
@v	endibdim
@v	endub
@v	endur
@v	enegi
@v	enegir
@v	enegir₃
@v	enegi₃
@v	enem
@v	engar
@v	engara
@v	engiz
@v	engiz₂
@v	engur
@v	eni
@v	enigin
@v	enim
@v	enim₂
@v	enkar
@v	enkara
@v	enku
@v	enkud
@v	enkum
@v	enme
@v	enmen
@v	enmen₂
@v	enna
@v	ennegi
@v	ennigi
@v	ennigi₂
@v	ennigi₃
@v	ennin
@v	ensag
@v	ensi
@v	ensik
@v	ensi₂
@v	ensi₃
@v	enu
@v	en₂
@v	en₃
@v	en₄
@v	en₅
@v	en₆
@v	en₇
@v	en₈
@v	enšab
@v	enšada
@v	enšadu
@v	ep
@v	epig
@v	epir
@v	epir₂
@v	epir₃
@v	epir₄
@v	ep₂
@v	eq
@v	eqqil
@v	er
@v	era₂
@v	erba
@v	erbe
@v	erbura
@v	ere
@v	erem
@v	eren
@v	erena
@v	erena₂
@v	eren₂
@v	eren₈
@v	ereš
@v	ereš₂
@v	ereš₃
@v	ereš₄
@v	ereš₅
@v	ere₁₃
@v	ere₁₄
@v	eri
@v	erib
@v	eribura
@v	erida
@v	erida₂
@v	eridu
@v	eridug
@v	eriduga
@v	erigal
@v	erigal₂
@v	erigal₃
@v	erim
@v	erima₂
@v	erim₂
@v	erim₃
@v	erim₄
@v	erim₅
@v	erim₆
@v	erim₇
@v	erin
@v	erina
@v	erina₂
@v	erina₈
@v	erin₂
@v	erin₃
@v	erin₄
@v	erin₅
@v	erin₆
@v	erin₇
@v	erin₉
@v	eriš
@v	eri₃
@v	eriš₂
@v	eriš₄
@v	eriš₆
@v	eriš₇
@v	eri₁₁
@v	eri₁₂
@v	eri₁₃
@v	eri₁₄
@v	eru
@v	erua
@v	erua₂
@v	erum
@v	erum₂
@v	erum₃
@v	erum₄
@v	eru₂
@v	eru₃
@v	eru₄
@v	eru₅
@v	er₂
@v	er₃
@v	er₄
@v	er₆
@v	er₉
@v	er₁₁
@v	er₁₃
@v	er₁₄
@v	es
@v	esag
@v	esag₂
@v	esaŋ
@v	esa₃
@v	esaŋ₂
@v	esen
@v	eseš
@v	esi
@v	esibir
@v	esig
@v	esikilla
@v	esin
@v	esir
@v	esirha
@v	esirhia
@v	esir₂
@v	esir₃
@v	esir₄
@v	esir₅
@v	esiš₃
@v	essad
@v	essadu
@v	es₂
@v	es₃
@v	es₅
@v	eurre
@v	ew
@v	ez
@v	eze
@v	ezem
@v	ezema
@v	ezen
@v	ezena
@v	ezen₄
@v	ezim₂
@v	ezin
@v	ezinam₂
@v	ezinam₃
@v	ezinan₂
@v	ezina₂
@v	ezina₃
@v	ezinu₂
@v	ezinu₃
@v	ezin₂
@v	ez₃
@v	eš
@v	eʾ
@v	eṣ
@v	eṭ
@v	e₂
@v	e₃
@v	e₄
@v	e₅
@v	e₆
@v	e₇
@v	e₈
@v	eša
@v	eŋar
@v	eŋara
@v	eša₂
@v	eša₃
@v	eša₅
@v	ešda
@v	ešda₂
@v	ešda₃
@v	eše
@v	eše@c
@v	ešela
@v	ešelal
@v	eʾella
@v	ešemen
@v	ešemen₂
@v	ešemen₃
@v	ešemen₄
@v	ešemen₅
@v	ešemin
@v	ešemin₂
@v	ešemin₃
@v	ešemin₄
@v	ešemin₅
@v	eŋer
@v	ešer
@v	eŋera
@v	eše₂
@v	eše₃
@v	eše₄
@v	eše₃@c
@v	ešgal
@v	ešgar
@v	ešgiri
@v	ešgiri₂
@v	eʾi
@v	eŋir
@v	eŋir₅
@v	eškiri
@v	eškiri₂
@v	ešlug
@v	ešqa
@v	ešsad
@v	ešsadu
@v	eʾu
@v	eŋ₃
@v	eš₂
@v	eš₃
@v	eš₄
@v	eš₅
@v	eš₆
@v	eš₇
@v	eš₈
@v	eš₉
@v	eʾ₃
@v	eṣ₃
@v	e₁₀
@v	e₁₁
@v	e₁₂
@v	eš₂@90
@v	eššaba
@v	eššad
@v	eššana
@v	eššeb
@v	eš₁₀
@v	eš₁₂
@v	eš₁₃
@v	eš₁₄
@v	eš₁₅
@v	eš₁₆
@v	eš₁₇
@v	eš₁₈
@v	eš₁₉
@v	eš₂₀
@v	eš₂₁
@v	eš₂₂
@v	ga
@v	gab
@v	gaba
@v	gabar
@v	gabar₂
@v	gaba₂
@v	gaburra
@v	gabu₂
@v	gab₂
@v	gab₃
@v	gad
@v	gada
@v	gadi
@v	gadibdim
@v	gadma
@v	gadu
@v	gadub
@v	gaeš
@v	gaeš₂
@v	gag
@v	gaga
@v	gagalam
@v	gagar
@v	gaggim
@v	gagi
@v	gagia
@v	gagia₂
@v	gagig
@v	gagim
@v	gagirsu
@v	gagi₂
@v	gahalla
@v	gahili
@v	gaiku
@v	gaiš
@v	gaiš₂
@v	gak
@v	gakim
@v	gakiṣṣu
@v	gakkul
@v	gakkul₂
@v	gakkul₃
@v	gal
@v	gala
@v	galam
@v	gala₂
@v	gala₃
@v	gala₄
@v	gala₅
@v	gala₆
@v	gala₇
@v	gala₈
@v	gala₁₀
@v	gala₁₁
@v	gale
@v	galga
@v	galilla
@v	galla
@v	galla₂
@v	galla₄
@v	galu
@v	gal₂
@v	gal₄
@v	gal₅
@v	gal₈
@v	gal₉
@v	gal₁₀
@v	gam
@v	gamar
@v	gambi
@v	gaml
@v	gamu
@v	gamun
@v	gamun₂
@v	gam₂
@v	gam₃
@v	gam₄
@v	gan
@v	gana
@v	ganam₄
@v	ganam₅
@v	ganam₆
@v	gana₂
@v	gana₃
@v	gana₄
@v	gana₅
@v	gana₆
@v	ganba
@v	gansis
@v	ganu
@v	ganun
@v	ganzer
@v	ganzer₂
@v	ganzer₃
@v	ganzir
@v	ganzir₂
@v	ganzir₃
@v	gan₂
@v	gan₃
@v	gan₇
@v	gap
@v	gap₂
@v	gar
@v	gara
@v	garadin
@v	garadin₂
@v	garadin₃
@v	garadin₄
@v	garadin₅
@v	garadin₇
@v	garadin₈
@v	garadin₉
@v	garadin₁₀
@v	garak
@v	garak₅
@v	garaš
@v	gara₂
@v	gara₃
@v	gara₄
@v	gara₆
@v	gara₈
@v	gara₉
@v	garaš₂
@v	garaš₃
@v	garaš₄
@v	garaš₅
@v	gara₁₀
@v	gara₁₁
@v	garig
@v	garig₂
@v	garim
@v	garim₂
@v	garin
@v	gariŋ₂
@v	garu
@v	garza
@v	garza₂
@v	garzu
@v	gar₂
@v	gar₃
@v	gar₄
@v	gar₅
@v	gar₆
@v	gar₇
@v	gar₈
@v	gar₉
@v	gar₁₀
@v	gar₁₁
@v	gar₁₂
@v	gar₁₃
@v	gar₁₄
@v	gar₁₉
@v	gas
@v	gasa
@v	gasibir
@v	gasikilla
@v	gayayu
@v	gaz
@v	gaza
@v	gaza₃
@v	gazi
@v	gazibu
@v	gazigal
@v	gazimbi
@v	gazinbi
@v	gazinbu
@v	gazi₂
@v	gazi₃
@v	gaz⁻
@v	gaz₂
@v	gaš
@v	gaṣ
@v	ga₂
@v	ga₄
@v	ga₅
@v	ga₆
@v	ga₇
@v	gašam
@v	gašan
@v	gaʾar
@v	gašmu
@v	ga₁₄
@v	gaššu
@v	ge
@v	gedim
@v	geg
@v	gegge
@v	geg₂
@v	gel
@v	geleŋ
@v	gele₃
@v	geli₃
@v	gem
@v	geme₂
@v	geme₃
@v	gem₃
@v	gen
@v	gena
@v	genan
@v	genna
@v	gen₃
@v	gen₆
@v	gen₇
@v	ger
@v	gereš
@v	gereš₃
@v	gerin
@v	ger₂
@v	ger₃
@v	ger₁₅
@v	gez
@v	geš
@v	ge₂
@v	ge₃
@v	ge₄
@v	ge₅
@v	ge₆
@v	ge₇
@v	ge₈
@v	ge₉
@v	gešba
@v	gešba₂
@v	gešbu
@v	gešbun
@v	gešbun₂
@v	gešbu₂
@v	gešdu
@v	gešdu₂
@v	gešdu₃
@v	gešdu₄
@v	gešhar
@v	gešhur
@v	gešimmar
@v	geškad
@v	geškim
@v	gešnimbar
@v	gešnu₂
@v	gešpa
@v	gešpu
@v	gešpu₂
@v	gešu
@v	geš₂
@v	geš₃
@v	ge₁₀
@v	ge₁₂
@v	ge₁₄
@v	ge₁₅
@v	ge₁₆
@v	ge₁₇
@v	ge₁₈
@v	ge₁₉
@v	ge₂₀
@v	ge₂₂
@v	ge₂₃
@v	ge₂₄
@v	ge₂₆
@v	ge₂₈
@v	geš₂@c
@v	geš₂@c@90
@v	geš₂@c@v
@v	geššir
@v	gešʾu
@v	gešʾu@c
@v	gešʾu@v
@v	gi
@v	gib
@v	gibil
@v	gibila
@v	gibil⁻
@v	gibil₂
@v	gibil₃
@v	gibil₄
@v	gibil₅
@v	gibil₆
@v	gibil₇
@v	gibir
@v	gibiru
@v	gibir₂
@v	giburu
@v	gib₂
@v	gib₃
@v	gid
@v	gidar
@v	gida₂
@v	gida₄
@v	gidim
@v	gidim₂
@v	gidim₃
@v	gidim₄
@v	gidi₃
@v	gidi₆
@v	gidlam
@v	gidlam₂
@v	gidlam₃
@v	gidlam₄
@v	gidri
@v	gidru
@v	gid₂
@v	gid₆
@v	gig
@v	gigam
@v	giggi
@v	gigi
@v	gigir
@v	gigira
@v	gigira₂
@v	gigirum
@v	gigir₂
@v	gigir₃
@v	gigi₂
@v	gigri
@v	gigri₂
@v	giguru
@v	giguru₂
@v	giguru₃
@v	gig₂
@v	gikki
@v	gil
@v	gilgames
@v	gilgames₃
@v	gilgames₄
@v	gilgameš
@v	gilgameš₂
@v	gilgameš₃
@v	gilgameš₄
@v	gili
@v	gilib₃
@v	gilib₄
@v	gilili
@v	gilim
@v	gilim₂
@v	gilin
@v	gili₂
@v	gili₃
@v	gillim
@v	gil₂
@v	gil₃
@v	gim
@v	gimi
@v	gim₂
@v	gim₃
@v	gim₄
@v	gim₆
@v	gim₇
@v	gin
@v	gina
@v	ginan
@v	gina₂
@v	gina₃
@v	ginna
@v	gin₂
@v	gin₃
@v	gin₄
@v	gin₅
@v	gin₆
@v	gin₇
@v	gin₈
@v	gip₂
@v	gir
@v	gira
@v	giraba
@v	girah
@v	gira₂
@v	gira₃
@v	gireš
@v	gireš₂
@v	giri
@v	girid
@v	girid₂
@v	girim
@v	girima₃
@v	girimma₃
@v	girim₂
@v	girim₃
@v	girin
@v	girin₂
@v	giriš
@v	giri₂
@v	giri₃
@v	giri₅
@v	giri₆
@v	giri₈
@v	giriš₂
@v	giriš₃
@v	giri₁₁
@v	giri₁₃
@v	giri₁₆
@v	giri₁₇
@v	giri₁₉
@v	giri₂₀
@v	giri₂₁
@v	girra
@v	girum
@v	giru₃
@v	girza
@v	gir₂
@v	gir₃
@v	gir₄
@v	gir₅
@v	gir₆
@v	gir₇
@v	gir₈
@v	gir₉
@v	gir₁₀
@v	gir₁₁
@v	gir₁₂
@v	gir₁₃
@v	gir₁₄
@v	gir₁₅
@v	gir₁₆
@v	gir₁₇
@v	gir₁₈
@v	gis
@v	gisal
@v	gisbun
@v	giskim
@v	gissu
@v	giz
@v	gizal
@v	gizal₂
@v	gizbun
@v	gizkim
@v	gizzal
@v	gizzu
@v	giš
@v	gi₂
@v	gi₄
@v	gi₅
@v	gi₆
@v	gi₇
@v	gi₈
@v	gi₉
@v	giša
@v	gišbar
@v	gišbun
@v	gišdu
@v	gišdu₂
@v	gišdu₃
@v	gišgal
@v	gišha
@v	gišhar
@v	gišhur
@v	gišimmar
@v	giškad
@v	giškim
@v	gišmaš
@v	gišnimbar
@v	gišnu₂
@v	gišzal
@v	giŋ₄
@v	giš₂
@v	giš₃
@v	giṭ₂
@v	gi₁₀
@v	gi₁₂
@v	gi₁₆
@v	gi₁₇
@v	gi₁₈
@v	gi₂₇
@v	giššir
@v	gu
@v	guana
@v	gub
@v	guba
@v	gubalag
@v	gubalaga
@v	gublaga
@v	gubu
@v	gubu₃
@v	gub₂
@v	gub₃
@v	gub₄
@v	gub₅
@v	gud
@v	guda₂
@v	guda₃
@v	gudedde
@v	gudibdim
@v	gudibir
@v	gudibir₂
@v	gudiddi
@v	gudma
@v	gudu
@v	gudug
@v	gudug₂
@v	gudu₂
@v	gudu₄
@v	gudu₅
@v	gudu₁₀
@v	gudu₁₁
@v	gud₂
@v	gud₃
@v	gud₄
@v	gud₅
@v	gud₆
@v	gud₇
@v	gud₈
@v	gud₉
@v	gud₁₀
@v	gueriši
@v	gug
@v	gugarid
@v	guggal
@v	guggim
@v	gugim
@v	gugina
@v	gugru
@v	gugumu
@v	gugu₂
@v	gug₂
@v	gug₃
@v	gug₄
@v	gug₅
@v	gug₆
@v	guhšu
@v	guhšu₂
@v	gukim
@v	gukin
@v	gukin₂
@v	gukiri
@v	gukkal
@v	gukri
@v	gul
@v	gulla
@v	gulu
@v	gul₂
@v	gul₃
@v	gum
@v	gumgum
@v	gumgumšu
@v	gumle
@v	gumu
@v	gum₂
@v	gum₃
@v	gum₄
@v	gun
@v	guna₄
@v	gunin₂
@v	gunni
@v	gunu₃
@v	gunu₄
@v	gun₂
@v	gun₃
@v	gun₄
@v	gun₅
@v	gup
@v	gup₅
@v	guq
@v	gur
@v	gura
@v	gura₈
@v	gurdub
@v	gurin
@v	guru
@v	gurud
@v	guruda
@v	gurud₂
@v	gurum
@v	gurum₂
@v	gurun
@v	gurun₂
@v	gurun₄
@v	gurun₅
@v	gurun₇
@v	gurun₈
@v	gurusa
@v	guruš
@v	guru₂
@v	guru₃
@v	guru₅
@v	guru₆
@v	guru₇
@v	guru₈
@v	gurušda
@v	guruš₂
@v	guruš₃
@v	guruš₄
@v	guru₁₂
@v	guru₁₇
@v	guru₁₉
@v	guru₂₀
@v	guru₂₁
@v	gur₂
@v	gur₃
@v	gur₄
@v	gur₅
@v	gur₆
@v	gur₇
@v	gur₈
@v	gur₉
@v	gur₁₀
@v	gur₁₁
@v	gur₁₂
@v	gur₁₃
@v	gur₁₄
@v	gur₁₅
@v	gur₁₆
@v	gur₁₇
@v	gur₁₈
@v	gur₁₉
@v	gur₂₁
@v	gur₂₂
@v	guz
@v	guza
@v	guzza
@v	guz₂
@v	guz₃
@v	guš
@v	gu₂
@v	gu₃
@v	gu₄
@v	gu₅
@v	gu₇
@v	gu₈
@v	gu₉
@v	guškin
@v	gušur₂
@v	gu₁₀
@v	gu₁₄
@v	gu₁₅
@v	ha
@v	hab
@v	haba
@v	habrud
@v	habruda
@v	habruda₂
@v	habruda₃
@v	habruda₄
@v	habrud₂
@v	habrud₃
@v	habrud₄
@v	habur
@v	hab₂
@v	had
@v	hada₂
@v	had₂
@v	had₃
@v	had₄
@v	hahad
@v	haia
@v	hal
@v	hala
@v	halba
@v	halba₂
@v	halba₃
@v	halba₄
@v	halba₅
@v	halba₆
@v	halbi
@v	halbi₂
@v	halbi₃
@v	halbi₄
@v	halbi₅
@v	halbi₆
@v	halbu
@v	halbu₂
@v	halbu₃
@v	halbu₄
@v	halbu₅
@v	halbu₆
@v	halib
@v	halpi
@v	halpia
@v	halubba
@v	hal₂
@v	hamanzer
@v	hamun
@v	hanburuda
@v	haniš
@v	haniš₂
@v	haniš₃
@v	hanzalub
@v	hap
@v	hap₂
@v	har
@v	hara
@v	hara₃
@v	hara₄
@v	hara₅
@v	harub
@v	haruba
@v	haru₄
@v	har₂
@v	har₃
@v	has
@v	has₂
@v	haya
@v	haz
@v	hazabur
@v	haz₂
@v	haš
@v	haṣ
@v	haṭ
@v	ha₂
@v	ha₃
@v	ha₄
@v	ha₅
@v	ha₆
@v	ha₇
@v	hašhur
@v	haš₂
@v	haš₃
@v	haš₄
@v	haṣ₂
@v	he
@v	hegal
@v	henbur
@v	henbur₂
@v	hendur
@v	henzer
@v	henzir
@v	her
@v	heš
@v	he₂
@v	heŋal
@v	heš₂
@v	heš₅
@v	hi
@v	hibira
@v	hibis
@v	hibis₂
@v	hibiz
@v	hibiz₂
@v	hilib
@v	hilibu
@v	hilib₂
@v	hir
@v	hirim
@v	hirin
@v	hirin₂
@v	hir₂
@v	his
@v	hiz
@v	hiš
@v	hi₂
@v	hiš₂
@v	hiš₃
@v	hiš₄
@v	hu
@v	hub
@v	hubhub
@v	hubhub₂
@v	hubud
@v	hubur
@v	hub₂
@v	hud
@v	hudbu
@v	huduš
@v	hud₂
@v	hud₃
@v	hud₄
@v	hug
@v	huhud
@v	hul
@v	hula
@v	hula₂
@v	hulu
@v	huluh
@v	hulum
@v	hulum₂
@v	hulum₃
@v	hul₂
@v	hul₃
@v	hul₄
@v	hum
@v	humu
@v	humuh
@v	hun
@v	hunin
@v	hup
@v	hup₂
@v	hur
@v	hurin
@v	hursag
@v	hursaŋ
@v	huru
@v	hus
@v	hus₂
@v	huya
@v	huŋ
@v	huš
@v	hu₂
@v	hu₃
@v	hu₄
@v	hu₅
@v	huša
@v	huš₂
@v	i
@v	ia
@v	ia₂
@v	ia₃
@v	ia₄
@v	ia₅
@v	ia₇
@v	ia₈
@v	ia₉
@v	ia₁₀
@v	ib
@v	ibbanunna
@v	ibbi
@v	ibbi₂
@v	ibila
@v	ibila₂
@v	ibila₃
@v	ibila₄
@v	ibira
@v	ibira₂
@v	ib₂
@v	id
@v	ida₂
@v	idi
@v	idigna
@v	idim
@v	idin
@v	idi₂
@v	idi₃
@v	id₂
@v	id₃
@v	id₄
@v	id₆
@v	id₇
@v	id₈
@v	ie
@v	ig
@v	igar
@v	igi
@v	igira₂
@v	igiru
@v	igi₂
@v	igu
@v	ig₂
@v	ig₃
@v	ih
@v	ih₂
@v	ii
@v	ik
@v	iku
@v	iku@c
@v	iku@c@v
@v	iku₂
@v	il
@v	ila
@v	ilar
@v	ila₂
@v	ilba
@v	ilba₂
@v	ildag
@v	ildag₂
@v	ildag₃
@v	ildag₄
@v	ildu
@v	ildum
@v	ilduma
@v	ilduma₂
@v	ilduma₃
@v	ildumma
@v	ildumma₂
@v	ildumma₃
@v	ildum₂
@v	ildum₃
@v	ildu₂
@v	ildu₃
@v	ili
@v	ilimmu
@v	ilimmu₂
@v	ilimmu₃
@v	ilimmu₄
@v	ili₂
@v	ili₅
@v	ili₆
@v	ili₇
@v	illa
@v	illag
@v	illamma
@v	illar
@v	illil
@v	illil₂
@v	illu
@v	illulu
@v	illur
@v	illuru
@v	ilu
@v	ilumer
@v	ilumer₂
@v	ilumer₃
@v	il₂
@v	il₃
@v	il₄
@v	il₅
@v	il₆
@v	il₈
@v	il₁₀
@v	im
@v	imdudu
@v	imgaga
@v	imgaga₂
@v	imgaga₃
@v	imhur₂
@v	imhur₃
@v	imhur₄
@v	imi
@v	imin
@v	imina
@v	imina₂
@v	imina₃
@v	imin₂
@v	imin₃
@v	imi₂
@v	imma
@v	immal
@v	immal₂
@v	immal₃
@v	imma₂
@v	imma₃
@v	immen
@v	immen₂
@v	immin
@v	immindu
@v	immindu₂
@v	immin₂
@v	im₂
@v	im₃
@v	im₆
@v	imŋaŋa
@v	imŋaŋa₂
@v	imŋaŋa₃
@v	im₂⁻
@v	in
@v	ina
@v	inana
@v	inanna
@v	ina₂
@v	inbir
@v	inda
@v	indagara
@v	indagra
@v	inda₃
@v	inda₄
@v	inda₅
@v	ingar
@v	ini
@v	inim
@v	inini
@v	ini₂
@v	ini₄
@v	inna
@v	innana
@v	innin
@v	inu₂
@v	in₄
@v	in₅
@v	in₆
@v	inšušinak
@v	ip
@v	ipig
@v	ip₂
@v	iq
@v	ir
@v	ira₂
@v	irbura
@v	irda
@v	ire₁₄
@v	irgi
@v	irhan
@v	iri
@v	irib
@v	iribura
@v	irib₂
@v	irigal
@v	irigal₂
@v	irigal₃
@v	irimma
@v	irina
@v	irina₃
@v	iri₈
@v	irišeb
@v	iri₁₁
@v	iri₁₂
@v	iri₁₄
@v	irkab
@v	irra
@v	irsaŋ
@v	ir₂
@v	ir₃
@v	ir₄
@v	ir₆
@v	ir₉
@v	ir₁₁
@v	ir₁₃
@v	ir₁₇
@v	is
@v	isi
@v	isib
@v	isima
@v	isimu
@v	isimud
@v	isimud₄
@v	isimu₂
@v	isimu₃
@v	isimu₄
@v	isim₂
@v	isim₃
@v	isin
@v	isina
@v	isin₂
@v	isiš
@v	isi₂
@v	isi₃
@v	isiš₂
@v	isiš₃
@v	iski
@v	iskim
@v	isla
@v	isurungal
@v	is₂
@v	is₃
@v	is₅
@v	iu
@v	iu₂
@v	iw
@v	iya
@v	iyi
@v	iyu
@v	iyya
@v	iyyi
@v	iyyu
@v	iz
@v	izen
@v	izi
@v	izid
@v	izim
@v	izin
@v	izi₂
@v	izkim
@v	izu
@v	izun
@v	iz₂
@v	iz₃
@v	iš
@v	iʾ
@v	iṣ
@v	iṭ
@v	i₂
@v	i₃
@v	i₄
@v	i₅
@v	i₆
@v	i₇
@v	i₈
@v	išhara
@v	išhara₂
@v	išhara₃
@v	išhara₄
@v	išhuru
@v	išhurum₃
@v	išhurum₅
@v	išhuru₂
@v	išhuru₃
@v	išhuru₄
@v	išhuru₅
@v	išhur₄
@v	iši
@v	išib
@v	išin
@v	iši₂
@v	iškur
@v	išla
@v	išli
@v	išuruengal
@v	iŋ₃
@v	iš₂
@v	iš₃
@v	iš₄
@v	iš₅
@v	iš₆
@v	iš₇
@v	iš₈
@v	iš₉
@v	iṣ₂
@v	iṣ₃
@v	i₁₁
@v	i₁₄
@v	i₁₆
@v	iššebu
@v	iš₁₀
@v	iš₁₁
@v	ka
@v	kab
@v	kabar
@v	kabar₂
@v	kab₂
@v	kad
@v	kadra
@v	kadra₃
@v	kadri
@v	kadri₃
@v	kadru
@v	kadru₃
@v	kad₂
@v	kad₃
@v	kad₄
@v	kad₅
@v	kad₆
@v	kad₈
@v	kagar
@v	kag₂
@v	kak
@v	kakkala
@v	kakkuda
@v	kakkul
@v	kakkula
@v	kakkul₂
@v	kakkul₃
@v	kakkuša
@v	kakra
@v	kakru
@v	kaku
@v	kak₂
@v	kal
@v	kala
@v	kalag
@v	kalaga
@v	kalam
@v	kalama
@v	kala₂
@v	kala₃
@v	kala₄
@v	kala₅
@v	kala₁₀
@v	kalga
@v	kal₂
@v	kal₃
@v	kal₄
@v	kam
@v	kama
@v	kamad₂
@v	kamaru
@v	kamaš
@v	kama₅
@v	kamuš
@v	kam₂
@v	kam₃
@v	kam₄
@v	kan
@v	kana
@v	kanam
@v	kanaŋ
@v	kana₂
@v	kana₃
@v	kana₅
@v	kana₆
@v	kana₇
@v	kankal
@v	kankan
@v	kan₂
@v	kan₃
@v	kan₄
@v	kan₅
@v	kan₆
@v	kap
@v	kapa
@v	kapar
@v	kap₀
@v	kap₃
@v	kaq
@v	kar
@v	kara
@v	karadin
@v	karadin₂
@v	karadin₃
@v	karadin₄
@v	karadin₅
@v	karadin₇
@v	karadin₈
@v	karadin₉
@v	karadin₁₀
@v	karam
@v	karaš
@v	kara₂
@v	kara₄
@v	kara₆
@v	karaš₂
@v	karkar
@v	karkara
@v	kar₂
@v	kar₃
@v	kar₄
@v	kar₅
@v	kas
@v	kasa
@v	kaskal
@v	kas₂
@v	kas₃
@v	kas₄
@v	kas₅
@v	kas₆
@v	kas₇
@v	kaz
@v	kazab
@v	kazabu
@v	kazabur
@v	kazaza
@v	kazbi
@v	kazbu
@v	kaz₀
@v	kaz₈
@v	kaš
@v	kaṣ
@v	ka₂
@v	ka₃
@v	ka₄
@v	ka₅
@v	ka₆
@v	ka₇
@v	ka₉
@v	kašbir
@v	kaš₂
@v	kaš₃
@v	kaš₄
@v	kaš₅
@v	kaš₆
@v	kaṣ₂
@v	kaṣ₃
@v	ka₁₀
@v	ka₁₁
@v	ka₁₃
@v	ka₁₄
@v	ka₁₅
@v	kaš₄⁻
@v	ke
@v	kel
@v	kele
@v	kel₃
@v	kem
@v	ken
@v	kenke
@v	ken₂
@v	ker
@v	keš
@v	ke₂
@v	ke₃
@v	ke₄
@v	ke₅
@v	kešda
@v	keše
@v	keše₂
@v	keše₄
@v	keši₂
@v	keši₃
@v	keši₁₈
@v	keš₂
@v	keš₃
@v	keš₄
@v	keš₈
@v	keš₉
@v	keš₁₈
@v	ki
@v	kib
@v	kibini
@v	kibir₂
@v	kibir₃
@v	kibsur
@v	kib₃
@v	kibšur
@v	kid
@v	kide
@v	kid₂
@v	kid₃
@v	kid₄
@v	kid₅
@v	kid₆
@v	kid₇
@v	kid₈
@v	kid₉
@v	kid₁₀
@v	kig₂
@v	kik
@v	kikken
@v	kikken₂
@v	kikkin
@v	kikkin₂
@v	kikla
@v	kil
@v	kilahha
@v	kili
@v	kilib
@v	kilibu
@v	kilib₃
@v	kilim
@v	kilim₂
@v	kilin
@v	kili₃
@v	kil₂
@v	kil₃
@v	kil₄
@v	kim
@v	kimin
@v	kim₂
@v	kim₃
@v	kim₄
@v	kim₅
@v	kim₆
@v	kin
@v	kinbur
@v	kinda
@v	kindagal
@v	kindagal₂
@v	kinda₂
@v	kindaŋal
@v	kingal
@v	kingusila
@v	kingusili
@v	kingusili₂
@v	kinkin
@v	kinkin₂
@v	kin₂
@v	kin₃
@v	kin₄
@v	kin₇
@v	kin₈
@v	kip
@v	kir
@v	kiraš
@v	kiraši
@v	kiri
@v	kirid
@v	kiris
@v	kiri₂
@v	kiri₃
@v	kiri₄
@v	kiri₆
@v	kiri₇
@v	kiri₈
@v	kiri₉
@v	kir⁻
@v	kir₂
@v	kir₃
@v	kir₄
@v	kir₅
@v	kir₆
@v	kir₇
@v	kir₈
@v	kir₉
@v	kir₁₀
@v	kir₁₁
@v	kir₁₃
@v	kir₁₄
@v	kir₁₇
@v	kis
@v	kisal
@v	kisi
@v	kisig
@v	kisiga
@v	kisig₂
@v	kisim
@v	kisim₂
@v	kisim₃
@v	kisim₄
@v	kisim₅
@v	kisim₆
@v	kisim₇
@v	kislah
@v	kislah₂
@v	kislah₃
@v	kissa
@v	kis₂
@v	kizlah
@v	kiŋ
@v	kiš
@v	kiṣ
@v	kiṭ
@v	ki₂
@v	ki₃
@v	ki₄
@v	ki₅
@v	ki₆
@v	ki₇
@v	ki₈
@v	kiša
@v	kišag
@v	kiša₂
@v	kiše
@v	kišeb
@v	kišeg
@v	kišeg₂
@v	kišek
@v	kišer
@v	kiše₄
@v	kiŋgal
@v	kiši
@v	kišib
@v	kišib₂
@v	kišib₃
@v	kišig
@v	kišig₂
@v	kišik
@v	kišik₂
@v	kišim₅
@v	kiši₂
@v	kiši₃
@v	kiši₄
@v	kiši₅
@v	kiši₆
@v	kiši₇
@v	kiši₈
@v	kiši₉
@v	kiši₁₀
@v	kiši₁₁
@v	kiši₁₂
@v	kiši₁₃
@v	kiši₁₄
@v	kiši₁₅
@v	kiši₁₆
@v	kiši₁₇
@v	kiŋ₂
@v	kiš₂
@v	kiš₅
@v	kiš₁₆
@v	ku
@v	kua
@v	kuar
@v	kuara
@v	kuara₂
@v	kuar₂
@v	kua₂
@v	kub
@v	kud
@v	kudma
@v	kud₃
@v	kud₅
@v	kud₆
@v	kug
@v	kugre
@v	kugu
@v	kugur
@v	kuia
@v	kuk
@v	kukku
@v	kukkuda
@v	kukkuda₂
@v	kukkug₂
@v	kukkuš
@v	kukku₂
@v	kukku₃
@v	kukku₄
@v	kukku₅
@v	kukkuša
@v	kukkušda
@v	kuksu
@v	kuksu₂
@v	kukuda₂
@v	kukula
@v	kuku₅
@v	kuk₂
@v	kul
@v	kula
@v	kulkul
@v	kulla
@v	kulu
@v	kul₂
@v	kum
@v	kum₂
@v	kum₃
@v	kum₄
@v	kun
@v	kunga
@v	kungal
@v	kunga₂
@v	kunga₃
@v	kungi
@v	kungi₂
@v	kungi₃
@v	kunigara
@v	kunigara₂
@v	kunigara₃
@v	kunigara₄
@v	kunigara₅
@v	kunin
@v	kunin₂
@v	kunu
@v	kun₂
@v	kun₃
@v	kun₄
@v	kun₅
@v	kun₈
@v	kun₉
@v	kup
@v	kup₃
@v	kur
@v	kurin
@v	kurku
@v	kurku₂
@v	kuru
@v	kurud
@v	kuruda
@v	kurul₁₄
@v	kurum₅
@v	kurum₆
@v	kurum₇
@v	kurum₁₀
@v	kurun
@v	kurun₂
@v	kurun₃
@v	kurun₅
@v	kurun₆
@v	kuruš
@v	kuru₂
@v	kuru₄
@v	kuru₅
@v	kuru₇
@v	kurušda
@v	kuru₁₁
@v	kuru₁₃
@v	kuru₁₄
@v	kur₂
@v	kur₃
@v	kur₄
@v	kur₅
@v	kur₆
@v	kur₇
@v	kur₉
@v	kur₁₁
@v	kur₁₂
@v	kur₁₄
@v	kur₁₅
@v	kus
@v	kus₂
@v	kuwa₂
@v	kuya₂
@v	kuz
@v	kuzbi
@v	kuzbu
@v	kuš
@v	ku₂
@v	ku₃
@v	ku₄
@v	ku₅
@v	ku₆
@v	ku₇
@v	ku₈
@v	ku₉
@v	kušdim
@v	kuŋgala
@v	kušgim
@v	kušlug
@v	kušu
@v	kušum
@v	kušum₂
@v	kušum₃
@v	kušum₄
@v	kušu₂
@v	kušu₃
@v	kušu₄
@v	kuŋ₂
@v	kuŋ₄
@v	kuŋ₅
@v	kuš₂
@v	kuš₃
@v	kuš₄
@v	kuš₅
@v	kuš₆
@v	kuš₇
@v	kuš₈
@v	kuš₉
@v	kuṣ₂
@v	ku₁₀
@v	ku₁₁
@v	ku₁₂
@v	ku₁₃
@v	ku₁₄
@v	ku₁₅
@v	ku₁₆
@v	kuš₁₀
@v	kuš₂⁻
@v	la
@v	lab
@v	laban
@v	lad
@v	lag
@v	lagab
@v	lagal
@v	lagar
@v	lagar₂
@v	lagar₃
@v	lagas
@v	lagasa
@v	lagaš
@v	lagaša
@v	lah
@v	lahar
@v	lahar₂
@v	laha₄
@v	laha₅
@v	lahhušu
@v	lahru
@v	lahrum
@v	lahrum₂
@v	lah₂
@v	lah₃
@v	lah₄
@v	lah₅
@v	lah₆
@v	lah₇
@v	lahšu
@v	lak
@v	laka
@v	lal
@v	lalah
@v	lalah₂
@v	lala₂
@v	lalla
@v	lallal
@v	lalla₂
@v	lal₂
@v	lal₃
@v	lalʾu
@v	lalʾu₂
@v	lalʾu₃
@v	lalʾu₄
@v	lalʾu₅
@v	lalʾu₆
@v	lalʾu₇
@v	lam
@v	lama
@v	lamahuš
@v	lamar
@v	lamassu
@v	lama₂
@v	lama₃
@v	lambi
@v	lamhu
@v	lamma
@v	lammar
@v	lammu
@v	lammu₂
@v	lam₂
@v	lam₃
@v	lam₄
@v	lam₅
@v	lap
@v	laq
@v	lar
@v	larag
@v	larag₂
@v	larsa
@v	larsam
@v	larsam₂
@v	larsa₂
@v	laṭ
@v	la₂
@v	la₃
@v	la₅
@v	la₆
@v	la₇
@v	la₈
@v	laʾu
@v	laʾu₂
@v	laʾu₃
@v	laʾu₄
@v	laʾu₅
@v	laʾu₆
@v	laʾu₇
@v	laʾu₈
@v	la₁₀
@v	la₁₂
@v	le
@v	lelle
@v	lelli
@v	lel₂
@v	lem
@v	lem₄
@v	leq
@v	le₂
@v	le₃
@v	le₄
@v	le₈
@v	le₉
@v	le₁₀
@v	li
@v	lib
@v	libi
@v	libin
@v	libir
@v	libiš
@v	lib₂
@v	lib₃
@v	lib₄
@v	lid
@v	lidda
@v	lidda₂
@v	lidim
@v	lid₂
@v	lig
@v	ligidba
@v	ligidba₂
@v	ligim
@v	ligima
@v	ligin
@v	lih
@v	lih₂
@v	lih₃
@v	lik
@v	liki
@v	lik₂
@v	lil
@v	lila₂
@v	lilib
@v	lilis
@v	liliz
@v	lillan
@v	lilli
@v	lillu
@v	lil₂
@v	lil₃
@v	lil₅
@v	lil₆
@v	lil₇
@v	lil₈
@v	lim
@v	lima
@v	limi
@v	limmu
@v	limmu₂
@v	limmu₃
@v	limmu₄
@v	limmu₅
@v	limu
@v	limu₂
@v	limu₃
@v	limu₄
@v	limu₅
@v	lim₂
@v	lim₃
@v	lim₄
@v	lip
@v	lipiš
@v	lip₂
@v	lip₃
@v	liq
@v	liq₂
@v	liq₃
@v	liri
@v	liri₂
@v	liri₃
@v	liri₄
@v	liri₅
@v	liri₆
@v	liri₇
@v	liri₈
@v	liru
@v	lirum
@v	lirum₂
@v	lirum₃
@v	lirum₄
@v	lirum₅
@v	lirum₆
@v	lirum₇
@v	lirum₈
@v	liru₂
@v	liru₃
@v	liru₄
@v	liru₅
@v	liru₆
@v	liru₇
@v	liru₈
@v	lis
@v	lisi
@v	lisin
@v	lium
@v	liz
@v	liš
@v	liṭ
@v	li₂
@v	li₃
@v	li₅
@v	li₆
@v	li₇
@v	li₈
@v	li₉
@v	liṭi
@v	liṭ₂
@v	li₁₀
@v	li₁₁
@v	li₁₂
@v	lu
@v	lub
@v	lubun
@v	lud
@v	lug
@v	luga
@v	lugal
@v	lugala
@v	lugud
@v	lugud₂
@v	lugud₃
@v	lugud₄
@v	lug₂
@v	luh
@v	luhu
@v	luhummu
@v	luhša
@v	luhšu
@v	lukur
@v	lul
@v	lulim
@v	lulima
@v	lulu
@v	lum
@v	luma
@v	lumgi
@v	lumgi₂
@v	lumgi₃
@v	lumha
@v	lumu
@v	lumu₃
@v	lum₂
@v	lum₃
@v	lun
@v	lunga
@v	lunga₂
@v	lunga₃
@v	lup
@v	luṭ
@v	lu₂
@v	lu₃
@v	lu₄
@v	lu₅
@v	lu₆
@v	lu₇
@v	lu₈
@v	lu₉
@v	luŋa
@v	luṭu
@v	luŋ₂
@v	lu₁₀
@v	ma
@v	mabi
@v	mabi₂
@v	mabi₃
@v	mad
@v	mada
@v	madal
@v	madla
@v	madlu
@v	madul
@v	magar
@v	magara
@v	mah
@v	mah@v
@v	maha
@v	mahar
@v	maha₂
@v	mahra
@v	mah₂
@v	mah₃
@v	makaš
@v	makaš₂
@v	makkaš
@v	makkaš₂
@v	mak₀
@v	mal
@v	mala
@v	malba
@v	malla
@v	mal₂
@v	mam
@v	mammi
@v	mammi₂
@v	mammi₃
@v	mam₂
@v	mam₃
@v	man
@v	mana
@v	mangara
@v	man₂
@v	man₃
@v	mar
@v	mara
@v	marad
@v	marad₂
@v	mara₂
@v	marduk
@v	maru
@v	mar₂
@v	mar₃
@v	mar₅
@v	mar₆
@v	mas
@v	massa
@v	massa₂
@v	maš
@v	maṣ
@v	maṭ
@v	ma₂
@v	ma₃
@v	ma₄
@v	ma₅
@v	ma₆
@v	ma₇
@v	ma₈
@v	ma₉
@v	mašammi
@v	mašda
@v	mašda₂
@v	mašda₃
@v	mašda₄
@v	mašgagen
@v	maškim
@v	maškim₂
@v	maškim₃
@v	maškum
@v	maš₂
@v	maš₃
@v	maš₄
@v	ma₁₀
@v	maššam
@v	me
@v	mebulug
@v	mebulug₂
@v	mebulug₃
@v	med
@v	medda
@v	medda₂
@v	meddu
@v	meddu₂
@v	medu
@v	megida
@v	megida₂
@v	megidda
@v	megidda₂
@v	meh
@v	mehida
@v	mehidi
@v	mehidu
@v	mel
@v	mele₂
@v	meli
@v	meli₂
@v	mel₂
@v	mel₃
@v	mem
@v	men
@v	menari
@v	menbulug
@v	menbulug₂
@v	menbulug₃
@v	men₂
@v	men₃
@v	men₄
@v	men₅
@v	mer
@v	mere
@v	merimer
@v	merimeri
@v	merimeri₂
@v	merimeri₃
@v	merimeri₄
@v	merimeri₅
@v	merimer₂
@v	merimer₃
@v	merimer₄
@v	merimer₅
@v	meri₃
@v	mermer
@v	mermeri
@v	mermeri₂
@v	mermeri₃
@v	mermeri₄
@v	mermeri₅
@v	mermer₂
@v	mermer₃
@v	mermer₄
@v	mermer₅
@v	mer₃
@v	mer₄
@v	mes
@v	mesi
@v	mes₃
@v	mez
@v	meze
@v	mezeg
@v	mezem
@v	mezeŋ
@v	meš
@v	meṣ
@v	me₂
@v	me₃
@v	me₄
@v	me₅
@v	me₆
@v	me₇
@v	me₈
@v	me₉
@v	meša
@v	meṭa
@v	meṭa₂
@v	meṭu
@v	meṭu₂
@v	meš₂
@v	meš₃
@v	me₁₁
@v	mi
@v	mid
@v	midda
@v	midda₂
@v	middu
@v	middu₂
@v	midra
@v	migir
@v	migir₂
@v	mih
@v	mil
@v	mili
@v	mili₂
@v	milla
@v	mim
@v	mim₃
@v	mim₄
@v	min
@v	mina
@v	mina₃
@v	minbulug
@v	minbulug₂
@v	min₂
@v	min₃
@v	min₄
@v	min₅
@v	min₆
@v	min₇
@v	min₈
@v	mir
@v	miri
@v	mir₅
@v	mis
@v	misal
@v	mizal
@v	mizeg
@v	mizem
@v	miš
@v	miṣ
@v	miṭ
@v	mi₂
@v	mi₃
@v	mi₄
@v	mi₅
@v	miṭa
@v	miṭa₂
@v	mišhaš
@v	mišsun
@v	miṭu
@v	miṭu₂
@v	miš₂
@v	miš₃
@v	mu
@v	mua
@v	mud
@v	mudgi
@v	mudla
@v	mudlu
@v	mudra₃
@v	mudra₅
@v	mudra₆
@v	mudru
@v	mudru₂
@v	mudru₃
@v	mudru₅
@v	mudru₆
@v	mudul
@v	mud₂
@v	mud₃
@v	mud₄
@v	mud₅
@v	mud₆
@v	mud₇
@v	mud₈
@v	mug
@v	muga
@v	mug₂
@v	muh
@v	muhaldim
@v	muhaldima
@v	muh₂
@v	muh₃
@v	muh₄
@v	muk
@v	muk₀
@v	muk₃
@v	mul
@v	mulla
@v	mullil
@v	mullu
@v	mulu
@v	mulu₄
@v	mul₂
@v	mul₃
@v	mul₄
@v	mum
@v	mummun
@v	mumun
@v	mun
@v	munsub
@v	munsub₂
@v	munsub₃
@v	munsub₄
@v	munu
@v	munus
@v	munussa
@v	munuz
@v	munu₂
@v	munu₃
@v	munu₄
@v	munu₅
@v	munu₆
@v	munzer
@v	munzur
@v	mun₂
@v	mun₃
@v	mun₄
@v	mun₅
@v	mun₆
@v	munšub
@v	munšub₂
@v	muq
@v	mur
@v	murgišur
@v	murgu
@v	murgu₂
@v	murgu₃
@v	muri
@v	murim
@v	muru
@v	murub
@v	murub₂
@v	murub₃
@v	murub₄
@v	murub₅
@v	murub₆
@v	murum
@v	murum₄
@v	murum₅
@v	murum₆
@v	murum₁₁
@v	muru₂
@v	muru₃
@v	muru₄
@v	muru₅
@v	muru₆
@v	muru₉
@v	muru₁₁
@v	muru₁₂
@v	muru₁₃
@v	mur₂
@v	mur₃
@v	mur₆
@v	mur₇
@v	mur₈
@v	mur₁₀
@v	mus
@v	mussa
@v	musub
@v	musub₂
@v	musub₃
@v	musub₄
@v	musug₂
@v	musug₄
@v	musug₅
@v	musur
@v	muwa
@v	muya
@v	muz
@v	muzug
@v	muzug₂
@v	muzug₄
@v	muzug₆
@v	muš
@v	muṣ
@v	muṭ
@v	mu₂
@v	mu₃
@v	mu₄
@v	mu₅
@v	mu₆
@v	mu₇
@v	mu₈
@v	mu₉
@v	mušda
@v	mušdam
@v	mušdama
@v	mušdama₂
@v	mušen
@v	mušena
@v	muši
@v	mušku
@v	mušu
@v	muš₂
@v	muš₃
@v	muš₄
@v	muš₅
@v	muš₇
@v	muš₈
@v	muš₉
@v	mu₁₀
@v	mu₁₁
@v	mu₁₂
@v	mu₁₃
@v	mu₁₄
@v	muššagana
@v	na
@v	nab
@v	nab₃
@v	nab₄
@v	nad
@v	nad₃
@v	nag
@v	naga
@v	nagada
@v	nagal
@v	nagar
@v	nagara
@v	naga₂
@v	naga₃
@v	naga₄
@v	nagbu
@v	nagga
@v	nagiri
@v	nag₃
@v	nag₄
@v	nah
@v	nah₂
@v	nak
@v	nak₂
@v	nam
@v	nama
@v	namma
@v	nammu
@v	namri
@v	nam₂
@v	nam₃
@v	nam₄
@v	namšeše
@v	nan
@v	nanam
@v	nanam₂
@v	nanga
@v	nanga₂
@v	nanga₃
@v	nanga₄
@v	nanga₆
@v	nanibgal
@v	nanibgal₂
@v	nanna
@v	nan₂
@v	nan₃
@v	nanše
@v	nap
@v	nap₂
@v	naq
@v	nar
@v	nari
@v	nar₃
@v	nazi
@v	naŋ
@v	naš
@v	na₂
@v	na₃
@v	na₄
@v	na₅
@v	na₆
@v	na₇
@v	na₈
@v	naŋa
@v	naŋar
@v	naŋa₃
@v	naŋa₄
@v	naŋ₃
@v	našše
@v	ne
@v	ned
@v	neda
@v	nem
@v	nemur
@v	nemur₂
@v	nen
@v	nenim
@v	nenin
@v	nenkum
@v	nenna
@v	nenna₂
@v	nenni
@v	nenni₂
@v	nenni₅
@v	nen₉
@v	neq₂
@v	ner
@v	nerah
@v	nergal
@v	nerigal
@v	nes
@v	nesag
@v	nesag₂
@v	nesaŋ
@v	nesaŋ₂
@v	neš
@v	ne₂
@v	ne₃
@v	ne₄
@v	ne₅
@v	ne₆
@v	ne₇
@v	ne₈
@v	neša
@v	neš₂
@v	ni
@v	nib
@v	nibri
@v	nibru
@v	nid
@v	nida
@v	nidaba
@v	nidaba₂
@v	nidalam
@v	nidalam₂
@v	nidalam₃
@v	nidalam₄
@v	nida₂
@v	nidba
@v	nidba₂
@v	nidlam
@v	nidlam₂
@v	nidlam₃
@v	nidlam₄
@v	nig
@v	niga
@v	nigan
@v	nigar
@v	niggi
@v	niggin
@v	nigginaku
@v	nigi
@v	nigida
@v	nigidaeš
@v	nigidalimmu
@v	nigidamin
@v	nigin
@v	nigin₂
@v	nigin₃
@v	nigin₄
@v	nigin₅
@v	nigin₆
@v	nigin₇
@v	nigin₈
@v	nigin₉
@v	nigin₁₀
@v	nigin₁₁
@v	nigir
@v	nigir₂
@v	nigir₃
@v	nigi₂
@v	nigi₃
@v	nigru
@v	nigu
@v	nig₂
@v	nig₆
@v	nik
@v	nika
@v	nik₂
@v	nik₅
@v	nim
@v	nima
@v	nimar
@v	nimbar
@v	nimem₃
@v	nimen
@v	nimen₂
@v	nimen₄
@v	nimen₅
@v	nimgigre
@v	nimgigri₂
@v	nimgir
@v	nimgirgirri
@v	nimgirgirri₂
@v	nimgir₂
@v	nimin
@v	nimina
@v	nimur
@v	nim₂
@v	nim₅
@v	nimŋirŋirri₂
@v	nin
@v	nina
@v	ninagal
@v	nina₂
@v	nina₃
@v	nina₄
@v	ninda
@v	nindaba
@v	nindamekar
@v	nindan
@v	nindar
@v	ninda₂
@v	ninda₃
@v	nindu
@v	nindu₂
@v	ningi
@v	ningin₃
@v	ningin₄
@v	ningi₂
@v	ningi₃
@v	nini
@v	ninim
@v	ninindu
@v	ninindu₂
@v	ninir
@v	ninkum
@v	ninmuš
@v	ninna
@v	ninna₂
@v	ninnim₄
@v	ninnim₇
@v	ninni₂
@v	ninni₃
@v	ninni₄
@v	ninni₅
@v	ninni₇
@v	ninni₈
@v	ninnu
@v	ninnu₂
@v	nin₂
@v	nin₃
@v	nin₄
@v	nin₅
@v	nin₆
@v	nin₇
@v	nin₉
@v	nin₁₀
@v	niq
@v	niq₂
@v	nir
@v	nira
@v	nirah
@v	nira₂
@v	nira₃
@v	nir₂
@v	nir₃
@v	nir₄
@v	nir₅
@v	nir₆
@v	nir₇
@v	nis
@v	nisaba
@v	nisaba₂
@v	nisag
@v	nisaga
@v	nisagga
@v	nisag₂
@v	nisaŋ
@v	nisaŋ₂
@v	nisi
@v	nisig
@v	nisku
@v	niskum
@v	nissa
@v	nis₂
@v	niŋ
@v	niš
@v	niṭ
@v	ni₂
@v	ni₃
@v	ni₅
@v	ni₆
@v	ni₇
@v	ni₈
@v	ni₉
@v	niša
@v	niŋar
@v	niŋdaba
@v	niŋdaba₂
@v	niŋen
@v	niŋen₂
@v	niŋen₅
@v	niŋen₆
@v	niŋin
@v	niŋin₂
@v	niŋin₃
@v	niŋin₄
@v	niŋin₅
@v	niŋin₆
@v	niŋin₈
@v	niŋin₉
@v	niŋin₁₁
@v	niŋir
@v	niŋir₂
@v	niŋi₂
@v	niŋ₂
@v	niŋ₆
@v	niš₂
@v	ni₁₀
@v	ni₁₁
@v	nu
@v	nud
@v	nug
@v	nug₂
@v	num
@v	numdu
@v	numdum
@v	numdun
@v	numgišur
@v	numu
@v	numun
@v	numun@d
@v	numun₂
@v	numun₃
@v	num₂
@v	nun
@v	nuna
@v	nundu
@v	nundum
@v	nundun
@v	nungi
@v	nungi₂
@v	nungi₃
@v	nunmeli
@v	nunpe
@v	nunu
@v	nunun
@v	nunurra
@v	nunurru
@v	nunus
@v	nunuz
@v	nunuzzi
@v	nun₂
@v	nun₃
@v	nur
@v	nura
@v	nuri
@v	nuru
@v	nus
@v	nuska
@v	nuska₂
@v	nusku
@v	nusku₂
@v	nussu
@v	nuz
@v	nuzzi
@v	nu₂
@v	nu₃
@v	nu₄
@v	nu₅
@v	nu₆
@v	nu₇
@v	nu₈
@v	nuška
@v	nuška₂
@v	nušku₂
@v	nuŋun
@v	nu₁₀
@v	nu₁₁
@v	nu₁₂
@v	nu₁₃
@v	pa
@v	pab
@v	pad
@v	pada
@v	pad₂
@v	pad₃
@v	pad₄
@v	pad₅
@v	pad₆
@v	pag
@v	pagra₃
@v	pah
@v	pah₃
@v	pak
@v	pal
@v	pala
@v	pala₂
@v	pala₃
@v	pala₄
@v	palil
@v	palil₂
@v	pan
@v	pana
@v	pansur
@v	panu
@v	pan₃
@v	panšur
@v	pap
@v	papa₂
@v	papnun
@v	paq
@v	par
@v	para
@v	para₂
@v	para₄
@v	para₅
@v	para₆
@v	para₇
@v	para₈
@v	para₉
@v	parim
@v	parsa
@v	par₂
@v	par₃
@v	par₄
@v	par₅
@v	par₇
@v	paṭ
@v	pa₂
@v	pa₃
@v	pa₄
@v	pa₅
@v	pa₆
@v	pa₈
@v	pa₉
@v	paṭ₂
@v	pa₁₀
@v	pa₁₂
@v	pe
@v	pel
@v	pel₂
@v	pel₅
@v	per
@v	per₂
@v	pes
@v	peš
@v	pe₂
@v	pe₃
@v	pe₅
@v	peš⁻
@v	peš₂
@v	peš₃
@v	peš₄
@v	peš₅
@v	peš₆
@v	peš₇
@v	pešše
@v	peš₁₀
@v	peš₁₁
@v	peš₁₂
@v	peš₁₃
@v	peš₁₄
@v	pi
@v	pid
@v	pid₂
@v	pihu
@v	pihu₂
@v	pihu₃
@v	pihu₄
@v	pihu₅
@v	pihu₆
@v	pik
@v	pil
@v	pil₂
@v	pil₃
@v	pil₄
@v	pil₇
@v	pin
@v	piq
@v	pir
@v	pirig
@v	piriga
@v	pirig₂
@v	pirig₃
@v	piriŋ
@v	piriŋa
@v	piriŋ₂
@v	piriŋ₃
@v	pir₂
@v	pir₃
@v	pir₆
@v	pis
@v	pisag
@v	pisag₂
@v	pisag₃
@v	pisan
@v	pisan₂
@v	pisan₃
@v	pisaŋ
@v	pisaŋ₂
@v	pisaŋ₃
@v	piš
@v	piṭ
@v	pi₂
@v	pi₃
@v	pi₄
@v	pi₅
@v	pi₈
@v	piša
@v	piš₂
@v	piš₄
@v	piš₅
@v	piš₆
@v	piš₁₀
@v	pu
@v	puglu
@v	puh
@v	puk
@v	pul
@v	pul₂
@v	pul₃
@v	pum
@v	puq₂
@v	pur
@v	puru
@v	pur₁₃
@v	puzur
@v	puzur₂
@v	puzur₃
@v	puzur₄
@v	puzur₅
@v	pu₂
@v	pu₃
@v	pu₅
@v	pu₆
@v	puš₂
@v	puš₃
@v	puš₄
@v	pu₁₁
@v	qa
@v	qab
@v	qab₂
@v	qad
@v	qadma
@v	qadmu
@v	qad₂
@v	qad₃
@v	qal
@v	qal₃
@v	qal₄
@v	qam
@v	qam₂
@v	qan
@v	qan₂
@v	qap
@v	qap₂
@v	qaq
@v	qar
@v	qar₂
@v	qa₂
@v	qa₃
@v	qa₄
@v	qa₆
@v	qe
@v	qeb
@v	qel
@v	qep
@v	qer
@v	qer₃
@v	qer₅
@v	qe₂
@v	qe₃
@v	qe₄
@v	qi
@v	qib
@v	qid
@v	qid₂
@v	qil
@v	qil₂
@v	qim
@v	qimku
@v	qin
@v	qip
@v	qiq
@v	qir
@v	qiri
@v	qir₃
@v	qir₆
@v	qir₇
@v	qis
@v	qiš
@v	qi₂
@v	qi₃
@v	qi₄
@v	qi₅
@v	qi₆
@v	qu
@v	qub
@v	qud
@v	qudma
@v	qudmu
@v	qul
@v	qul₂
@v	qum
@v	qum₂
@v	qum₃
@v	qun
@v	qup
@v	qur
@v	quru
@v	qur₂
@v	qur₄
@v	qur₈
@v	qu₂
@v	qu₃
@v	qu₅
@v	qu₆
@v	ra
@v	rab
@v	raba
@v	rab₂
@v	rab₃
@v	rad
@v	rag
@v	ragab₃
@v	rah
@v	rah₂
@v	rak
@v	rak₀
@v	ram
@v	rama
@v	raman
@v	ramanu
@v	ram₀
@v	ram₂
@v	rap
@v	rapiku
@v	rapikum
@v	rapiqu
@v	rapiqu₂
@v	raq
@v	ras
@v	razu
@v	raš
@v	raṭ
@v	ra₂
@v	ra₃
@v	ra₄
@v	ra₆
@v	rašu
@v	raš₂
@v	re
@v	reb
@v	red
@v	reg
@v	rek
@v	rem
@v	reme
@v	reme₂
@v	rem₂
@v	rep
@v	req
@v	res
@v	reš
@v	re₂
@v	re₃
@v	re₆
@v	re₇
@v	re₈
@v	reʾe
@v	reʾi
@v	ri
@v	rib
@v	rid
@v	rig
@v	rige₁₂
@v	rig₂
@v	rig₃
@v	rig₅
@v	rig₇
@v	rig₈
@v	rig₉
@v	rig₁₀
@v	rig₁₁
@v	rig₁₂
@v	rih
@v	rik
@v	rik₂
@v	rik₄
@v	rim
@v	rimu₂
@v	rim₂
@v	rim₃
@v	rim₄
@v	rim₅
@v	rin
@v	rina₂
@v	rin₂
@v	rin₃
@v	rin₄
@v	rin₅
@v	rin₆
@v	rip
@v	riq
@v	riq₂
@v	ririg
@v	ris
@v	riš
@v	riṭ
@v	ri₂
@v	ri₃
@v	ri₄
@v	ri₅
@v	ri₆
@v	ri₇
@v	ri₈
@v	ri₉
@v	ru
@v	rub
@v	rud
@v	rug
@v	rug₂
@v	ruh
@v	ruh₂
@v	ruk
@v	rum
@v	rum₂
@v	ruq
@v	ruqu
@v	ruṭ
@v	ru₂
@v	ru₃
@v	ru₄
@v	ru₅
@v	ru₆
@v	ru₇
@v	ru₈
@v	ru₉
@v	rušban
@v	rušpan
@v	ru₁₀
@v	ru₁₁
@v	ru₁₂
@v	ru₁₃
@v	ru₁₄
@v	sa
@v	sa@v
@v	sab
@v	saba
@v	sabad
@v	sabad₂
@v	sabad₃
@v	sabar
@v	sabu
@v	sad
@v	sadu
@v	sad₂
@v	sad₃
@v	sad₄
@v	sag
@v	saga₇
@v	saga₁₀
@v	saga₁₁
@v	sagbar
@v	sagdu
@v	sagdudu
@v	sagdul
@v	sagga
@v	saggar
@v	saggar₂
@v	sagga₂
@v	sagga₃
@v	sagga₄
@v	sagga₅
@v	sagga₆
@v	sagi
@v	sagkurun
@v	sagman
@v	sagmaš
@v	sagmin
@v	sagmunzer
@v	sagmunzir
@v	sagus
@v	saguš
@v	sag₂
@v	sag₃
@v	sag₄
@v	sag₅
@v	sag₇
@v	sag₈
@v	sag₉
@v	sagšu
@v	sag₁₀
@v	sag₁₁
@v	sag₁₂
@v	sah
@v	saha
@v	sahab
@v	sahab₂
@v	sahar
@v	sahardub
@v	sahar₂
@v	saha₆
@v	saha₇
@v	sah₄
@v	sah₆
@v	sah₇
@v	sak
@v	sakar
@v	sakkan
@v	sakkan₂
@v	sak₃
@v	sak₆
@v	sal
@v	sala
@v	salagud
@v	salah
@v	sala₄
@v	salgud
@v	salim
@v	salubug₂
@v	salugub
@v	salugub₂
@v	sal₂
@v	sal₃
@v	sal₄
@v	sam
@v	samag
@v	samag₂
@v	samag₃
@v	samag₄
@v	samag₅
@v	samag₆
@v	saman
@v	samannu
@v	saman₂
@v	saman₃
@v	saman₄
@v	saman₅
@v	samun⁺
@v	sam₂
@v	san
@v	sandak₄
@v	sanga
@v	sanga₂
@v	sanga₃
@v	sanga₄
@v	sanga₅
@v	sanga₆
@v	sanga₇
@v	sangu
@v	sangu₂
@v	sangu₃
@v	sangu₄
@v	sangu₅
@v	sangu₆
@v	san₂
@v	san₃
@v	sap
@v	sap₂
@v	sap₃
@v	saq
@v	sar
@v	sar@90
@v	sara
@v	sara₂
@v	sare₂
@v	sargad
@v	sarsa
@v	sar₂
@v	sar₃
@v	sar₄
@v	sar₅
@v	sar₆
@v	sar₇
@v	sar₈
@v	sas
@v	saŋ
@v	sa₂
@v	sa₃
@v	sa₄
@v	sa₅
@v	sa₆
@v	sa₇
@v	sa₈
@v	sa₉
@v	saŋa
@v	saŋa₂
@v	saŋa₃
@v	saŋa₄
@v	saŋa₅
@v	saŋa₆
@v	saŋa₇
@v	saŋa₈
@v	saŋdu
@v	saŋdudu
@v	saŋdul
@v	saŋkurun
@v	saŋman
@v	saŋmaš
@v	saŋmin
@v	saŋus
@v	saŋuš
@v	saŋ₄
@v	saŋ₅
@v	sa₁₀
@v	sa₁₁
@v	sa₁₂
@v	sa₁₃
@v	sa₁₄
@v	sa₁₆
@v	sa₁₇
@v	sa₁₈
@v	sa₁₉
@v	sa₂₀
@v	sa₂₁
@v	saŋŋa
@v	saŋŋar
@v	saŋŋar₂
@v	saŋŋa₂
@v	saŋŋa₃
@v	saŋŋa₄
@v	saŋŋa₅
@v	saŋŋa₆
@v	saŋŋa₇
@v	saŋšu
@v	se
@v	sed
@v	sedi
@v	sedi₃
@v	sedi₄
@v	sedi₅
@v	sedi₆
@v	sedi₇
@v	sedi₈
@v	sed₃
@v	sed₄
@v	sed₅
@v	sed₆
@v	sed₇
@v	sed₈
@v	seg
@v	segga
@v	seg₂
@v	seg₃
@v	seg₄
@v	seg₅
@v	seg₆
@v	seg₇
@v	seg₈
@v	seg₉
@v	seg₁₀
@v	seg₁₁
@v	seg₁₄
@v	seg₁₅
@v	seg₁₆
@v	seg₁₇
@v	seg₁₈
@v	seh₂
@v	sek
@v	sel
@v	sem
@v	sem₃
@v	sem₅
@v	sep
@v	ser
@v	ser₂
@v	ser₃
@v	ses
@v	se₂
@v	se₃
@v	se₈
@v	se₉
@v	se₁₀
@v	se₁₁
@v	se₁₂
@v	se₁₅
@v	se₂₀
@v	se₂₄
@v	se₂₅
@v	se₂₆
@v	se₂₇
@v	se₂₈
@v	se₂₉
@v	si
@v	sib
@v	siba
@v	sibad
@v	sibir
@v	sibir₂
@v	sibsib
@v	sib₂
@v	sib₃
@v	sid
@v	sidar
@v	sidra
@v	sidug
@v	siduga₂
@v	sidugga
@v	sidugga₂
@v	sidug₂
@v	sid₂
@v	sig
@v	siga
@v	siga₁₈
@v	sigga
@v	sigga₂
@v	sig₂
@v	sig₃
@v	sig₄
@v	sig₅
@v	sig₆
@v	sig₇
@v	sig₈
@v	sig₉
@v	sig₁₀
@v	sig₁₁
@v	sig₁₄
@v	sig₁₅
@v	sig₁₆
@v	sig₁₇
@v	sig₁₈
@v	sig₁₉
@v	sig₁₅@v
@v	sih
@v	sih₂
@v	sih₄
@v	sih₅
@v	sik
@v	siki
@v	sikil
@v	sikin
@v	siki₂
@v	sik₂
@v	sik₁₀
@v	sil
@v	sila
@v	silag
@v	silaku
@v	silal
@v	silaŋ
@v	sila₃
@v	sila₄
@v	sila₁₁
@v	silig
@v	silig₂
@v	silig₃
@v	silig₄
@v	silig₅
@v	silig₆
@v	silig₇
@v	silim
@v	silima
@v	silima₂
@v	silim₂
@v	sillal
@v	sil₂
@v	sil₃
@v	sil₄
@v	sil₅
@v	sil₆
@v	sil₇
@v	sil₈
@v	sil₉
@v	sil₁₀
@v	sim
@v	simed
@v	simig
@v	simug
@v	sim₂
@v	sim₃
@v	sin
@v	sin₂
@v	sin₃
@v	sip
@v	sipa
@v	sipad
@v	sipar
@v	sipa₂
@v	sippar
@v	sip₂
@v	sip₃
@v	sip₄
@v	siq
@v	sir
@v	sirara
@v	siraran
@v	sirara₂
@v	sirara₃
@v	sirara₄
@v	sirara₅
@v	sirara₆
@v	siraš
@v	siraš₂
@v	siraš₃
@v	sirda
@v	sirim₂
@v	siris
@v	siris₂
@v	siris₃
@v	siris₄
@v	siris₅
@v	siriš
@v	sirmuššu
@v	sirsir
@v	siru
@v	sirum
@v	sir₂
@v	sir₃
@v	sir₄
@v	sis
@v	sishe
@v	sisi
@v	siskur
@v	siskur₂
@v	siu
@v	sizkur
@v	sizkur₂
@v	siš
@v	si₂
@v	si₃
@v	si₄
@v	si₅
@v	si₆
@v	si₇
@v	si₈
@v	siškur
@v	siškur₂
@v	si₁₁
@v	si₁₂
@v	si₁₃
@v	si₁₄
@v	si₁₅
@v	si₁₇
@v	si₁₉
@v	si₂₀
@v	si₂₁
@v	si₂₂
@v	si₂₃
@v	si₂₉
@v	su
@v	sub
@v	suba
@v	subar
@v	suba₂
@v	suba₃
@v	subi
@v	subir
@v	subi₂
@v	subi₃
@v	subi₄
@v	subu
@v	subur
@v	subur₂
@v	sub₂
@v	sub₃
@v	sub₄
@v	sub₅
@v	sub₆
@v	sub₇
@v	sud
@v	sud⁻
@v	sud₂
@v	sud₃
@v	sud₄
@v	sud₅
@v	suen
@v	suena
@v	sug
@v	sugal
@v	sugal₂
@v	sugal₃
@v	sugal₄
@v	sugal₅
@v	sugal₆
@v	sugal₇
@v	sugin
@v	sug₂
@v	sug₄
@v	sug₅
@v	sug₆
@v	sug₇
@v	sug₈
@v	suh
@v	suhirim
@v	suhirin
@v	suhub
@v	suhub₂
@v	suhub₃
@v	suhub₄
@v	suhub₅
@v	suhul
@v	suhul₂
@v	suhul₃
@v	suhur
@v	suhuš
@v	suhuš₂
@v	suh₃
@v	suh₄
@v	suh₅
@v	suh₆
@v	suh₇
@v	suh₁₀
@v	suk
@v	sukal
@v	sukkal
@v	sukkal₂
@v	sukkal₃
@v	sukud
@v	sukud₂
@v	sukud₃
@v	sukuš
@v	suku₄
@v	suku₅
@v	suku₆
@v	suk₃
@v	sul
@v	sulgar
@v	sullim
@v	sulu
@v	sulug
@v	suluhu
@v	suluhu₂
@v	suluhu₃
@v	suluhu₄
@v	sulumhi
@v	sulumhi₂
@v	sulumhi₃
@v	sulumhi₄
@v	sulummar
@v	sulummar₂
@v	sul₂
@v	sul₃
@v	sul₄
@v	sum
@v	sumaš
@v	sumu
@v	sumug
@v	sumugan
@v	sumugga
@v	sumug₂
@v	sumug₃
@v	sumug₄
@v	sumug₅
@v	sumukan
@v	sumun
@v	sumuna₂
@v	sumunda
@v	sumunu₂
@v	sumun₂
@v	sumuqan
@v	sumur
@v	sumur⁻
@v	sumur₂
@v	sumur₃
@v	sum₂
@v	sum₃
@v	sum₄
@v	sum₅
@v	sum₆
@v	sun
@v	suna
@v	suna₂
@v	sungin
@v	sun₂
@v	sun₃
@v	sun₄
@v	sun₅
@v	sun₆
@v	sun₇
@v	suq
@v	sur
@v	sura
@v	sura₉
@v	sura₁₀
@v	sura₁₂
@v	sura₁₃
@v	surengal
@v	surgal
@v	suri
@v	surra₁₃
@v	surru
@v	surru₂
@v	suruen
@v	suruengal
@v	surugal
@v	surungal
@v	suru₅
@v	sur₂
@v	sur₃
@v	sur₄
@v	sur₅
@v	sur₆
@v	sur₇
@v	sur₈
@v	sur₉
@v	sur₁₀
@v	sur₁₁
@v	sur₁₂
@v	sur₁₄
@v	sur₂⁻
@v	sus
@v	susan
@v	susbu
@v	susbu₂
@v	susbu₃
@v	susbu₄
@v	susin
@v	susina
@v	suslug
@v	sus₂
@v	suz
@v	suzbu
@v	suzbu₂
@v	suzbu₃
@v	suz₂
@v	suš
@v	su₂
@v	su₃
@v	su₄
@v	su₅
@v	su₆
@v	su₇
@v	su₈
@v	sušbu
@v	suš₂
@v	suš₃
@v	su₁₀
@v	su₁₁
@v	su₁₂
@v	su₁₃
@v	su₁₄
@v	su₁₅
@v	su₁₆
@v	su₁₇
@v	su₁₈
@v	su₂₀
@v	u
@v	u@c
@v	u@f
@v	ua
@v	ua₂
@v	ua₄
@v	ub
@v	uba
@v	ubar
@v	ubara
@v	uba₂
@v	uba₅
@v	ubda
@v	ubi
@v	ubilla
@v	ubilla₂
@v	ubisag
@v	ubisag₂
@v	ubi₂
@v	ubri
@v	ubrim
@v	ubri₂
@v	ubu
@v	ubudil
@v	ubudili
@v	ubur
@v	ubura
@v	uburu
@v	ubur₂
@v	ubur₃
@v	ubur₄
@v	ubu₂
@v	ub₂
@v	ub₃
@v	ub₄
@v	ub₅
@v	ub₆
@v	ub₇
@v	ud
@v	uda₅
@v	udda
@v	udeššu
@v	udinim
@v	udnim
@v	udra
@v	udra₂
@v	udra₃
@v	udru
@v	udu
@v	udub
@v	udub₂
@v	udub₃
@v	udug
@v	udug₂
@v	udul
@v	udul₃
@v	udul₄
@v	udul₅
@v	udul₆
@v	udul₇
@v	udul₈
@v	udul₉
@v	udul₁₀
@v	udul₁₁
@v	udun
@v	udu₂
@v	ud₂
@v	ud₄
@v	ud₅
@v	ud₆
@v	ug
@v	uga
@v	ugab
@v	ugal
@v	ugar
@v	uga₂
@v	uga₃
@v	uga₅
@v	ugnim
@v	ugra
@v	ugri
@v	ugu
@v	ugudil
@v	ugudili
@v	ugula
@v	ugulu
@v	ugunu
@v	ugunu₂
@v	ugun₂
@v	ugun₃
@v	ugur
@v	ugur₂
@v	ugu₂
@v	ugu₃
@v	ugu₄
@v	ugu₅
@v	ugu₆
@v	ug⁻
@v	ug₂
@v	ug₃
@v	ug₄
@v	ug₅
@v	ug₆
@v	ug₇
@v	uh
@v	uhhu
@v	uhhur₃
@v	uhu
@v	uhu₂
@v	uh₂
@v	uh₃
@v	uh₄
@v	uh₅
@v	uh₆
@v	uia
@v	uk
@v	ukdin
@v	ukken
@v	ukkin
@v	ukra
@v	uku
@v	ukum
@v	ukurrim
@v	ukur₂
@v	ukur₃
@v	ukur₄
@v	ukur₅
@v	ukuš
@v	uku₂
@v	uku₃
@v	uku₄
@v	uku₅
@v	ukuš₂
@v	uk₅
@v	ul
@v	ula
@v	ulal
@v	ula₂
@v	uli
@v	ulil
@v	ullu
@v	ullu₃
@v	ulu
@v	uluba
@v	ulubar
@v	ulubar₂
@v	uluba₂
@v	ulud
@v	uludim
@v	uludim₂
@v	uludin
@v	uludin₂
@v	ulul
@v	ulul₂
@v	ulumaš
@v	ulumaš₂
@v	ulu₂
@v	ulu₃
@v	ulu₄
@v	ulušin
@v	ulušin₂
@v	ulušin₃
@v	ulu₃⁻
@v	ul₂
@v	ul₃
@v	ul₄
@v	ul₅
@v	ul₆
@v	ul₇
@v	ul₁₂
@v	um
@v	umah
@v	uman
@v	umbara
@v	umbin
@v	umbisag
@v	umbisag₂
@v	umbisaŋ
@v	umbisaŋ₂
@v	umma
@v	umman
@v	ummeda
@v	ummeda₂
@v	ummu
@v	ummu₃
@v	umu
@v	umuh
@v	umum
@v	umun
@v	umuna₁₂
@v	umun₂
@v	umun₃
@v	umun₄
@v	umun₅
@v	umun₆
@v	umun₇
@v	umun₈
@v	umun₉
@v	umun₁₁
@v	umuš
@v	um₂
@v	un
@v	unken
@v	unkin
@v	unu
@v	unud
@v	unug
@v	unugi
@v	unugi₂
@v	unug⁻
@v	unug₂
@v	unug₃
@v	unug₄
@v	unu₂
@v	unu₃
@v	unu₄
@v	unu₅
@v	unu₆
@v	unu₇
@v	unu₈
@v	unu₉
@v	unu₁₀
@v	unu₁₁
@v	unu₁₂
@v	un₂
@v	un₃
@v	un₄
@v	un₅
@v	up
@v	up₂
@v	uq
@v	ur
@v	ura
@v	uram
@v	uram₂
@v	uraš
@v	ura₃
@v	ura₄
@v	ura₅
@v	ura₁₅
@v	ura₁₆
@v	urbigu
@v	urbigu₂
@v	urbigu₃
@v	urbingu
@v	urbingu₂
@v	urbingu₃
@v	urda
@v	urda₂
@v	urdu
@v	urdu₂
@v	urgilim
@v	urgu
@v	urgu₂
@v	uri
@v	urim₂
@v	urim₅
@v	urin
@v	uri₂
@v	uri₃
@v	uri₄
@v	uri₅
@v	urrub
@v	urrub₂
@v	ursagsim
@v	ursaŋsim
@v	ursub
@v	ursub₂
@v	uru
@v	urua
@v	uruaka
@v	urub
@v	urud
@v	uruda
@v	urudu
@v	urudu₂
@v	urud₂
@v	urugal
@v	urugal₂
@v	uruh
@v	uruišdua
@v	uruišduha
@v	uruk
@v	urulla
@v	urum
@v	urume
@v	urum₂
@v	urum₃
@v	urum₄
@v	urum₅
@v	urum₆
@v	urum₇
@v	urum₈
@v	urum₉
@v	urun
@v	ururim
@v	uru₂
@v	uru₃
@v	uru₄
@v	uru₅
@v	uru₆
@v	uru₇
@v	uru₈
@v	uru₉
@v	urušeb
@v	urušib
@v	uru₁₀
@v	uru₁₁
@v	uru₁₂
@v	uru₁₃
@v	uru₁₄
@v	uru₁₅
@v	uru₁₆
@v	uru₁₇
@v	uru₁₈
@v	uru₁₉
@v	uru₁₇⁻
@v	urzub
@v	ur₂
@v	ur₃
@v	ur₄
@v	ur₅
@v	ur₇
@v	ur₈
@v	ur₉
@v	ur₂@g
@v	urša
@v	urṣub
@v	ur₁₀
@v	ur₁₁
@v	ur₁₂
@v	ur₁₄
@v	us
@v	usa
@v	usab
@v	usag
@v	usan
@v	usanda
@v	usandu
@v	usan₂
@v	usan₃
@v	usan₄
@v	usan₅
@v	usan₆
@v	usar
@v	usar₂
@v	usar₃
@v	usar₄
@v	usa₂
@v	usduha
@v	usi
@v	usian
@v	usil
@v	ussa₂
@v	ussa₃
@v	ussu
@v	ussu₂
@v	ussu₃
@v	usu
@v	usud
@v	usug
@v	usug₂
@v	usug₃
@v	usug₄
@v	usug₅
@v	usun
@v	usur
@v	usur₄
@v	usu₂
@v	usu₃
@v	us₂
@v	us₄
@v	us₅
@v	uw
@v	uya
@v	uz
@v	uza
@v	uzaglal
@v	uzalag
@v	uzalak
@v	uza₃
@v	uzduha
@v	uzu
@v	uzu@90
@v	uzud
@v	uzug
@v	uzug₂
@v	uzug₃
@v	uzug₄
@v	uzug₅
@v	uzu₂
@v	uzu₃
@v	uzu₅
@v	uz₂
@v	uz₃
@v	uz₄
@v	uz₅
@v	uš
@v	uʾ
@v	uṣ
@v	uṭ
@v	u₂
@v	u₃
@v	u₄
@v	u₅
@v	u₆
@v	u₇
@v	u₈
@v	u₉
@v	uʾa
@v	ušar
@v	ušar₂
@v	ušar₃
@v	ušar₄
@v	ušbar
@v	ušbar₂
@v	ušbar₃
@v	ušbar₆
@v	ušbar₇
@v	ušbur
@v	ušbur₂
@v	ušbur₃
@v	ušbur₄
@v	ušbur₅
@v	ušbur₆
@v	ušbur₇
@v	uṭe
@v	ušen
@v	ušera
@v	ušeri
@v	uʾi
@v	uŋnim
@v	ušu
@v	uʾu
@v	uṭu
@v	ušub
@v	uṭuku
@v	ušum
@v	ušumgal
@v	ušur
@v	ušur₂
@v	ušur₃
@v	ušur₄
@v	ušur₅
@v	ušuš
@v	ušu₂
@v	ušu₃
@v	uṭu₂
@v	uṭu₄
@v	uṭu₅
@v	uṭu₆
@v	uŋ₂
@v	uŋ₃
@v	uŋ₅
@v	uš₂
@v	uš₃
@v	uš₄
@v	uš₅
@v	uš₆
@v	uš₇
@v	uš₈
@v	uš₉
@v	uʾ₃
@v	uʾ₄
@v	uṣ₂
@v	uṣ₄
@v	u₁₀
@v	u₁₁
@v	u₁₂
@v	u₁₃
@v	u₁₆
@v	u₁₇
@v	u₁₈
@v	u₁₉
@v	u₂₀
@v	u₂₁
@v	u₂₂
@v	u₂₄
@v	ušša
@v	uš₁₀
@v	uš₁₁
@v	uš₁₄
@v	uš₁₅
@v	uš₁₇
@v	uš₁₈
@v	wa
@v	wan
@v	war₂
@v	war₃
@v	wa₂
@v	wa₃
@v	wa₄
@v	wa₆
@v	we
@v	we₂
@v	wi
@v	wir
@v	wi₂
@v	wi₄
@v	wi₅
@v	wu
@v	wuk
@v	wuš
@v	wu₂
@v	wu₃
@v	wu₄
@v	ya
@v	ya₃
@v	ya₄
@v	ya₁₀
@v	ye
@v	yi
@v	yi₂
@v	yi₃
@v	yu
@v	za
@v	zab
@v	zabala
@v	zabalam
@v	zabalam₂
@v	zabalam₃
@v	zabalam₄
@v	zabalam₅
@v	zabalam₆
@v	zabala₂
@v	zabala₃
@v	zabala₄
@v	zabala₅
@v	zabala₆
@v	zabar
@v	zabar₂
@v	zabar₃
@v	zadim
@v	zadri
@v	zadru
@v	zag
@v	zagga
@v	zagga₂
@v	zagindur
@v	zag₂
@v	zag₃
@v	zah
@v	zahan
@v	zahan₂
@v	zaha₂
@v	zaha₃
@v	zah₂
@v	zah₃
@v	zak
@v	zak₂
@v	zal
@v	zala
@v	zalag
@v	zalaga
@v	zalag₂
@v	zalah
@v	zalli
@v	zamin
@v	zamug
@v	zanabal
@v	zanabal₂
@v	zanabal₃
@v	zanaru
@v	zanaru₂
@v	zanbur
@v	zandar
@v	zandara
@v	zanga
@v	zannaru
@v	zannaru₂
@v	zansur
@v	zanzana
@v	zap
@v	zapah
@v	zaq
@v	zaq₂
@v	zaq₄
@v	zar
@v	zara
@v	zarah
@v	zarah₂
@v	zara₅
@v	zara₆
@v	zar₂
@v	zar₃
@v	zar₄
@v	zar₅
@v	zar₆
@v	zaz
@v	zazana
@v	zazna
@v	za₂
@v	za₃
@v	za₄
@v	za₅
@v	za₆
@v	za₇
@v	zaŋa
@v	zaŋ₃
@v	ze
@v	zeb
@v	zeb₂
@v	zeb₃
@v	zeh₂
@v	zel
@v	zer
@v	zermušku
@v	zermuššu
@v	zer₃
@v	zezna
@v	ze₂
@v	ze₄
@v	zi
@v	zib
@v	zibar
@v	zibar₃
@v	zibbir
@v	zibin
@v	zibin₂
@v	zib₂
@v	zib₃
@v	zid
@v	zid₂
@v	zig
@v	zigara
@v	zigkaru
@v	zigum
@v	zig₂
@v	zig₃
@v	zih
@v	zih₂
@v	zik
@v	zikara
@v	zikaru
@v	zikum
@v	zikura
@v	zik₀
@v	zik₂
@v	zik₃
@v	zil
@v	zilpe
@v	zilulu
@v	zil₀
@v	zil₂
@v	zil₃
@v	zimbir
@v	zin
@v	zip
@v	zipah
@v	zipah₂
@v	zip₃
@v	ziq
@v	ziqi
@v	ziq₂
@v	zir
@v	ziri
@v	zirru
@v	zir₀
@v	zir₂
@v	zir₃
@v	zir₄
@v	zis
@v	ziz
@v	zizanu
@v	zizi
@v	zizna
@v	ziz₂
@v	ziz₃
@v	ziz₄
@v	ziz₅
@v	zi₂
@v	zi₃
@v	zi₄
@v	zi₇
@v	zu
@v	zub
@v	zubi
@v	zubu
@v	zubud
@v	zubur
@v	zub₂
@v	zuen
@v	zuena
@v	zug
@v	zugud
@v	zug₂
@v	zug₃
@v	zug₄
@v	zuh
@v	zuk
@v	zukum
@v	zukum₂
@v	zukura
@v	zulug
@v	zuluhu
@v	zuluhu₂
@v	zuluhu₃
@v	zuluhu₄
@v	zulumhi
@v	zulumhi₂
@v	zulumhi₃
@v	zulumhi₄
@v	zum
@v	zuq
@v	zur
@v	zuru₅
@v	zuru₉
@v	zuru₁₀
@v	zurzub
@v	zurzub₂
@v	zur₂
@v	zur₃
@v	zur₄
@v	zur₅
@v	zur₈
@v	zusu
@v	zu₂
@v	zu₃
@v	zu₄
@v	zu₅
@v	zu₆
@v	zu₇
@v	zu₈
@v	zu₉
@v	ša
@v	ʾa
@v	ṣa
@v	ṭa
@v	šab
@v	ṣab
@v	ṭab
@v	šaba
@v	šabalbal
@v	šabra
@v	šabra₂
@v	šabu
@v	ŋaburra
@v	šab₀
@v	šab₂
@v	šab₄
@v	šab₅
@v	šab₆
@v	ṭab₃
@v	ṭab₆
@v	šad
@v	šada
@v	šadi
@v	šadu
@v	ŋadub
@v	šag
@v	šaga
@v	šagan
@v	šagana
@v	šagan₂
@v	šagar
@v	šaga₂
@v	šaggin
@v	šaggina
@v	ŋagia
@v	šagia
@v	ŋagia₂
@v	šagina
@v	ŋagi₂
@v	šag₃
@v	šag₄
@v	šag₅
@v	šah
@v	ṣah
@v	ṭah
@v	šaha
@v	šahab
@v	šahab₂
@v	ŋahalla
@v	šahan
@v	šahan₃
@v	šaha₂
@v	ŋahili
@v	šah₂
@v	šah₃
@v	ṣah₂
@v	ṭah₂
@v	ŋaiku
@v	šak
@v	ṣak
@v	šakaka
@v	šakan
@v	šakanka
@v	šakan₂
@v	šakan₃
@v	šakan₄
@v	šakan₅
@v	šakan₆
@v	šakar
@v	šakir
@v	šakira
@v	šakira₂
@v	šakira₃
@v	šakiri
@v	šakir₃
@v	šakkan
@v	šakkana
@v	šakkan₂
@v	šakkan₆
@v	šakkan₇
@v	šak₇
@v	šal
@v	ṣal
@v	ṭal
@v	ṣalam
@v	šalambi
@v	šalam₂
@v	ŋalga
@v	ŋalilla
@v	šallam
@v	šallam₂
@v	šallur
@v	ŋal₂
@v	ŋal₄
@v	šal₂
@v	šal₃
@v	šam
@v	ṭam
@v	šamanur
@v	šamanur⁺
@v	šaman⁺
@v	šaman₂
@v	šamaš
@v	šamaš₂
@v	šam₂
@v	šam₃
@v	šam₄
@v	ṭam₂
@v	šan
@v	ṭan
@v	šanaba
@v	šanabaku₂
@v	šanabi
@v	šanabi₂
@v	šanapi
@v	šandan
@v	šandana
@v	šandilimma
@v	šanga
@v	šanga₇
@v	šanna
@v	ŋanun
@v	šan₂
@v	šap
@v	ṣap
@v	ṭap
@v	ṣapa
@v	šapra
@v	šapra₂
@v	šap₀
@v	šap₅
@v	šap₆
@v	ṭap₃
@v	šaq
@v	šaqa
@v	šaqa₂
@v	šaqu
@v	šaqum
@v	šaqu₂
@v	ŋar
@v	šar
@v	ṣar
@v	ṭar
@v	ṣara
@v	šarag
@v	šaran
@v	šaran₂
@v	šarap
@v	šara₂
@v	šara₃
@v	šara₄
@v	šara₅
@v	šara₆
@v	šara₇
@v	šara₉
@v	šargad
@v	šargadu
@v	šargal
@v	šargal@c
@v	šargaldiš
@v	šargalmin
@v	ŋarim
@v	ŋarim₂
@v	ŋarin
@v	šarin
@v	šarnimin
@v	šarninnu
@v	šarniš
@v	šarra
@v	šarru
@v	šarrum
@v	šarru₂
@v	šaru
@v	šaru@c
@v	šaru@v
@v	šarušu
@v	ŋarza
@v	ŋarza₂
@v	ŋarzu
@v	ŋar₃
@v	ŋar₇
@v	ŋar₈
@v	šar₂
@v	šar₃
@v	šar₄
@v	šar₅
@v	šar₇
@v	šar₈
@v	šar₉
@v	ṣar₂
@v	ṣar₃
@v	ṭar₂
@v	ṭar₃
@v	šar₂@c
@v	šarŋeš
@v	šarʾu
@v	šarʾu@c
@v	šarʾu@v
@v	šas
@v	ŋasibir
@v	ŋasikilla
@v	šasuk
@v	šaz
@v	ŋa₂
@v	ŋa₆
@v	šaš
@v	šaṣ
@v	šaṭ
@v	ša₂
@v	ša₃
@v	ša₄
@v	ša₅
@v	ša₆
@v	ša₈
@v	ša₉
@v	ʾa₃
@v	ʾa₄
@v	ʾa₅
@v	ṣa₃
@v	ṭaš
@v	ṭa₂
@v	ṭa₃
@v	ṭa₄
@v	šaŋa
@v	šaṭam
@v	šašamanur
@v	šaŋan
@v	šaŋar
@v	ŋaŋirsu
@v	šaški
@v	šašku
@v	ŋa₁₀
@v	ša₁₀
@v	ša₁₁
@v	ša₁₂
@v	ša₁₃
@v	ša₁₆
@v	ša₁₇
@v	ša₁₈
@v	ša₂₁
@v	ša₂₂
@v	ša₂₄
@v	še
@v	ʾe
@v	ṣe
@v	ṭe
@v	šeb
@v	ṭeb
@v	šeb₄
@v	šed
@v	ŋedar
@v	ŋedru
@v	šedu
@v	šedur
@v	šedu₂
@v	šedu₃
@v	šed₃
@v	šed₄
@v	šed₅
@v	šed₆
@v	šed₇
@v	šed₈
@v	šed₉
@v	šed₁₀
@v	šed₁₁
@v	šed₁₂
@v	šed₁₃
@v	šed₁₄
@v	šed₁₅
@v	šed₁₆
@v	šega₉
@v	šegga
@v	šeg₃
@v	šeg₄
@v	šeg₅
@v	šeg₆
@v	šeg₇
@v	šeg₈
@v	šeg₉
@v	šeg₁₀
@v	šeg₁₁
@v	šeg₁₂
@v	šeg₁₄
@v	ṣeh
@v	ṣeh₂
@v	šeknu
@v	šek₂
@v	šel
@v	ŋeli₃
@v	šel₄
@v	šem
@v	ṭem
@v	šembi
@v	šembirida
@v	šembizi
@v	šembizid
@v	šembi₂
@v	šembi₃
@v	šembulug₃
@v	šembulug₄
@v	šembulug₅
@v	šemešal
@v	šemmišla
@v	šemmug
@v	šemuš
@v	šem₃
@v	šem₄
@v	šem₅
@v	šem₆
@v	šem₇
@v	ṭem₂
@v	šemšala
@v	ŋen
@v	šen
@v	ṭen
@v	šendilima
@v	šeneg
@v	šennu
@v	šennur
@v	šen₂
@v	šen₄
@v	šen₅
@v	šep
@v	ṣep
@v	ṭep
@v	ŋepar
@v	šeq₂
@v	šer
@v	ṣer
@v	ṭer
@v	šerah
@v	šerba
@v	ŋereš₂
@v	šeri
@v	šerid
@v	šerim
@v	šerimsur
@v	šerim₂
@v	šerinsur
@v	šerkan
@v	šerrida
@v	šeru
@v	šer₂
@v	šer₃
@v	šer₄
@v	šer₇
@v	šer₉
@v	ṭer₅
@v	ŋer₁₅
@v	šer₁₀
@v	šer₁₁
@v	šes
@v	šesag
@v	ŋessal
@v	ŋessu
@v	ŋessun
@v	ŋezzal
@v	ŋeš
@v	ŋe₆
@v	ŋe₇
@v	šeŋ
@v	šeš
@v	še₂
@v	še₃
@v	še₄
@v	še₅
@v	še₆
@v	še₇
@v	še₈
@v	še₉
@v	ṣe₂
@v	ṭe₂
@v	ṭe₃
@v	ṭe₄
@v	ṭe₅
@v	ṭe₆
@v	še₃@90
@v	ŋešba
@v	ŋešba₂
@v	ŋešbu
@v	ŋešbun
@v	ŋešbun₂
@v	ŋešbu₂
@v	ŋešdan
@v	ŋešdana
@v	ŋešdana₂
@v	ŋešdana₃
@v	ŋešdana₄
@v	ŋešdan₂
@v	ŋešdan₃
@v	ŋešdan₄
@v	ŋešdu
@v	ŋešgal
@v	ŋešgem
@v	ŋešhar
@v	ŋešhur
@v	ŋešimmar
@v	ŋeškim
@v	šešlam₂
@v	ŋešmaš
@v	ŋešnimbar
@v	ŋešninbar
@v	ŋešnu
@v	ŋešnu₂
@v	ŋešnu₃
@v	ŋešpa
@v	ŋešpu
@v	ŋešpu₂
@v	ŋeš₂
@v	ŋeš₃
@v	ŋe₂₆
@v	šeŋ₃
@v	šeŋ₆
@v	šeŋ₇
@v	šeŋ₉
@v	šeš₂
@v	šeš₃
@v	šeš₄
@v	še₁₀
@v	še₁₁
@v	še₁₂
@v	še₁₃
@v	še₁₄
@v	še₁₅
@v	še₁₆
@v	še₁₇
@v	še₁₈
@v	še₁₉
@v	še₂₁
@v	še₂₂
@v	še₂₃
@v	še₂₄
@v	še₂₅
@v	še₂₆
@v	še₂₇
@v	še₂₉
@v	ŋeš₂@c
@v	ŋeš₂@c@v
@v	šeššed
@v	šeššed₂
@v	šeššed₃
@v	šeššeg
@v	ŋeššir
@v	ŋešʾu
@v	ŋešʾu@c
@v	šeŋ₁₄
@v	ši
@v	ʾi
@v	ṣi
@v	ṭi
@v	šib
@v	ṣib
@v	ṭib
@v	ṣibi
@v	šibir
@v	šib₀
@v	šib₂
@v	šib₃
@v	šib₄
@v	ṣib₂
@v	šid
@v	šidi
@v	šidim
@v	ŋidlam
@v	ŋidlam₂
@v	ŋidlam₃
@v	ŋidlam₄
@v	ŋidri
@v	ŋidru
@v	šid₃
@v	šig
@v	šigagu
@v	šig₅
@v	ših
@v	ših₂
@v	šik
@v	šika
@v	šikahara
@v	šikangu
@v	šikin
@v	šikin₂
@v	šikin₃
@v	šikira₃
@v	šik₂
@v	šil
@v	ṣil
@v	ṭil
@v	šilam
@v	šilam₂
@v	šilig
@v	šilig₅
@v	šilig₆
@v	šilig₇
@v	ŋili₃
@v	šil₃
@v	šil₄
@v	ṣil₂
@v	ṣil₃
@v	ṣil₄
@v	ṭil₂
@v	šim
@v	ṣim
@v	ṭim
@v	šimašgi
@v	šimašgi₂
@v	šimaški
@v	šimaški₂
@v	šimbi
@v	šimbirida
@v	šimbizi
@v	šimbi₂
@v	šimbi₃
@v	šimbulug₃
@v	šimbulug₄
@v	šimbulug₅
@v	šimešal
@v	šimeššal
@v	šimmešla
@v	šimmug
@v	ŋim₆
@v	šim₂
@v	ṭim₂
@v	ŋin
@v	šin
@v	ṣin
@v	šina
@v	šindilib
@v	šindilimma
@v	šinig
@v	šip
@v	ṣip
@v	ṭip
@v	šip₀
@v	šip₃
@v	šiq
@v	šiq₂
@v	šiq₄
@v	ŋir
@v	šir
@v	ṣir
@v	ṭir
@v	širam
@v	ŋiri
@v	širi
@v	širim
@v	ŋiri₂
@v	ŋiri₃
@v	širi₄
@v	ŋiri₁₆
@v	širu
@v	širum
@v	ŋir₂
@v	ŋir₃
@v	šir₂
@v	šir₃
@v	šir₄
@v	šir₆
@v	šir₈
@v	šir₉
@v	ṭir₂
@v	ṭir₃
@v	ṭir₄
@v	ṭir₅
@v	ŋir₁₅
@v	šir₁₀
@v	ŋisal
@v	ŋiskim
@v	ŋissu
@v	ŋiz
@v	šiz
@v	ŋizal
@v	šizbu
@v	ŋizzal
@v	ŋiš
@v	ŋi₆
@v	ŋi₇
@v	šiš
@v	šiṣ
@v	šiṭ
@v	ši₂
@v	ši₃
@v	ši₄
@v	ši₅
@v	ši₆
@v	ši₇
@v	ʾi₃
@v	ṣiṣ
@v	ṣi₂
@v	ṣi₃
@v	ṣi₉
@v	ṭiš
@v	ṭi₂
@v	ṭi₃
@v	ṭi₄
@v	ṭi₅
@v	ŋišbum
@v	ŋišbun
@v	ŋišbun₂
@v	ŋišdu
@v	ŋišgal
@v	ŋišimmar
@v	ŋiškim
@v	ŋišnimbar
@v	ŋišnu
@v	ŋišnu₂
@v	ŋiš₂
@v	ŋiš₃
@v	ŋi₂₅
@v	šiš₂
@v	ŋiššir
@v	šu
@v	ʾu
@v	ṣu
@v	ṭu
@v	šu@c
@v	šub
@v	ṭub
@v	šuba
@v	šubar
@v	šuba₂
@v	šuba₃
@v	šuba₅
@v	šubba
@v	šubul
@v	šubun
@v	šubur
@v	šubura
@v	šub₃
@v	šub₄
@v	šub₅
@v	šub₆
@v	šub₇
@v	šub₈
@v	ṭub₂
@v	šud
@v	šudug
@v	šudul
@v	šudulu
@v	šudul₂
@v	šudul₃
@v	šudul₄
@v	šudul₅
@v	šudul₆
@v	šudum
@v	šudun
@v	šudun₂
@v	šudun₃
@v	šudun₄
@v	šudun₅
@v	šudu₃
@v	šud₂
@v	šud₃
@v	šud₄
@v	šug
@v	šugi
@v	šugur
@v	šuh
@v	ṭuh
@v	šuhub
@v	šuhub₂
@v	šuhub₄
@v	šuhuš
@v	šuh₂
@v	šuk
@v	šukal
@v	šukkal
@v	šukra
@v	šuku
@v	šukud₂
@v	šukud₃
@v	šukun₃
@v	šukur
@v	šukur₂
@v	šuku₂
@v	šuku₃
@v	šuk₂
@v	šuk₃
@v	šul
@v	ṭul
@v	ŋulla
@v	šul₃
@v	ṭul₃
@v	šum
@v	ṣum
@v	ṭum
@v	šumgamme
@v	šumu
@v	šumun
@v	šumunda
@v	šumu₂
@v	šumu₃
@v	šum₂
@v	šum₃
@v	šum₄
@v	šum₅
@v	šun
@v	šunigin
@v	šuniŋin
@v	šun₂
@v	šun₃
@v	šun₄
@v	šup
@v	ṭup
@v	šup₂
@v	šup₃
@v	šuq
@v	šur
@v	ṣur
@v	ṭur
@v	ŋurgu
@v	ŋurgu₂
@v	šurim
@v	šurim₃
@v	šurin₅
@v	šuripak
@v	šuripak₂
@v	šurippak
@v	šurippak₂
@v	šurmen
@v	šurmin
@v	šuru
@v	ṣuru
@v	ṭuru
@v	šurum
@v	šurum₃
@v	šurum₆
@v	šurun
@v	šurun₂
@v	šurun₃
@v	šurun₄
@v	šurupak
@v	šurupak₂
@v	šuruppag
@v	šuruppak
@v	šuruppak₂
@v	ŋuruš
@v	šuru₂
@v	šuru₃
@v	šuru₆
@v	šur₂
@v	šur₃
@v	šur₄
@v	šur₅
@v	ṣur₂
@v	ṭur₂
@v	ṭur₃
@v	ṭur₄
@v	ṭur₅
@v	ṣurṣub
@v	ṣurṣub₂
@v	ŋur₂₃
@v	ŋur₂₄
@v	šur₂⁻
@v	šusbu
@v	šuz
@v	šuzi
@v	šuš
@v	šuṭ
@v	šu₂
@v	šu₃
@v	šu₄
@v	šu₅
@v	šu₆
@v	ʾu₃
@v	ʾu₄
@v	ṣu₂
@v	ṭuš
@v	ṭu₂
@v	ṭu₃
@v	ṭu₄
@v	ṭu₅
@v	šušana
@v	šušanaku
@v	šušana₂
@v	šušbar
@v	šušgim
@v	šušin
@v	šušina
@v	šušinak
@v	šušmaš
@v	šušu
@v	šušudi
@v	šušum
@v	šušun
@v	ŋušur
@v	šušur
@v	ŋušur₂
@v	šušur₂
@v	ŋu₁₀
@v	šuš₂
@v	šuš₃
@v	šuš₄
@v	šuš₅
@v	šuš₆
@v	šu₁₀
@v	šu₁₁
@v	šu₁₂
@v	šu₁₃
@v	šu₁₄
@v	šu₁₆
AB
AD
ADAB~a
AL@s
AN@180
ARARMA₂~a
ASAL₂~a
AŠ
AŠ@c
AŠ@c@90
AŠ@c@v
AŠ@f
AŠ@v
AŠ~a
BAD
BAD₃@90
BAN₂@v
BAR@g
BAU067
BAU153
BAU161b
BAU209
BAU269
BAU315
BAU366
BAU377
BAU405
BIL₂@g
BU
BUR₃@v
DA
DARA₄~b
DE₂
DIN
DIŠ@c
DIŠ@f
DU
DU@90
DUH@g
DUN₃@g
EDIN
ELLES065a
ELLES092
ELLES151
ELLES163
ELLES164
ELLES177
ELLES179
ELLES185
ELLES189
ELLES296
ELLES301
ELLES307b
ELLES312
ELLES313
ELLES316
ELLES324
ELLES330
ELLES358
EZEN
E₂
EŠ₂@90
GAB@90
GEŠU@c
GEŠU@v
GEŠ₂@c
GEŠ₂@c@90
GEŠ₂@c@v
GISAL
GUD@s
GURUŠ
GU₂@s
HA
HA@g
HI@g
HU
HU@g
IKU@c
IKU@c@v
IL₂@n
IM@g
ITI@s
KA
KA@r
KAB@g
KAB@s
KAL@v
KAM@v
KAŠ@g
KEŠ₂
KIB@g
KIŠ
KIŠ@s
KUL@d
KU₄~a
KWU171
KWU173
KWU276
KWU289
KWU290
KWU306
KWU442
KWU491
KWU504
KWU543
KWU634
KWU672
KWU729
KWU732
KWU734
KWU745
KWU798
KWU879
KWU896
LAK046@v
LAK061
LAK077
LAK093
LAK125
LAK202
LAK233@g
LAK234
LAK239
LAK240
LAK244
LAK247
LAK263
LAK283a
LAK304@270
LAK349
LAK350@90
LAK384
LAK388
LAK433
LAK444
LAK445
LAK449
LAK449a
LAK449b
LAK450
LAK456
LAK460
LAK461a
LAK490@90
LAK496
LAK508
LAK526
LAK530
LAK545
LAK546
LAK636
LAK643
LAK647
LAK648
LAK654a
LAK722
LAK765
LAK768
LAK773
LAK776
LAK777@s
LAK779
LAK780
LAK786
LAK804
LAK805
LAK806
LAK81
LAK814
LAL@r
LUH@180
LUM
LU₂@g
LU₂~v		xe001	
MAH@g
MAH@v
MAŠ₂@g
MURUB₄
MURUB₄@g
MUŠ@90
NAGAR
NAM
NIGIDAEŠ@c
NIGIDAMIN@c
NIM
NINDA₂@180
NI₂
NUNUZ~a
PIRIG
REC144
REC169
REC344
REC558
REC56
RI
RSP468bis
SA@v
SAG
SAR@90
SIG₄
SU
SUD@90
SUD@g
SUMAŠ@g
TAK₄@f
TAR@v
TE
TE@s
TI₂
U@c
U@f
UD@g@v
UMUM
URI@n
URU
UR₂@g
ZIB@k
ZU₅
a
ab
aba
aban
abira
abnu
abrig₂
ab₂
ab₄
ad
adam
adam₂
adam₄
ae
ag
aga
ag₂
ag₃
ag₄
ah
aha
ahu
ah₂
ah₃
ak
aka
aka₄
ak₂
ak₃
ak₄
al
ala
alam
alam₂
alam₃
alam₄
ala₂
alim⁻
allu
alpu
al₂
al₃
al₄
al₅
am
ama
amga
amga₂
am₂
am₃
am₄
am₅
am₆
an
ana
ana₂
ana₃
ana₄
an₂
an₃
an₄
an₅
an₆
an₇
an₈
anše@d
anše⁻
ap
apa
aq
aq₂
aq₃
ar
ara
arah
arah₂
aran
ara₃
ara₄
argul
arhu
ari
aru
aru₅
ar₂
ar₃
ar₅
as
asila⁻
askarin
az
az⁻
aś
aš
aṣ
a₂
a₃
a₄
a₅
a₆
a₇
a₈
aša
ašaridu
aʾe
aʾe₂
aʾi
aʾi₂
aškarin
aš₂
aš₃
a₂⁻
barag
bara₂
bir₃
būdu
dannu
dida
dida₂
dil₂⁻
du₅⁺
dūru
e
eb
ebiru
egi
egi₂
eg₃
ehe
ehe₃
ehi
ehi₂
ehi₃
ehi₄
eh₂
el
elmun
el₃
em
eme
emen
eme₂
en
ena
en₂
en₃
ep
eqlu
er
erešu
er₂
er₄
es₂
eš
e₂
e₃
e₄
e₅
e₆
e₈
e₉
ešbi
eṭlu
ešlug
ešlug/
ešub
eŋ₃
eŋ₄
eš₂
e₁₀
e₈⁻
eššela
eššeru
garig₃
ge
gešmin@c
gešminʾu@c
gir⁻
gir₅⁻
gizzal₂
gu₇⁻
ha⁺
hum
huš⁻
i
ib
ibir
ibira
ibira₂
ibir₂
ibir₃
ibir₄
ibir₅
ibnu
ibula
ibula₂
ibula₃
id
idanu
idanum
idigna
idnim
idnu
idnum
id₂
igi
igidla
igidla₂
igidla₃
igi₂
igu
igu₂
ig₃
ig₄
ik
ik₂
il
ila
ila₃
ile
ilhar
illa
illa₂
illa₃
illa₄
illa₅
ilmun
ilī
il₂
il₃
il₄
il₅
il₆
il₇
il₈
il₉
im
ima
ima₂
immal
im₂
im₃
in
in/
in@d
ina
inur
inuru
inur₂
inur₃
in₂
in₃
ip
iq
iq₂
ir
irigi
iru
irum
ir₂
ir₃
ir₄
ir₅
is₂
iz
iz₂
iś
iš
i₂
i₃
i₄
i₅
i₆
i₇
i₈
i₉
išdu
iškarin
iškarini
išpak
iṣu
iŋ₄
iš₂
iṣ₂
kalbu
ke
ki
kilim
kišādu
ku
lam
lam/
lam₂
lam₃
lam₄
leb
lep
leʾum
lu₇⁻
lāsimu
mahru
maru⁻
maś
miṭṭu
muhhu
namru
nappilu
naŋ₄
nieš
nilimmu
panu
parag
para₁₀
par₆
peš₉
piriŋ⁺
pu
puhrum
puzru
qablu
qaqqaru
ra
rap₂
reʾu
ru
rābiṣu
rēšu
samanur
saŋšu
suhuš⁻
su₉
su₃⁻
u
ua
ua₂
ub
uba
uba₂
uba₃
uba₄
ubašin
ubinigga
ub₂
ud
udi
udu
ud₂
ug
ugir
ugul
ugure
ug₂
ug₃
ug₄
ug₇
ug₈
uh
uhu
uhul
uh₂
uh₃
uk
uki
uku
ukul
ukula
ukul₂
ukum
ukumbi
ukun
ukunbi
ukur
ukur₂
ukur₃
uku₂
uku₄
uku₅
uku₆
uk₂
uk₃
uk₄
uk₇
ul
ul₂
ul₃
ul₄
ul₅
ul₆
ul₇
ul₈
ul₉
ul₁₀
ul₁₁
ul₁₂
um
uma
uma₂
ummanu
umu
umu₂
umu₃
umu₄
um₂
um₃
um₄
um₅
um₆
um₇
um₈
um₉
um₁₀
um₁₁
um₁₂
um₁₃
um₃⁻
un
una₃
unda
ungal
ungal₂
unur
unu⁻
un₂
un₃
un₄
un₅
unŋal₂
un₃⁺
up
up₂
uq
uq₃
ur
ura
uran
uru
urungal
ur₂
ur₃
ur₄
ur₅
ur₆
ur₇
ur₈
uwa
uwa₂
uś
uš
u₂
u₃
u₄
u₅
u₆
u₇
u₈
u₉
uše
ušu
u₁₀
u₁₁
u₁₂
u₁₃
u₁₄
u₁₅
u₁₆
u₁₇
u₁₈
u₁₉
u₂₀
u₂₁
u₂₂
u₂₃
u₂₄
u₂₅
uššuru
u₁₁⁺
wardu
zulumhi⁻
zu₉
|(AŠ&AŠ@180)×U|
|(EZEN×BAD)@s|
|3×LU₂|
|A×AN|
|AB×DIŠ|
|AB×LAK178|
|AB×U|
|AB×X|
|AB₂×DUB₂|
|AB₂×GAN₂|
|AB₂×GUD|
|AB₂×KU|
|AB₂×TAB|
|AK×ŠITA₂|
|AL×TUG₂|
|AMAR&AMAR|
|ANŠE×SAL|
|AŠ&AŠ@180|
|AŠ×BAD|
|AŠ@z&AŠ@z&AŠ@z|
|BU%BU×AB|
|BU&BU|
|DU%DU|
|DU×KASKAL|
|DU@g×KASKAL|
|DUB×LAGAB|
|DUG×IGI@g|
|DUR₂&DUR₂|
|DU₆×DU×KASKAL|
|EN×A|
|EN×U|
|EZEN×AN|
|EZEN×GUD|
|EZEN×KUR|
|EZEN×U@c|
|EZEN×ŠID|
|E₂×X|
|EŠ₂%EŠ₂|
|GA×SILA₃|
|GAD+DIŠ×A|
|GAN×HI|
|GAN×KASKAL|
|GAN₂×HI|
|GA₂×ERIN₂|
|GA₂×HA|
|GA₂×PA|
|GA₂×SILA₃|
|GEŠU@c×KASKAL|
|GI&GI|
|GIR₃×HI|
|GIR₃×X|
|GIŠ×ERIN₂|
|GIŠGAL×IGI|
|GU&GU|
|GUD×HI|
|GUD×KASKAL|
|GUD×UD|
|GUM×X|
|GU₂×(HI×DIŠ)|
|GU₂×(HI×U)|
|GU₂×PAP|
|GU₂×PA|
|HI×AŠ@c|
|HI×AŠ|
|HI×DIŠ|
|HI×HAL|
|HI×MAŠ|
|HI×SAR|
|HI×U|
|HI×X|
|HUB₂×UD|
|HUL₂×X|
|IM&IM|
|KA×BAR|
|KA×DU|
|KA×GAN₂|
|KA×GA₂|
|KA×GIG|
|KA×IGI|
|KA×KU|
|KA×MES|
|KA×NA|
|KA×NI₂|
|KA×SI|
|KA×TU|
|KA×URUDA|
|KA×UZU|
|KA×ŠU|
|KAK&KAK|
|KAK+DIŠ|
|KAM×U|
|KEŠ₂×A|
|KI×X|
|KISAL×UD|
|KISIM₅×KAK|
|LAGAB×(BAD&BAD)|
|LAGAB×1(N01)|
|LAGAB×AŠ|
|LAGAB×AŠ₂|
|LAGAB×BAR|
|LAGAB×GAL|
|LAGAB×GAN₂|
|LAGAB×HA|
|LAGAB×LAGAR|
|LAGAB×LAK175|
|LAGAB×LIŠ|
|LAGAB×NUN|
|LAGAB×PAP|
|LAGAB×SI|
|LAGAB×TIL|
|LAGAB×UŠ₂|
|LAGAB×X|
|LAGAB×ŠE|
|LAGAB×ŠITA|
|LAGAB×ŠITA₂|
|LAGAB×ŠU|
|LAGAR×X|
|LAGAR@g&LAGAR@g|
|LAK449a×GU|
|LAK449a×IGI|
|LAK490×KASKAL|
|LAK617×DUN₃@g@g|
|LAK617×LA@n|
|LAK617×MIR|
|LAK648×1(DIŠ@c)|
|LAK648×GA|
|LAK648×IM|
|LAK648×URUDA|
|LAL×KU|
|LAL×LAGAB|
|LAL₂×DUR₂|
|LAL₂×DU|
|LAL₂×HAL|
|LAL₂×TUG₂|
|LUGAL%LUGAL|
|LUL×ŠE|
|LUM%LUM|
|LU₂%LU₂|
|LU₂&LU₂|
|LU₂×AŠ₂|
|LU₂×EŠ₂|
|LU₂×GAM|
|LU₂×KAD₃|
|LU₂×UŠ₂|
|LU₂×X|
|LU₂×ŠU|
|MA×2(N57)|
|MA×X|
|MI&MI|
|MUD₃@g×GU|
|MUŠ%MUŠ×AB|
|MUŠ×GAD|
|MUŠ×PA|
|MUŠEN×2(N57)|
|MUŠ₃×ZA|
|N8×DIŠ|
|NE×KASKAL|
|NE×PAP|
|NIM×GAN₂|
|NINDA₂×1(N06)|
|NINDA₂×2(DIŠ@c)|
|NINDA₂×2(N01)|
|NINDA₂×3(AŠ@c)|
|NINDA₂×DUN₃@g|
|NINDA₂×GAL|
|NINDA₂×GAR₃|
|NINDA₂×GI|
|NINDA₂×IGI@g|
|NINDA₂×X|
|NU×U|
|PIRIG×UD|
|PIRIG×X|
|PIRIG×ŠE|
|SAG×NI|
|SAG×SAR|
|SAG×U|
|SAG×X|
|SAL×KUR|
|SAR×ZIZ₂|
|SILA₃×ŠE|
|SUM×DIŠ|
|TA×GAR|
|TA×IR|
|TAB&TAB|
|TUM×PAP|
|TUM×SAL|
|TUR×ARAD|
|TUR×NUN|
|TUR×ZI|
|TUR₃×TAK₄|
|U×KASKAL|
|UD×1(N01)|
|UD×1(N01@f)|
|UD×3(N57)|
|UD×DIŠ|
|UD×KUŠU₂|
|UD×PAP|
|UD×X|
|UD@s×U|
|UMBIN×MAŠ|
|UMUM×KASKAL|
|UNKEN×AN|
|UNKEN×DUG|
|UNKIN×DUG|
|UR&UR|
|URU×EŠ|
|URU×GA@g|
|URU×IGI@g|
|URU×TIL|
|URU×X|
|URU×X₂|
|URU×ŠAH₂|
|URU×ŠEŠ₂|
|URUDA×ŠU|
|UR₂×AŠ|
|UR₂×GAD|
|UR₂×KAL|
|UR₂×KID₂|
|UZ₃×BALAG|
|U₂&U₂|
|UŠ×TAR|
|UŠ×X|
|ZI%ZI|
|ZUM×LAGAB|
|ŠA×AN|
|ŠAR₂×GAD|
|ŠAR₂×GAL|
|ŠAR₂×HA|
|ŠA₃×X|
|ŠE&ŠE|
|ŠE@v+NAM₂|
|ŠIM@g×KUŠU₂|
|ŠIM@g×PI|
~a	MAŠ₂
~a	|BAR×AN|
~a	|DIM×ŠE|
~a	|DU@s&DU@s|
~a	|KA×ERIN₂|
~a	|KA×GU|
~a	|KA×MI|
~a	|KA×U|
~a	|KA×ŠA|
~a	|SU×A|
~a	|ZI&ZI|
~b	DIM@g
~b	LAK328
~b	LAK493
~b	|KA×UD|
~b	|LAGAB×GAR|
~c	AK
~c	LAK332
~c	|3×AN|
~c	|LAGAB×ME|
~d	|3×AN|
~e	|LAGAB×HAL|
~e	|MUŠ₃×A|
~f	|LAGAB×KUL|
~g	A
~g	|MUŠ₃×DI|
~h	EŠ₂
ŠANABI@c
ŠARGAL@c
ŠAR₂@c
ŠAR₂@c@v
ŠEŠ₂@g
ŠIM
ŠIM@g
ŠITA~a
ŠU@c
ŠU@s
ŠUŠANA@c
śa
ṣab
šalaš
ṣalmu
šaman₂
šammi
šamnu
śar
šara
šarru
šar₆
śa₂
ša₂₃
śe
šeg₁₈
śem
šembi⁻
ŋessal
śe₂
še₂₆⁻
śi
šilam⁻
ṣillu
śim
śim₂
ŋizzal
ŋizzal₂
śi₂
śi₃
ālik
śu
šub₅
śum
śum₂
śur
śur₂
śu₂
śu₃
ṣābu
šēdu
ṭēmu
