1/2(DIŠ@c)
1(|AŠ×DIŠ@t|)
1(AŠ@t@c)
1(BAN₂)
1(BAN₂@c)
|1(N57).ŠAH₂|
|3×AN|
|3×AN.BAR|
3(AŠ~a)
3(AŠ@c)@v
3(ŠAR₂)@v
|4×(AN.NAGA)|
|4×(AN.ŠE.NAGA)|
|4×(EZEN×KASKAL)|
|4×(IDIM&IDIM)|
|(4×ZA)×KUR|
6(|ŠAR₂×KASKAL|)
7(DIŠ)~a
7(DIŠ@c)@v~b
9(AŠ@c@90)
9(DIŠ@c)~d
A
|A₂.AŠ|
|A₂.MUŠ₃@g|
|A₂.UD.DU|
|A₂.ZA.AN.MUŠ₃|
|A₂.ZA.MUŠ₃@g|
|A×A|
|AB₂×AMAR@t|
|AB₂×(ME.EN)|
|(AB₂.ŠA₃)&(AB₂.ŠA₃)|
AB₂@t
|AB@g.MUŠ₃|
|AB@g.MUŠ₃.ZA|
|AB.HA.ZAG.GABA.HU|
|AB×LAK178|
|AB×(U.U.U)|
|AB×(U.U.U).KUG.LAM.SAL|
ADAB~a
|A.DU&A.DU|
|A.GISAL.GADA.GAR.A.SI|
|A.GISAL.SI.ELLES214|
|A.LAK648×A|
|ALAN&ALAN|
|A.LU₂@s.NA|
AN@180
|AN.3×AN|
|AN.EN.NU.NUNUZ.NAM.AN.ŠEŠ.KI|
|AN.LAK397|
|(AN.NAGA)@(AN.NAGA)|
|A.PA.BI.GIŠ.PAD.SI.A|
|AŠ×1(AŠ@t)|
|AŠ₂.U&U|
|AŠ₃+DIŠ|
|AŠ&AŠ@180|
|(AŠ&AŠ@180)×U|
|AŠ&AŠ&AŠ.AŠ|
|AŠ&AŠ&AŠ%AŠ&AŠ&AŠ|
|AŠ&AŠ&AŠ.AŠ&AŠ&AŠ|
|AŠ&AŠ&AŠ.AŠ&AŠ&AŠ.AŠ|
|AŠ&AŠ.TUG₂&TUG₂.TUG₂&TUG₂.PAP|
AŠ@c@90
AŠ@c@v
|A.ŠE.NUN&NUN|
|AŠ@k&AŠ@k&AŠ@k&AŠ@k|
|A×SUD@90|
|AŠ@z&AŠ@z&AŠ@z|
|A.TU.NUN&NUN.GABA.LIŠ|
|A.TU.NUN&NUN.LIŠ|
|BAD&BAD.X|
BAU067
BAU161b
|BU@90.BU.NA₂|
|BU%BU|
|(BU&BU)×NA₂|
|(BU&BU)×NA₂.A|
|DAG₃.KISIM₅×(U₂.GIR₂)|
|DIN.KASKAL.U@g.DIŠ|
|DIŠ@k.DIŠ@k.DIŠ@k.DIŠ@k|
|DIŠ+NUN.LAGAR|
|DU&DU.DU&DU|
|DU@g.DU@g|
|DU@g×KASKAL|
|DUG×(LAM×KUR)|
DUN₃@g@g@s
|DUN₃@g@g.UŠ|
|DUN₃@g@g×UŠ|
|DUN₃@g×(MU.KAK)|
|DU@s&DU@s|
|EN@EN|
|EN%EN.IM%IM|
|EN×IGI@g.NUN.ME.EZEN×KASKAL|
|EN.PAP.E.IGI@g.NUN.ME.EZEN×KASKAL|
|EN.PAP.IGI@g.NUN.EZEN×KASKAL|
|EN.PAP.IGI@g.NUN.ME.EZEN×KASKAL|
|EŠ₂%EŠ₂.NUN|
|EŠ₂%EŠ₂.NUN.A|
|EŠ₂@g@t%EŠ₂@g@t|
|E.TUM.GA₂×(NUN&NUN)|
|(EZEN×BAD)@s|
|EZEN×DUN₃@g@g|
|EZEN@s×IGI@g|
|GA₂×(AB₂@t.TAB)|
|GA₂×(DUG×IGI@g)|
|GAL.DUN₃@g@g|
|GAL.GAD&GAD.GAR&GAR|
|GA.MA₂.KASKAL.IGI@g|
|GIŠ×(GIŠ%GIŠ)|
|GIŠ.NE@s.GA.MES|
|GIŠ.NE@s.GA.ME.U.U.U|
|GIŠ.PI.TUG₂.NU₁₁@90|
|GIŠ.TUG₂.PI.NU₁₁@90.SILA₃|
|GU₂×KAK.GIŠ%GIŠ|
|(GUD×KUR₂)&(GUD×KUR₂)|
|HI+AŠ.NUN.ME|
|HI.ŠE+SAR.ZU&ZU|
|IGI&IGI.ŠIR&ŠIR.UD&UD|
|IGI.LU.LAK248|
|IM.DUN3@g@g.DUN|
|IM.DUN.DUN₃@g@g|
īnu{II}
|ITI×(U.U.U)@g|
|KA×6(DIŠ)|
|KA.BALAG.GA₂.TE.A.DU@s.ZA.NA|
|KA×(ME.GAR.GAR.RA)|
|KASKAL.6(DIŠ)|
|KASKAL.(LAGAB×U)&(LAGAB×U)|
KAxUD-bar
|LAGAB×1(N01)|
|LAGAB×(BAD&BAD)|
|LAGAB×(GUD.GUD).A|
|LAGAB×(GUD&GUD)+HUL₂|
|LAGAB×(ŠITA@t.GIŠ.ERIN₂)|
|LAGAB×(U₂.AŠ@t)|
|LAGAB×(U.U.U).LAGAB×(U.U.U)|
|LAGAR@g&LAGAR@g.LAGAR@g&LAGAR@g.LAGAR@g&LAGAR@g|
|LAGAR@g&LAGAR@g.SAR|
|(LAGAR@g.SU.LU.EŠ₂)&(LAGAR@g.SU.LU.EŠ₂)|
LAK046@v
|(LAK079&LAK079)@g|
|LAK263×BAR|
LAK304@270
|LAK449a×GU|
|LAK449×(AN.EŠ₂)|
|LAK449×(PAP.PAP.LU₃)|
|LAK617×DUN₃@g@g|
|LAK617×LA@n|
|LAK81&LAK81|
|LU₂@s+GAM|
|LUM&LUM.DU@s|
|MA₂.KASKAL.IGI@g&IGI@g|
|MUŠ₃.(TA×HI)|
|MUŠ@90.MUŠ@90|
|MUŠ.DIN.ŠE.NUN&NUN.BALAG|
|MUŠ&MUŠ.A.NA|
|MUŠ&MUŠ×(A.NA)|
|NINDA₂×(AŠ@c.AŠ@c)|
|NINDA₂×(ŠE.AŠ@c.AŠ@c)|
|NU₁₁@90.PI|
|NUN%NUN.LAGAR&LAGAR|
|(NUN&NUN)&(NUN&NUN)|
|NUNUZ.AB₂×(LU₃.PAP.PAP)|
|PA.DAG.KISIM₅×(LU.MAŠ₂)|
|PA.LAGAB×(GUD&GUD)|
|(PAN&PAN).(EŠ₂&EŠ₂)|
|PAP.IGI@g.NUN.ME.EZEN×KASKAL|
|PAP.PAP.4×IDIM|
|(PAP.PAP)@t|
|SAL.TUG₂.PAP.E.IGI@g.NUN.ME.EZEN×KASKAL|
|SAL.TUG₂.PAP.IGI@g.NUN.EZEN×KASKAL|
|ŠE.NAGA@ŠE.NAGA|
|ŠE.NINDA₂@180×ZA|
(|(ŠE.NUN&NUN.LAGAB)&(ŠE.NUN&NUN.LAGAB)|)
|(ŠE.NUN&NUN)&(ŠE.NUN&NUN)|
|(ŠE.NUN&NUN)&(ŠE.NUN&NUN).GAD&GAD|
|(ŠE.NUN&NUN)&(ŠE.NUN&NUN).GAD&GAD.GAR&GAR|
|(ŠE.NUN&NUN)&(ŠE.NUN&NUN).GAR|
|(ŠE.NUN&NUN)&(ŠE.NUN&NUN).LAGAB.LAGAB|
|(ŠE.NUN&NUN)×TAK₄|
|ŠE+SAR.HI.ZU&ZU|
|ŠE+SAR.ZU&ZU|
|(ŠE&ŠE).HUB₂|
|(ŠE%ŠE).KIN|
|ŠITA~a.GIŠ.NAM₂|
|ŠU₂.2(N57)|
|ŠU₂.DUN₃@g@g@s|
|(SU.LU.EŠ₂.LAGAR@g)&(SU.LU.EŠ₂.LAGAR@g)|
|(SU.LU.EŠ₂)&(SU.LU.EŠ₂)|
|(SU.LU.UB₂.GAR)&(SU.LU.UB₂.GAR).ŠIR|
|TAB+ERIN₂×(U.U.U)|
|TU.NUN&NUN.LIŠ.A|
|TUR&TUR.ZA&ZA.TUR&TUR.ZA&ZA|
|U₂.KUR.ZA.MUŠ₃@g.KI|
|U₂.(ŠE.NUN&NUN)%(ŠE.NUN&NUN)|
|U₂.(ŠE.NUN&NUN)&(ŠE.NUN&NUN)|
|UD×1(N01@f)|
|UD.AB×(U.U.U).ŠIR.LAGAB.A|
|UD.(GIŠ%GIŠ)@g.AN|
|UD.GIŠ%GIŠ.NUN|
|UD.GIŠ%GIŠ.NUN.KI|
|UD.MA₂.AB×(U.U.U).ŠIR|
|UD.NUN.GIŠ%GIŠ|
|UD×(U.U.U).DU|
|U&U.U&U.U|
|U&U.U@v&U@v|
uₓ(DIŠ)-gun₃
|UZ₃.IGI@g.IGI@g|
|ZA.MUŠ₃.AB×(U.U.U)|
|ZA.MUŠ₃@g.AB×(U.U.U)|
|ZU₅×(DIŠ@t.DIŠ@t.DIŠ@t)|
