1/2(diš)
1/2(diš@c)
1/2(DIŠ@c)
1/2(iku)
1/2(iku@c)
1/3(diš)
1/3(diš@c)
1/3(diš@c)@v
1/4(iku)
1/4(iku@c)
1/8(iku)
1/8(iku@c)
1(aš)
1(aš@c)
1(|AŠ×DIŠ@t|)
1(aš@t)
1(aš@t@c)
1(AŠ@t@c)
1(ban₂)
1(BAN₂)
1(ban₂@c)
1(BAN₂@c)
1(barig)
1(bariga)
1(bariga@c)
1(barig@c)
1(bur₃)
1(bur₃@c)
1(BURU@c)
1(burʾu)
1(burʾu@c)
1(diš)
1(DIŠ)
1(diš@c)
1(diš@t)
1(eše₃)
1(EŠE₃)
1(eše₃@c)
1(EŠE₃@c)
1(geš₂)
1(GEŠ₂)
1(geš₂@c)
1(gešu)
1(GEŠU)
1(gešu@c)
1(gešʾu)
1(gešʾu@c)
1(iku)
1(ŋeš₂)
1(šar₂)
1(šar₂@c)
1(šar₂@c@v)
1(šargal)
1(šargal@c)
1(šaru)
1(ŠARU)
1(šaru@c)
1(ŠARU@c)
1(ŠARU@v)
1(šarʾu)
1(šarʾu@c)
1(šarʾu)@v
1(šu)
1(šu@c)
1(u)
1(u@c)
2/3(diš)
2/3(diš@c)
2/3(diš@c)@v
2(aš)
2(AŠ)
2(aš@c)
2(AŠ@c)
2(|AŠ×DIŠ@t|)
2(aš@t)
2(AŠ@t)
2(aš@t@c)
2(AŠ@t@c)
2(ban₂)
2(BAN₂)
2(ban₂@c)
2(BAN₂@c)
2(barig)
2(bariga)
2(bariga@c)
2(barig@c)
2(bur₃)
2(bur₃@c)
2(BURU)
2(BURU@c)
2(burʾu)
2(burʾu@c)
2(diš)
2(DIŠ)
2(diš@c)
2(DIŠ@c)
2(diš@t)
2(DIŠ@t)
2(diš@t@c)
2(eše₃)
2(EŠE₃)
2(eše₃@c)
2(EŠE₃@c)
2(geš₂)
2(GEŠ₂)
2(geš₂@c)
2(GEŠ₂@c)
2(gešu)
2(GEŠU)
2(gešu@c)
2(GEŠU@c)
2(gešʾu)
2(gešʾu@c)
2(iku)
2(iku@c)
2(ŋeš₂)
2(šar₂)
2(ŠAR₂)
2(šar₂@c)
2(ŠAR₂@c)
2(šaru)
2(ŠARU)
2(šaru@c)
2(ŠARU@c)
2(šarʾu)
2(šarʾu@c)
2(u)
2(u@c)
2(U@c)
|3×AN|
3(aš)
3(AŠ)
3(AŠ~a)
3(AŠ~b)
3(aš@c)
3(AŠ@c)
3(aš@c)@v
3(AŠ@c)@v
3(|AŠ×DIŠ@t|)
3(aš@t)
3(AŠ@t)
3(aš@t@c)
3(AŠ@t@c)
3(aš)@v
3(aš@v)
3(aš@v@c)
3(ban₂)
3(BAN₂)
3(ban₂@c)
3(BAN₂@c)
3(ban₂@c)@v
3(BAN₂@c)@v
3(barig)
3(bariga)
3(bariga@c)
3(barig@c)
3(bur₃)
3(bur₃@c)
3(BURU)
3(BURU@c)
3(BURU@c)@v
3(BURU@v)
3(burʾu)
3(burʾu@c)
3(burʾu@c)@v
3(burʾu)@v
3(diš)
3(DIŠ)
3(diš@c)
3(DIŠ@c)
3(diš@c)@v
3(DIŠ@c)@v
3(diš@t)
3(DIŠ@t)
3(diš@t@c)
3(geš₂)
3(GEŠ₂)
3(geš₂@c)
3(GEŠ₂@c)
3(geš₂@c)@v
3(GEŠ₂@c)@v
3(gešu)
3(GEŠU)
3(gešu@c)
3(GEŠU@c)
3(gešu@c)@v
3(GEŠU@c)@v
3(gešʾu)
3(gešʾu@c)
3(gešʾu@c)@v
3(iku)
3(iku@c)
3(iku)@v
|3×LU₂|
3(ŋeš₂)
3(šar₂)
3(ŠAR₂)
3(šar₂@c)
3(ŠAR₂@c)
3(šar₂@c)@v
3(ŠAR₂@c)@v
3(šar₂)@v
3(ŠAR₂)@v
3(šaru)
3(ŠARU)
3(šaru@c)
3(ŠARU@c)
3(šaru@c)@v
3(ŠARU@c)@v
3(šaru)@v
3(ŠARU@v)
3(šarʾu)
3(šarʾu@c)
3(šarʾu@c)@v
3(šarʾu)@v
3(u)
3(u@c)
3(U@c)
3(u@c)@v
3(U@c)@v
4(aš)
4(AŠ)
4(AŠ~a)
4(aš@c)
4(AŠ@c)
4(AŠ@c)@v
4(|AŠ×DIŠ@t|)
4(aš@t)
4(AŠ@t)
4(aš@t@c)
4(AŠ@t@c)
4(aš@v)
4(aš@v@c)
4(ban₂)
4(BAN₂)
4(ban₂@c)
4(BAN₂@c)
4(ban₂@c)@v
4(BAN₂@c)@v
4(ban₂@v)
4(BAN₂@v)
4(ban₂)@v
4(ban₂@v@c)
4(barig)
4(bariga)
4(bariga@c)
4(barig@c)
4(bur₃)
4(bur₃@c)
4(BURU)
4(BURU@c)
4(burʾu)
4(burʾu@c)
4(diš)
4(DIŠ)
4(diš@c)
4(DIŠ@c)
4(diš@c)@v
4(diš@c)@v~b
4(diš@t)
4(DIŠ@t)
4(diš@t@c)
4(diš)@v
4(diš@v)
4(diš)@v~b
4(diš@v@c)
|4×EN|
|4×(EZEN×KASKAL)|
|4×GABA|
4(geš₂)
4(GEŠ₂)
4(geš₂@c)
4(GEŠ₂@c)
4(geš₂@c)@v
4(GEŠ₂@c)@v
4(gešu)
4(GEŠU)
4(gešu@c)
4(GEŠU@c)
4(gešu@c)@v
4(GEŠU@c)@v
4(gešʾu)
4(gešʾu@c)
4(gešʾu@c)@v
|4×IDIM|
|4×(IDIM&IDIM)|
4(iku)
4(iku@c)
|4×IM|
|4×LAGAB|
|4×LU₂|
|4×NI|
4(ŋeš₂)
4(šar₂)
4(ŠAR₂)
4(šar₂@c)
4(ŠAR₂@c)
4(šaru)
4(ŠARU)
4(šaru@c)
4(ŠARU@c)
4(šarʾu)
4(šarʾu@c)
|4×TAB|
4(u)
4(U)
4(u@c)
4(U@c)
4(u@c)@v
4(U@c)@v
4(u)@v
4(U)@v
|(4×ZA)×KUR|
5/6(diš)
5/6(diš@c)
5/6(DIŠ@c)
5(aš)
5(AŠ)
5(aš@c)
5(AŠ@c)
5(|AŠ×DIŠ@t|)
5(aš@t)
5(AŠ@t)
5(aš@t@c)
5(AŠ@t@c)
5(ban₂)
5(BAN₂)
5(ban₂@c)
5(BAN₂@c)
5(ban₂@c)@v
5(BAN₂@c)@v
5(ban₂@v)
5(BAN₂@v)
5(ban₂)@v
5(ban₂@v@c)
5(bur₃)
5(bur₃@c)
5(BURU)
5(BURU@c)
5(burʾu)
5(burʾu@c)
5(diš)
5(DIŠ)
5(diš@c)
5(DIŠ@c)
5(diš@t)
5(DIŠ@t)
5(diš@t@c)
5(geš₂)
5(GEŠ₂)
5(geš₂@c)
5(GEŠ₂@c)
5(gešu)
5(GEŠU)
5(gešu@c)
5(GEŠU@c)
5(gešʾu)
5(gešʾu@c)
5(iku)
5(iku@c)
5(ŋeš₂)
5(šar₂)
5(ŠAR₂)
5(šar₂@c)
5(ŠAR₂@c)
5(šaru)
5(ŠARU)
5(šaru@c)
5(ŠARU@c)
5(šarʾu)
5(šarʾu@c)
5(u)
5(U)
5(u@c)
5(U@c)
5(u)@v
5(U)@v
6(aš)
6(AŠ)
6(AŠ~a)
6(aš@c)
6(AŠ@c)
6(AŠ@c)@v
6(|AŠ×DIŠ@t|)
6(aš@t)
6(AŠ@t)
6(aš@t@c)
6(AŠ@t@c)
6(aš@v)
6(aš@v@c)
6(bur₃)
6(diš)
6(DIŠ)
6(diš@c)
6(DIŠ@c)
6(diš@t)
6(DIŠ@t)
6(diš@t@c)
6(geš₂)
6(GEŠ₂)
6(geš₂@c)
6(GEŠ₂@c)
6(ŋeš₂)
6(šar₂)
6(ŠAR₂)
6(šar₂@c)
6(ŠAR₂@c)
6(|ŠAR₂×KASKAL|)
6(šarʾu)@v
6(u)
6(U)
6(u@c)
6(U@c)
7(aš)
7(AŠ)
7(AŠ~a)
7(aš@c)
7(AŠ@c)
7(AŠ@c)@l
7(AŠ@c)@v
7(|AŠ×DIŠ@t|)
7(aš@v)
7(aš@v@c)
7(bur₃)
7(diš)
7(DIŠ)
7(DIŠ)~a
7(DIŠ)~b
7(diš@c)
7(DIŠ@c)
7(diš@c)@v
7(DIŠ@c)@v
7(diš@c)@v~b
7(DIŠ@c)@v~b
7(diš)@v
7(diš)@v~b
7(geš₂)
7(GEŠ₂)
7(geš₂@c)
7(GEŠ₂@c)
7(ŋeš₂)
7(šar₂)
7(ŠAR₂)
7(šar₂@c)
7(ŠAR₂@c)
7(u)
7(U)
7(u@c)
7(U@c)
8(aš)
8(AŠ)
8(aš@c)
8(AŠ@c)
8(|AŠ×DIŠ@t|)
8(aš@v)
8(aš@v@c)
8(bur₃)
8(diš)
8(DIŠ)
8(diš@c)
8(DIŠ@c)
8(diš)@v
8(geš₂)
8(GEŠ₂)
8(geš₂@c)
8(GEŠ₂@c)
8(ŋeš₂)
8(šar₂)
8(ŠAR₂)
8(šar₂@c)
8(ŠAR₂@c)
8(u)
8(U)
8(u@c)
8(U@c)
9(aš)
9(AŠ)
9(aš@c)
9(AŠ@c)
9(aš@c@90)
9(AŠ@c@90)
9(|AŠ×DIŠ@t|)
9(aš@v)
9(aš@v@c)
9(bur₃)
9(diš)
9(DIŠ)
9(DIŠ~a)
9(DIŠ~b)
9(diš@c)
9(DIŠ@c)
9(DIŠ~c)
9(diš@c)~d
9(DIŠ@c)~d
9(diš@c)@v
9(DIŠ@c)@v
9(diš@c)@v~a
9(DIŠ@c)@v~a
9(diš)~d
9(diš)@v
9(diš@v)
9(diš)@v~a
9(diš@v@c)
9(DIŠ@v@c)
9(geš₂)
9(GEŠ₂)
9(geš₂@c)
9(GEŠ₂@c)
9(ŋeš₂)
9(šar₂)
9(ŠAR₂)
9(šar₂@c)
9(ŠAR₂@c)
9(u)
9(U)
9(u@c)
9(U@c)
a
A
a₁₀
a₁₁
a₁₂
a₁₃
a₁₄
a₂
a₂⁻
A₂
a₃
a₄
a₅
a₆
a₇
a₈
a₉
|A×A|
|A×AN|
ab
AB
ab₂
AB₂
|AB₂×AMAR@t|
|AB₂×BALAG|
|AB₂×DUB₂|
|AB₂×GAN₂|
|AB₂×GAN₂@t|
|AB₂×GUD|
|AB₂×KU|
|AB₂×MU|
|AB₂×ŠA₃|
|AB₂×ŠE|
AB₂@t
|AB₂×TAB|
|AB₂×TAK₄|
ab₃
ab₄
aba
|AB×A|
aba₃
aba₄
|A×BAD|
aban
|AB×AŠ₂|
abba
abba₂
abbar
abbununna
abbununnu
|AB×DIŠ|
|AB×DUN₃@g|
AB@g
abgal
|AB×GAL|
abgal₂
|AB×GAN₂@t|
|AB×HA|
|AB×IGI@g|
|AB×IMIN|
|AB×LAGAB|
|AB×LAK178|
ablal
ablal₂
ablal₃
abni₂
abnu
|AB×NUN|
|AB×NUN@t|
abrig
abrig₂
|AB×ŠEŠ|
absin
absin₂
absin₃
abšin₃
absu
|AB×ŠU₂|
|AB×U|
abul
abula
abulla
|AB×X|
abzu
abzu₂
ad
AD
ad₂
ad₃
ad₄
ad₅
ad₆
ad₇
ad₈
ada
adab
adaba
ADAB~a
adad
adama
adamen
adamen₂
adamen₃
adamen₄
adamen₅
adamin
adamin₂
adamin₃
adamin₄
adamin₅
adamu
adar
adar₂
adar₃
adda
adda₂
adda₃
adda₄
addir
addir₃
addu₂
addu₃
addu₄
|AD×EŠ₂|
adgub
adkin
ag
A@g
ag₂
ag₃
aga
aga₂
aga₃
agal
agam
agar₂
agar₃
agar₄
agar₅
agar₆
agargara
agarim
agarin
agarin₂
agarin₃
agarin₄
agarin₅
agarinx
agaš
agrig
agrun
agu
agu₂
ah
ah₂
ah₃
ah₄
ah₅
ah₆
aha
|A×HA|
aha₂
aha₃
ahhur
ahi
ahi₂
ahud
ai
aia
aia₂
aia₃
aia₄
|A×IGI|
ak
AK
ak₃
aka
aka₂
aka₃
aka₄
akan
akan₂
akan₃
akani
akar
|AK×ERIN₂|
akkan₃
akkil
akkil₂
akkil₃
akšak
akšak₂
akšak₃
|AK×ŠITA₂|
aktum
aktum₂
|A×KU₃|
al
AL
al₂
al₃
al₅
al₆
al₈
al₉
ala
ala₂
ala₃
alad
alad₂
alag
|A×LAGAR@g|
alal
|AL×AL|
alal₂
alal₃
alal₄
alala
alalmu
alam
alammuš
alamu
alamu₂
alamuš
alan
ALAN
|ALAN&ALAN|
|ALAN×GAN₂@t|
alaŋ
alap
alba
alba₂
|AL×DIM₂|
ale
ALEPH
algames
algameš
algamis
|AL×GIŠ|
alha
|AL×HA|
ali
ālik
alim
alim⁻
alima
|AL×KAD₃|
|AL×KI|
alla
almu
almu₂
alpu
AL@s
|AL×ŠE|
|AL×TUG₂|
alu
|AL×UŠ|
am
am₂
am₃
am₄
am₅
am₆
am₇
ama
ama₂
ama₃
ama₄
ama₅
ama₆
amagea
amagi
amagi₂
amagi₃
amagi₄
amah
amalu
amalug
aman
amar
AMAR
|AMAR&AMAR|
amarim
|AMAR×ŠE|
AMAR@t
amaš
amaša
amat
ambar
ambara
ame
ame₂
amedu
ami
ami₂
amma
amna
amna₂
amra
amti
amtu
amurrum
amuru
amuš
|A×MUŠ|
amuša
an
AN
AN@180
an₂
ana
ana₂
ana₃
|AN&AN|
anbar
anegi
angar
angur
anig
aniku
anše
anše⁻
ANŠE
anše₂
anše@d
|ANŠE×ŠA₃|
|ANŠE×SAL|
anši
anšu
anšu₂
anu
anubu
anzalub
anzu
anzu₂
anzud
anzud₂
aŋ
aŋ₂
aŋ₃
aŋa₂
aŋa₃
aŋar₅
aŋar₆
aŋarin
aŋarin₂
aŋarin₃
aŋarin₄
aŋarin₅
aŋarŋara
aŋrig
ap
ap₂
ap₃
apin
APIN
apina
aq
aq₂
aqa
ar
ar₂
ar₃
ar₅
ar₆
ara
ara₂
ara₃
ara₄
ara₅
ara₆
ara₇
ara₈
arab
arad
ARAD
arad₂
arad₃
|ARAD×KUR|
aragub
arah₃
arah₄
araha
arala
arali
arar
ararama
ararama₂
ararim
ararma
ararma₂
ARARMA₂~a
arata
araṭa
aratta
arba
arda
argab
arhu
arhuš
arhus₂
arhuš₂
arhuš₃
arhuš₄
arhuš₅
arhuš₆
arhuš₇
ari
ari₂
ari₃
ari₅
ari₆
arina
arkab
arkab₂
ARKAB₂
arrap
aru
as
aś
aš
AŠ
aṣ
aš₁₀
aš₁₁
|AŠ×1(AŠ@t)|
as₂
aš₂
AŠ₂
aṣ₂
as₃
aš₃
AŠ₃
aṣ₃
|AŠ₃+DIŠ|
as₄
aš₄
as₅
aš₅
as₆
aš₆
aš₇
aš₈
aš₉
asa
aša
AŠ~a
asa₂
aša₂
aša₃
aša₅
asag
|A×SAG|
ašag
asal
asal₂
ASAL₂~a
asal₃
asaŋ
ašaŋ₂
asar
asar₂
ašar₂
asara
asari
ašarid
ašaridu
asaru
|AŠ&AŠ@180|
|(AŠ&AŠ@180)×U|
|AŠ&AŠ&AŠ%AŠ&AŠ&AŠ|
|AŠ×BAD|
aš@c
AŠ@c
aš@c@90
AŠ@c@90
aš@c@v
AŠ@c@v
ašdar
|AŠ×DIŠ@t|
aš@f
AŠ@f
ašgab
AŠGAB
ašgi
ašgi₂
asi
asil
asil₃
asil₄
asil₅
asil₆
asila
asila⁻
asila₂
asila₃
asila₄
asila₅
asila₆
asilal
asilal₂
asilal₃
asilal₄
asilal₅
asilal₆
asilla₂
asillal₃
ašita
AŠ@k
|AŠ@k&AŠ@k&AŠ@k&AŠ@k|
aski
aški
aškud
aškud₂
ašlag
ašlag₂
ašlag₃
ašlag₄
ašlag₅
ašlag₆
ašlag₇
ašlug
aslum
ašnan
ašnan₂
ašnana
ašša
ašša₂
ašša₃
aššan
|AŠ+SUR|
aš@t
AŠ@t
ašta
ašte
ašte₂
aštub
|A×SUD@90|
aš@v
AŠ@v
AŠ@z
|AŠ@z&AŠ@z&AŠ@z|
|AŠ@z&AŠ@z&AŠ@z&AŠ@z|
at
A@t
aṭ
at₂
aṭ₂
at₆
aṭu
atum
au
aw
aya
aya₂
aya₃
aya₄
aye
ayi
ayu
ayya
ayye
ayyi
ayyu
az
az⁻
az₂
az₃
aza
aza₂
azad
azad₂
azag
azag₂
azak
azalag
azalag₂
azalag₃
azalag₄
azalag₅
azalag₆
azalag₇
azlag
azlag₂
azlag₃
azlag₄
azlag₅
azlag₆
azlag₇
azu
azubir
azugna
azukna
aʾ
aʾ₂
aʾ₃
aʾa₃
aʾuʾu
ba
BA
ba₁₀
ba₁₁
ba₁₃
ba₁₄
ba₁₅
ba₂
ba₃
ba₄
ba₅
ba₆
ba₇
ba₈
ba₉
bab
bab₂
baba₂
babar
babar₂
babbar
babbar₂
babila
babila₂
babilim
babilim₂
babilima
babilima₂
babir
babir₂
babu
bad
BAD
bad₂
bad₃
BAD₃@90
bad₄
bad₅
bada
bada₃
|BAD×AŠ@t|
|BAD&BAD|
|BAD×DIŠ|
|BAD×DIŠ@t|
badi
baeš
bag
bag₃
BAG₃
bag₄
bah
bah₃
bahar
bahar₂
BAHAR₂
|BAHAR₂×AB₂|
|BAHAR₂×GU|
|BAHAR₂×NI|
|BAHAR₂×ZA|
bahar₃
bahar₄
bahar₅
bak
bak₂
bak₃
bakiru
bakirum
bal
BAL
bal₂
bal₃
bal₄
bala
balag
BALAG
balak
balaŋ
|BAL&BAL|
baliha
balla
balla₂
ballatu
bamen
bamin
ban
ban₂
ban₂@c
ban₂@v
BAN₂@v
ban₃
ban₄
bana
banda₂
banda₃
banda₄
banda₅
bandiliša
baneš
bania
banlimmu
banmin
bansur
banšur
bansur₂
banšur₂
bansur₃
banšur₃
banšura
bap
bappir
bappir₂
bappir₃
bappira
bappira₂
bappira₃
baq
bar
BAR
bar₂
bar₃
bar₄
bar₅
bar₆
bar₇
bar₈
bara
bara₁₀
bara₂
BARA₂
bara₃
bara₄
bara₅
bara₆
bara₇
bara₈
bara₉
barag
barag₂
|BAR×AN|
bare
BAR@g
bargi
barig
bariga@c
barig@c
barim
barim⁻
barsip
|BAR×TAB|
barzil
baš
baštum
bat
baṭ
bat₂
bat₃
bat₅
bata
batu
BAU067
BAU153
BAU161b
BAU176
BAU209
BAU269
BAU315
BAU329
BAU366
BAU377
BAU405
be
be₂
be₃
be₄
be₅
be₆
be₇
bebad
bed
bed₃
bel
bel₂
belili
ber
ber₂
ber₅
ber₆
ber₇
beš₁₂
bešeŋ
bet
bet₃
betu
bi
BI
bi₂
bi₃
bi₄
bi₅
bi₆
bi₇
bi₉
|BI×A|
bibad
|BI×BAD|
bibe
bibra
bibri
bid
bid₂
bid₃
|BI×DIŠ|
big
|BI×GAR|
|BI×IGI|
|BI×IGI@g|
bik
bil
bil₂
BIL₂@g
bil₃
bil₄
bila
bili
billuda
billudu
biltu
biluda
bin
bir
bir₂
bir₃
bir₄
bir₅
bir₆
bir₇
bir₈
bir₉
birdu
biri
biš
bis₂
bisag
bisag₂
bisag₃
bisan
bisan₂
bisan₃
bisaŋ
bisaŋ₂
bisaŋ₃
bišeba
bišeba₂
bišeba₃
bišebi
bišebi₂
bišebi₃
bit
biṭ
bit₂
bit₃
biti
bitu
bītu
bitum
biz
biz₂
bizaza
bizeg₃
bizem₃
bu
BU
bu₁₀
bu₁₁
bu₁₂
bu₁₃
bu₁₄
bu₁₅
bu₁₆
bu₂
bu₃
bu₄
bu₅
bu₆
bu₇
bu₈
bu₉
BU@90
bubbu
bubbur
bube
|BU%BU|
|BU&BU|
|BU%BU×AB|
|(BU&BU)×NA₂|
būdu
BU@g
bugin
bugin₂
bugin₃
bugin₄
buglu
buh
buk
bul
bul₂
bul₃
bul₄
bul₅
bula
bulug
BULUG
bulug₂
bulug₃
bulug₄
bulug₅
|BULUG&BULUG|
buluh
buluŋ
buluŋ₂
buluŋ₃
buluŋ₅
bum
bum₂
bun
bun₂
bunga
bungu
buni
bunig₃
bunin
bunin₂
bunin₃
bunin₄
buniŋ
buniŋ₂
buniŋ₃
bur
BUR
bur₁₀
bur₁₁
bur₁₂
bur₁₃
bur₁₄
bur₂
BUR₂
bur₃
bur₃@c
bur₃@v
BUR₃@v
bur₄
bur₅
bur₆
bur₇
bur₈
buranun
buranuna
buranunu
buru
buru₁₁
buru₁₄
buru₁₆
buru₂
buru₃
buru₄
buru₅
BURU₅
|BURU₅×AMAR@t|
buru₆
buru₇
buru₈
buru₉
buruh
burunun
burununa
burʾu
burʾu@c
buš
buš₂
BU@t
bute
buti
butu
buzur
buzur₂
buzur₃
buzur₄
buzur₅
da
DA
da₁₀
da₁₁
da₁₂
da₁₃
da₂
da₃
da₄
da₅
da₆
da₇
da₈
da₉
dab
dab₂
dab₃
dab₄
dab₅
dab₆
daba
daba₅
daban
dabašin
dabda
dabda₂
dabe
dabin
dad
dadag
dadda
dadrum
dag
DAG
dag₂
dag₃
dag₄
dag₅
dagal
dagala
dagan
|DA×GEŠ@t|
daggan
|DAG×KUR|
dagrim
dagrin
dah
dak
dak₃
dakan
dakkan
dal
dal₂
dal₃
dala
dala₂
dalhamun
dalhamun₂
dalhamun₃
dalhamun₄
dalhamun₅
dalhamun₆
dalhamun₇
dalla
dalla₂
dam
DAM
dam₀
dam₂
dam₃
dama
damal
damu
damu₂
dan
dan₂
dan₃
dan₄
dan₅
dan₆
dan₇
dana
dana₂
dana₃
danna
danna₂
dannu
daŋal
dap
dap₂
dapa₂
dapar
dapara
daparu
daq
daq₃
dar
DAR
dar₂
dar₃
dar₄
dar₆
dara₂
dara₃
DARA₃
|DARA₃×MA|
dara₄
DARA₄
DARA₄~b
dara₅
dara₆
darengal
dari₂
dari₅
daru₂
daru₅
darum₂
das
daš
daš₂
daš₃
daš₄
dašgari
dat
|DA×TAK₄|
de
de₁₀
de₂
DE₂
de₃
de₄
de₅
de₆
de₈
de₉
deb
deb₂
deh
deh₂
deh₃
dehi
dehi₂
dehi₃
dehi₄
del
del₂
del₄
dele
dele₄
delen
delen₂
delen₃
delena
delena₂
delena₃
deli
dellu
delmun
dem₂
dema
demma
demmu
demu
den
der
dergul
deš
deš₂
deš₃
deš₄
deš₅
deššu
di
DI
di₁₁
di₁₂
di₂
di₃
di₄
di₅
di₆
di₇
di₈
dib
DIB
dib₂
dib₅
dibi
dibira
dibur
did
dida
dida₂
didala
didanu
didanum
didla
didli
didnu
didnum
dig
digbir
digi
digir
dih
dih₂
dih₃
dihi
dihi₂
dihi₃
dik
dil
dil₂
dil₂⁻
dil₄
dili
dili₂
dili₄
dilib
dilib₂
dilib₃
dilib₄
dilib₅
dilib₆
dilim
dilim₂
dilim₃
dilim₄
dilim₅
dilin
dilin₂
dilin₃
dilina
dilina₂
dilina₃
dilmun
dilmuna
dilu
dilur
dim
DIM
dim₁₀
dim₁₁
dim₁₂
dim₁₃
dim₂
DIM₂
|DIM₂×SU|
|DIM₂×UD|
dim₃
dim₄
dim₅
dim₆
dim₇
dim₈
dim₉
dima
dima₂
dimer
|DIM×EŠ|
DIM@g
dimgal
dimgul
|DIM×IGI|
dimir
dimma
|DIM×MAŠ|
dimmer
dimmu
dimmuš
dimna
dimsar
|DIM×ŠE|
dimu
dimuš
din
DIN
diner
dingir
dingira
dini
dinig
dinig₂
dinig₃
dinir
DIN@t
diŋir
dip
dipar
diq
dir
dir₂
dir₃
dir₄
dirgul
diri
diri₂
dirig
diš
DIŠ
diš₂
diš₄
diša
diš@c
DIŠ@c
diš@f
DIŠ@f
disgur
DIŠ@k
diš@t
DIŠ@t
du
DU
du₁₀
du₁₁
du₁₂
du₁₃
du₁₄
du₁₅
du₁₆
du₁₇
du₁₉
du₂
du₂₀
du₂₄
du₂₅
du₂₆
du₃
du₄
du₅
du₅⁺
du₆
|DU₆×DU×KASKAL|
du₇
du₈
du₉
DU@90
dub
DUB
dub₂
DUB₂
dub₃
duba
duba₂
dubad
dubal
dubal₂
dubal₃
dubal₄
dubal₅
dubal₆
dubal₇
dubba
|DUB×LAGAB|
dubsig
dubsik
dubu
dubu₂
dubul
dubur
dubur₂
dud
dud₂
duda
dudda
duddu
dudu
|DU%DU|
|DU&DU|
dug
DU@g
DUG
dug₃
dug₄
dug₅
duga₃
duga₄
|DUG×ANŠE|
|DUG×AŠ|
|DUG×AŠ@f|
|DUG×DIN|
|DUG×DUB|
|DUG×DUN|
|DUG×ERIN₂|
DU@g@g
|DUG×GA|
|DUG×GI|
|DUG×GIR₂@g|
|DUG×GIŠ|
duggu
|DUG×HA|
|DUG×HI|
|DUG×IGI@g|
dugin
dugin₂
dugina
dugina₂
|DU@g×KASKAL|
|DUG×KASKAL|
|DUG×KUR|
|DUG×KUŠU₂|
|DUG×LAK20|
|DUG×LAM|
|DUG×(LAM×KUR)|
|DUG×LUH|
|DUG×MAŠ|
|DUG×MES|
|DUG×MI|
|DUG×NI|
|DUG×PI|
|DUG×ŠE|
|DUG×SI@g|
|DUG×ŠUBUR|
dugu
dugud
DUGUD
dugud₂
duguda
duh
DUH
DUH@g
duk
duk₂
duka
|DU×KASKAL|
dul
dul₁₀
dul₂
dul₃
dul₄
dul₅
dul₆
dul₇
dul₈
dul₉
dulu
dulum
dulum₂
dum
dum₃
dum₄
dumgal
dumu
dun
DUN
dun₃
dun₃⁺
DUN₃
DUN₃@g
DUN₃@g@g
DUN₃@g@g@s
|DUN₃@g@g×UŠ|
dun₄
DUN₄
dun₅
dun₆
duna
dunda
DUN@g
dunga
dunga₂
dungu
dup
dup₂
dupsik
duq
dur
dur₁₀
dur₁₁
dur₂
DUR₂
|DUR₂&DUR₂|
dur₃
dur₄
dur₅
dur₆
dur₇
dur₈
dur₉
durah
durah₂
duran
durba
durgul
duri
durme
dūru
duru₂
duru₃
duru₄
duru₅
duru₆
duru₉
durum
durum₂
durum₄
durun
durun₃
duruna
duruna₂
duruna₃
duruna₄
durungal
DU@s
duš
duš₂
|DU@s&DU@s|
dusi
dusi₂
dussa₂
dussu
dusu
dusu₂
duttu
duṭu
e
E
e₁₀
e₁₁
e₁₂
e₁₃
e₂
E₂
|E₂×AŠ@t|
|E₂×BAD|
|E₂×GAR|
|E₂×KUR|
|E₂×MI|
|E₂×MIN|
|E₂×PAP|
|E₂×SAL|
|E₂×ŠE|
|E₂×U|
|E₂×X|
e₃
e₄
e₅
e₆
e₇
e₈
ea
eazag
eb
eb₂
ebeh
ebih
ebih₂
ebir
ebir₃
ebir₄
ebla
ebur
eburra
ed
ed₂
ed₃
ed₄
edakua
edakua₂
edamu
eden
edena
edi
edim
edin
EDIN
edina
edur
eduru
eg
eg₂
eg₃
ega
ega₂
egar
egara
ege
ege₂
eger
eger₂
eger₃
eger₄
eger₅
eger₆
egera
egi
egi₂
egi₃
egia
egir
EGIR
egir₂
egir₃
egir₄
egir₅
egir₆
EGIR@g
egirsu
egur₄
eh
eh₂
eh₃
ehalla
ehe
eheh
ehehhe
ehi
ehili
ek
eki
el
EL
el₂
el₃
el₄
ela
elal
elal₂
elam
elama
elamkuš
elamkuš₂
elamkuš₃
elamkuš₄
elamu
eldig
ele
ele₂
eli
elilla
ella
ella₂
ellag
ellag₂
ellam
ellamkuš
ellamkuš₂
ellamkuš₃
ellamkuš₄
ellandu
ellaŋ
ellaŋ₂
ellat
ELLES065a
ELLES092
ELLES151
ELLES163
ELLES164
ELLES177
ELLES179
ELLES185
ELLES189
ELLES257
ELLES270
ELLES278
ELLES296
ELLES301
ELLES302
ELLES307b
ELLES312
ELLES313
ELLES316
ELLES324
ELLES330
ELLES358
ELLES360
ELLES396
ellil
em
em₃
em₄
emaš
eme
eme₂
eme₃
eme₄
eme₅
eme₆
eme₇
eme₈
emeda
emeda₃
emedu
emedu₂
emedub
emedub₂
emengi
emerah
emeš
emeš₂
emesig
emezi
emma
emma₂
emmen
emmen₂
emmin
emmin₂
emuš
en
EN
en₂
en₃
en₄
en₅
en₆
en₇
en₈
ena
|EN×A|
enaqa
enbir
endib
endibdim
endub
endur
enegi
enegi₃
enegir
enegir₃
enem
|EN%EN|
|EN@EN|
|EN×GAN₂|
|EN×GAN₂@t|
engar
engara
engiz
engiz₂
engur
eni
|EN×IGI@g|
enigin
enim
enim₂
enkar
enkara
enku
enkud
enkum
|EN×KUR|
|EN×MAŠ|
enme
|EN×ME|
enmen
enmen₂
enna
ennegi
ennigi
ennigi₂
ennigi₃
ennin
enšab
enšada
enšadu
ensag
ensi
ensi₂
ensi₃
ensik
enten
entena
enu
|EN×U|
|EN×X|
eŋ
eŋ₃
eŋar
eŋara
eŋer
eŋera
eŋir
eŋir₅
eŋir₆
ep
ep₂
|E×PAP|
epig
epig₂
epir
epir₂
epir₃
epir₄
eq
eqlu
eqqil
er
er₁₀
er₁₁
er₁₃
er₁₄
er₂
er₃
er₄
er₆
er₉
era
era₂
era₃
era₄
erad
erba
erbe
erbura
ere
ere₁₃
ere₁₄
erem
eren
EREN
eren₂
eren₈
erena
erena₂
|EREN×KASKAL|
ereš
ereš₂
ereš₃
ereš₄
ereš₅
erešu
eri
eri₁₁
eri₁₂
eri₁₃
eri₁₄
eri₁₅
eri₁₆
eri₃
erib
eribura
erida
erida₂
eridu
eridug
eriduga
erigal
erigal₂
erigal₃
erim
erim₂
erim₃
erim₄
erim₅
erim₆
erim₇
erima₂
erin
erin₂
ERIN₂
ERIN₂@t
|ERIN₂+X|
erin₃
erin₄
erin₅
erin₆
erin₇
erin₉
erina
erina₂
erina₈
eriš
eriš₂
eriš₄
eriš₆
eriš₇
erṣetu
eru
eru₂
eru₃
eru₄
eru₅
erua
erua₂
erum
erum₂
erum₃
erum₄
es
eš
eṣ
eš₁₀
eš₁₁
eš₁₂
eš₁₃
eš₁₄
eš₁₅
eš₁₆
eš₁₇
eš₁₈
eš₁₉
es₂
eš₂
EŠ₂
eš₂₀
eš₂₁
eš₂₂
eš₂@90
EŠ₂@90
|EŠ₂%EŠ₂|
EŠ₂@g@t
|EŠ₂@g@t%EŠ₂@g@t|
eš₂@t
EŠ₂@t
es₃
eš₃
eṣ₃
eš₄
es₅
eš₅
eš₆
eš₇
eš₈
eš₉
eša
eša₂
esa₃
eša₃
eša₅
esag
esag₂
esagtur
esaŋ
esaŋ₂
esaŋtur
ešda
ešda₂
ešda₃
eše
eše₂
eše₃
eše₃@c
eše₄
eše@c
ešela
ešelal
ešemen
ešemen₂
ešemen₃
ešemen₄
ešemen₅
ešemin
ešemin₂
ešemin₃
ešemin₄
ešemin₅
esen
ešer
eseš
ešgal
ešgar
ešgiri
ešgiri₂
esi
esibir
esig
esikilla
esin
esir
esir₂
esir₃
esir₄
esir₅
esirha
esirhia
esiš₃
eškiri
eškiri₂
ešlug
ešqa
ešša₂
ešša₃
eššaba
essad
ešsad
eššad
essadu
ešsadu
eššana
eššeb
eššu₂
eštub
et
eṭ
etam
eṭlu
eṭutu
etutum
eurre
ew
ez
ez₃
eze
ezem
ezema
ezen
EZEN
ezen₄
EZEN@90
ezena
|EZEN×A|
|EZEN×AN|
|EZEN×AŠ|
|EZEN×BAD|
|(EZEN×BAD)@s|
|EZEN×DUN₃|
|EZEN×DUN₃@g|
|EZEN×DUN₃@g@g|
|EZEN×GAN₂@t|
|EZEN×GUD|
|EZEN×HA|
|EZEN×HA@g|
|EZEN×HAL|
|EZEN×IGI@g|
|EZEN×KASKAL|
|EZEN×KU₃|
|EZEN×KUR|
|EZEN×LA|
|EZEN×LAL₂|
|EZEN×LI|
|EZEN×LU|
|EZEN@s×AŠ|
|EZEN×ŠE|
|EZEN@s×HI|
|EZEN×ŠID|
|EZEN@s×IGI@g|
|EZEN@s×LA|
|EZEN@s×LAL|
|EZEN@s×ME|
|EZEN@s×MES|
|EZEN@s×SU|
|EZEN×SU|
|EZEN×U₂|
|EZEN×U@c|
|EZEN×UD|
|EZEN×X|
ezim₂
ezin
ezin₂
ezina₂
ezina₃
ezinam₂
ezinam₃
ezinan₂
ezinu₂
ezinu₃
eʾ
eʾ₂
eʾ₃
eʾella
eʾi
eʾu
ga
GA
ga₁₁
ga₁₂
ga₁₄
ga₁₅
ga₂
GA₂
|GA₂×AN|
|GA₂×AŠ|
|GA₂×AŠ₂|
|GA₂×BAD|
|GA₂×BAHAR₂|
|GA₂×BUR|
|GA₂×DA|
|GA₂×DI|
|GA₂×DIM|
|GA₂×DIM@g|
|GA₂×DIM×ŠE|
|GA₂×DUB|
|GA₂×(DUG×IGI@g)|
|GA₂×(DUG×KASKAL)|
|GA₂×EL|
|GA₂×EN|
|GA₂×EN×GAN₂@t|
|GA₂×EREN|
|GA₂×ERIN₂|
|GA₂×GA|
|GA₂&GA₂|
|GA₂×GAM|
|GA₂×GAN₂@t|
|GA₂×GAR|
|GA₂×GI|
|GA₂×GI₄|
|GA₂×GIŠ|
|GA₂×GUD|
|GA₂×HA|
|GA₂×HAL|
|GA₂×HUB₂|
|GA₂×IGI@g|
|GA₂×IL₂|
|GA₂×KAK|
|GA₂×KASKAL|
|GA₂×KID|
|GA₂×KU|
|GA₂×LA|
|GA₂×LAM|
|GA₂×(LAM×KUR)|
|GA₂×LI|
|GA₂×LUH|
|GA₂×MI|
|GA₂×MUŠ|
|GA₂×NE|
|GA₂×NUN|
|GA₂×NUN&NUN|
|GA₂×PA|
|GA₂×SAL|
|GA₂×SAR|
|GA₂×ŠE|
|GA₂×ŠID|
|GA₂×SILA₃|
|GA₂×ŠIM|
|GA₂×ŠU|
|GA₂×SUM|
|GA₂×TAK₄|
|GA₂×TUR|
|GA₂×U|
|GA₂×UD|
|GA₂×X|
|GA₂×ZIZ₂|
ga₃
ga₄
ga₅
ga₆
ga₇
ga₈
gab
gab₂
gab₃
GAB@90
gaba
GABA
gaba₂
GABA@90
|GABA%GABA|
gabar
gabar₂
GABA@t
gabu₂
gaburra
gad
GAD
gada
|GAD+DIŠ×A|
gadi
gadibdim
gadma
gadu
gadub
gaeš
gaeš₂
gag
GA@g
gaga
gagal
gagalam
gagar
gagazu
gaggim
gagi
gagi₂
gagia
gagia₂
gagig
gagim
gagirsu
gagri
gahalla
gahili
gaiku
gaiš
gaiš₂
gak
gakim
gakiṣṣu
gakkul
gakkul₂
gakkul₃
gal
GAL
gal₁₀
gal₂
gal₃
gal₄
gal₅
gal₈
gal₉
gala
gala₁₀
gala₁₁
gala₂
gala₃
gala₄
gala₅
gala₆
gala₇
gala₈
galam
GALAM
gale
galga
galilla
galla
galla₂
galla₄
galti
galu
gam
GAM
gam₂
gam₃
gam₄
gama₂
gamar
gambi
gaml
gammu
gamu
gamun
gamun₂
gan
GAN
gan₂
GAN₂
GAN₂@g
|GAN₂%GAN₂|
|GAN₂&GAN₂|
|GAN₂×HI|
GAN₂@t
|GAN₂@t&GAN₂@t|
gan₃
gan₇
gana
gana₂
gana₃
gana₄
gana₅
gana₆
ganam₄
ganam₅
ganam₆
ganba
|GAN×HI|
|GAN×KASKAL|
GAN@s
gansis
ganu
ganun
ganzer
ganzer₂
ganzer₃
ganzir
ganzir₂
ganzir₃
gap
gap₂
gapi
gar
GAR
gar₁₀
gar₁₁
gar₁₂
gar₁₃
gar₁₄
gar₁₉
gar₂
gar₃
GAR₃
gar₄
gar₅
gar₆
gar₇
gar₈
gar₉
gara
gara₁₀
gara₁₁
gara₂
gara₃
gara₄
gara₆
gara₈
gara₉
garadin
garadin₁₀
garadin₂
garadin₃
garadin₄
garadin₅
garadin₆
garadin₇
garadin₈
garadin₉
garak
garak₅
garaš
garaš₂
garaš₃
garaš₄
garaš₅
GAR@g
garig
garig₂
garig₃
garim
garim₂
garin
gariŋ₂
garu
garza
garza₂
garzu
gas
gaš
gaṣ
gas₂
gasa
gašam
gašan
GAŠAN
gasibir
gasikilla
|GA×SILA₃|
gašmu
gaššu
gat
gat₂
gat₃
gayayu
gaz
gaz⁻
gaz₂
gaz₃
gaza
gaza₃
gazag
gazi
gazi₂
gazi₃
gazibu
gazigal
gazimbi
gazinbi
gazinbu
gazum₂
gaʾar
gaʾazag
ge
ge₁₀
ge₁₁
ge₁₂
ge₁₃
ge₁₄
ge₁₅
ge₁₆
ge₁₇
ge₁₈
ge₁₉
ge₂
ge₂₀
ge₂₁
ge₂₂
GE₂₂
ge₂₃
ge₂₄
ge₂₆
ge₂₈
ge₃
ge₄
ge₅
ge₆
ge₇
ge₈
ge₉
gedim
geg
geg₂
gegge
gel
gele₃
geleŋ
geli₃
geltan
gem
gem₃
geme₂
geme₃
gen
gen₃
gen₆
gen₇
gena
genan
genna
ger
ger₁₅
ger₂
ger₃
gereš
gereš₃
gerin
geš
geš₂
geš₂@c
GEŠ₂@c
geš₂@c@90
GEŠ₂@c@90
geš₂@c@v
GEŠ₂@c@v
geš₂@t
GEŠ₂@t
geš₃
geš₄
gešba
gešba₂
gešbu
gešbu₂
gešbun
gešbun₂
gešdu
gešdu₂
gešdu₃
gešdu₄
gešhar
gešhur
gešimmar
geškad
geškim
gešmin@c
gešminʾu@c
gešnimbar
gešnu
gešnu₂
gešpa
gešpu
gešpu₂
geššir
GEŠ@t
gešta
geštae
geštara
geštin
GEŠTIN
geština
geštin@d
|GEŠTIN×KUR|
|GEŠTIN×U|
geštu
geštu₂
geštu₃
geštu₄
geštug
geštug₂
geštug₃
gešu
GEŠU@c
|GEŠU@c×KASKAL|
GEŠU@v
gešʾu
gešʾu@c
gešʾu@v
gez
gi
GI
gi₁₀
gi₁₁
gi₁₂
gi₁₆
gi₁₇
gi₁₈
gi₂
gi₂₅
gi₂₇
gi₃
gi₄
GI₄
|GI₄%GI₄|
|GI₄&GI₄|
gi₅
gi₆
gi₇
gi₈
gi₉
gib
gib₂
gib₃
gibil
gibil⁻
gibil₂
gibil₃
gibil₄
gibil₅
gibil₆
gibil₇
gibila
gibir
gibir₂
gibiru
giburu
gid
gid₂
gid₃
gid₄
gid₆
gida₂
gida₄
gidar
gidešta
gidi₃
gidi₆
gidim
GIDIM
gidim₂
gidim₃
gidim₄
gidim₇
gidlam
gidlam₂
gidlam₃
gidlam₄
gidri
gidru
|GI×E|
gig
GIG
gig₂
gig₃
gig₄
gigam
giggi
gigi
|GI%GI|
|GI&GI|
gigi₂
gigir
gigir₂
gigir₃
gigir₄
gigira
gigira₂
gigirum
gigri
gigri₂
giguru
giguru₂
giguru₃
gikki
gil
gil₂
gil₃
gilgames
gilgameš
gilgameš₂
gilgames₃
gilgameš₃
gilgames₄
gilgameš₄
gili
gili₂
gili₃
gilib₃
gilib₄
gilili
gilim
gilim₂
gilin
gillim
gilugu
gim
gim₂
gim₃
gim₄
gim₅
gim₆
gim₇
gim₈
gimi
gin
gin₂
gin₃
gin₄
gin₅
gin₆
gin₇
gin₈
gina
gina₂
gina₃
ginan
gingira
ginna
giŋ₄
gip₂
gir
gir⁻
gir₁₀
gir₁₁
gir₁₂
gir₁₃
gir₁₄
gir₁₅
gir₁₆
gir₁₇
gir₁₈
gir₂
GIR₂
|GIR₂×AŠGAB|
GIR₂@g
gir₃
GIR₃
|GIR₃×GAN₂@t|
|GIR₃×HI|
|GIR₃×IGI|
|GIR₃×PA|
|GIR₃×ŠE|
|GIR₃×X|
|GIR₃×ZA@t|
gir₄
gir₅
gir₅⁻
gir₆
gir₇
gir₈
gir₉
gira
gira₂
gira₃
giraba
girah
gireš
gireš₂
giri
giri₁₁
giri₁₃
giri₁₆
giri₁₆⁻
giri₁₇
giri₁₉
giri₂
giri₂₀
giri₂₁
giri₃
giri₅
giri₆
giri₈
girid
girid₂
girim
girim₂
girim₃
girima₃
girimma₃
girin
girin₂
giriš
giriš₂
giriš₃
girra
giru₃
girum
girza
gis
giš
GIŠ
giṣ
giš₂
giš₃
giša
gisal
GISAL
gišal
|GIŠ×BAD|
gišbar
gisbun
gišbun
gišdu
gišdu₂
gišdu₃
|GIŠ×ERIN₂|
gišgal
|GIŠGAL×IGI|
|GIŠ%GIŠ|
|GIŠ&GIŠ|
|GIŠ×(GIŠ%GIŠ)|
gišha
gišhar
|GIŠ×HI|
gišhur
gišimmar
giškad
giskim
giškim
gišmaš
gišnimbar
gišnu
gišnu₂
giššir
gissu
GIŠ@t
gištae
|GIŠ×TAK₄|
gištaʾe
gištaʾe₂
gištaʾi
gištaʾi₂
gištu
gištu₂
gištu₃
gištug
gištug₂
gištug₃
gišturu
|GIŠ×X|
gišzal
git
git₂
giṭ₂
gitag
|GI×TAK₄|
gitlam
gitlam₂
gitlam₃
gitlam₄
|GI×U|
giz
gizal
gizal₂
gizbun
gizkim
gizzal
gizzal₂
gizzu
gu
GU
gu₁₀
gu₁₁
gu₁₃
gu₁₄
gu₁₅
gu₁₆
gu₂
GU₂
GU₂@g
|GU₂×(HI×DIŠ)|
|GU₂×(HI×U)|
|GU₂×IGI@g|
|GU₂×KAK|
|GU₂×KAK×IGI|
|GU₂×KAK×IGI@g|
|GU₂×NUN|
|GU₂×PA|
|GU₂×PAP|
GU₂@s
gu₃
gu₄
gu₅
gu₆
gu₇
gu₇⁻
gu₈
gu₉
guana
gub
gub₂
gub₃
gub₄
gub₅
guba
gubalag
gubalaga
gublaga
gubu
gubu₃
gud
GUD
gud₁₀
gud₂
gud₃
gud₄
gud₅
gud₆
gud₇
gud₈
gud₉
guda₂
guda₃
|GUD×AŠ|
|GUD×BAD|
|GUD×DIŠ|
gudedde
|GUD&GUD|
|GUD×HI|
gudibdim
gudibir
gudibir₂
gudiddi
|GUD×KASKAL|
|GUD×KUR|
|(GUD×KUR₂)&(GUD×KUR₂)|
gudma
GUD@s
|GUD×ŠE|
gudu
gudu₁₀
gudu₁₁
gudu₂
gudu₄
gudu₅
|GUD×UD|
gudug
gudug₂
gueriši
gug
gug₂
gug₃
gug₄
gug₅
gug₆
gugarid
guggal
guggim
gugim
gugina
gugru
|GU%GU|
|GU&GU|
gugu₂
|GU×GU@90|
gugumu
guhšu
guhšu₂
gukim
gukin
gukin₂
gukiri
gukkal
gukri
gul
GUL
gul₂
gul₃
gulla
gulu
gum
GUM
gum₂
gum₃
gum₄
gumgum
gumgumšu
gumle
|GUM×ŠE|
gumu
|GUM×X|
gun
gun₂
gun₃
gun₄
gun₅
guna₄
gunin₂
gunni
gunu₃
gunu₄
gup
gup₂
gup₅
guq
gur
GUR
gur₁₀
gur₁₁
gur₁₂
gur₁₃
gur₁₄
gur₁₅
gur₁₆
gur₁₇
gur₁₈
gur₁₉
gur₂
gur₂₁
gur₂₂
gur₃
gur₄
gur₅
gur₆
gur₇
GUR₇
|(GUR₇&GUR₇)×AN|
gur₈
gur₉
gura
gura₈
|GUR×AŠ@c|
gurdub
gurdub₂
gurin
guru
guru₁₂
guru₁₇
guru₁₉
guru₂
guru₂₀
guru₂₁
guru₃
guru₅
guru₆
guru₇
guru₈
gurud
gurud₂
guruda
gurum
gurum₂
gurun
GURUN
gurun₂
gurun₃
gurun₄
gurun₅
gurun₇
gurun₈
guruš
GURUŠ
guruš₂
guruš₃
guruš₄
gurusa
gurušda
gurušta
gurušti
guš
guškin
gušur
gušur₂
gutir
guz
guz₂
guz₃
guza
guzza
ha
ha⁺
HA
ha₂
ha₃
ha₄
ha₅
ha₆
ha₇
ha₈
hab
hab₂
haba
habrud
habrud₂
habrud₃
habrud₄
habruda
habruda₂
habruda₃
habruda₄
habur
had
had₂
had₃
had₄
hada₂
HA@g
hahad
haia
hal
HAL
hal₂
hala
halba
halba₂
halba₃
halba₄
halba₅
halba₆
halbi
halbi₂
halbi₃
halbi₄
halbi₅
halbi₆
halbu
halbu₂
halbu₃
halbu₄
halbu₅
halbu₆
halib
halpi
halpia
halubba
hamanzer
hamun
hanburuda
haniš
haniš₂
haniš₃
hanzalub
hap
hap₂
har
har₂
har₃
hara
hara₂
hara₃
hara₄
hara₅
haru₄
harub
haruba
has
haš
haṣ
has₂
haš₂
haṣ₂
haš₃
haš₄
hašhur
hat
HA@t
haṭ
hata
|HA@t×BAD|
HA@t@g
haya
haz
haz₂
hazabur
he
he₂
hegal
henbur
henbur₂
hendur
henzer
henzir
heŋal
her
heš
heš₂
heš₅
hi
HI
hi₂
|HI×AŠ|
|HI×AŠ₂|
|HI×AŠ@c|
|(HI×AŠ)&(HI×AŠ)|
|HI×BAD|
hibira
hibis
hibis₂
hibiz
hibiz₂
|HI×DIŠ|
HI@g
|HI×GAD|
|HI×HAL|
|HI×HI|
|HI×KIN|
hilib
hilib₂
hilibu
|HI×MAŠ|
|HI×NUN|
|HI×PA|
|HI×PAP|
hir
hir₂
hirim
hirin
hirin₂
his
hiš
hiš₂
hiš₃
hiš₄
|HI×SAR|
|HI×ŠE|
|HI×U|
|HI×X|
hiz
hu
HU
hu₂
hu₃
hu₄
hu₅
hub
hub₂
HUB₂
|HUB₂×AN|
|HUB₂×HAL|
|HUB₂×KASKAL|
|HUB₂×LIŠ|
|HUB₂×UD|
hubhub
hubhub₂
hubud
hubur
hud
hud₂
hud₃
hud₄
hudbu
huduš
hug
HU@g
huhud
hul
hul₂
HUL₂
|HUL₂×X|
hul₃
hul₄
hula
hula₂
hulpad
hulu
huluh
hulum
hulum₂
hulum₃
hum
humu
humuh
hun
hunin
huŋ
hup
hup₂
hur
hurim
hurin
hursag
hursaŋ
huru
hus
huš
huš⁻
hus₂
huš₂
huša
hutpu
huya
huz
i
I
i₁₀
i₁₁
i₁₄
i₁₅
i₁₆
i₂
i₃
i₄
i₅
i₆
i₇
i₈
ia
ia₁₀
ia₂
IA₂
ia₃
ia₄
ia₅
ia₇
ia₈
ia₉
ib
IB
ib₂
ibbanunna
ibbi
ibbi₂
ibila
ibila₂
ibila₃
ibila₄
ibira
ibira₂
id
id₂
id₃
id₄
id₅
id₆
id₇
id₈
ida₂
iddir
idi
idi₂
idi₃
idigna
idim
IDIM
idin
ie
ig
IG
ig₂
ig₃
iga
igar
igeštu
igi
IGI
igi₂
igi₃
|IGI×A|
IGI@g
igira
igira₂
igiru
igištu
igu
ih
ih₂
ii
ik
iku
iku₂
iku@c
IKU@c
iku@c@v
IKU@c@v
iku@t
IKU@t
il
IL
il₁₀
il₂
IL₂
IL₂@n
il₃
il₄
il₅
il₆
il₈
il₉
ila
ila₂
ilamma
ilar
ilba
ilba₂
ildag
ildag₂
ildag₃
ildag₄
ildu
ildu₂
ildu₃
ildum
ildum₂
ildum₃
ilduma
ilduma₂
ilduma₃
ildumma
ildumma₂
ildumma₃
|IL×GAN₂@t|
ili
ilī
ili₂
ili₅
ili₆
ili₇
ilimmu
ILIMMU
ilimmu₂
ilimmu₃
ILIMMU3
ilimmu₄
illa
illag
illamma
illar
illat
illatu
illil
illil₂
illu
illulu
illur
illuru
ilu
ilumer
ilumer₂
ilumer₃
im
IM
im₂
im₂⁻
im₃
im₅
im₆
imdudu
IM@g
imgaga
imgaga₂
imgaga₃
imhur₂
imhur₃
imhur₄
imi
imi₂
|IM%IM|
|IM&IM|
|IM@IM|
imin
IMIN
imin₂
imin₃
imina
imina₂
imina₃
imma
imma₂
imma₃
immal
immal₂
immal₃
immeli
immen
immen₂
immin
immin₂
immindu
immindu₂
imminte
imŋaŋa
imŋaŋa₂
imŋaŋa₃
|IM×TAK₄|
in
IN
in₄
in₅
in₆
ina
ina₂
inana
inanna
inbir
inda
inda₂
inda₃
inda₄
inda₅
indagara
indagra
ingar
ini
ini₂
ini₄
inim
inini
inna
innana
innin
inšušinak
inta₃
inu₂
iŋ₃
ip
ip₂
ipig
iq
ir
IR
ir₁₀
ir₁₁
ir₁₃
ir₁₇
ir₂
ir₃
ir₄
ir₅
ir₆
ir₇
ir₉
ira₂
irbura
irda
ire₁₄
irgi
irhan
iri
iri₁₁
iri₁₂
iri₁₄
iri₈
irib
irib₂
iribura
irigal
irigal₂
irigal₃
irimma
irina
irina₃
irišeb
irkab
irra
irsaŋ
irtu
is
iś
iš
IŠ
iṣ
iš₁₀
iš₁₁
is₂
iš₂
iṣ₂
is₃
iš₃
iṣ₃
iš₄
is₅
iš₅
iš₆
iš₇
iš₈
iš₉
išdu
išhara
išhara₂
išhara₃
išhara₄
išhur₄
išhuru
išhuru₂
išhuru₃
išhuru₄
išhuru₅
išhurum₃
išhurum₅
isi
iši
isi₂
iši₂
isi₃
isib
išib
isim₂
isim₃
isima
isimu
isimu₂
isimu₃
isimu₄
isimud
isimud₄
isin
išin
isin₂
isina
isiš
isiš₂
isiš₃
iski
iškila
iškili
iskim
iškur
isla
išla
išli
iššebu
ištar
ištaran
iṣu
išuruengal
isurungal
i@t
it
I@t
iṭ
it₂
it₄
ita₄
ita₅
iti
iti₂
iti₃
iti₄
iti₅
iti₆
iti₇
itid
itid₂
itim
itima
itima₂
ITI@s
|ITI@s×BAD|
itu
itu₂
itu₄
itu₅
itud
itud₂
iu
iu₂
iw
iya
iyi
iyu
iyya
iyyi
iyyu
iz
iz₂
iz₃
izen
izi
izi₂
izid
izim
izin
izkim
izu
izun
iʾ
iʾ₂
ka
KA
ka₁₀
ka₁₁
ka₁₃
ka₁₄
ka₁₅
KA@180
ka₂
KA₂
|KA₂%KA₂|
ka₃
ka₄
ka₅
ka₆
|KA×6(DIŠ)|
ka₇
ka₈
ka₉
|KA×A|
|KA×AD|
|KA×AŠ|
|KA×AŠ₂|
kab
KAB
kab₂
|KA×BAD|
|KA×BAL|
|KA×BALAG|
kabar
|KA×BAR|
kabar₂
KAB@g
|KA×BI|
KAB@s
kabta
|KA×BU|
kad
kad₂
KAD₂
kad₃
KAD₃
kad₄
KAD₄
kad₅
KAD₅
|KAD₅&KAD₅|
kad₆
kad₈
|KA×DIŠ|
kadra
kadra₂
kadra₃
kadri
kadri₃
kadru
kadru₃
|KA×DU|
|KA×DUB₂|
|KA×ERIN₂|
|KA×EŠ|
|KA×EŠ₂|
kag₂
|KA×GA|
|KA×GA₂|
|KA×GAL|
|KA×GAN|
|KA×GAN₂|
|KA×GAN₂@t|
kagar
|KA×GAR|
|KA×GI|
|KA×GIG|
|KA×GIR₂|
|KA×GIŠ|
|KA×GIŠ%GIŠ|
|KA×GU|
|KA×GUD|
|KA×GUR₇|
|KA×HI×AŠ₂|
|KA×IGI|
|KA×IM|
kak
KAK
kak₂
|KA&KA|
|KA×KA|
|KA×KAD₃|
|KA×KAK|
|KAK+DIŠ|
|KA×KI|
|KA×KID|
|KA×KID₂|
|KAK×IGI@g|
|KAK&KAK|
kakkala
kakkuda
kakkul
kakkul₂
kakkul₃
kakkula
kakkuša
kakra
kakru
kaku
|KA×KU|
kal
KAL
kal₂
kal₃
kal₄
kala
kala₁₀
kala₂
kala₃
kala₄
kala₅
kalag
kalaga
kalam
kalam₂
kalama
|KAL×BAD|
kalbu
kalga
|KA×LI|
|KAL%KAL|
|KA×LU|
|KA×LUM|
KAL@v
kam
kam₂
KAM₂
kam₃
kam₄
KAM₄
kama
kama₅
kamad₂
kamaru
kamaš
|KA×MAŠ|
|KA×ME|
|KA×MES|
|KA×MI|
|KAM×U|
kamuš
KAM@v
kan
kan₂
kan₃
kan₄
kan₅
kan₆
kana
|KA×NA|
kana₂
kana₃
kana₅
kana₆
kana₇
kanam
kanaŋ
|KA×NE|
|KA×NI₂|
kankal
kankan
|KA×NUN|
kap
kap₀
KAP₀
kap₃
kapa
|KA×PA|
kapar
kapara₃
|KA×PI|
kaptu
kaq
kar
KA@r
kar₂
kar₃
kar₄
kar₅
kara
kara₂
kara₄
kara₆
karadin
karadin₁₀
karadin₂
karadin₃
karadin₄
karadin₅
karadin₆
karadin₇
karadin₈
karadin₉
karam
karaš
karaš₂
karkar
karkara
|KA×RU|
kas
kaš
kaṣ
kas₂
kaš₂
kaṣ₂
kas₃
kaš₃
kaṣ₃
kas₄
kaš₄
kaš₄⁻
kas₅
kaš₅
kas₆
kaš₆
kas₇
kasa
|KA×SA|
|KA×ŠA|
|KA×SAL|
|KA×SAR|
|KA×ŠAR₂|
kašbir
|KA×ŠE|
|KA×ŠE@f|
KAŠ@g
|KA×SI|
|KA×ŠID|
|KA×SIG|
kaskal
KASKAL
kaššeba
kaššeba₂
kaššeba₃
kaššebi
kaššebi₂
kaššebi₃
|KA×ŠU|
|KA×SUHUR|
kat
kat₂
kat₃
kat₄
kat₅
kat₇
kata₃
|KA×TAR|
|KA×TE|
|KA×TIL|
|KA×TU|
|KA×U|
|KA×U₂|
|KA×UD|
|KA×UMUM×PA|
|KA×UR|
|KA×UR₂|
|KA×URUDA|
|KA×UŠ|
|KA×UZU|
|KA×X|
kaz
kaz₀
kaz₈
kaz₉
kazab
kazabu
kazabur
kazaza
kazbi
kazbu
|KA×ZI|
ke
ke₂
ke₃
ke₄
ke₅
kel
kel₃
kele
kem
ken
ken₂
kenke
ker
keš
keš₁₈
keš₂
KEŠ₂
|KEŠ₂×A|
keš₃
keš₄
keš₇
keš₈
keš₉
kešda
keše
keše₂
keše₄
keši₁₈
keši₂
keši₃
ket
ki
KI
ki₂
ki₃
ki₄
ki₅
ki₆
ki₇
ki₈
kib
kib₃
|KI×BAD|
KIB@g
kibini
kibir₂
kibir₃
kibsur
kibšur
kid
KID
kid₁₀
kid₂
kid₃
kid₄
kid₅
kid₆
kid₇
kid₈
kid₉
kide
kig₂
kik
kikken
kikken₂
kikkin
kikkin₂
kikla
kil
kil₂
kil₃
kil₄
kilahha
kili
kili₃
kilib
kilib₃
kilibu
kilim
kilim₂
kilim₃
kilin
kim
kim₂
kim₃
kim₄
kim₅
kim₆
kimin
kin
KIN
kin₂
kin₃
kin₄
kin₅
kin₇
kin₈
kinbur
kinda
kinda₂
kindagal
kindagal₂
kindaŋal
kinga
kingal
kingusila
kingusili
KINGUSILI
kingusili₂
kinkin
kinkin₂
|KIN×UD|
kiŋ
kiŋ₂
kiŋgal
kip
kir
kir⁻
kir₁₀
kir₁₁
kir₁₂
kir₁₃
kir₁₄
kir₁₇
kir₂
kir₃
kir₄
kir₅
kir₆
kir₇
kir₈
kir₉
kiraš
kiraši
kirbanu
kiri
kiri₂
kiri₃
kiri₄
kiri₅
kiri₆
kiri₇
kiri₈
kiri₉
kirid
kirim
kiris
kirit
kis
kiš
KIŠ
kiṣ
kiš₁₆
kis₂
kiš₂
kiš₅
kiša
kiša₂
kišādu
kišag
kisal
KISAL
|KISAL×PAP|
|KISAL×UD|
kiše
kiše₄
kišeb
kišeg
kišeg₂
kišek
kišer
KIŠ@g
kisi
kiši
kiši₁₀
kiši₁₁
kiši₁₂
kiši₁₃
kiši₁₄
kiši₁₅
kiši₁₆
kiši₁₇
kiši₂
kiši₃
kiši₄
kiši₅
kiši₆
kiši₇
kiši₈
kiši₉
kišib
kišib₂
kišib₃
kisig
kišig
kisig₂
kišig₂
kisiga
kišik
kišik₂
kisim
kisim₂
kisim₃
kisim₄
kisim₅
KISIM₅
kišim₅
|KISIM₅×KAK|
|KISIM₅&KISIM₅|
kisim₆
kisim₇
kislah
kislah₂
kislah₃
KIŠ@s
kissa
|KIŠ×TIL|
kit
kiṭ
kit₁₀
kit₂
kit₉
kitim
|KI×U|
|KI×UD|
|KI×X|
kizlah
ku
KU
ku₁₀
ku₁₁
ku₁₂
ku₁₃
ku₁₄
ku₁₅
ku₁₆
ku₂
ku₃
KU₃
ku₄
KU₄
KU₄~a
ku₅
ku₆
ku₇
KU₇
ku₈
ku₉
kua
kua₂
kuar
kuar₂
kuara
kuara₂
kub
kub₄
kud
kud₃
kud₅
kud₆
kudma
kug
kugre
kugu
kugur
kuia
kuk
kuk₂
kukku
kukku₂
kukku₃
kukku₄
kukku₅
kukkuda
kukkuda₂
kukkug₂
kukkuš
kukkuša
kukkušda
kuksu
kuksu₂
kuku₅
kukuda₂
kukula
kul
KUL
kul₂
kula
KUL@d
kulkul
kulla
kulu
kum
kum₂
kum₃
kum₄
kun
KUN
kun₁₀
kun₂
kun₃
kun₄
kun₅
kun₈
kun₉
kunga
kunga₂
kunga₃
kungal
kungi
kungi₂
kungi₃
kunigara
kunigara₂
kunigara₃
kunigara₄
kunigara₅
kunin
kunin₂
kunin₃
kunu
kuŋ₂
kuŋ₄
kuŋ₅
kuŋgala
kup
kup₃
kup₄
kur
KUR
kur₁₁
kur₁₂
kur₁₄
kur₁₅
kur₂
kur₃
kur₄
kur₅
kur₆
kur₇
kur₈
kur₉
kurin
kurku
kurku₂
|KUR@KUR|
kurnun
kuru
kuru₁₁
kuru₁₃
kuru₁₄
kuru₂
kuru₄
kuru₅
kuru₇
kurud
kuruda
kurul₁₄
kurum₁₀
kurum₅
kurum₆
kurum₇
kurun
kurun₂
kurun₃
kurun₅
kurun₆
kuruš
kurušda
kus
kuš
kuš₁₀
kus₂
kuš₂
kuš₂⁻
kuṣ₂
kuš₃
kuš₄
kuš₅
kuš₆
kuš₇
kuš₈
kuš₉
kušdim
kušgim
kušlug
kušu
kušu₂
KUŠU₂
|KUŠU₂×KASKAL|
|KUŠU₂×SAL|
kušu₃
kušu₄
kušum
kušum₂
kušum₃
kušum₄
kut
KU@t
kut₂
kutra
kutu
kutu₂
kuwa₂
kuya₂
kuz
kuz₃
kuzbi
kuzbu
KWU171
KWU173
KWU276
KWU289
KWU290
KWU306
KWU318
KWU442
KWU491
KWU504
KWU543
KWU634
KWU672
KWU715
KWU729
KWU732
KWU733
KWU734
KWU745
KWU798
KWU822
KWU879
KWU896
la
LA
la₁₀
la₁₂
la₂
LA₂@t
la₃
la₄
la₅
la₆
la₇
la₈
lab
lab₂
laban
lad
lag
lagab
LAGAB
|LAGAB×1(N01)|
|LAGAB×A|
|LAGAB×AL|
|LAGAB×AN|
|LAGAB×AŠ|
|LAGAB×AŠ₂|
|LAGAB×AŠ@t|
|LAGAB×AŠ@z|
|LAGAB×BAD|
|LAGAB×(BAD&BAD)|
|LAGAB×BAR|
|LAGAB×BI|
|LAGAB×DAR|
|LAGAB×EN|
|LAGAB×GA|
|LAGAB×GAL|
|LAGAB×GAN₂|
|LAGAB×GAR|
|LAGAB×GUD|
|LAGAB×(GUD&GUD)|
|LAGAB×(GUD&GUD)+HUL₂|
|LAGAB×GUR|
|LAGAB×HA|
|LAGAB×HAL|
|LAGAB×HI×NUN|
|LAGAB×IGI|
|LAGAB×IGI@g|
|LAGAB×IM|
|LAGAB×KI|
|LAGAB×KIN|
|LAGAB×KU₃|
|LAGAB×KUL|
|LAGAB×LAGAB|
|LAGAB×LAGAR|
|LAGAB×LAK175|
|LAGAB×LIŠ|
|LAGAB×LU|
|LAGAB×LUL|
|LAGAB×ME|
|LAGAB×MUŠ|
|LAGAB×NE|
|LAGAB×NUN|
|LAGAB×PA|
|LAGAB×PAP|
|LAGAB×ŠE|
|LAGAB×SI|
|LAGAB×ŠITA|
|LAGAB×ŠITA₂|
|LAGAB×ŠU|
|LAGAB×ŠU₂|
|LAGAB×SUM|
|LAGAB×TAG|
|LAGAB×TAK₄|
|LAGAB×TIL|
|LAGAB×U|
|LAGAB×UD|
|LAGAB×UN|
|LAGAB×UŠ|
|LAGAB×UŠ₂|
|LAGAB×X|
|LAGAB×ZA|
|LAGAB×(ZU&ZU)|
lagal
lagar
LAGAR
lagar₂
lagar₃
LAGAR@g
|LAGAR@g&LAGAR@g|
|LAGAR@g×ŠE|
|LAGAR×ŠE|
|LAGAR×SUM|
|LAGAR×X|
|LAGAR×ZA|
lagas
lagaš
lagasa
lagaša
lah
lah₂
lah₃
lah₄
lah₅
lah₆
lah₇
laha₃
laha₄
laha₅
lahar
lahar₂
lahhušu
lahra
lahru
lahrum
lahrum₂
lahšu
LAHŠU
lahta₆
lahtan
lahtan₂
lahtan₃
lahtan₄
lahtan₅
lahtan₆
lak
LAK046a
LAK046@v
LAK061
LAK077
LAK079
|(LAK079&LAK079)@g|
LAK093
LAK099
LAK11
LAK120
LAK125
LAK13
LAK130
LAK132
LAK141
LAK142
LAK151
LAK171@s
LAK173
LAK178
LAK195
LAK20
LAK202
LAK203
LAK205
LAK207a
LAK21
LAK210
LAK213
LAK219
LAK220
LAK222
LAK225
LAK228
LAK231
LAK233@g
LAK234
LAK238
LAK239
LAK240
LAK241
LAK244
LAK246
LAK247
LAK248
LAK248b
LAK248@g
LAK25
LAK252
LAK256
LAK256@g
LAK262
LAK262@g
LAK263
|LAK263×BAR|
LAK265
LAK266
LAK27
LAK28
LAK280
LAK283a
LAK286
LAK287
LAK298
LAK3
LAK30
LAK304@270
LAK304a
LAK309a
LAK315
LAK328
LAK332
LAK336
LAK340
LAK343
LAK347
LAK348
LAK349
LAK350@90
LAK363
LAK368@s
LAK369
LAK37
LAK380
LAK383
LAK384
LAK386
LAK387
LAK388
LAK390
LAK407
LAK408
LAK409
LAK410
LAK416
LAK431
LAK433
LAK441
LAK444
LAK445
LAK449
LAK449a
|LAK449a×GU|
|LAK449a×IGI|
LAK449b
|LAK449×GU|
|LAK449×IGI|
|LAK449×SI|
LAK450
LAK453
LAK456
LAK457
LAK459
LAK460
LAK461a
LAK470
LAK471
LAK483
LAK488
LAK490
LAK490@90
|LAK490×KASKAL|
LAK492
LAK493
LAK495
LAK496
LAK498
LAK499
LAK50
LAK500
LAK508
LAK51
LAK526
LAK530
LAK539
LAK545
LAK546
LAK550
LAK558
LAK605
LAK606
LAK607
LAK608
LAK617
|LAK617×AŠ|
|LAK617×BAD|
|LAK617×DUN₃@g@g|
|LAK617×KU₃|
|LAK617×LA|
|LAK617×LA@n|
|LAK617×MIR|
|LAK617×TAR|
|LAK617×TE|
|LAK617×U₂|
|LAK617×UD|
|LAK617×URUDA|
LAK636
LAK638
LAK643
LAK646
LAK647
LAK648
|LAK648×1(DIŠ@c)|
|LAK648×DUB|
|LAK648×GA|
|LAK648×IGI|
|LAK648×IGI@g|
|LAK648×IM|
|LAK648×NI|
|LAK648×UD|
|LAK648×URUDA|
LAK649
LAK654a
LAK708
LAK712
LAK722
LAK724
LAK747
LAK748
LAK749
LAK764
LAK765
LAK768
LAK771
LAK772b
LAK773
LAK774
LAK776
LAK777@s
LAK779
LAK780
LAK786
LAK791a
LAK80
LAK804
LAK805
LAK806
LAK81
LAK811
LAK812
LAK814
|LAK81&LAK81|
LAK821
LAK92
laka
lal
LAL
lal₂
LAL₂
|LAL₂×DU|
|LAL₂×DUR₂|
|LAL₂×HAL|
|LAL₂×KAK|
|LAL₂×TUG₂|
|LAL₂×(URU×MIN)|
lal₃
lal₅
lal₆
lala₂
lalah
lalah₂
|LAL×DIŠ|
|LAL×KU|
lalla
lalla₂
|LAL×LAGAB|
lallal
LAL@r
lalʾu
lalʾu₂
lalʾu₃
lalʾu₄
lalʾu₅
lalʾu₆
lalʾu₇
lam
LAM
lam₂
lam₃
lam₄
lam₅
lam₇
lama
lama₂
lama₃
lamahuš
lamar
lamassu
lambi
lamga
lamhu
|LAM×KUR|
lamma
lammar
lammu
lammu₂
lammu₆
LA@n
lap
laq
lar
larag
larag₂
larsa
larsa₂
larsam
larsam₂
lāsimu
lat
laṭ
lata
laʾu
laʾu₂
laʾu₃
laʾu₄
laʾu₅
laʾu₆
laʾu₇
laʾu₈
le
le₁₀
le₂
le₃
le₄
le₈
le₉
leb
lel₂
lel₄
lelle
lelli
lem
lem₄
lep
leq
let
leʾum
li
LI
li₁₀
li₁₁
li₁₂
li₂
li₃
li₅
li₆
li₇
li₈
li₉
lib
lib₂
lib₃
lib₄
lib₅
libi
libin
libir
libiš
libit
lid
lid₂
lidda
lidda₂
lidim
lig
ligidba
ligidba₂
ligim
ligima
ligin
lih
lih₂
lih₃
lih₄
lik
lik₂
liki
lil
LIL
lil₂
lil₃
lil₅
lil₆
lil₇
lil₈
lila₂
|LI&LI|
lilib
lilis
liliz
lillan
lilli
lillu
lim
lim₂
lim₃
lim₄
lima
limi
limmu
LIMMU
limmu₂
LIMMU₂
limmu₃
limmu₄
limmu₅
LIMMU~a
LIMMU~b
limu
limu₂
limu₃
limu₄
limu₅
lip
lip₂
lip₃
lipiš
liq
liq₂
liq₃
liri
liri₂
liri₃
liri₄
liri₅
liri₆
liri₇
liri₈
liru
liru₂
liru₃
liru₄
liru₅
liru₆
liru₇
liru₈
lirum
lirum₂
lirum₃
lirum₄
lirum₅
lirum₆
lirum₇
lirum₈
lis
liš
LIŠ
lisi
lisin
lit
liṭ
liṭ₂
liti
liṭi
lium
liz
lu
LU
lu₁₀
lu₂
LU₂
LU₂@90
|LU₂×AL|
|LU₂×AŠ₂|
|LU₂×BAD|
|(LU₂×BAD)@t|
|LU₂×DIŠ|
|LU₂×EŠ₂|
|LU₂×EŠ₂@t|
LU₂@g
|LU₂×GAM|
|LU₂×GAN₂@t|
|LU₂@g×AŠ|
|LU₂×HAL|
|LU₂×HI×BAD|
|LU₂×IM|
|LU₂×KAD₂|
|LU₂×KAD₃|
|LU₂×KI|
|LU₂×LAGAB|
|LU₂×LIL|
|LU₂%LU₂|
|LU₂&LU₂|
|LU₂@LU₂|
|LU₂×NE|
|LU₂×NU|
|LU₂×PAP|
LU₂@s
|LU₂×ŠA₃|
|LU₂@s×BAD|
|LU₂@s+GAM|
|LU₂@s×TIL|
|LU₂×ŠU|
LU₂@t
|LU₂×TAK₄|
|LU₂×TUG₂|
|LU₂×UŠ₂|
|LU₂×X|
lu₃
LU₃
lu₄
lu₅
lu₆
lu₇
lu₇⁻
lu₈
lu₉
lub
|LU×BAD|
lubun
lud
lug
lug₂
luga
lugal
LUGAL
lugala
|LUGAL%LUGAL|
|LUGAL&LUGAL|
|LUGAL@LUGAL|
LUGAL@s
lugud
lugud₂
lugud₃
lugud₄
luh
LUH
LUH@180
luhša
luhšu
luhu
luhum
luhummu
lukur
lul
LUL
lulim
lulima
|LUL×ŠE|
lulu
lum
LUM
lum₂
lum₃
luma
lumgi
lumgi₂
lumgi₃
lumha
|LUM%LUM|
|LUM&LUM|
lumu
lumu₃
lun
lunga
lunga₂
lunga₃
luŋ₂
luŋa
lup
lut
luṭ
lutu
luṭu
ma
MA
ma₁₀
ma₂
MA₂
|MA×2(N57)|
ma₃
ma₄
ma₅
ma₆
ma₇
ma₈
ma₉
mabi
mabi₂
mabi₃
mad
mada
madal
madla
madlu
madul
MA@g
|MA×GAN₂@t|
magar
magara
|MA@g×TAK₄|
mah
MAH
mah₂
mah₃
maha
maha₂
mahar
mahar₂
MAH@g
mahra
mahru
mah@v
MAH@v
mak₀
makaš
makaš₂
makkaš
makkaš₂
mal
mal₂
mal₃
mal₄
mala
malba
malga
malla
malug
mam
mam₂
mam₃
mammi
mammi₂
mammi₃
man
man₂
man₃
mana
mangaga
mangara
mar
MAR
mar₂
mar₃
mar₅
mar₆
mara
mara₂
marad
marad₂
marduk
maru
maru⁻
mas
maś
maš
MAŠ
maṣ
maš₂
MAŠ₂
MAŠ₂@g
maš₃
maš₄
maša
mašaku
mašammi
mašda
mašda₂
mašda₃
mašda₄
mašgagen
mašgi
māṣit
maškim
maškim₂
maškim₃
maškum
mašmin
massa
massa₂
maššam
MAŠ@t
mat
maṭ
mat₂
mat₃
matšammi
|MA×X|
maz₀
maz₂
me
ME
me₁₀
me₁₁
me₂
me₃
me₄
me₅
me₆
me₇
me₈
me₉
mebulug
mebulug₂
mebulug₃
med
medda
medda₂
meddu
meddu₂
medu
megida
megida₂
megidda
megidda₂
meh
mehida
mehidi
mehidu
mel
mel₂
mel₃
mele₂
meli
meli₂
mem
men
men₂
men₃
men₄
men₅
menari
menbulug
menbulug₂
menbulug₃
mer
mer₂
mer₃
mer₄
mere
meri₃
merimer
merimer₂
merimer₃
merimer₄
merimer₅
merimeri
merimeri₂
merimeri₃
merimeri₄
merimeri₅
mermer
mermer₂
mermer₃
mermer₄
mermer₅
mermeri
mermeri₂
mermeri₃
mermeri₄
mermeri₅
mes
MES
meš
meṣ
mes₂
meš₂
mes₃
meš₃
mesa
meša
mesi
met
meṭa
meṭa₂
mete
meṭu
meṭu₂
mez
meze
mezeg
mezem
mezeŋ
mi
MI
mi₂
mi₃
mi₄
mi₅
mid
midda
midda₂
middu
middu₂
midra
migir
migir₂
mih
mil
mili
mili₂
milla
mim
mim₂
mim₃
mim₄
|MI&MI|
min
MIN
min₂
min₃
min₄
min₅
min₆
min₇
min₈
mina
mina₃
minbulug
minbulug₂
mir
mir₂
mir₅
miri
mis
miš
miṣ
miš₂
miš₃
misal
mišhaš
mišsun
mit
miṭ
miṭa
miṭa₂
miti
mitta
mitta₂
mittu
miṭṭu
mittu₂
mitu
miṭu
miṭu₂
mitum
mitum₂
mizal
mizeg
mizem
mu
MU
mu₁₀
mu₁₁
mu₁₂
mu₁₃
mu₁₄
mu₂
mu₃
mu₄
mu₅
mu₆
mu₇
mu₈
mu₉
mua
muati
muatu
mud
mud₂
mud₃
|MUD₃@g×GU|
mud₄
mud₅
mud₆
mud₇
mud₈
mudgi
mudla
mudlu
mudra₃
mudra₅
mudra₆
mudru
mudru₂
mudru₃
mudru₄
mudru₅
mudru₆
mudrum₄
mudul
mug
MUG
mug₂
muga
MUG@g
muh
muh₂
muh₃
muh₄
muhaldim
muhaldima
muhhu
muk
muk₀
muk₃
mul
mul₂
mul₃
mul₄
mulla
mullil
mullu
mulu
mulu₄
mum
mummun
|MU&MU|
mumun
mun
mun₂
mun₃
mun₄
mun₅
mun₆
munsub
MUNSUB
munšub
munsub₂
munšub₂
munsub₃
munsub₄
munu
munu₂
munu₃
munu₄
munu₅
munu₆
munus
munussa
munuz
munzer
munzur
muq
mur
mur₁₀
mur₂
mur₃
mur₆
mur₇
mur₈
murgišur
murgišur₂
murgu
murgu₂
MURGU₂
murgu₃
muri
murim
muru
muru₁₁
muru₁₂
muru₁₃
muru₂
muru₃
muru₄
muru₅
muru₆
muru₉
murub
murub₂
murub₃
murub₄
MURUB₄
MURUB₄@g
murub₅
murub₆
murum
murum₁₁
murum₄
murum₅
murum₆
mus
muš
MUŠ
muṣ
muš₂
muš₃
MUŠ₃
|MUŠ₃×A|
|MUŠ₃×DI|
MUŠ₃@g
|MUŠ₃&MUŠ₃|
|MUŠ₃×MUŠ₃|
|MUŠ₃×PA|
|MUŠ₃×ZA|
muš₄
muš₅
muš₆
muš₇
muš₈
muš₉
MUŠ@90
|MUŠ×A|
mušda
mušdam
mušdama
mušdama₂
mušen
|MUŠEN×2(N57)|
mušena
|MUŠ×ERIN₂|
|MUŠ×GAD|
muši
mušku
|MUŠ×KUR|
|MUŠ%MUŠ|
|MUŠ&MUŠ|
|MUŠ%MUŠ×AB|
|MUŠ&MUŠ×AB|
|(MUŠ&MUŠ)×GA|
|(MUŠ&MUŠ)×KAK|
|MUŠ%MUŠ×MAŠ|
|(MUŠ&MUŠ)×NA|
|MUŠ×PA|
mussa
muššagana
muššagana₂
MUŠ@t
muštaptin
muštu
muštu₂
muštug
muštug₂
mušu
musub
musub₂
musub₃
musub₄
musug₂
musug₄
musug₅
musur
|MUŠ×ZA|
mut
muṭ
mut₂
muthum
muwa
muwati
muya
muyati
muz
muzer
muzir
muzug
muzug₂
muzug₄
muzug₆
|N8×DIŠ|
na
NA
na₂
NA₂
na₃
na₄
na₅
na₆
na₇
na₈
nab
nab₃
nab₄
nad
nad₃
nag
nag₃
nag₄
naga
NAGA
NAGA@180
naga₂
naga₃
naga₄
nagada
|NAGA×DIŠ|
nagal
|NAGA@NAGA|
nagar
NAGAR
nagara
|NAGAR×ZA@t|
|NAGA×ŠU@t|
NAGA@t
nagbu
nagga
nagiri
nah
nah₂
nak
nak₂
nam
NAM
nam₂
NAM₂
NAM₂@g@t
NAM₂@t
nam₃
nam₄
nama
namma
nammu
namri
namru
namšeše
nan
nan₂
nan₃
nanam
nanam₂
nanga
nanga₂
nanga₃
nanga₄
nanga₅
nanga₆
nanibgal
nanibgal₂
nanna
nanše
naŋ
naŋ₃
naŋ₄
naŋa
naŋa₃
naŋa₄
naŋar
nap
nap₂
nappilu
naq
nar
nar₃
nari
naš
našše
nat
nat₂
nata
nazi
ne
NE
ne₂
ne₃
ne₄
ne₅
ne₆
ne₇
ne₈
|NE×A|
ned
neda
|NE×KASKAL|
nem
nemur
nemur₂
nen
nen₉
nenim
nenin
nenkum
nenna
nenna₂
nenni
nenni₂
nenni₅
|NE×PAP|
neq₂
ner
nerah
nergal
nerigal
nes
NE@s
neš
neš₂
neša
nesag
nesag₂
nesag₃
nesaŋ
nesaŋ₂
|NE×UD|
ni
NI
ni₁₀
ni₁₁
ni₂
NI₂
ni₃
ni₄
ni₅
ni₆
ni₇
ni₈
ni₉
nib
nibri
nibru
nid
nida
nida₂
nidaba
nidaba₂
nidalam
nidalam₂
nidalam₃
nidalam₄
nidba
nidba₂
nidlam
nidlam₂
nidlam₃
nidlam₄
|NI×E|
nieš
nig
nig₂
nig₆
niga
nigan
nigar
niggi
niggin
nigginaku
nigi
nigi₂
nigi₃
nigida
nigidaeš
NIGIDAEŠ
NIGIDAEŠ@c
nigidalimmu
nigidamin
NIGIDAMIN
NIGIDAMIN@c
nigin
nigin₁₀
nigin₁₁
nigin₂
nigin₃
nigin₄
nigin₅
nigin₆
nigin₇
nigin₈
nigin₉
nigir
nigir₂
nigir₃
nigru
nigu
nik
nik₂
nik₅
nika
nilimmu
nim
NIM
nim₂
nim₃
nim₄
nim₅
nima
nimar
nimbar
nimem₃
nimen
nimen₂
nimen₄
nimen₅
|NIM×GAN₂|
|NIM×GAN₂@t|
nimgigre
nimgigri
nimgigri₂
nimgin₃
nimgir
nimgir₂
nimgirgirri
nimgirgirri₂
nimin
nimin₃
nimina
nimŋirŋirri₂
nimur
nin
nin₁₀
nin₂
nin₃
nin₄
nin₅
nin₆
nin₇
nin₉
nina
nina₂
nina₃
nina₄
ninagal
ninda
ninda₂
NINDA₂
NINDA₂@180
|NINDA₂×1(N06)|
|NINDA₂×2(DIŠ)|
|NINDA₂×2(DIŠ@c)|
|NINDA₂×2(N01)|
|NINDA₂×3(AŠ)|
|NINDA₂×3(AŠ@c)|
|NINDA₂×AN|
|NINDA₂×AŠ|
|NINDA₂×AŠ@c|
|NINDA₂×BAL|
|NINDA₂×DIM@g|
|NINDA₂×DIŠ@c|
|NINDA₂×DUB|
|NINDA₂×DUN₃@g|
|NINDA₂×GAL|
|NINDA₂×GAR₃|
|NINDA₂×GI|
|NINDA₂×GIŠ|
|NINDA₂×GUD|
|NINDA₂×GUL|
|NINDA₂×HI|
|NINDA₂×IGI@g|
|NINDA₂×KEŠ₂|
|NINDA₂×LAK50|
|NINDA₂×MAŠ|
|NINDA₂×MI|
|NINDA₂×NE|
|NINDA₂×NUMUN|
|NINDA₂×NUN|
|NINDA₂×ŠANABI@c|
|NINDA₂×ŠE|
|NINDA₂×ŠID|
|NINDA₂×ŠIM|
|NINDA₂×ŠUŠANA@c|
|NINDA₂×TUR|
|NINDA₂×U|
|NINDA₂×U₂|
|NINDA₂×U@c|
|NINDA₂×URUDA|
|NINDA₂×UŠ|
|NINDA₂×X|
ninda₃
ninda₄
nindaba
nindamekar
nindan
nindar
nindu
nindu₂
ningi
ningi₂
ningi₃
ningin₃
ningin₄
nini
|NI&NI|
ninim
ninindu
ninindu₂
ninir
ninkum
ninmuš
ninna
ninna₂
ninni₂
ninni₃
ninni₄
ninni₅
ninni₆
ninni₇
ninni₈
ninnim₄
ninnim₇
ninnu
ninnu₂
ninta
ninta₂
nintah
nintah₂
nintah₃
nintahu
niŋ
niŋ₂
niŋ₆
niŋar
niŋdaba
niŋdaba₂
niŋen
niŋen₂
niŋen₅
niŋen₆
niŋi₂
niŋin
niŋin₁₁
niŋin₂
niŋin₃
niŋin₄
niŋin₅
niŋin₆
niŋin₈
niŋin₉
niŋir
niŋir₂
niq
niq₂
nir
nir₂
nir₃
nir₄
nir₅
nir₆
nir₇
nira
nira₂
nira₃
nirah
nis
niš
nis₂
niš₂
niša
nisaba
nisaba₂
nisag
NISAG
nisag₂
nisag₃
nisaga
nisagga
nisaŋ
nisaŋ₂
nisi
nisig
nisku
niskum
nissa
nit
niṭ
nita
nita₂
nita₃
nita₄
nitadam
nitadam₂
nitadam₄
nitah
nitah₂
nitah₃
nitahu
nitalam
nitalam₂
nitalam₃
nitalam₄
nitlam
nitlam₂
nitlam₃
nitlam₄
nu
NU
nu₁₀
nu₁₁
NU₁₁
NU₁₁@90
NU₁₁@t
nu₁₂
nu₁₃
nu₂
nu₃
nu₄
nu₅
nu₆
nu₇
nu₈
nu₉
nud
nug
nug₂
num
num₂
numdu
numdum
numdun
numgišur
numu
numun
numun₂
numun₃
numun@d
nun
NUN
nun₂
nun₃
nuna
nundu
nundum
nundun
nungi
nungi₂
nungi₃
nunmeli
|NUN%NUN|
|NUN&NUN|
|(NUN&NUN)&(NUN&NUN)|
nunpe
NUN@t
nunu
nunun
nunurra
nunurru
nunus
nunuz
NUNUZ
NUNUZ~a
nunuzzi
nuŋun
nur
nura
nuri
nurra
nuru
nus
nuska
nuška
nuska₂
nuška₂
nusku
nusku₂
nušku₂
nussu
|NU×U|
nuz
nuzzi
ŋa₁₀
ŋa₂
ŋa₃
ŋa₆
ŋaburra
ŋadub
ŋagi₂
ŋagia
ŋagia₂
ŋahalla
ŋahili
ŋaiku
ŋal₂
ŋal₄
ŋalga
ŋalilla
ŋanun
ŋaŋirsu
ŋar
ŋar₃
ŋar₇
ŋar₈
ŋarim
ŋarim₂
ŋarin
ŋarza
ŋarza₂
ŋarzu
ŋasag
ŋasibir
ŋasikilla
ŋe₂₆
ŋe₆
ŋe₇
ŋedar
ŋedru
ŋeli₃
ŋen
ŋepar
ŋer₁₅
ŋereš₂
ŋeš
ŋeš₂
ŋeš₂@c
ŋeš₂@c@v
ŋeš₃
ŋešba
ŋešba₂
ŋešbu
ŋešbu₂
ŋešbun
ŋešbun₂
ŋešdan
ŋešdan₂
ŋešdan₃
ŋešdan₄
ŋešdana
ŋešdana₂
ŋešdana₃
ŋešdana₄
ŋešdu
ŋešgal
ŋešgem
ŋešhar
ŋešhur
ŋešimmar
ŋeškim
ŋešmaš
ŋešnimbar
ŋešninbar
ŋešnu
ŋešnu₂
ŋešnu₃
ŋešpa
ŋešpu
ŋešpu₂
ŋessal
ŋeššir
ŋessu
ŋessun
ŋeštae
ŋeštan
ŋeštan₂
ŋeštan₃
ŋeštan₄
ŋeštana
ŋeštana₂
ŋeštana₃
ŋeštana₄
ŋeštin
ŋeština
ŋeštu
ŋeštu₂
ŋeštu₃
ŋestug
ŋeštug
ŋeštug₂
ŋeštug₃
ŋeštukul₂
ŋešturu
ŋešʾu
ŋešʾu@c
ŋezzal
ŋi₂₅
ŋi₆
ŋi₇
ŋidlam
ŋidlam₂
ŋidlam₃
ŋidlam₄
ŋidri
ŋidru
ŋili₃
ŋim₆
ŋin
ŋir
ŋir₁₅
ŋir₂
ŋir₃
ŋiri
ŋiri₁₆
ŋiri₂
ŋiri₃
ŋiš
ŋiš₂
ŋiš₃
ŋisal
ŋišbum
ŋišbun
ŋišbun₂
ŋišdu
ŋišgal
ŋišimmar
ŋiskim
ŋiškim
ŋišnimbar
ŋišnu
ŋišnu₂
ŋiššir
ŋissu
ŋištu
ŋištu₂
ŋištu₃
ŋistug
ŋištug
ŋištug₂
ŋištug₃
ŋitlam
ŋitlam₂
ŋitlam₃
ŋiz
ŋizal
ŋizzal
ŋizzal₂
ŋu₁₀
ŋulla
ŋur₂₃
ŋur₂₄
ŋurgu
ŋurgu₂
ŋuruš
ŋušur
ŋušur₂
pa
PA
pa₁₀
pa₁₂
pa₂
pa₃
pa₄
pa₅
pa₆
pa₇
pa₈
pa₉
pab
pad
PAD
pad₂
pad₃
pad₄
pad₅
pad₆
pada
pag
pagra₃
pah
pah₃
pak
pal
pala
pala₂
pala₃
pala₄
palil
palil₂
pan
PAN
pan₂
pan₃
pana
pansur
panšur
panu
pap
PAP
papa₂
papnun
paq
par
par₂
par₃
par₄
par₅
par₆
par₇
para
para₁₀
para₂
para₃
para₄
para₅
para₆
para₇
para₈
para₉
parag
parim
parsa
pat
paṭ
pat₂
paṭ₂
pata
patru
pe
pe₂
pe₃
pe₄
pe₅
pel
pel₂
pel₅
per
per₂
pes
peš
peš⁻
peš₁₀
peš₁₁
peš₁₂
peš₁₃
peš₁₄
peš₂
PEŠ₂
peš₃
peš₄
peš₅
peš₆
peš₇
peš₈
peš₉
pešše
pet
pet₂
pi
PI
pi₂
pi₃
pi₄
pi₅
pi₇
pi₈
|PI×A|
|PI×AB|
|PI×BI|
|PI×BU|
pid
pid₂
|PI×E|
pih
pihu
pihu₂
pihu₃
pihu₄
pihu₅
pihu₆
|PI×I|
|PI×IB|
pik
pil
pil₂
pil₃
pil₄
pil₆
pil₇
pin
|PI%PI|
piq
pir
pir₂
pir₃
pir₆
pirig
PIRIG
pirig₂
pirig₃
piriga
|PIRIG×KAL|
|PIRIG@PIRIG|
|PIRIG×ŠE|
|PIRIG×UD|
|PIRIG×X|
|PIRIG×ZA|
piriŋ
piriŋ⁺
piriŋ₂
piriŋ₃
piriŋa
piru
pis
piš
piš₁₀
piš₂
piš₄
piš₅
piš₆
piša
pisag
pisag₂
pisag₃
pisan
pisan₂
pisan₃
pisaŋ
pisaŋ₂
pisaŋ₃
pit
piṭ
pit₂
pitru
|PI×U|
|PI×U₂|
pu
pu₁₁
pu₂
pu₃
pu₅
pu₆
puglu
puh
puhrum
puk
pul
pul₂
pul₃
pum
puq₂
pur
pur₁₃
puru
pus
puš₂
puš₃
puš₄
puta
pute
puti
putu
puzru
puzur
puzur₂
puzur₃
puzur₄
puzur₅
qa
qa₂
qa₃
qa₄
qa₆
qab
qab₂
qablu
qad
qad₂
qad₃
qad₆
qadma
qadmu
qal
qal₃
qal₄
qam
qam₂
qan
qan₂
qap
qap₂
qaptu
qaq
qaqqaru
qar
qar₂
qar₃
qara₃
qat
qat₂
qat₃
qat₅
qat₆
qat₇
qat₈
qata
qati
qe
qe₂
qe₃
qe₄
qeb
qel
qep
qer
qer₃
qer₅
qi
qi₂
qi₃
qi₄
qi₅
qi₆
qib
qid
qid₂
qid₄
qil
qil₂
qili₂
qim
qimku
qin
qip
qiq
qir
qir₃
qir₆
qir₇
qiri
qis
qiš
qišat
qit
qit₂
qit₃
qu
qu₂
qu₃
qu₅
qu₆
qub
qud
qudma
qudmu
qul
qul₂
qum
qum₂
qum₃
qun
qup
qup₂
qur
qur₂
qur₃
qur₄
qur₈
quru
qut
qutra
qutu
ra
RA
ra₂
ra₃
ra₄
ra₅
ra₆
rab
RAB
rab₂
rab₃
rab₄
raba
rābiṣu
rabita
rad
rag
ragab₃
rah
rah₂
rak
rak₀
ram
ram₀
ram₂
rama
raman
ramanu
rap
rap₂
rapiku
rapikum
rapiqu
rapiqu₂
raq
ras
raš
raš₂
rašu
rat
raṭ
rata
razu
re
re₁₂
re₂
re₃
re₆
re₇
re₈
reb
REC107
REC144
REC169
REC344
REC558
REC56
red
reg
rek
rem
rem₂
reme
reme₂
rep
req
res
reš
rēšu
ret
reʾe
reʾi
reʾu
ri
RI
ri₁₀
ri₁₂
ri₂
ri₃
ri₄
ri₅
ri₆
ri₇
ri₈
ri₉
rib
rid
rig
rig₁₀
rig₁₁
rig₁₂
rig₂
rig₃
rig₅
rig₇
rig₈
rig₉
rige₁₂
rih
rik
rik₂
rik₄
rim
rim₂
rim₃
rim₄
rim₅
rimu₂
rin
rin₂
rin₃
rin₄
rin₅
rin₆
rina₂
riŋ₂
rip
riq
riq₂
ririg
ris
riš
rit
riṭ
rit₂
RSP380bis
RSP468bis
RSP468ter
ru
RU
ru₁₀
ru₁₁
ru₁₂
ru₁₃
ru₁₄
ru₂
ru₃
ru₄
ru₅
ru₆
ru₇
ru₈
ru₉
rub
rud
rug
rug₂
ruh
ruh₂
ruk
|RU×KUR|
rum
rum₂
rum₃
ruq
ruqu
ruš
rušban
rušpan
ruṭ
sa
SA
śa
ša
ŠA
ṣa
sa₁₀
ša₁₀
sa₁₁
ša₁₁
sa₁₂
ša₁₂
sa₁₃
ša₁₃
sa₁₄
sa₁₅
ša₁₅
sa₁₆
ša₁₆
sa₁₇
ša₁₇
sa₁₈
ša₁₈
sa₁₉
sa₂
śa₂
ša₂
sa₂₀
sa₂₁
ša₂₁
ša₂₂
ša₂₃
ša₂₄
sa₃
ša₃
ŠA₃
ṣa₃
|ŠA₃×A|
|ŠA₃×BAD|
|ŠA₃×GIŠ|
|ŠA₃×NE|
|ŠA₃×SAL|
|ŠA₃×ŠU₂|
|ŠA₃×TAR|
|ŠA₃×TUR|
|ŠA₃×U|
|ŠA₃×X|
sa₄
ša₄
sa₅
ša₅
sa₆
ša₆
ŠA₆
ŠA₆@t
sa₇
ša₇
sa₈
ša₈
sa₉
ša₉
|ŠA×AN|
sab
šab
ṣab
šab₀
šab₂
šab₄
šab₅
šab₆
ŠAB₆
saba
šaba
sabad
sabad₂
sabad₃
šabalbal
sabar
šabra
šabra₂
sabu
šabu
ṣābu
sad
šad
sad₂
šad₂
sad₃
sad₄
šada
šadi
sadu
šadu
sag
SAG
šag
sag₁₀
sag₁₁
sag₁₂
sag₂
sag₃
šag₃
sag₄
šag₄
sag₅
šag₅
šag₆
sag₇
sag₈
sag₉
|SAG×A|
šaga
saga₁₀
saga₁₁
šaga₂
saga₇
šagan
šagan₂
šagana
šagar
sagbar
sagdu
|SAG×DU|
|SAG×DU₃|
|SAG×DUB|
sagdudu
sagdul
|SAG×EN|
SAG@g
sagga
sagga₂
sagga₃
sagga₄
sagga₅
sagga₆
|SAG×GAN₂@t|
saggar
saggar₂
|SAG@g×HA|
šaggin
šaggina
|SAG@g×MIN|
|SAG×HA|
sagi
šagia
|SAG×IG|
šagina
|SAG×KAK|
|SAG×KU|
|SAG×KUR|
sagkurini
sagkurun
|SAG×LAM|
|SAG×LUM|
sagman
sagmaš
|SAG×MAŠ|
|SAG×MI|
sagmin
|SAG×MIN|
sagmunzer
sagmunzir
SAG@n
SAG@n@g
|SAG×NI|
|SAG×NUN|
|SAG&SAG|
|SAG×SAL|
|SAG×SAR|
|SAG×ŠID|
sagšu
sagtag
sagtag₃
sagtak
sagtak₃
|SAG×TAK₄|
|SAG×TAK₄@f|
|SAG×U|
|SAG×U₂|
|SAG×UB|
|SAG×UM|
|SAG×UR|
sagus
saguš
|SAG×UŠ|
|SAG×X|
sah
šah
ṣah
sah₂
šah₂
ṣah₂
sah₃
šah₃
sah₄
sah₆
sah₇
saha
šaha
šaha₂
saha₆
saha₇
sahab
šahab
sahab₂
šahab₂
sahan
šahan
šahan₂
šahan₃
sahar
sahar₂
sahardub
sak
šak
ṣak
sak₃
sak₆
šak₆
šak₇
šakaka
šakan
šakan₂
šakan₃
šakan₄
šakan₅
šakan₆
šakanka
sakar
šakar
šakir
šakir₃
šakira
šakira₂
šakira₃
šakiri
sakkan
šakkan
sakkan₂
šakkan₂
šakkan₆
šakkan₇
šakkana
sal
SAL
šal
ṣal
|SAL×1(N58)|
sal₂
šal₂
sal₃
šal₃
sal₄
sala
sala₄
salagud
salah
ṣalam
šalam₂
šalambi
šalaš
salgud
salim
|SAL×KUR|
šallam
šallam₂
šallur
ṣalmu
salubug₂
salugub
salugub₂
sam
šam
sam₂
šam₂
šam₃
šam₄
samag
samag₂
samag₃
samag₄
samag₅
samag₆
saman
šaman⁺
saman₂
šaman₂
saman₃
saman₄
saman₅
samannu
samanur
šamanur
šamanur⁺
šamaš
šamaš₂
šamnu
samun⁺
san
šan
san₂
šan₂
san₃
šanaba
šanabaku₂
šanabi
ŠANABI
šanabi₂
ŠANABI@c
šanapi
sandak₄
šandan
šandana
šandilimma
sanga
šanga
sanga₂
SANGA₂
sanga₃
sanga₄
sanga₅
sanga₆
sanga₇
šanga₇
sangu
sangu₂
sangu₃
sangu₄
sangu₅
sangu₆
šanna
santa
santa₂
santa₃
santa₄
santag
šantag
santag₂
santag₃
santag₄
santak
šantak
santak₂
šantak₂
santak₃
santak₄
santan
santana
saŋ
saŋ₄
saŋ₅
saŋa
šaŋa
saŋa₂
saŋa₃
saŋa₄
saŋa₅
saŋa₆
saŋa₇
saŋa₈
šaŋan
šaŋar
saŋdu
saŋdudu
saŋdul
saŋkurun
saŋman
saŋmaš
saŋmin
saŋŋa
saŋŋa₂
saŋŋa₃
saŋŋa₄
saŋŋa₅
saŋŋa₆
saŋŋa₇
saŋŋar
saŋŋar₂
saŋšu
saŋtak
saŋtak₂
saŋtak₃
saŋtak₄
saŋus
saŋuš
sap
šap
ṣap
šap₀
sap₂
sap₃
šap₅
šap₆
ṣapa
saparu
šapra
šapra₂
saq
šaq
šaqa
šaqa₂
šaqu
šaqu₂
šaqu₃
šaqum
sar
SAR
śar
šar
ṣar
sar₂
šar₂
ŠAR₂
ṣar₂
|ŠAR₂×1(GEŠ₂)|
|ŠAR₂×1(U)|
|ŠAR₂×2(U)|
|ŠAR₂×3(U)|
|ŠAR₂×4(U)|
|ŠAR₂×5(U)|
šar₂@c
ŠAR₂@c
ŠAR₂@c@v
|ŠAR₂×GAD|
|ŠAR₂×GAL|
|ŠAR₂×HA|
|ŠAR₂×KASKAL|
|ŠAR₂×U@g|
sar₃
šar₃
ṣar₃
sar₄
šar₄
sar₅
šar₅
sar₆
šar₆
sar₇
šar₇
sar₈
šar₈
šar₉
sar@90
SAR@90
sara
šara
ṣara
sara₂
šara₂
šara₃
šara₄
šara₅
šara₆
šara₇
šara₉
šarag
šaran
šaran₂
šarap
šardiš
sare₂
sargad
šargad
šargadu
šargal
šargal@c
ŠARGAL@c
šargaldiš
šargalmin
šarin
šarnimin
šarninnu
šarniš
šarŋeš
šarra
šarru
šarru₂
šarrum
sarsa
|SAR&SAR|
|SAR×ŠE|
šaru
|SAR×U₂|
šaru@c
šarušu
šaru@v
|SAR×ZIZ₂|
|SAR×ZU&ZU|
šarʾu
šarʾu@c
šarʾu@v
sas
šas
šaš
šaṣ
šašamanur
šaški
šašku
šasuk
sat
šat
šaṭ
sata
šata
šatam
šaṭam
šattam
sa@v
SA@v
šaz
se
śe
še
ŠE
ṣe
se₁₀
še₁₀
se₁₁
še₁₁
se₁₂
še₁₂
še₁₃
še₁₄
se₁₅
še₁₅
še₁₆
še₁₇
še₁₈
še₁₉
se₂
śe₂
še₂
ṣe₂
se₂₀
še₂₀
še₂₁
še₂₂
še₂₃
se₂₄
še₂₄
se₂₅
še₂₅
se₂₆
še₂₆
še₂₆⁻
se₂₇
še₂₇
se₂₈
še₂₈
se₂₉
še₂₉
se₃
še₃
še₃@90
še₃@t
še₄
še₅
še₆
še₇
se₈
še₈
se₉
še₉
šeb
šeb₄
sed
šed
šed₁₀
šed₁₁
šed₁₂
šed₁₃
šed₁₄
šed₁₅
šed₁₆
šed₁₇
sed₃
šed₃
sed₄
šed₄
sed₅
šed₅
sed₆
šed₆
sed₇
šed₇
sed₈
šed₈
šed₉
sedi
sedi₃
sedi₄
sedi₅
sedi₆
sedi₇
sedi₈
|ŠE×DIŠ|
šedu
šēdu
šedu₂
šedu₃
šedur
seg
seg₁₀
šeg₁₀
seg₁₁
šeg₁₁
šeg₁₂
šeg₁₃
seg₁₄
šeg₁₄
seg₁₅
seg₁₆
seg₁₇
seg₁₈
šeg₁₈
seg₂
seg₃
šeg₃
seg₄
šeg₄
seg₅
šeg₅
seg₆
šeg₆
seg₇
šeg₇
seg₈
šeg₈
seg₉
šeg₉
ŠEG₉
šega₉
segga
šegga
ṣeh
seh₂
ṣeh₂
sek
šek₂
|ŠE+KIN|
šeknu
|ŠE+KU|
sel
šel
šel₄
sem
śem
šem
sem₃
šem₃
šem₄
sem₅
šem₅
šem₆
šem₇
šembi
šembi⁻
šembi₂
šembi₃
šembirida
šembizi
šembizid
šembulug
šembulug₃
šembulug₄
šembulug₅
šemešal
šemmišla
šemmug
šemšala
šemuš
šen
ŠEN
šen₂
šen₄
šen₅
šenbar
šendilima
šeneg
šennu
šennur
šeŋ
šeŋ₁₄
šeŋ₃
šeŋ₆
šeŋ₇
šeŋ₉
šeŋbar
sep
šep
ṣep
šeq₂
ser
šer
ṣer
šer₁₀
šer₁₁
ser₂
šer₂
ser₃
šer₃
šer₄
šer₇
šer₉
šerah
šerba
šeri
šerid
šerim
šerim₂
šerimsur
šerinsur
šerkan
sermuššu
šerrida
šeru
ses
šes
šeš
ŠEŠ
šeš₂
ŠEŠ₂
ŠEŠ₂@g
šeš₃
šeš₄
šesag
|ŠE&ŠE|
ŠEŠLAM
šešlam₂
šeššed
šeššed₂
šeššed₃
šeššeg
šet
ŠE@t
|ŠE@v+NAM₂|
si
SI
śi
ši
ṣi
si₁₁
si₁₂
si₁₃
si₁₄
si₁₅
si₁₇
si₁₈
si₁₉
si₂
śi₂
ši₂
ṣi₂
si₂₀
si₂₁
si₂₂
si₂₃
si₂₉
si₃
śi₃
ši₃
ṣi₃
si₄
ši₄
si₅
ši₅
si₆
ši₆
si₇
ši₇
si₈
ṣi₉
sib
šib
ṣib
šib₀
sib₂
šib₂
ṣib₂
sib₃
šib₃
šib₄
siba
sibad
ṣibi
sibir
šibir
sibir₂
šibir₂
sibsib
sid
šid
ŠID
sid₂
šid₂
šid₃
|ŠID×A|
sidar
|ŠID×AŠ@t|
šidi
šidim
|ŠID×IM|
sidra
sidug
sidug₂
siduga₂
sidugga
sidugga₂
|ŠID×ZA|
sig
SI@g
SIG
šig
sig₁₀
sig₁₁
sig₁₄
sig₁₅
sig₁₅@v
sig₁₆
sig₁₇
sig₁₈
sig₁₉
sig₂
sig₃
sig₄
SIG₄
sig₅
šig₅
sig₆
sig₇
sig₈
sig₉
siga
siga₁₈
šigagu
sigga
sigga₂
sih
ših
sih₂
ših₂
sih₄
sih₅
sik
šik
sik₁₀
sik₂
SIK₂
šik₂
|SIK₂×NUN|
šika
šikahara
šikangu
siki
siki₂
sikil
sikin
šikin
šikin₂
šikin₃
šikira₃
sil
šil
ṣil
sil₁₀
sil₂
ṣil₂
sil₃
šil₃
ṣil₃
sil₄
šil₄
ṣil₄
sil₅
sil₆
sil₇
sil₈
sil₉
sila
sila₁₁
sila₃
SILA₃
|SILA₃×ŠE|
sila₄
silag
silaku
silal
šilam
šilam⁻
šilam₂
silaŋ
silig
šilig
silig₂
silig₃
silig₄
silig₅
šilig₅
silig₆
šilig₆
silig₇
šilig₇
silim
silim₂
silima
silima₂
sillal
ṣillu
sim
śim
šim
ŠIM
ṣim
sim₂
śim₂
šim₂
sim₃
sim₄
sim₅
|ŠIM×A|
šimašgi
šimašgi₂
šimaški
šimaški₂
|ŠIM×BAL|
šimbi
šimbi₂
šimbi₃
šimbirida
šimbizi
šimbulug
|ŠIM×BULUG|
šimbulug₂
šimbulug₃
šimbulug₄
šimbulug₅
|ŠIM×DIN|
simed
šimešal
šimeššal
ŠIM@g
|ŠIM×GAR|
|ŠIM×GIG|
|ŠIM@g×KUŠU₂|
|ŠIM@g×PI|
|ŠIM×HI|
simig
|ŠIM×IGI|
|ŠIM×IGI@g|
|ŠIM×KUŠU₂|
|ŠIM×KUŠU₂+KASKAL|
|ŠIM×LUL|
šimmešla
šimmug
|ŠIM×MUG|
|ŠIM×PI|
|ŠIM×SAL|
|ŠIM×ŠE|
simug
sin
šin
ṣin
sin₂
šin₂
sin₃
šina
šindilib
šindilimma
šinig
ŠINIG
sip
šip
ṣip
šip₀
sip₂
sip₃
šip₃
sip₄
sipa
sipa₂
sipad
sipar
sippar
siq
šiq
šiq₂
šiq₄
sir
šir
ŠIR
ṣir
šir₁₀
sir₂
šir₂
sir₃
šir₃
sir₄
šir₄
sir₅
šir₅
šir₆
šir₈
šir₉
širam
sirara
sirara₂
sirara₃
sirara₄
sirara₅
sirara₆
siraran
siraš
siraš₂
siraš₃
sirda
širi
širi₄
širim
sirim₂
siris
siriš
siris₂
siris₃
siris₄
siris₅
sirmuššu
sirru
sirsir
ŠIR@t
siru
širu
sirum
širum
sis
siš
šiš
šiṣ
ṣiṣ
šiš₂
sishe
sisi
siskur
siškur
siskur₂
siškur₂
šit
šiṭ
sit₂
šita
ŠITA
šita₂
šita₃
šita₄
šita₅
ŠITA~a
|SI×TAK₄|
šitan
ŠITA@t
šiten
šiti
šitim
šitim₂
ṣītu
siu
šiz
šizbu
sizkur
sizkur₂
su
SU
śu
šu
ŠU
ṣu
su₁₀
šu₁₀
su₁₁
šu₁₁
su₁₂
šu₁₂
su₁₃
šu₁₃
su₁₄
šu₁₄
su₁₅
šu₁₅
su₁₆
šu₁₆
su₁₇
su₁₈
ŠU@180
su₂
śu₂
šu₂
ŠU₂
ṣu₂
su₂₀
su₃
su₃⁻
śu₃
šu₃
su₄
šu₄
su₅
šu₅
su₆
šu₆
su₇
šu₇
su₈
su₉
|SU×A|
sub
šub
sub₂
sub₃
šub₃
sub₄
šub₄
sub₅
šub₅
sub₆
šub₆
sub₇
šub₇
šub₈
suba
šuba
suba₂
šuba₂
suba₃
šuba₃
suba₄
šuba₄
šuba₅
subar
šubar
šubartin
šubba
subi
subi₂
subi₃
subi₄
subir
šubtu
šubtu₃
šubtu₄
šubtu₅
šubtu₆
šubtu₇
šubtum₃
šubtum₄
šubtum₅
šubtum₆
šubtum₇
subu
šubul
šubun
subur
šubur
ŠUBUR
subur₂
šubur₂
šubura
šu@c
ŠU@c
sud
sud⁻
SUD
šud
sud₂
SUD₂
šud₂
sud₃
šud₃
sud₄
šud₄
sud₅
SUD@90
šude₃
SUD@g
šudu₃
šudug
šudul
šudul₂
šudul₃
šudul₄
šudul₅
šudul₆
šudulu
šudum
šudun
šudun₂
šudun₃
šudun₄
šudun₅
suen
suena
sug
šug
sug₂
sug₄
sug₅
sug₆
sug₇
sug₈
sug₉
sugal
sugal₂
sugal₃
sugal₄
sugal₅
sugal₆
sugal₇
šugbar
šugi
sugin
šugmaš
šugur
suh
šuh
suh₁₀
suh₂
šuh₂
suh₃
suh₄
suh₅
suh₆
suh₇
suhirim
suhirin
suhub
šuhub
suhub₂
šuhub₂
suhub₃
suhub₄
šuhub₄
suhub₅
suhul
suhul₂
suhul₃
suhur
SUHUR
suhuš
suhuš⁻
šuhuš
suhuš₂
suk
šuk
šuk₂
suk₃
šuk₃
sukal
šukal
šukbar
sukkal
šukkal
sukkal₂
sukkal₃
šukra
šuku
šuku₂
šuku₃
suku₄
suku₅
suku₆
sukud
sukud₂
šukud₂
sukud₃
šukud₃
šukun₃
šukur
šukur₂
sukuš
sul
šul
sul₂
sul₃
šul₃
sul₄
sulgar
sullat
šullat
sullat₂
šullat₂
sullim
sulu
sulug
suluhu
suluhu₂
suluhu₃
suluhu₄
sulumhi
sulumhi₂
sulumhi₃
sulumhi₄
sulummar
sulummar₂
sum
SUM
śum
šum
ṣum
sum₂
śum₂
šum₂
sum₃
šum₃
sum₄
šum₄
sum₅
šum₅
sum₆
sumaš
SUMAŠ
SUMAŠ@g
šumati
|SUM×DIŠ|
šumgamme
sumu
šumu
šumu₂
šumu₃
sumug
sumug₂
sumug₃
sumug₄
sumug₅
sumugan
sumugga
sumukan
sumun
šumun
sumun₂
sumuna₂
sumunda
šumunda
sumunu₂
sumuqan
sumur
sumur⁻
sumur₂
sumur₃
sun
šun
sun₂
šun₂
sun₃
šun₃
sun₄
šun₄
sun₅
sun₆
sun₇
suna
suna₂
sungin
šunigin
šuniŋin
šup
sup₂
šup₂
šup₃
suq
šuq
sur
SUR
śur
šur
ṣur
sur₁₀
sur₁₁
sur₁₂
sur₁₄
sur₂
sur₂⁻
śur₂
šur₂
šur₂⁻
ṣur₂
sur₃
šur₃
sur₄
šur₄
sur₅
šur₅
sur₆
šur₆
sur₇
sur₈
sur₉
SUR₉
sura
sura₁₀
sura₁₂
sura₁₃
sura₉
surengal
surgal
suri
šurim
šurim₃
šurin₄
šurin₅
šuripak
šuripak₂
šurippak
šurippak₂
šurmen
šurmin
surra₁₃
surru
surru₂
ṣurṣub
ṣurṣub₂
šuru
ṣuru
šuru₂
šuru₃
suru₅
šuru₆
suruen
suruengal
surugal
šurum
šurum₃
šurum₆
šurun
šurun₂
šurun₃
šurun₄
šurun₅
surungal
šurupak
šurupak₂
šuruppag
šuruppak
šuruppak₂
sus
suš
ŠU@s
šuš
sus₂
suš₂
šuš₂
suš₃
šuš₃
šuš₄
šuš₅
šuš₆
susan
šušana
ŠUŠANA
šušana₂
ŠUŠANA@c
šušanaku
šušbar
susbu
sušbu
šusbu
susbu₂
susbu₃
susbu₄
šušgim
susin
šušin
susina
šušina
šušinak
suslug
šušmaš
šuššub
susu
|SU&SU|
šušu
|ŠU&ŠU@180|
šušudi
šušum
šušun
šušur
šušur₂
šut
ŠU@t
šuṭ
sutu
šutug
šutug₂
šutul
šutul₂
šutul₃
šutul₄
šutul₅
šutul₆
šutum
šutum₂
šutun₄
šutun₅
šutur
|SU×U@c|
šuwati
suz
šuz
suz₂
suzbu
suzbu₂
suzbu₃
šuzi
ta
TA
ṭa
ta₂
ṭa₂
ta₃
ṭa₃
ta₄
ṭa₄
ta₅
ta₆
ta₇
ta₈
tab
TAB
ṭab
tab₂
ṭab₃
tab₄
ṭab₆
taba
tabira
tab@t
TAB@t
|TAB&TAB|
tad
tag
TA@g
TAG
tag₂
tag₄
taga
|TA×GAR|
|TAG×BI|
|TAG×GUD|
|TAG×KU|
|TAG×ŠE|
|TAG×ŠU|
|TAG×TUG₂|
|TAG×UD|
tah
ṭah
tah₂
ṭah₂
tah₃
taha
|TA×HI|
|TA×IGI@g|
|TA×IR|
tak
ṭak
tak₂
tak₃
tak₄
TAK₄
TAK₄@f
taka
taka₄
tal
ṭal
tal₂
tal₃
tal₄
tal₅
tala
tala₂
taltal
tam
ṭam
tam₂
ṭam₂
tam₃
tam₄
tam₅
tam₆
tama
|TA×MI|
tan
ṭan
tan₂
tan₃
tan₄
tan₆
tan₇
tan₈
tana
tap
ṭap
ṭap₃
tapa
taq
taq₂
taq₃
tar
TAR
ṭar
tar₂
ṭar₂
tar₃
ṭar₃
tar₅
tara
tara₃
tara₄
tarah
tarah₂
targul
tari
taru
taru₅
TAR@v
tas
taš
taṣ
ṭaš
taš₂
taš₃
taša
|TA×ŠE|
taskarin
taškarin
tat
ṭat
tatam
tatge
TA@v
taz
te
TE
ṭe
te₁₀
te₂
ṭe₂
te₃
ṭe₃
te₄
ṭe₄
te₅
ṭe₅
te₆
ṭe₆
te₈
te₈⁻
te₉
teb
ṭeb
tebiru
TE@g
teg₃
tegi
tegi₂
teh₂
tehe
tehe₃
tehi
tehi₂
tehi₃
tehi₄
tel
tel₃
telmun
tem
ṭem
ṭem₂
teme
teme₂
temen
ṭēmu
ten
ṭen
ten₂
ten₃
teŋ₃
teŋ₄
tep
ṭep
ter
ṭer
ter₂
ter₄
ṭer₅
tertu
TE@s
teš
tes₂
teš₂
tešbi
tešlug
teššela
teššeru
tešub
|TE&TE|
ti
TI
ṭi
ti₂
TI₂
ṭi₂
ti₃
ṭi₃
ti₄
ṭi₄
ti₅
ṭi₅
ti₇
ti₈
ti₉
tib
ṭib
tibir
tibir₂
tibir₃
tibir₄
tibir₅
tibira
tibira₂
tibnu
tibula
tibula₂
tibula₃
tid
tidanu
tidanum
tidnim
tidnu
tidnum
tig₃
tig₄
tigi
tigi₂
tigidla
tigidla₂
tigidla₃
tigu
tigu₂
tik
tik₂
til
TIL
ṭil
til₂
ṭil₂
til₃
til₄
til₅
til₆
til₇
til₈
til₉
tila
tila₃
|TIL×AŠ|
tile
tilhar
tilla
tilla₂
tilla₃
tilla₄
tilla₅
tilmun
tim
ṭim
tim₂
ṭim₂
tim₃
tin
ṭin
tin₃
tinur
tinur₂
tinur₃
tinuru
tiŋ₄
tip
ṭip
tiq
tiq₂
tir
ṭir
tir₂
ṭir₂
tir₃
ṭir₃
tir₄
ṭir₄
tir₅
ṭir₅
tirigi
tiru
tirum
tiš
ṭiš
tis₂
tiš₂
tiṣ₂
tiškarin
tiškarini
tišpak
TI@t
titab
titab₂
tiz
tiz₂
tu
TU
ṭu
tu₁₀
tu₁₁
tu₁₁⁺
tu₁₂
tu₁₃
tu₁₄
tu₁₅
tu₁₆
tu₁₇
tu₁₈
tu₁₉
tu₂
ṭu₂
tu₂₀
tu₂₁
tu₂₂
tu₂₃
tu₂₄
tu₂₅
tu₃
ṭu₃
tu₄
ṭu₄
tu₅
ṭu₅
tu₆
tu₇
tu₈
tu₉
tub
ṭub
tub₂
ṭub₂
tuba
tuba₂
tuba₃
tuba₄
tubašin
tud
tud₂
tudu
tug
tug₂
TUG₂
tug₃
tug₄
tug₇
tug₈
tugir
tugul
tugure
tuh
ṭuh
tuh₂
tuh₃
tuhu
tuhul
tuk
TUK
tuk₂
tuk₃
tuk₄
tuk₇
tuku
tuku₂
tuku₄
tuku₅
tuku₆
|TUK×UD|
tukul
tukula
tukum
tukumbi
tukun
tukunbi
tukur
tukur₂
tukur₃
tul
ṭul
tul₂
ṭul₃
tul₄
tul₅
tul₆
tul₇
tul₈
tum
TUM
ṭum
tum₁₀
tum₁₁
tum₁₂
tum₁₃
tum₂
tum₃
tum₃⁻
tum₄
tum₅
tum₈
tum₉
tuma
|TUM×A|
tuma₂
|TUM×GAN₂@t|
|TUM×PAP|
|TUM×SAL|
tumu
tumu₂
tumu₃
tumu₄
|TUM×UD|
tun
tun₂
tun₃
tun₃⁺
tun₄
tuna₃
tunda
tungal
tungal₂
tunŋal₂
tunur
tup
ṭup
tup₂
tuq
tuq₃
tur
TUR
ṭur
tur₂
ṭur₂
tur₃
ṭur₃
|TUR₃×TAK₄|
tur₄
ṭur₄
tur₅
ṭur₅
tur₆
tur₇
tur₈
tura
turan
|TUR×ARAD|
|TUR×NUN|
turu
ṭuru
turungal
|TUR×ZI|
tuš
ṭuš
tuše
tuššuru
tušu
tutke
tutki
tutku
|TU&TU|
u
U
u₁₀
u₁₁
u₁₂
u₁₃
u₁₄
u₁₆
u₁₇
u₁₈
u₁₉
u₂
U₂
u₂₀
u₂₁
u₂₂
u₂₄
U₂@t
|U₂&U₂|
u₃
u₄
u₅
u₆
u₇
u₈
u₉
ua
ua₂
ua₄
ub
UB
ub₂
ub₃
ub₄
ub₅
ub₆
ub₇
uba
uba₂
uba₅
ubar
ubara
ubda
ubi
ubi₂
ubilla
ubilla₂
ubinigga
ubisag
ubisag₂
ubri
ubri₂
ubrim
ubu
ubu₂
ubudil
ubudili
ubur
ubur₂
ubur₃
ubur₄
ubura
uburu
u@c
U@c
ud
UD
UD@180
|UD×1(N01)|
|UD×1(N01@f)|
ud₂
ud₃
|UD×3(N57)|
ud₄
ud₅
ud₆
uda₅
|UD×BAD|
udda
|UD×DIŠ|
udeššu
UD@g
|UD×GIŠ|
UD@g@v
udilia
udinim
|UD×KUŠU₂|
|UD×MI|
udnim
|UD×PAP|
udra
udra₂
udra₃
udru
UD@s
|UD@s×BAD|
|UD@s×U|
|UD×TIL|
udu
udu₂
udub
udub₂
udub₃
|UD&UD|
udug
UDUG
udug₂
udul
udul₁₀
udul₁₁
udul₂
udul₃
udul₄
udul₅
udul₆
udul₇
udul₈
udul₉
udun
|UD×X|
u@f
U@f
ug
ug⁻
U@g
ug₂
ug₃
ug₄
ug₅
ug₆
ug₇
ug₈
uga
uga₂
uga₃
uga₅
ugab
ugal
ugar
ugnim
ugra
ugri
ugu
ugu₂
ugu₃
ugu₄
ugu₅
ugu₆
ugudil
ugudili
ugula
ugulu
ugun
ugun₂
ugun₃
ugunu
ugunu₂
ugur
ugur₂
uh
uh₂
uh₃
uh₄
uh₅
uh₆
uhhu
uhhur
uhhur₂
uhhur₃
uhu
uhu₂
uia
uk
uk₅
|U×KASKAL|
ukdin
ukken
ukkin
ukra
uktim
uktin
uku
uku₂
uku₃
uku₄
uku₅
ukum
ukur
ukur₂
ukur₃
ukur₄
ukur₅
ukurrim
ukuš
ukuš₂
ul
ul₁₂
ul₂
ul₃
ul₄
ul₅
ul₆
ul₇
ul₈
ula
ula₂
ulal
uli
ulil
ullu
ullu₃
ulu
ulu₂
ulu₃
ulu₃⁻
ulu₄
uluba
uluba₂
ulubar
ulubar₂
ulud
uludi
uludim
uludim₂
uludin
uludin₂
uluki
ulul
ulul₂
ulumaš
ulumaš₂
ulušin
ulušin₂
ulušin₃
ulutim
ulutim₂
ulutin
ulutin₂
um
UM
um₂
uma
umah
uman
umbara
umbin
UMBIN
|UMBIN×LU|
|UMBIN×MAŠ|
umbisag
umbisag₂
umbisaŋ
umbisaŋ₂
|UM×LAGAB|
umma
umma₂
umman
ummanu
|UM×ME|
ummeda
ummeda₂
ummu
ummu₃
ummud
|UM×ŠA₃|
umu
|UM×U|
umuh
umum
UMUM
|UMUM×AN|
|UMUM×DUN₃@g|
|UMUM×HA|
|UMUM×KASKAL|
|UMUM×PA|
umun
umun₁₀
umun₁₁
umun₁₂
umun₂
umun₃
umun₄
umun₅
umun₆
umun₇
umun₈
umun₉
umuna₁₂
umuš
un
UN
un₂
un₃
un₄
un₅
UN@g
unken
|UNKEN×AN|
|UNKEN×DUG|
unkin
|UNKIN×DUG|
unu
unu⁻
unu₁₀
unu₁₁
unu₁₂
unu₂
unu₃
unu₄
unu₅
unu₆
unu₇
unu₈
unu₉
unud
unug
unug⁻
unug₂
unug₃
unug₄
unugi
unugi₂
uŋ₂
uŋ₃
uŋ₅
uŋnim
up
up₂
uq
uq₅
ur
UR
ur₁₀
ur₁₁
ur₁₂
ur₁₃
ur₁₄
UR@180
ur₂
UR₂
|UR₂×A|
|UR₂×AL|
|UR₂×AŠ|
|UR₂×AŠ₂|
ur₂@g
UR₂@g
|UR₂×GAD|
|UR₂×GAN₂@t|
UR₂@h
|UR₂×HA|
|UR₂×KAL|
|UR₂×KID₂|
|UR₂×NUN|
|UR₂×U₂|
|UR₂×UD|
|UR₂×X|
ur₃
ur₄
UR₄
ur₅
ur₆
ur₇
ur₈
ur₉
ura
|UR×A|
ura₁₅
ura₁₆
ura₃
ura₄
ura₅
|UR×AL|
uram
uram₂
uraš
urbigu
urbigu₂
urbigu₃
urbingu
urbingu₂
urbingu₃
urda
urda₂
|UR×DIŠ|
urdu
urdu₂
urgilim
urgu
urgu₂
uri
URI
uri₂
uri₃
URI₃
uri₄
uri₅
urim₂
urim₅
urin
URI@n
|UR×KASKAL|
|UR×MIN|
urrub
urrub₂
UR@s
urša
|UR×SAG|
ursagsim
ursaŋsim
|UR×ŠU|
ursub
urṣub
ursub₂
urta
uru
URU
uru₁₀
uru₁₁
uru₁₂
uru₁₃
uru₁₄
uru₁₅
uru₁₆
uru₁₇
uru₁₇⁻
uru₁₈
uru₁₉
uru₂
uru₃
uru₄
uru₅
uru₆
uru₇
uru₈
uru₉
urua
|URU×A|
uruaka
|URU×AŠGAB|
urub
|URU×BAR|
urud
urud₂
uruda
URUDA
|URU×DARA₃|
|URUDA×ŠU|
|URUDA×U|
urudu
urudu₂
|URU×DUN|
|URU×EŠ|
URU@g
|URU×GA|
|URU×GA@g|
urugal
|URU×GAL|
urugal₂
|URU×GAN₂@t|
|URU×GAR|
|URU×GU|
uruh
|URU×HA|
|URU×HI|
|URU×IGI|
|URU×IGI@g|
|URU×IM|
|URU×IŠ|
uruišdua
uruišduha
uruk
|URU×KI|
|URU×KUR|
|URU×LAK668|
urulla
|URU×LUM|
urum
urum₂
urum₃
urum₄
urum₅
urum₆
urum₇
urum₈
urum₉
|URU×MAŠ|
urume
|URU×MIN|
urun
|URU×PA|
|UR%UR|
|UR&UR|
ururim
|URU×ŠA₃|
|URU×ŠAH₂|
|URU×SAL|
|URU×ŠE|
urušeb
|URU×ŠEŠ₂|
urušib
|URU×SIG₄|
urutamga
urutamga₂
|URU×TIL|
|URU×TU|
|URU×(TU&TU)|
|URU×TU&TU|
|URU×U₂@t|
|URU×UD|
|URU×URUDA|
|URU×X|
|URU×X₂|
urzub
us
uś
uš
UŠ
uṣ
uš₁₀
uš₁₁
uš₁₄
uš₁₅
uš₁₆
uš₁₇
uš₁₈
us₂
uš₂
UŠ₂
uṣ₂
us₃
uš₃
us₄
uš₄
uṣ₄
us₅
uš₅
uš₆
uš₇
uš₈
uš₉
usa
|UŠ×A|
usa₂
usab
usag
usan
usan₂
usan₃
usan₄
usan₅
usan₆
usanda
usandu
usar
ušar
usar₂
ušar₂
usar₃
ušar₃
usar₄
ušar₄
ušbar
ušbar₂
ušbar₃
ušbar₄
ušbar₅
ušbar₆
ušbar₇
ušbur
ušbur₂
ušbur₃
ušbur₄
ušbur₅
ušbur₆
ušbur₇
usduha
ušen
ušera
ušeri
usi
usian
usigi
usil
|UŠ×KU|
|UŠ×KUR|
ušša
ussa₂
ussa₃
ussu
USSU
ussu₂
ussu₃
USSU₃
|UŠ×TAK₄|
|UŠ×TAR|
uštil
uštu
uštu₂
uštug
uštug₂
uštuh
usu
ušu
usu₂
ušu₂
usu₃
ušu₃
ušub
|UŠ×U@c|
usud
usug
usug₂
usug₃
usug₄
usug₅
usuh
ušum
ušumgal
usun
usur
ušur
ušur₂
ušur₃
usur₄
ušur₄
ušur₅
ušuš
|UŠ×X|
UŠX
ut
uṭ
ut₂
ut₄
ut₅
ut₆
uta
utag
utah
utak
uṭe
utima
utima₂
utte
uttu
uttu₂
uttu₄
uttu₅
uttu₆
uttuku
utu
uṭu
utu₂
uṭu₂
utu₃
utu₄
uṭu₄
utu₅
uṭu₅
uṭu₆
utua
utua₂
utudi
utug
utug₂
utuki
UTUKI
uṭuku
utul
utul₁₀
utul₁₁
utul₁₂
utul₂
utul₃
utul₄
utul₅
utul₆
utul₇
utul₈
utul₉
utun
utuwa
utuwa₂
|U&U|
U@v
uw
uya
uz
uz₂
uz₃
UZ₃
|UZ₃×BALAG|
|UZ₃×KASKAL|
uz₄
uz₅
uza
uza₃
uzaglal
uzalag
uzalak
uzduha
uzu
UZU
uzu₂
uzu₃
uzu₅
uzu@90
uzud
uzug
uzug₂
uzug₃
uzug₄
uzug₅
|UZU×GA|
uʾ
uʾ₂
uʾ₃
uʾ₄
uʾa
uʾi
uʾu
wa
wa₂
wa₃
wa₄
wa₆
wan
war
war₂
war₃
wardu
waš
wāṣit
we
we₂
wi
wi₂
wi₄
wi₅
wir
wiš
wu
wu₂
wu₃
wu₄
wuk
wuš
ya
ya₁₀
ya₃
ya₄
ye
yi
yi₂
yi₃
yu
za
ZA
za₂
za₃
za₄
za₅
za₆
za₇
ZA₇
zab
zabala
zabala₂
zabala₃
zabala₄
zabala₅
zabala₆
zabalam
zabalam₂
zabalam₃
zabalam₄
zabalam₅
zabalam₆
zabar
zabar₂
zabar₃
zabitum
zadim
zadri
zadru
zag
ZAG
zag₂
zag₃
zagga
zagga₂
zagindur
zah
zah₂
zah₃
zaha₂
zaha₃
zahan
zahan₂
zak
zak₂
zal
zal₂
zala
zalag
zalag₂
zalaga
zalah
zalli
zamin
zamug
zanabal
zanabal₂
zanabal₃
zanaru
zanaru₂
zanbur
zandar
zandara
zanga
zannaru
zannaru₂
zansur
zanzana
zaŋ₃
zaŋa
zap
zap₂
zapah
zaq
zaq₂
zaq₄
zar
zar₂
zar₃
zar₄
zar₅
zar₆
zara
zara₅
zara₆
zarah
zarah₂
zarih
zat
ZA@t
ZAX
zaz
zazana
zazna
ze
ze₂
ZE₂
ze₄
zeb
zeb₂
zeb₃
zeh₂
zel
zer
zer₃
zermušku
zermuššu
zezna
zi
ZI
zi₂
zi₃
ZI₃
zi₃@t
ZI₃@t
zi₄
zi₇
zi₈
zib
zib₂
zib₃
zib₄
zibar
zibar₃
zibbir
zibin
zibin₂
ZIB@k
zid
zid₂
zig
ZIG
zig₂
zig₃
zigara
zigkaru
zigum
zih
zih₂
zik
zik₀
zik₂
zik₃
zikara
zikaru
zikum
zikura
zil
zil₀
zil₂
zil₃
zilpe
zilulu
zimbir
zin
zinanutu
zip
zip₃
zipah
zipah₂
ziq
ziq₂
ziqi
zir
zir₀
zir₂
zir₃
zir₄
ziri
zirmuššu
zirru
zis
ziz
ziz₂
ZIZ₂
ziz₃
ziz₄
ziz₅
zizanu
zizi
|ZI%ZI|
|ZI&ZI|
zizna
zu
ZU
zu₂
zu₃
zu₄
zu₅
ZU₅
|ZU₅×A|
zu₆
zu₇
zu₈
zu₉
zub
zub₂
zubi
ZUBI
zubu
zubud
zubur
ZUBUR
zuen
zuena
zug
zug₂
zug₃
zug₄
zugud
zuguz
zuh
zuk
zukum
zukum₂
zukura
zulug
zuluhu
zuluhu₂
zuluhu₃
zuluhu₄
zulumhi
zulumhi⁻
zulumhi₂
zulumhi₃
zulumhi₄
zum
ZUM
|ZUM×KASKAL|
|ZUM×LAGAB|
|ZUM×TUG₂|
zuq
zur
zur₂
zur₃
zur₄
zur₅
zur₈
zuru₁₀
zuru₅
zuru₉
zurzub
zurzub₂
zusu
|ZU&ZU|
ʾa
ʾa₃
ʾa₄
ʾa₅
ʾe
ʾi
ʾi₃
ʾu
ʾu₃
ʾu₄
ʾu₅
