𒑱
10(N01)
10(N14)
10(N14@f)
1/2(diš)
1/2(diš@c)
1/2(DIŠ@c)
1/2(iku)
1/2(iku@c)
1/3(diš)
1/3(diš@c)
1/3(diš@c)@v
1/4
1/4(iku)
1/4(iku@c)
15
1/6
1/8
1/8(iku)
1/8(iku@c)
1(aš)
1(aš@c)
1(|AŠ×DIŠ@t|)
1(aš@t)
1(aš@t@c)
1(AŠ@t@c)
1(ban₂)
1(BAN₂)
1(ban₂@c)
1(BAN₂@c)
1(barig)
1(bariga)
1(bariga@c)
1(barig@c)
1(bur₃)
1(bur₃@c)
1(BURU@c)
1(burʾu)
1(burʾu@c)
1(diš)
1(DIŠ)
1(diš@c)
1(diš@t)
1(eše₃)
1(EŠE₃)
1(eše₃@c)
1(EŠE₃@c)
1(geš₂)
1(GEŠ₂)
1(geš₂@c)
1(gešu)
1(GEŠU)
1(gešu@c)
1(gešʾu)
1(gešʾu@c)
1(iku)
1(N01)
1(N01@f)
1(N04)
1(N04@f)
1(N08)
1(N08@f)
|1(N08@f)×1(N57)|
1(N14)
1(N14@f)
1(N19)
1(N19@f)
1(N22)
1(N22@f)
1(N24)
1(N34)
1(N34@f)
1(N34@f@t)
1(N36)
1(N36@f)
1(N45)
1(N45@f)
1(N46)
1(N48)
1(N48@f)
1(N50)
1(N51)
1(N51@f)
1(N54)
1(N57)
|1(N57).1(N57)|
|1(N57).ŠAH₂|
1(N58)
1(ŋeš₂)
1(šar₂)
1(šar₂@c)
1(šar₂@c@v)
1(šargal)
1(šargal@c)
1(šaru)
1(ŠARU)
1(šaru@c)
1(ŠARU@c)
1(ŠARU@v)
1(šarʾu)
1(šarʾu@c)
1(šarʾu)@v
1(šu)
1(šu@c)
1(u)
1(u@c)
2/3(diš)
2/3(diš@c)
2/3(diš@c)@v
2(aš)
2(AŠ)
2(aš@c)
2(AŠ@c)
2(|AŠ×DIŠ@t|)
2(aš@t)
2(AŠ@t)
2(aš@t@c)
2(AŠ@t@c)
2(ban₂)
2(BAN₂)
2(ban₂@c)
2(BAN₂@c)
2(barig)
2(bariga)
2(bariga@c)
2(barig@c)
2(bur₃)
2(bur₃@c)
2(BURU)
2(BURU@c)
2(burʾu)
2(burʾu@c)
2(diš)
2(DIŠ)
2(diš@c)
2(DIŠ@c)
2(diš@t)
2(DIŠ@t)
2(diš@t@c)
2(eše₃)
2(EŠE₃)
2(eše₃@c)
2(EŠE₃@c)
2(geš₂)
2(GEŠ₂)
2(geš₂@c)
2(GEŠ₂@c)
2(gešu)
2(GEŠU)
2(gešu@c)
2(GEŠU@c)
2(gešʾu)
2(gešʾu@c)
2(iku)
2(iku@c)
2(N01)
2(N01@f)
2(N04)
2(N04@f)
2(N14)
2(N14@f)
2(N19)
2(N19@f)
2(N22)
2(N22@f)
2(N34)
2(N34@f)
2(N36)
2(N45)
2(N45@f)
2(N46@f)
2(N50)
2(N51)
2(N51@f)
2(N57)
2(ŋeš₂)
2(šar₂)
2(ŠAR₂)
2(šar₂@c)
2(ŠAR₂@c)
2(šaru)
2(ŠARU)
2(šaru@c)
2(ŠARU@c)
2(šarʾu)
2(šarʾu@c)
2(u)
2(u@c)
2(U@c)
|3×AN|
|3×AN.BAR|
3(aš)
3(AŠ)
3(AŠ~a)
3(AŠ~b)
3(aš@c)
3(AŠ@c)
3(aš@c)@v
3(AŠ@c)@v
3(|AŠ×DIŠ@t|)
3(aš@t)
3(AŠ@t)
3(aš@t@c)
3(AŠ@t@c)
3(aš)@v
3(aš@v)
3(aš@v@c)
3(ban₂)
3(BAN₂)
3(ban₂@c)
3(BAN₂@c)
3(ban₂@c)@v
3(BAN₂@c)@v
3(barig)
3(bariga)
3(bariga@c)
3(barig@c)
3(bur₃)
3(bur₃@c)
3(BURU)
3(BURU@c)
3(BURU@c)@v
3(BURU@v)
3(burʾu)
3(burʾu@c)
3(burʾu@c)@v
3(burʾu)@v
3(diš)
3(DIŠ)
3(diš@c)
3(DIŠ@c)
3(diš@c)@v
3(DIŠ@c)@v
3(diš@t)
3(DIŠ@t)
3(diš@t@c)
3(geš₂)
3(GEŠ₂)
3(geš₂@c)
3(GEŠ₂@c)
3(geš₂@c)@v
3(GEŠ₂@c)@v
3(gešu)
3(GEŠU)
3(gešu@c)
3(GEŠU@c)
3(gešu@c)@v
3(GEŠU@c)@v
3(gešʾu)
3(gešʾu@c)
3(gešʾu@c)@v
3(iku)
3(iku@c)
3(iku)@v
|3×LU₂|
3(N01)
3(N01@f)
3(N04)
3(N04@f)
3(N14)
3(N14@f)
3(N19)
3(N19@f)
3(N34)
3(N34@f)
3(N51@f)
3(N57)
3(ŋeš₂)
3(šar₂)
3(ŠAR₂)
3(šar₂@c)
3(ŠAR₂@c)
3(šar₂@c)@v
3(ŠAR₂@c)@v
3(šar₂)@v
3(ŠAR₂)@v
3(šaru)
3(ŠARU)
3(šaru@c)
3(ŠARU@c)
3(šaru@c)@v
3(ŠARU@c)@v
3(šaru)@v
3(ŠARU@v)
3(šarʾu)
3(šarʾu@c)
3(šarʾu@c)@v
3(šarʾu)@v
3(u)
3(u@c)
3(U@c)
3(u@c)@v
3(U@c)@v
|4×(AN.NAGA)|
|4×(AN.ŠE.NAGA)|
4(aš)
4(AŠ)
4(AŠ~a)
4(aš@c)
4(AŠ@c)
4(AŠ@c)@v
4(|AŠ×DIŠ@t|)
4(aš@t)
4(AŠ@t)
4(aš@t@c)
4(AŠ@t@c)
4(aš@v)
4(aš@v@c)
4(ban₂)
4(BAN₂)
4(ban₂@c)
4(BAN₂@c)
4(ban₂@c)@v
4(BAN₂@c)@v
4(ban₂@v)
4(BAN₂@v)
4(ban₂)@v
4(ban₂@v@c)
4(barig)
4(bariga)
4(bariga@c)
4(barig@c)
4(bur₃)
4(bur₃@c)
4(BURU)
4(BURU@c)
4(burʾu)
4(burʾu@c)
4(diš)
4(DIŠ)
4(diš@c)
4(DIŠ@c)
4(diš@c)@v
4(diš@c)@v~b
4(diš@t)
4(DIŠ@t)
4(diš@t@c)
4(diš)@v
4(diš@v)
4(diš)@v~b
4(diš@v@c)
|4×EN|
|4×(EZEN×KASKAL)|
|4×GABA|
4(geš₂)
4(GEŠ₂)
4(geš₂@c)
4(GEŠ₂@c)
4(geš₂@c)@v
4(GEŠ₂@c)@v
4(gešu)
4(GEŠU)
4(gešu@c)
4(GEŠU@c)
4(gešu@c)@v
4(GEŠU@c)@v
4(gešʾu)
4(gešʾu@c)
4(gešʾu@c)@v
|4×IDIM|
|4×(IDIM&IDIM)|
4(iku)
4(iku@c)
|4×IM|
|4×LAGAB|
|4×LU₂|
|4×(LUGAL.X)|
4(N01)
4(N01@f)
4(N04)
4(N04@f)
4(N14)
4(N14@f)
4(N19)
4(N19@f)
4(N34)
4(N34@f)
4(N36)
4(N45)
4(N50)
4(N51)
4(N51@f)
|4×NI|
4(ŋeš₂)
4(šar₂)
4(ŠAR₂)
4(šar₂@c)
4(ŠAR₂@c)
4(šaru)
4(ŠARU)
4(šaru@c)
4(ŠARU@c)
4(šarʾu)
4(šarʾu@c)
|4×TAB|
|4×(TAR.LIMMU₂)|
4(u)
4(U)
4(u@c)
4(U@c)
4(u@c)@v
4(U@c)@v
4(u)@v
4(U)@v
|(4×ZA)×KUR|
5/6(diš)
5/6(diš@c)
5/6(DIŠ@c)
5(aš)
5(AŠ)
5(aš@c)
5(AŠ@c)
5(|AŠ×DIŠ@t|)
5(aš@t)
5(AŠ@t)
5(aš@t@c)
5(AŠ@t@c)
5(ban₂)
5(BAN₂)
5(ban₂@c)
5(BAN₂@c)
5(ban₂@c)@v
5(BAN₂@c)@v
5(ban₂@v)
5(BAN₂@v)
5(ban₂)@v
5(ban₂@v@c)
5(bur₃)
5(bur₃@c)
5(BURU)
5(BURU@c)
5(burʾu)
5(burʾu@c)
5(diš)
5(DIŠ)
5(diš@c)
5(DIŠ@c)
5(diš@t)
5(DIŠ@t)
5(diš@t@c)
5(geš₂)
5(GEŠ₂)
5(geš₂@c)
5(GEŠ₂@c)
5(gešu)
5(GEŠU)
5(gešu@c)
5(GEŠU@c)
5(gešʾu)
5(gešʾu@c)
5(iku)
5(iku@c)
5(N01)
5(N01@f)
5(N04@f)
5(N14)
5(N14@f)
5(N19)
5(N19@f)
5(N34@f)
5(N45)
5(N50)
5(N51)
5(N51@f)
5(ŋeš₂)
5(šar₂)
5(ŠAR₂)
5(šar₂@c)
5(ŠAR₂@c)
5(šaru)
5(ŠARU)
5(šaru@c)
5(ŠARU@c)
5(šarʾu)
5(šarʾu@c)
5(u)
5(U)
5(u@c)
5(U@c)
5(u)@v
5(U)@v
6(aš)
6(AŠ)
6(AŠ~a)
6(aš@c)
6(AŠ@c)
6(AŠ@c)@v
6(|AŠ×DIŠ@t|)
6(aš@t)
6(AŠ@t)
6(aš@t@c)
6(AŠ@t@c)
6(aš@v)
6(aš@v@c)
6(bur₃)
6(diš)
6(DIŠ)
6(diš@c)
6(DIŠ@c)
6(diš@t)
6(DIŠ@t)
6(diš@t@c)
6(geš₂)
6(GEŠ₂)
6(geš₂@c)
6(GEŠ₂@c)
6(N01)
6(N01@f)
6(N14)
6(N14@f)
6(N19)
6(N19@f)
6(N34@f)
6(ŋeš₂)
6(šar₂)
6(ŠAR₂)
6(šar₂@c)
6(ŠAR₂@c)
6(|ŠAR₂×KASKAL|)
6(šarʾu)@v
6(u)
6(U)
6(u@c)
6(U@c)
7(aš)
7(AŠ)
7(AŠ~a)
7(aš@c)
7(AŠ@c)
7(AŠ@c)@l
7(AŠ@c)@v
7(|AŠ×DIŠ@t|)
7(aš@v)
7(aš@v@c)
7(bur₃)
7(diš)
7(DIŠ)
7(DIŠ)~a
7(DIŠ)~b
7(diš@c)
7(DIŠ@c)
7(diš@c)@v
7(DIŠ@c)@v
7(diš@c)@v~b
7(DIŠ@c)@v~b
7(diš)@v
7(diš)@v~b
7(geš₂)
7(GEŠ₂)
7(geš₂@c)
7(GEŠ₂@c)
7(N01)
7(N01@f)
7(N14)
7(N14@f)
7(N19@f)
7(ŋeš₂)
7(šar₂)
7(ŠAR₂)
7(šar₂@c)
7(ŠAR₂@c)
7(u)
7(U)
7(u@c)
7(U@c)
8(aš)
8(AŠ)
8(aš@c)
8(AŠ@c)
8(|AŠ×DIŠ@t|)
8(aš@v)
8(aš@v@c)
8(bur₃)
8(diš)
8(DIŠ)
8(diš@c)
8(DIŠ@c)
8(diš)@v
8(geš₂)
8(GEŠ₂)
8(geš₂@c)
8(GEŠ₂@c)
8(N01)
8(N01@f)
8(N14)
8(N14@f)
8(N19)
8(N34@f)
8(N51@f)
8(ŋeš₂)
8(šar₂)
8(ŠAR₂)
8(šar₂@c)
8(ŠAR₂@c)
8(u)
8(U)
8(u@c)
8(U@c)
9(aš)
9(AŠ)
9(aš@c)
9(AŠ@c)
9(aš@c@90)
9(AŠ@c@90)
9(|AŠ×DIŠ@t|)
9(aš@v)
9(aš@v@c)
9(bur₃)
9(diš)
9(DIŠ)
9(DIŠ~a)
9(DIŠ~b)
9(diš@c)
9(DIŠ@c)
9(DIŠ~c)
9(diš@c)~d
9(DIŠ@c)~d
9(diš@c)@v
9(DIŠ@c)@v
9(diš@c)@v~a
9(DIŠ@c)@v~a
9(diš)~d
9(diš)@v
9(diš@v)
9(diš)@v~a
9(diš@v@c)
9(DIŠ@v@c)
9(geš₂)
9(GEŠ₂)
9(geš₂@c)
9(GEŠ₂@c)
9(N01)
9(N01@f)
9(N14)
9(N14@f)
9(N34@f)
9(N51@f)
9(ŋeš₂)
9(šar₂)
9(ŠAR₂)
9(šar₂@c)
9(ŠAR₂@c)
9(u)
9(U)
9(u@c)
9(U@c)
a
A
a₁₂
a₁₃
a₁₄
a₂
a₂⁻
A₂
|A₂.AŠ|
|A₂.GA₂×SAL|
|A₂.KAL|
|A₂.MUŠ₃|
|A₂.MUŠ₃@g|
|A₂.PA|
|A₂.SAL|
|A₂.TUR|
|A₂.UD.DU|
|A₂.U.KID|
|A₂.ZA.AN.MUŠ₃|
|A₂.ZA.MUŠ₃|
|A₂.ZA.MUŠ₃@g|
a₃
a₄
a₅
a₆
a₇
a₈
a₉
|A.A|
|A×A|
|A.A.A|
|A.AB.BA|
|A.AN|
|A×AN|
ab
AB
ab₂
AB₂
|AB₂×AMAR@t|
|AB₂.AN.ŠEŠ.KI|
|AB₂×BALAG|
|AB₂×DUB₂|
|AB₂×GAN₂|
|AB₂×GAN₂@t|
|AB₂×GUD|
|AB₂.KU|
|AB₂×KU|
|AB₂.LU|
|AB₂×(ME.EN)|
|AB₂×MU|
|AB₂.NUN.ME.DU|
|AB₂.ŠA₃|
|AB₂×ŠA₃|
|(AB₂.ŠA₃)&(AB₂.ŠA₃)|
|AB₂.ŠA₃.GI|
|AB₂×ŠE|
AB₂@t
|AB₂×TAB|
|AB₂.TAK₄|
|AB₂×TAK₄|
|AB₂.TUG₂|
ab₃
ab₄
aba
|AB×A|
aba₃
aba₄
|A.BAD|
|A×BAD|
aban
|A.BARAG|
|A.BAR.BAHAR₂|
|AB×AŠ₂|
abba
abba₂
abbar
abbununna
abbununnu
|AB×DIŠ|
|AB×DUN₃@g|
AB@g
abgal
|AB×GAL|
|AB×GAN₂@t|
|AB@g.MUŠ₃|
|AB@g.MUŠ₃.ZA|
|AB×HA|
|AB.HA@g|
|AB×HA.TAG|
|AB.HA.ZAG.GABA.HU|
|A.BI|
|AB×IGI@g|
|AB×IMIN|
|AB.KID|
|AB.KID.KID|
|AB×LAGAB|
|AB×LAK178|
ablal
ablal₃
|AB.MUŠ₃|
|AB.NAM|
abni₂
abnu
|AB×NUN|
|AB×NUN@t|
abrig
abrig₂
|AB.ŠEŠ|
|AB×ŠEŠ|
absin
absin₂
absin₃
abšin₃
absu
|AB×ŠU₂|
|A.BU|
|AB×U|
|A.BU.DU|
|A.BU.HA.DU|
|A.BU.HA.NI.DU|
abul
abula
abulla
|AB×(U.U.U)|
|AB×(U.U.U).KUG.LAM.SAL|
|AB×X|
abzu
abzu₂
ad
AD
ad₂
ad₃
ad₄
ad₅
ad₆
ad₇
ad₈
ada
adab
adaba
ADAB~a
adad
adama
adamen
adamen₂
adamen₃
adamen₄
adamen₅
adamin
adamin₂
adamin₃
adamin₄
adamin₅
adamu
adda
adda₂
adda₃
adda₄
addir
addir₃
addu₂
addu₃
addu₄
|AD.E₂|
|AD×EŠ₂|
adgub
|AD.KID|
adkin
|AD.KU|
|A.DU|
|A.DU&A.DU|
|A.EDIN|
|A.EDIN.A.LAL|
|A.EDIN.LAL|
|A.EDIN.NA|
ag
A@g
ag₂
ag₃
aga
aga₂
aga₃
|A.GABA.LIŠ.TU|
agal
agam
agar₂
agar₃
|A.GAR₃|
agar₄
agar₅
agar₆
agargara
agarim
agarin
agarin₂
agarin₃
agarin₄
agarin₅
agarinx
agaš
|A.GISAL.GADA.GAR.A.SI|
|A.GISAL.GAD.GAR.A.SI|
|A.GISAL.PAD.SI.A|
|A.GISAL.SI|
|A.GISAL.SI.ELLES214|
|A.GIŠ.TU.GABA.LIŠ|
agrig
agrun
agu
|A.GU|
agu₂
|A.GUD×KUR|
ah
ah₂
ah₃
ah₄
ah₅
ah₆
aha
|A.HA|
|A×HA|
aha₂
aha₃
|A.HA.A|
|A.HA.BU.DU|
|A.HA.BU.LAGAB|
|A.HA.BU.TAR.DU|
|A.HA.DU|
|A.HA.MUŠ.DU|
|A.HA.TAR.DU|
|A.HA.TAR.UD.DU|
ahi
ahi₂
ahud
|A.HU.SI|
ai
aia
aia₂
aia₃
aia₄
|A.IGI|
|A×IGI|
ak
AK
ak₃
aka
|A.KA|
aka₂
aka₃
aka₄
|A.KAL|
akan
akan₂
akan₃
akani
akar
|AK×ERIN₂|
akkan₃
akkil
akkil₂
akkil₃
akšak
akšak₂
|AK×ŠITA₂|
|AK×(ŠITA.GIŠ)|
aktum
aktum₂
|A.KU|
|A×KU₃|
|A.KUŠU₂|
al
AL
al₂
al₅
al₆
al₈
al₉
ala
ala₃
alad
alag
|A.LAGAB×A|
|A.LAGAB×HAL|
|A.LAGAB×HAL.DI|
|A.LAGAB×HAL.GAL|
|A.LAGAB×HAL.PAP.NA₂|
|A.LAGAB×HAL.ŠU₂|
|A.LAGAB×HAL.ŠU₂.A|
|A.LAGAB×HAL.UD.NUN.KI|
|A.LAGAB×HAL.X|
|A.LAGAB×KUL|
|A.LAGAB×KUL.MA₂.ŠU₂.A|
|A.LAGAB×KUL.ŠU₂|
|A.LAGAB×KUL.ŠU₂.MA₂.A|
|A.LAGAB.LAGAB|
|A.LAGAB×MU|
|A.LAGAR@g|
|A×LAGAR@g|
|A.LAK648×A|
alal
|AL×AL|
alal₂
alal₃
alala
alalmu
alam
alammuš
alamu
alamu₂
alamuš
alan
ALAN
|ALAN&ALAN|
|ALAN×GAN₂@t|
alaŋ
alap
alba
alba₂
|AL×DIM₂|
ale
ALEPH
algames
algameš
algamis
|AL×GIŠ|
alha
|AL×HA|
ali
ālik
alim
alim⁻
alima
|AL×KAD₃|
|AL×KI|
alla
almu
almu₂
alpu
AL@s
|AL.ŠE|
|AL×ŠE|
|AL×TUG₂|
alu
|A.LU₂@s.NA|
|A.LU₃|
|A.LUM|
|AL×UŠ|
am
am₂
am₃
am₅
am₆
am₇
ama
ama₂
ama₄
ama₅
ama₆
amagea
amagi
amagi₂
amagi₃
amagi₄
amah
amalu
aman
amar
AMAR
|AMAR&AMAR|
|AMAR.AMAR|
|AMAR.DA|
|AMAR.ERIN₂|
|AMAR.GIŠ|
|AMAR×ŠE|
|AMAR×ŠE.AMAR×ŠE|
AMAR@t
|AMAR.UD|
amaš
amaša
amat
ambar
ambara
ame
ame₂
amedu
ami
ami₂
|A.MI.A|
amma
amna
amna₂
amra
amti
amtu
amurrum
amuru
amuš
|A.MUŠ|
|A×MUŠ|
|A.MUŠ₃|
|A.MUŠ₃.A.DI|
|A.MUŠ₃×A.DI|
|A.MUŠ₃.DI|
|A.MUŠ₃@g|
|A.MUŠ₃@g.DI|
amuša
an
AN
AN@180
|AN.3×AN|
ana
ana₂
ana₃
|AN.A.LAGAB×HAL|
|AN&AN|
|AN.AN|
|AN.AN.AŠ|
|AN.AŠ.A.AN|
|AN.AŠ.AN|
|AN.AŠ@z.AN|
anbar
|AN.BARA₂|
|AN.DIŠ.AN|
|AN.DU.AN|
|AN.DUGUD|
anegi
|AN.EN.NU.NUNUZ.NAM.AN.ŠEŠ.KI|
|AN.EN.NU.NUNUZ.ZI.AN.ŠEŠ.KI|
angar
|AN.GU₂×KAK|
|AN.GU₂×NUN|
|AN.GU₂×NUN.PA.EL|
|AN.GU₂×PAP|
|AN.GUD|
|AN.GU×KAK|
angur
|AN.HI×GAD|
|AN.HU.MI.IM|
anig
aniku
|AN.IM|
|AN.IM.DUGUD|
|AN.IM.MI|
|AN.LAK397|
|AN.ME.U.U.U|
|AN.MI.HU|
|AN.MUŠ|
|AN.MUŠ₃.AB|
|AN.MUŠ₃.AB@g|
|AN.NA|
|AN.NAGA|
|(AN.NAGA)@(AN.NAGA)|
|AN.NI₂.MI|
|AN.SAG@g|
|AN.SAL.TUG₂.IB|
anše
anše⁻
ANŠE
anše₂
|ANŠE.AN|
|ANŠE.ARAD|
anše@d
|ANŠE.IGI|
|ANŠE.IGI.DIB|
|ANŠE.IGI.EŠ₂|
|ANŠE.KUR|
|ANŠE.KUR.RA|
|AN.ŠE.NAGA|
|AN.ŠE.NAGA.GAL|
|ANŠE.PA|
|ANŠE×ŠA₃|
|ANŠE.SAL|
|ANŠE×SAL|
|AN.ŠEŠ.KI|
|ANŠE.UŠ|
anši
anšu
anšu₂
|AN.TU|
anu
|AN.U|
anubu
|AN.UD.AN.UD|
|AN.ZAG|
anzalub
anzu
anzu₂
anzud
anzud₂
aŋ₂
aŋ₃
aŋa₂
aŋa₃
aŋar₅
aŋar₆
aŋarin
aŋarin₂
aŋarin₃
aŋarin₄
aŋarin₅
aŋarŋara
aŋrig
ap
ap₂
ap₃
|A.PA.BI.GIŠ.PAD.SI.A|
|A.PA.BI.GIŠ.PAD.SI.A.GA|
|A.PA.BI.SI.A.GA|
|A.PA.GISAL|
|A.PA.GISAL.PAD.SI.A|
|A.PA.NE.PAD.SI.A|
apin
APIN
apina
aq
aq₂
aqa
ar
ar₂
ar₃
ar₅
ar₆
ara
ara₂
ara₃
ara₄
ara₅
ara₇
ara₈
arab
arad
ARAD
arad₂
|ARAD.ANŠE|
|ARAD.KU|
|ARAD×KUR|
|ARAD.RA|
aragub
arah₃
arah₄
araha
arala
arali
arar
ararama
ararama₂
ararim
ararma
ararma₂
ARARMA₂~a
arata
araṭa
aratta
arba
arda
argab
arhu
arhuš
arhus₂
arhuš₂
arhuš₃
arhuš₅
arhuš₆
arhuš₇
ari
ari₂
ari₃
ari₆
arina
arkab
arkab₂
ARKAB₂
|ARKAB₂.IB|
arrap
aru
as
aś
aš
AŠ
aṣ
aš₁₀
aš₁₁
|AŠ×1(AŠ@t)|
as₂
aš₂
AŠ₂
aṣ₂
|AŠ₂.A|
|AŠ₂.GAR₃|
|AŠ₂.U|
|AŠ₂.U&U|
as₃
aš₃
AŠ₃
aṣ₃
|AŠ₃+DIŠ|
as₄
aš₄
as₅
aš₅
as₆
aš₆
aš₇
aš₈
aš₉
asa
|A.SA|
aša
AŠ~a
asa₂
aša₂
aša₃
aša₅
|AŠ.A.AN|
asag
|A.SAG|
|A×SAG|
ašag
asal
asal₂
ASAL₂~a
asal₃
|AŠ.AN.AŠ|
asaŋ
ašaŋ₂
asar
asar₂
ašar₂
asara
asari
ašarid
ašaridu
asaru
|AŠ.AŠ|
|AŠ&AŠ@180|
|(AŠ&AŠ@180)×U|
|AŠ&AŠ&AŠ.AŠ|
|AŠ&AŠ&AŠ%AŠ&AŠ&AŠ|
|AŠ&AŠ&AŠ.AŠ&AŠ&AŠ|
|AŠ&AŠ&AŠ.AŠ&AŠ&AŠ.AŠ|
|AŠ&AŠ&AŠ.AŠ&AŠ&AŠ.TAB|
|AŠ&AŠ&AŠ.TAB|
|AŠ&AŠ.TUG₂&TUG₂.TUG₂&TUG₂.PAP|
|AŠ×BAD|
aš@c
AŠ@c
aš@c@90
AŠ@c@90
aš@c@v
AŠ@c@v
ašdar
ašdar₂
|AŠ×DIŠ@t|
|A.ŠE.NUN&NUN|
aš@f
AŠ@f
ašgab
AŠGAB
|AŠ.GAN|
|AŠ.GAN₂|
ašgi
ašgi₂
|AŠ.HI×DIŠ.GI₄|
asi
|A.SIG|
asil
asil₃
asil₄
asil₅
asil₆
asila
asila⁻
asila₂
asila₃
asila₄
asila₅
asila₆
asilal
asilal₂
asilal₃
asilal₄
asilal₅
asilal₆
asilla₂
asillal₃
ašita
AŠ@k
|AŠ@k&AŠ@k&AŠ@k&AŠ@k|
aski
aški
aškud
aškud₂
ašlag
ašlag₂
ašlag₃
ašlag₄
ašlag₅
ašlag₆
ašlag₇
ašlug
aslum
ašnan
ašnan₂
ašnana
ašša
ašša₂
ašša₃
aššan
|AŠ+SUR|
aš@t
AŠ@t
ašta
ašte
ašte₂
aštub
|A.SU|
|A.ŠU₂.NAGA|
|A.ŠU₂.U₂.NAGA|
|A.SUD|
|A×SUD@90|
|A.ŠU.NAGA|
aš@v
AŠ@v
AŠ@z
|AŠ@z&AŠ@z&AŠ@z|
|AŠ@z&AŠ@z&AŠ@z&AŠ@z|
at
A@t
aṭ
at₂
aṭ₂
at₆
|A.TAR.A.AN|
|A.TU|
aṭu
|A.TU.A.TU.GABA.LIŠ|
|A.TU.GABA|
|A.TU.GABA.LIŠ|
|A.TU.GABA.LIŠ.GAR|
|A.TU.GABA.SIG.GAR|
atum
|A.TU.NUN&NUN|
|A.TU.NUN&NUN.GABA.LIŠ|
|A.TU.NUN&NUN.LIŠ|
|A.TUR|
au
|A.U.EDIN.LAL|
|A.U.KA|
aw
aya
aya₂
aya₃
aya₄
aye
ayi
ayu
ayya
ayye
ayyi
ayyu
az
az⁻
az₂
az₃
aza
aza₂
azad
azad₂
azag
azag₂
azak
azalag
azalag₂
azalag₃
azalag₄
azalag₅
azalag₆
azalag₇
|A.ZA.MUŠ₂|
|A.ZI&ZI|
|A.ZI&ZI.A|
|A.ZI&ZI.EŠ₂|
|A.ZI&ZI.LAGAB|
azlag
azlag₂
azlag₃
azlag₄
azlag₅
azlag₆
azlag₇
azu
azubir
azugna
azukna
aʾ
aʾ₃
aʾa₃
aʾuʾu
ba
BA
ba₁₁
ba₁₃
ba₁₄
ba₁₅
ba₂
ba₃
ba₄
ba₆
ba₇
ba₈
ba₉
bab
bab₂
baba₂
babar
babar₂
babbar
babbar₂
babila
babila₂
babilim
babilim₂
babilima
babilima₂
babir
babir₂
babu
bad
BAD
bad₂
bad₃
BAD₃@90
bad₄
bad₅
bada
bada₃
|BAD.AŠ|
|BAD×AŠ@t|
|BAD&BAD|
|BAD.BAD|
|BAD&BAD.X|
|BAD×DIŠ|
|BAD×DIŠ@t|
badi
|BAD.IGI.BAD|
|BAD.KASKAL|
|BAD.LU₂|
|BAD.MI|
|BAD.UD|
|BAD.X|
baeš
bag
bag₂
bag₃
BAG₃
bah
bah₃
bahar
bahar₂
BAHAR₂
|BAHAR₂×AB₂|
|BAHAR₂×GU|
|BAHAR₂×NI|
|BAHAR₂×ZA|
bahar₃
bahar₄
bahar₅
bak
bak₂
bak₃
bakiru
bakirum
bal
BAL
bal₂
bal₃
bal₄
bala
balag
BALAG
|BALAG.A|
|BALAG.DIN.AN.MUŠ|
|BALAG.KID|
|BALAG.LUL|
|BALAG.TUR|
balak
balaŋ
|BAL&BAL|
baliha
balla
balla₂
ballatu
bamen
bamin
ban
ban₂
ban₂@c
ban₂@v
BAN₂@v
ban₃
ban₄
bana
banda₂
banda₃
banda₄
banda₅
bandiliša
baneš
bania
banlimmu
banmin
bansur
banšur
bansur₂
banšur₂
bansur₃
banšur₃
banšura
bap
bappir
bappir₂
bappir₃
bappira
bappira₂
bappira₃
baq
bar
BAR
bar₂
bar₃
|BAR.3×AN|
bar₄
bar₅
bar₆
bar₇
bar₈
bara
bara₁₀
bara₂
BARA₂
|BARA₂.BI|
|BARA₂.PAP.PAP|
|BARA₂.PAP.ŠE.PAP|
bara₃
bara₄
bara₅
bara₆
bara₇
bara₈
bara₉
barag
barag₂
|BAR.AN|
|BAR×AN|
|BAR.BAHAR₂|
bare
|BAR.EDIN|
BAR@g
|BAR.HU.KAK|
barig
bariga
bariga@c
barig@c
barim
barim⁻
barsip
|BAR×TAB|
barzil
baštum
bat
baṭ
bat₂
bat₃
bat₅
bata
batu
be
be₂
be₃
be₄
be₅
be₆
be₇
bebad
bed
bed₃
bek
bel
bel₂
belili
ber
ber₂
ber₅
ber₆
ber₇
beš₁₂
bešeŋ
bet
bet₃
betu
bi
BI
bi₂
bi₃
bi₄
bi₅
bi₆
bi₇
|BI×A|
|BI.A.SUD|
bibad
|BI×BAD|
bibe
bibra
bibri
bid
bid₂
bid₃
|BI.DAR|
|BI.DIN|
|BI×DIŠ|
big
|BI×GAR|
|BI.GIŠ|
|BI.GIŠ.GAD.A.A.SI|
|BI×IGI|
|BI×IGI@g|
bik
|BI.KI|
|BI.KI.GAR|
bil
bil₂
BIL₂@g
bil₃
bil₄
bila
bili
billuda
billudu
biltu
biluda
|BI.LUL|
|BI.MI|
bin
bir
bir₂
bir₃
bir₄
bir₅
bir₆
bir₇
bir₈
bir₉
birdu
biri
biš
bis₂
bisag
bisag₂
bisag₃
bisan
bisan₂
bisan₃
bisaŋ
bisaŋ₂
bisaŋ₃
|BI.SUD.A|
bit
biṭ
bit₂
bit₃
biti
bitu
bītu
bitum
|BI.U₂.SA|
|BI.U₂.SA.KA.KAK|
|BI.UD.SUD|
|BI.UŠ.SA|
biz
biz₂
bizaza
bizeg₃
bizem₃
|BI.ZIZ₂|
|BI.ZIZ₂.A.AN|
|BI.ZIZ₂.AN|
|BI.ZIZ₂.AN.NA|
bu
BU
bu₁₀
bu₁₁
bu₁₂
bu₁₃
bu₁₄
bu₁₅
bu₁₆
bu₂
bu₃
bu₄
bu₅
bu₆
bu₇
bu₈
BU@90
|BU@90.BU.NA₂|
|BU@90.BU.UN|
bubbu
bubbur
bube
|BU%BU|
|BU&BU|
|BU.BU|
|BU%BU×AB|
|BU&BU.AB|
|(BU&BU)×NA₂|
|(BU&BU)×NA₂.A|
|BU&BU.UN|
|BU.DIN.BALAG.DAR|
|BU.DIN.BALAG.NUN|
būdu
BU@g
bugin
bugin₂
bugin₄
buglu
buh
buk
bul
bul₂
bul₃
bul₅
bula
bulug
BULUG
bulug₂
bulug₃
bulug₄
bulug₅
|BULUG&BULUG|
|BULUG.NAGAR|
buluh
buluŋ
buluŋ₂
buluŋ₃
buluŋ₅
bum
bum₂
bun
bun₂
bunga
bungu
buni
bunin
bunin₂
bunin₄
buniŋ
buniŋ₂
|BU.NUN.ŠE.EŠ₂|
|BU.NU.NUN.LUH.EŠ₂|
bur
BUR
bur₁₀
bur₁₁
bur₁₂
bur₁₃
bur₁₄
bur₂
BUR₂
|BUR₂.BUR₂|
bur₃
bur₃@c
bur₃@v
BUR₃@v
bur₄
bur₅
bur₆
bur₇
bur₈
buranun
buranuna
buranunu
|BUR.NU₁₁|
|BUR.NU₁₁.LA.HU|
buru
buru₁₁
buru₁₄
buru₁₆
buru₁₇
buru₂
buru₃
buru₄
buru₅
BURU₅
|BURU₅×AMAR@t|
buru₆
buru₇
buru₈
buru₉
buruh
burunun
burununa
burʾu
burʾu@c
buš
buš₂
|BU.ŠE.EŠ₂.NUN|
BU@t
bute
buti
butu
buzur
buzur₂
buzur₃
buzur₄
buzur₅
d
da
DA
da₁₀
da₁₂
da₁₃
da₂
da₃
da₄
da₅
da₆
da₇
da₈
da₉
dab
dab₂
dab₃
dab₄
dab₅
dab₆
daba
daba₅
daban
dabašin
dabda₂
dabe
dabin
dad
dadag
dadda
dag
DAG
dag₂
dag₃
|DAG₃.KISIM₅×(U₂.GIR₂)|
dag₅
|DAG.AB₂×LA|
dagal
dagala
|DAG.E₂.NUN|
|DA×GEŠ@t|
|DAG.KISIM₅|
|DAG.KISIM₅×AMAR|
|DAG.KISIM₅×(A.MAŠ)|
|DAG.KISIM₅×BALAG|
|DAG.KISIM₅×BI|
|DAG.KISIM₅×EN|
|DAG.KISIM₅×GA|
|DAG.KISIM₅×(GA.MAŠ)|
|DAG.KISIM₅×GI|
|DAG.KISIM₅×GIR₂|
|DAG.KISIM₅×GUD|
|DAG.KISIM₅×HA|
|DAG.KISIM₅×IR|
|DAG.KISIM₅×(IR.LU)|
|DAG.KISIM₅×KAK|
|DAG.KISIM₅×LA|
|DAG.KISIM₅×LU|
|DAG.KISIM₅×LUM|
|DAG.KISIM₅×(LU.MAŠ₂)|
|DAG.KISIM₅×NE|
|DAG.KISIM₅×(PAP.PAP)|
|DAG.KISIM₅×ŠE|
|DAG.KISIM₅×SI|
|DAG.KISIM₅×TAK₄|
|DAG.KISIM₅×U|
|DAG.KISIM₅×(U₂.GIR₂)|
|DAG.KISIM₅×UŠ|
|DAG.KISIM₅×X|
|DAG×KUR|
dagrim
dagrin
dah
dak
dak₃
dakan
dakkan
dal
dal₃
dala
dala₂
dalhamun
dalhamun₂
dalhamun₃
dalhamun₄
dalhamun₅
dalhamun₆
dalhamun₇
dalla
dalla₂
dam
DAM
dam₀
dam₂
dam₃
dama
damal
damu
damu₂
dan
dan₂
dan₃
dan₄
dan₆
dan₇
dana
dana₂
dana₃
danna
danna₂
dannu
daŋal
dap
dap₂
dapa₂
dapar
dapara
daparu
daq
daq₃
daq₆
dar
DAR
dar₂
dar₃
dar₄
dar₆
dara₂
dara₃
DARA₃
|DARA₃×MA|
dara₄
DARA₄
DARA₄~b
dara₅
dara₆
darengal
dari₂
dari₅
daru₂
daru₅
darum₂
das
daš
daš₂
daš₃
dašgari
dat
|DA×TAK₄|
|DA.UŠ|
de
de₁₀
de₂
DE₂
de₃
de₄
de₅
de₆
de₈
de₉
deb
deb₂
deh
deh₂
deh₃
dehi
dehi₂
dehi₃
dehi₄
del
del₂
del₄
dele
dele₄
delen
delen₂
delen₃
delena
delena₂
delena₃
deli
dellu
delmun
dem₂
dema
demma
demmu
demu
den
der
dergul
deš
deš₂
deš₃
deš₅
deššu
di
DI
di₁₁
di₁₂
di₂
di₃
di₄
di₅
di₆
di₇
di₈
dib
DIB
dib₂
dib₅
dibi
dibira
dibur
dida
dida₂
didanu
didanum
|DI.DI|
didla
didli
didnu
didnum
dig
digbir
digi
digir
dih
dih₂
dih₃
dihi
dihi₂
dihi₃
dik
dil
dil₂
dil₂⁻
dil₄
dili
dili₂
dili₄
dilib
dilib₂
dilib₃
dilib₄
dilib₅
dilib₆
dilim
dilim₂
dilim₃
dilim₄
dilim₅
dilin
dilin₂
dilin₃
dilina
dilina₂
dilina₃
dilmun
dilmuna
dilu
dilur
dim
DIM
dim₁₀
dim₁₁
dim₁₂
dim₁₃
dim₂
DIM₂
|DIM₂×SU|
|DIM₂×UD|
dim₃
dim₄
dim₅
dim₇
dim₈
dim₉
dima
dima₂
dimer
|DIM×EŠ|
DIM@g
dimgal
dimgul
|DIM×IGI|
dimir
|DIM×KUR.SAR|
dimma
|DIM×MAŠ|
dimmer
dimmu
dimmuš
dimna
dimsar
|DIM×ŠE|
dimu
dimuš
din
DIN
|DIN.BI|
diner
dingir
dingira
dini
dinig
dinig₂
dinig₃
dinir
|DIN.KASKAL|
|DIN.KASKAL.U@g.DIŠ|
|DIN.ŠE.NUN&NUN|
DIN@t
diŋir
dip
dipar
diq
dir
dir₂
dir₃
dir₄
dirgul
diri
dirig
diš
DIŠ
diš₂
diša
diš@c
DIŠ@c
|DIŠ.DAR|
|DIŠ.DIŠ.DIŠ|
|DIŠ.DIŠ.DIŠ.U.U|
|DIŠ.DIŠ.DIŠ.U.U.U|
diš@f
DIŠ@f
disgur
DIŠ@k
|DIŠ@k.DIŠ@k.DIŠ@k.DIŠ@k|
|DIŠ+NUN.LAGAR|
diš@t
DIŠ@t
|DI.TAR|
|DI.X|
DN
du
DU
du₁₀
du₁₁
du₁₂
du₁₃
du₁₄
du₁₅
du₁₆
du₂
du₂₀
du₂₄
du₂₅
du₂₆
du₃
du₄
du₅
du₅⁺
du₆
|DU₆×DU×KASKAL|
du₇
du₈
du₉
DU@90
dub
DUB
dub₂
DUB₂
|DUB₂.LUL|
dub₃
duba
duba₂
dubad
dubal
dubal₂
dubal₃
dubal₄
dubal₅
dubal₆
dubal₇
dubba
|DUB×(GA.A)|
|DUB.LAGAB|
|DUB×LAGAB|
|DUB.ME|
|DUB.NAGAR|
dubsig
dubsik
|DUB.TI|
dubu
dubu₂
dubul
dubur
dubur₂
dud
dud₂
duda
dudda
duddu
dudu
|DU%DU|
|DU&DU|
|DU.DU|
|DU&DU.DU&DU|
|DU.DU.DU.DU|
dug
DU@g
DUG
dug₃
dug₄
dug₅
|DU@g.A|
duga₃
duga₄
|DUG×ANŠE|
|DUG×AŠ|
|DUG×AŠ@f|
|DUG.BUR|
|DUG×DIN|
|DUG×DUB|
|DU@g.DU@g|
|DUG.DUG|
|DUG×DUN|
|DUG×ERIN₂|
DU@g@g
|DUG×GA|
|DUG×GI|
|DUG×GIR₂@g|
|DUG×GIŠ|
duggu
|DUG×HA|
|DUG×HI|
|DUG×IGI@g|
dugin
dugin₂
dugina
dugina₂
|DU@g×KASKAL|
|DUG×KASKAL|
|DUG×KUR|
|DUG×KUŠU₂|
|DUG×(KUŠU₂.KASKAL)|
|DUG×LAK20|
|DUG×LAM|
|DUG×(LAM×KUR)|
|DUG×LUH|
|DUG×(LUH.GIŠ)|
|DUG×MAŠ|
|DUG×MES|
|DUG×MI|
|DUG×NI|
|DUG.PAP.BUR|
|DUG×PI|
|DUG×ŠE|
|DUG×SI@g|
|DUG.SILA₃.BUR|
|DUG.SILA₃.BUR.NA|
|DUG×ŠUBUR|
dugu
dugud
DUGUD
duguda
duh
DUH
DUH@g
|DU.HUB₂|
duk
duk₂
duka
|DU×KASKAL|
|DU.KI|
dul
dul₁₀
dul₂
dul₃
dul₄
dul₅
dul₆
dul₇
dul₈
dul₉
|DU.LAGAR@g|
dulu
dulum
dulum₂
dum
dum₄
dumgal
dumu
dun
DUN
dun₃
dun₃⁺
DUN₃
DUN₃@g
DUN₃@g@g
DUN₃@g@g@s
|DUN₃@g@g.UŠ|
|DUN₃@g@g×UŠ|
|DUN₃@g@g.ZA|
|DUN₃@g×(MU.KAK)|
|DUN₃@g.UŠ|
dun₄
DUN₄
dun₅
dun₆
duna
dunda
DUN@g
dunga
dunga₂
dungu
|DUN.NE.TUR|
|DUN.TUR|
dup
dup₂
dupsik
duq
dur
dur₁₀
dur₁₁
dur₂
DUR₂
|DUR₂&DUR₂|
|DUR₂.DUR₂|
dur₃
dur₄
dur₅
dur₆
dur₈
dur₉
durah
durah₂
durba
durgul
durme
dūru
duru₂
duru₃
duru₄
duru₅
duru₉
durum
durum₂
durum₄
durun
durun₃
duruna
duruna₂
duruna₃
duruna₄
durungal
DU@s
duš
duš₂
|DU@s.A|
|DU@s&DU@s|
|DU@s.DU@s|
dusi
dusi₂
|DU@s.KI|
|DU@s.PA|
dussa₂
dussu
dusu
dusu₂
duttu
duṭu
e
E
e₁₀
e₁₁
e₁₂
e₁₄
e₂
E₂
|E₂.A|
|E₂×(A.HA.DA)|
|E₂.AN.ŠE.NAGA|
|E₂×AŠ@t|
|E₂×BAD|
|E₂.BALAG|
|E₂.BAR|
|E₂×GAR|
|E₂.GI.NA.AB.HI|
|E₂.GI.NA.AB.TUM|
|E₂.GI.NA.AB.U.GUD|
|E₂.GI.NA.TUM|
|E₂.GIŠ.TUG₂.PI.AN.ŠE.NAGA|
|E₂.KI.SUM.GA|
|E₂×KUR|
|E₂.KUR.BAD|
|E₂.LU₂×GAN₂@t.A|
|E₂.MI|
|E₂×MI|
|E₂×MIN|
|E₂.NUN|
|E₂×PAP|
|E₂.PAP.GAŠAN.DIŠ|
|E₂.SAL|
|E₂×SAL|
|E₂.ŠE|
|E₂×ŠE|
|E₂.SIG₄|
|E₂×U|
|E₂.UŠ.BU.DA|
|E₂×X|
e₃
|E₃.E₃|
e₄
e₅
e₆
e₇
e₈
ea
eb
eb₂
ebeh
ebih
ebih₂
ebir
ebir₃
ebir₄
ebla
ebur
ed
ed₂
ed₃
ed₄
edakua
edakua₂
edamu
eden
edena
edi
edin
EDIN
edina
|EDIN.A|
|EDIN.A.LAL|
|EDIN.A.SU|
|EDIN.A.SU.A|
|EDIN.LAL|
|EDIN.LAL.A|
edur
eduru
|E&E.NUN&NUN|
eg
eg₂
eg₃
ega
ega₂
egar
egara
ege
ege₂
eger
eger₂
eger₃
eger₄
eger₅
egera
egi
egi₂
egia
egir
EGIR
egir₂
egir₃
egir₄
egir₅
EGIR@g
egirsu
egur₄
eh
eh₂
eh₃
ehalla
ehe
eheh
ehehhe
ehi
ehili
ek
eki
|E.KISIM₅×(A.MAŠ)|
|E.KISIM₅×BALAG|
|E.KISIM₅×GA|
|E.KISIM₅×GIR₂|
|E.KISIM₅×LA|
|E.KISIM₅×TAK₄|
|E.KISIM₅×(U₂.GIR₂)|
el
EL
el₂
el₃
el₄
ela
elal
elal₂
elam
elama
elamkuš
elamkuš₂
elamkuš₃
elamkuš₄
elamu
eldig
ele
ele₂
eli
elilla
ella
ella₂
ellag
ellag₂
ellam
ellamkuš
ellamkuš₂
ellamkuš₃
ellamkuš₄
ellamkuš₅
ellandu
ellaŋ
ellaŋ₂
ellat
ellil
|EL.SUD|
em
em₃
em₄
emaš
eme
eme₂
eme₃
eme₄
eme₅
eme₆
eme₇
eme₈
emeda
emeda₃
emedu
emedu₂
emedub
emedub₂
emengi
emerah
emeš
emeš₂
emesig
emezi
emma
emma₂
emmen
emmen₂
emmin
emmin₂
emuš
en
EN
en₂
en₃
en₄
en₅
en₆
en₇
en₈
ena
|EN×A|
enaqa
enbir
|EN.DAG.NUN.X|
endamekar
endib
endibdim
|EN.DIM₂.GIG|
endub
endur
|EN.E₂|
enegi
enegi₃
enegir
enegir₃
enem
|EN%EN|
|EN@EN|
|EN%EN.IM%IM|
|EN×GAN₂|
|EN×GAN₂@t|
engar
engara
|EN.GI|
engiz
engiz₂
engur
eni
|EN×IGI@g|
|EN×IGI@g.NUN.ME.EZEN×KASKAL|
enigin
enim
enim₂
enkar
enkara
|EN.KI|
|EN.KID|
enku
|EN.KU.A|
enkud
enkum
|EN×KUR|
|EN.LI|
|EN×MAŠ|
|EN.MAŠ.KAK|
enme
|EN×ME|
|EN.ME.AD.KU₃|
|EN.ME.AN.MUŠ₃|
|EN.ME.AN×MUŠ₃|
|EN.ME.GI|
|EN.ME.GI₄|
|EN×ME.GI₄|
|EN.ME.LAGAR|
|EN.ME.LI|
|EN×ME.LI|
|EN.ME.MU|
enmen
enmen₂
|EN.ME.ZI.AN.NA|
enna
ennegi
ennigi
ennigi₂
ennigi₃
ennin
|EN.NU.NUNUZ.ZI.AN.ŠEŠ.KI|
|EN.NU.NUNUZ.ZI.AN.UD|
|EN.NUNUZ.DIM₂|
|EN.NUNUZ.MA|
|EN.NUNUZ.ZI.AN.ŠEŠ.KI|
|EN.NUNUZ.ZI.AN.UD|
|EN.PAP.E.IGI@g.NUN.ME.EZEN×KASKAL|
|EN.PAP.IGI@g.NUN.EZEN×KASKAL|
|EN.PAP.IGI@g.NUN.ME.EZEN×KASKAL|
enšab
enšada
enšadu
ensag
|EN.SAL.ME.NUNUZ.ZI.AN.ŠEŠ.KI|
|EN.SAL.NUNUZ.ZI.AN.ŠEŠ.KI|
|EN.ŠEŠ|
ensi
ensi₂
ensi₃
ensik
enten
entena
|EN.TI|
enu
|EN×U|
|EN×X|
|EN.ZU|
eŋ₃
eŋar
eŋara
eŋer
eŋera
eŋir
eŋir₅
ep
ep₂
|E×PAP|
|E.PAP.PAP|
epig
epir
epir₂
epir₃
epir₄
eq
eqlu
eqqil
er
er₁₁
er₁₃
er₁₄
er₂
er₃
er₄
er₆
er₉
era₂
erba
erbe
erbura
ere
ere₁₃
ere₁₄
erem
eren
EREN
eren₂
eren₈
erena
erena₂
|EREN×KASKAL|
|EREN.ŠU.ME|
ereš
ereš₂
ereš₃
ereš₄
ereš₅
erešu
eri
eri₁₁
eri₁₂
eri₁₃
eri₁₄
eri₃
erib
eribura
erida
erida₂
eridu
eridug
eriduga
erigal
erigal₂
erigal₃
erim
erim₂
erim₃
erim₄
erim₅
erim₆
erim₇
erima₂
erin
erin₂
ERIN₂
|ERIN₂.KAB|
|ERIN₂.NA|
|ERIN₂.NUN.NA|
ERIN₂@t
|ERIN₂.UD|
|ERIN₂+X|
erin₃
erin₄
erin₅
erin₆
erin₇
erin₉
erina
erina₂
erina₈
eriš
eriš₂
eriš₄
eriš₆
eriš₇
erṣetu
eru
eru₂
eru₃
eru₄
eru₅
erua
erua₂
erum
erum₂
erum₃
erum₄
es
eš
eṣ
eš₁₀
eš₁₂
eš₁₃
eš₁₄
eš₁₅
eš₁₆
eš₁₇
eš₁₈
eš₁₉
es₂
eš₂
EŠ₂
eš₂₀
eš₂₁
eš₂₂
eš₂@90
EŠ₂@90
|EŠ₂.BU.EŠ₂.NUN.EŠ₂.TU|
|EŠ₂.BU.NUN.EŠ₂.TU|
|EŠ₂%EŠ₂|
|EŠ₂%EŠ₂.NUN|
|EŠ₂%EŠ₂.NUN.A|
EŠ₂@g@t
|EŠ₂@g@t%EŠ₂@g@t|
|EŠ₂.HUL₂|
|EŠ₂.KA|
|EŠ₂.MAH|
|EŠ₂.NUN.BU|
|EŠ₂.NUN.BU.ŠE|
|EŠ₂.PAP.PAP|
|EŠ₂.ŠE|
|EŠ₂.SUD.EŠ₂.TU|
|EŠ₂.SUD.NUN|
|EŠ₂.SUD.NUN.EŠ₂.TU|
|EŠ₂.SUD.NUN.TU.EŠ₂|
|EŠ₂.SUD.UD.NUN.EŠ₂.TU|
eš₂@t
EŠ₂@t
|EŠ₂@t.GIR₂@g|
|EŠ₂.TU.BU|
|EŠ₂.UD|
es₃
eš₃
eṣ₃
eš₄
es₅
eš₅
eš₆
eš₇
eš₈
eš₉
eša
eša₂
esa₃
eša₃
eša₅
esag
esag₂
esagtur
esaŋ
esaŋ₂
esaŋtur
ešda
ešda₂
ešda₃
eše
eše₂
eše₃
eše₃@c
eše₄
eše@c
ešela
ešelal
ešemen
ešemen₂
ešemen₃
ešemen₄
ešemen₅
ešemin
ešemin₂
ešemin₃
ešemin₄
ešemin₅
esen
ešer
eseš
ešgal
ešgar
ešgiri
ešgiri₂
esi
esibir
esig
esikilla
esin
esir
esir₂
esir₃
esir₄
esir₅
esirha
esirhia
esiš₃
eškiri
eškiri₂
ešlug
ešqa
eššaba
essad
ešsad
eššad
essadu
ešsadu
eššana
eššeb
eštub
|E.SUD.HUB₂×UD|
et
eṭ
etam
eṭlu
|E.TUM|
|E.TUM.GA₂×(NUN&NUN)|
eṭutu
etutum
eurre
ew
ez
ez₃
eze
ezem
ezema
ezen
EZEN
ezen₄
EZEN@90
ezena
|EZEN×A|
|EZEN×(A.LAL)|
|EZEN×(A.LAL₂)|
|EZEN.AN|
|EZEN×AN|
|EZEN×AŠ|
|EZEN×BAD|
|EZEN×BAD.AN|
|(EZEN×BAD)@s|
|EZEN×BAD.SI.AB.BA|
|EZEN×DUN₃|
|EZEN×DUN₃@g|
|EZEN×DUN₃@g@g|
|EZEN×GAN₂@t|
|EZEN×GUD|
|EZEN×HA|
|EZEN×HA@g|
|EZEN×HAL|
|EZEN×IGI@g|
|EZEN×KASKAL|
|EZEN×KU₃|
|EZEN×KUR|
|EZEN×LA|
|EZEN×LAL₂|
|EZEN×LI|
|EZEN×LU|
|EZEN@s×AŠ|
|EZEN×ŠE|
|EZEN@s×HI|
|EZEN×ŠID|
|EZEN@s×IGI@g|
|EZEN@s×LA|
|EZEN@s×LAL|
|EZEN@s×ME|
|EZEN@s×MES|
|EZEN@s×SU|
|EZEN×SU|
|EZEN×U₂|
|EZEN×U@c|
|EZEN×UD|
|EZEN×X|
|EZEN×X.KI|
ezim₂
ezin
ezin₂
ezina₂
ezina₃
ezinam₂
ezinam₃
ezinan₂
ezinu₂
ezinu₃
eʾ
eʾ₃
eʾella
eʾi
eʾu
f
F₁
F₂
F₃
F₃@c
F₄
F₄@c
F₅
F₆
ga
GA
ga₁₄
ga₂
GA₂
|GA₂×(AB₂@t.TAB)|
|GA₂×(A.DA.HA)|
|GA₂×(A.EN)|
|GA₂×(A.HA)|
|GA₂×(A.IGI)|
|GA₂×AN|
|GA₂×AN.AN.MUŠ₃|
|GA₂×AN.A.TU|
|GA₂×AN.DUN₃|
|GA₂×AN.DUN₃@g|
|GA₂×AN.GAN|
|GA₂×(AN.KAK.A)|
|GA₂×AN.LUL|
|GA₂×AN.MUŠ₃|
|GA₂×AN.ŠIM|
|GA₂×AN.ŠIM×GAR|
|GA₂×AN.TU|
|GA₂×AN.X|
|GA₂×AŠ|
|GA₂×AŠ₂|
|GA₂×(AŠ₂.GAL)|
|GA₂×(AŠ₂.TUR)|
|GA₂×BAD|
|GA₂×BAHAR₂|
|GA₂×(BAR.RA)|
|GA₂×BUR|
|GA₂×(BUR.LA)|
|GA₂×BUR.ME|
|GA₂×(BUR.RA)|
|GA₂×DA|
|GA₂×DI|
|GA₂×DIM|
|GA₂×DIM@g|
|GA₂×DIM×ŠE|
|GA₂×DUB|
|GA₂×(DUG×IGI@g)|
|GA₂×(DUG×KASKAL)|
|GA₂×(E₂.NE)|
|GA₂×EL|
|GA₂×(EL.LA)|
|GA₂×EN|
|GA₂×EN×GAN₂@t|
|GA₂×EN.NUN|
|GA₂×EREN|
|GA₂×ERIN₂|
|GA₂×GA|
|GA₂&GA₂|
|GA₂×GAM|
|GA₂×GAN₂@t|
|GA₂×GAR|
|GA₂×(GAR.DI)|
|GA₂×GAR.ME|
|GA₂×(GAR.ME)|
|GA₂×(GAR.NE)|
|GA₂×GI|
|GA₂×GI₄|
|GA₂×(GI₄.A)|
|GA₂×(GIR₂.SU)|
|GA₂×GIŠ|
|GA₂×GUD|
|GA₂×HA|
|GA₂×HA.A|
|GA₂×(HA.A)|
|GA₂×(HA.HA)|
|GA₂×HAL|
|GA₂×(HAL.A)|
|GA₂×(HAL.LA)|
|GA₂×(HA.LU.EŠ₂)|
|GA₂×(HA.LU.UB)|
|GA₂×(HI.LI)|
|GA₂×HUB₂|
|GA₂×IGI@g|
|GA₂×(IGI@g.ME)|
|GA₂×IL₂|
|GA₂×(IŠ.HU.AŠ)|
|GA₂×KAK|
|GA₂×(KAL.AN)|
|GA₂×KASKAL|
|GA₂×KID|
|GA₂×(KID.LAL)|
|GA₂×KU|
|GA₂×(KU₃.AN)|
|GA₂×(KUŠU₂.KASKAL)|
|GA₂×LA|
|GA₂×LAM|
|GA₂×(LAM×KUR)|
|GA₂×LI|
|GA₂×LUH|
|GA₂×(ME.EN)|
|GA₂×(ME.NA)|
|GA₂×MI|
|GA₂×MUŠ|
|GA₂×NE|
|GA₂×(NE.E₂)|
|GA₂×(NE.GI)|
|GA₂×NUN|
|GA₂×NUN&NUN|
|GA₂×PA|
|GA₂×(PA.LAGAR)|
|GA₂×SAL|
|GA₂×(SAL.ME)|
|GA₂×SAR|
|GA₂×ŠE|
|GA₂×(ŠE.TUR)|
|GA₂×ŠID|
|GA₂.SILA₃|
|GA₂×SILA₃|
|GA₂×(SILA₃.ME)|
|GA₂×ŠIM|
|GA₂×ŠU|
|GA₂×SUM|
|GA₂×TAK₄|
|GA₂×TUR|
|GA₂×U|
|GA₂×UD|
|GA₂×(UD.DU)|
|GA₂×X|
|GA₂×ZIZ₂|
|GA₂×(ZIZ₂.GAL)|
ga₄
ga₅
ga₆
ga₇
|GA.A|
gab
gab₂
gab₃
GAB@90
gaba
GABA
gaba₂
GABA@90
|GABA%GABA|
|GA.BALAG|
|GABA.LIŠ|
gabar
gabar₂
|GABA.ŠU.SILA₃|
GABA@t
gabu₂
gaburra
gad
GAD
gada
|(GADA.GAR)&(GADA.GAR)|
|GAD+DIŠ×A|
|GAD.DUN₃|
|GAD&GAD.GAR&GAR|
gadi
gadibdim
|GA.DIŠ|
|GAD+KID₂.DUH|
gadma
|GAD.NAGA|
|GAD.PAD.MUŠ₃|
|GAD.TAK₄|
|GAD+TAK₄.DUH|
|GAD.TAK₄.GIŠ|
|GAD.TAK₄.SI|
|GAD.TAK₄.SI.A|
|GAD.TAK₄.UR₂|
gadu
gadub
|GA.DUB₂|
|GAD.UR₂×TAK₄|
gaeš
gaeš₂
gag
GA@g
gaga
|GA.GA|
gagalam
gagar
gaggim
gagi
gagi₂
gagia
gagia₂
gagig
gagim
gagirsu
gahalla
|GA.HI×AŠ₂.BUR|
|GA.HI×AŠ₂.GAŠAN.DIŠ|
gahili
gaiku
gaiš
gaiš₂
gak
|GA.KAD₃|
|GA.KA×GU.SAR|
|GA.KASKAL|
|GA.KASKAL.KAL.NE|
gakim
gakiṣṣu
gakkul
gakkul₂
gakkul₃
gal
GAL
gal₁₀
gal₂
gal₄
gal₅
gal₈
gal₉
gala
gala₁₀
gala₁₁
gala₂
gala₃
gala₄
gala₅
gala₆
gala₇
gala₈
|GA.LAGAB|
galam
GALAM
|GALAM.GALAM|
|GAL.AN.ZU|
|GAL.AŠGAB|
|GAL.BAR.EDIN|
|GAL.BUR₂|
|GAL.DI|
|GAL.DIM|
|GAL.DIM₂|
|GAL.DUN|
|GAL.DUN₃@g@g|
gale
galga
|GAL.GAD&GAD.GAR&GAR|
|GAL.GIŠ.TUG₂.TE.A.DU|
galilla
galla
galla₂
galla₄
|GAL.LUH|
|GAL.MUG@g|
|GAL.NAGAR|
|GAL.NI|
|GAL.ŠUBUR|
|GAL.TE|
|GAL.TE.LAL|
galti
galu
|GAL.UMUM|
|GAL.URI|
|GAL.URU×BAR|
|GAL.ZU|
gam
GAM
gam₂
gam₃
gam₄
|GA.MA₂.DUB₂|
|GA.MA₂.IGI@g|
|GA.MA₂.KASKAL.IGI@g|
gamar
gambi
|GAM.GAM|
gaml
gamu
gamun
gamun₂
gan
GAN
gan₂
GAN₂
|GAN₂.BU|
GAN₂@g
|GAN₂%GAN₂|
|GAN₂&GAN₂|
|GAN₂×HI|
GAN₂@t
|GAN₂@t&GAN₂@t|
|GAN₂@t.GAN₂@t|
gan₃
gan₇
gana
gana₂
gana₃
gana₄
gana₅
gana₆
ganam₄
ganam₅
ganam₆
ganba
gangud
|GAN×HI|
|GA.NI|
|GAN×KASKAL|
GAN@s
gansis
ganu
ganun
ganzer
ganzer₂
ganzer₃
ganzir
ganzir₂
ganzir₃
gap
gap₂
|GA.PAP.U@g.DIŠ|
gar
GAR
gar₁₀
gar₁₁
gar₁₂
gar₁₃
gar₁₄
gar₁₉
gar₂
gar₃
GAR₃
gar₄
gar₅
gar₆
gar₇
gar₈
gar₉
gara
gara₁₀
gara₁₁
gara₂
gara₃
gara₄
gara₆
gara₈
gara₉
garadin
garadin₁₀
garadin₂
garadin₃
garadin₄
garadin₅
garadin₇
garadin₈
garadin₉
garak
garak₅
garaš
garaš₂
garaš₃
garaš₄
garaš₅
GAR@g
|GAR.GA₂×(A.IGI)|
|GAR.GAD.TAK₄.UR₂|
|GAR.GAR|
|GAR.GU.SUR.NUN|
|GAR.IB|
garig
garig₂
garig₃
garim
garim₂
garin
gariŋ₂
|GAR.KINGUSILI.SILA₃|
|GAR.LAGAB|
|GAR.LU₃|
|GAR.PA.TE.SI|
|GAR.ŠA₃|
|GAR.ŠA₃.A|
|GAR.ŠA₃×A|
|GAR.SAG.IL₂.EZEN.SAL|
|GAR.SAG.IL₂.EZEN.UŠ|
|GAR.SAG.KEŠ₂.SAL|
|GAR.SAG.LAL.SAL|
|GAR.SAG.SAL.LAL|
|GAR.SAL.LAL.SAG|
|GAR.SAL.SAG.LAL|
|GAR.ŠANABI.SILA₃|
|GAR.ŠID|
|GAR.ŠU.DUGUD|
|GAR.ŠUŠANA.SILA₃|
|GAR.ŠU.TUR|
|GAR.TUG₂|
garu
garza
garza₂
garzu
gas
gaš
gaṣ
gasa
gašam
gašan
GAŠAN
gasibir
gasikilla
|GA×SILA₃|
gašmu
gaššu
gat
gat₂
gat₃
|GA.UZ₃|
|GA.UZ₃.HI|
|GA.UZ₃.IGI@g|
gayayu
gaz
gaz⁻
gaz₂
gaza
gaza₃
gazi
gazi₂
gazi₃
gazibu
gazigal
gazimbi
gazinbi
gazinbu
gaʾar
ge
ge₁₀
ge₁₂
ge₁₄
ge₁₅
ge₁₆
ge₁₇
ge₁₈
ge₁₉
ge₂
ge₂₀
ge₂₂
GE₂₂
ge₂₃
ge₂₄
ge₂₆
ge₂₈
ge₃
ge₄
ge₅
ge₆
ge₇
ge₈
ge₉
gedim
geg
geg₂
gegge
gel
gele₃
geleŋ
geli₃
geltan
gem
gem₃
geme₂
geme₃
gen
gen₃
gen₆
gen₇
gena
genan
genna
ger
ger₁₅
ger₂
ger₃
gereš
gereš₃
gerin
geš
geš₂
geš₂@c
GEŠ₂@c
geš₂@c@90
GEŠ₂@c@90
geš₂@c@v
GEŠ₂@c@v
geš₂@t
GEŠ₂@t
geš₃
gešba
gešba₂
gešbu
gešbu₂
gešbun
gešbun₂
gešdu
gešdu₂
gešdu₃
gešdu₄
gešhar
gešhur
gešimmar
geškad
geškim
gešmin@c
gešminʾu@c
gešnimbar
gešnu₂
gešpa
gešpu
gešpu₂
geššir
GEŠ@t
gešta
geštae
geštara
geštin
GEŠTIN
geština
geštin@d
|GEŠTIN×KUR|
|GEŠTIN×U|
geštu
geštu₂
geštu₃
geštu₄
geštug
geštug₂
geštug₃
gešu
GEŠU@c
|GEŠU@c×KASKAL|
GEŠU@v
gešʾu
gešʾu@c
gešʾu@v
gez
gi
GI
gi₁₀
gi₁₂
gi₁₆
gi₁₇
gi₁₈
gi₂
gi₂₇
gi₄
GI₄
|GI₄%GI₄|
|GI₄&GI₄|
|GI₄.NA.AB.TUM|
gi₅
gi₆
gi₇
gi₈
gi₉
gib
gib₂
gib₃
gibi
gibil
gibil⁻
gibil₂
gibil₃
gibil₄
gibil₅
gibil₆
gibil₇
gibila
gibir
gibir₂
gibiru
giburu
gid
gid₂
gid₆
gida₂
gida₄
gidar
gidi₃
gidi₆
gidim
GIDIM
gidim₂
gidim₃
gidim₄
gidlam
gidlam₂
gidlam₃
gidlam₄
gidri
gidru
|GI×E|
gig
GIG
gig₂
gigam
giggi
gigi
|GI%GI|
|GI&GI|
gigi₂
gigir
gigir₂
gigir₃
gigira
gigira₂
gigirum
gigri
gigri₂
giguru
giguru₂
giguru₃
|GI.KID.MAH|
gikki
gil
gil₂
gil₃
gil₄
gilgames
gilgameš
gilgameš₂
gilgames₃
gilgameš₃
gilgames₄
gilgameš₄
gili
gili₂
gili₃
gilib₃
gilib₄
gilili
gilim
gilim₂
gilin
gillim
gim
gim₂
gim₃
gim₄
gim₆
gim₇
gimi
gin
gin₂
gin₃
gin₄
gin₅
gin₆
gin₇
gin₈
gina
gina₂
gina₃
|GI.NA.AB.TUM|
|GI.NA.AB.U.GUD|
ginan
|GI.NE|
gingam
ginna
giŋ₄
gip₂
gir
gir⁻
gir₁₀
gir₁₁
gir₁₂
gir₁₃
gir₁₄
gir₁₅
gir₁₆
gir₁₇
gir₁₈
gir₂
GIR₂
|GIR₂×AŠGAB|
GIR₂@g
gir₃
GIR₃
|GIR₃×(A.IGI)|
|GIR₃.ARAD|
|GIR₃.BAR|
|GIR₃.GA₂×PA.A.AN|
|GIR₃×GAN₂@t|
|GIR₃×HI|
|GIR₃×IGI|
|GIR₃×(LU.IGI)|
|GIR₃×PA|
|GIR₃×ŠE|
|GIR₃.ŠU.IG|
|GIR₃×X|
|GIR₃.ZA@t|
|GIR₃×ZA@t|
gir₄
gir₅
gir₅⁻
gir₆
gir₇
gir₈
gir₉
gira
gira₂
gira₃
giraba
girah
girak
gireš
gireš₂
giri
giri₁₁
giri₁₃
giri₁₆
giri₁₆⁻
giri₁₇
giri₁₉
giri₂
giri₂₀
giri₂₁
giri₃
giri₅
giri₆
giri₈
giriak
girid
girid₂
|GIR×IGI.LU|
girim
girim₂
girim₃
girima₃
girimma₃
girin
girin₂
giriš
giriš₂
giriš₃
girra
giru₃
girum
girza
gis
giš
GIŠ
giš₂
giš₃
giša
|GI.ŠA₃.GI|
gisal
GISAL
|GISAL×A.GAD.GAR.A.SI.A|
|GISAL.A.SI|
|GISAL.GAD.GAR.A.SI.A|
|GISAL.PAD.A.SI|
|GISAL.PAD.SI|
|GISAL.PAD.SI.A|
|GISAL.SI|
|GISAL.SI.A|
|GIŠ.BAD|
|GIŠ×BAD|
gišbar
|GIŠ.BAR|
gisbun
gišbun
|GIŠ.DIN|
gišdu
gišdu₂
gišdu₃
|GIŠ.DUN₃@g.MAŠ|
|GIŠ×ERIN₂|
gišgal
|GIŠGAL×IGI|
|GIŠ.GAR.UMBIN|
|GIŠ%GIŠ|
|GIŠ&GIŠ|
|GIŠ×(GIŠ%GIŠ)|
|GIŠ.GIŠ.NE@s.MES.GA|
|GIŠ%GIŠ.NUN|
|GIŠ%GIŠ.ZA|
gišha
gišhar
|GIŠ×HI|
gišhur
gišimmar
giškad
|GIŠ.KA.KAD₃|
|GIŠ.KA.KAD₄|
|GIŠ.KA.KAD₅|
|GIŠ.KI.BI|
giskim
giškim
|GIŠ.KU|
|GIŠ.KUL|
|GIŠ.KUŠU₂|
|GIŠ.KUŠU₂×KASKAL|
|GIŠ.LU₂|
|GIŠ.MA₂.RA|
gišmaš
|GIŠ.MI|
|GIŠ.NE|
|GIŠ.NE.GA.MES|
|GIŠ.NE.MES.GA|
|GIŠ.NE.PAP|
|GIŠ.NE@s|
|GIŠ.NE@s.GA|
|GIŠ.NE@s.GA.MES|
|GIŠ.NE@s.GA.ME.U.U.U|
|GIŠ.NE@s.MES.GA|
gišnimbar
|GIŠ.NU₁₁|
gišnu₂
|GIŠ.PAP.NE|
|GIŠ.PAP.NE@s|
|GIŠ.PAP.PAP|
|GIŠ.PI|
|GIŠ.PI.TUG₂|
|GIŠ.PI.TUG₂.NU₁₁@90|
|GIŠ.RU|
|GIŠ.SAL.KUR|
|GIŠ.ŠEŠ.KI|
giššir
gissu
|GIŠ.ŠU.LU₂|
GIŠ@t
gištae
|GIŠ×TAK₄|
|GIŠ.TAR|
gištaʾe
gištaʾe₂
gištaʾi
gištaʾi₂
gištu
gištu₂
gištu₃
gištug
gištug₂
|GIŠ.TUG₂.DU|
|GIŠ.TUG₂.NI|
|GIŠ.TUG₂.PI|
|GIŠ.TUG₂.PI.A.SILA₃|
|GIŠ.TUG₂.PI.NI|
|GIŠ.TUG₂.PI.NU₁₁@90|
|GIŠ.TUG₂.PI.NU₁₁@90.SILA₃|
|GIŠ.TUG₂.PI.NU₁₁.SILA₃|
|GIŠ.TUG₂.PI.SILA₃.A|
|GIŠ.TUG₂.PI.ŠIR.TAR.GAR₃|
|GIŠ.TUG₂.PI.TE.A|
|GIŠ.TUG₂.PI.TE.A.DU|
|GIŠ.TUG₂.TE.A|
|GIŠ.TUG₂.TE.A.DU|
gištug₃
|GIŠ.TUK.MAŠ|
gišturu
|GIŠ×X|
gišzal
git
git₂
giṭ₂
gitag
|GI×TAK₄|
gitlam
gitlam₂
gitlam₃
gitlam₄
|GI×U|
giz
gizal
gizal₂
gizbun
gizkim
gizzal
gizzal₂
gizzu
GN
gu
GU
gu₁₀
gu₁₄
gu₁₅
gu₂
GU₂
GU₂@g
|GU₂.GAR₃|
|GU₂×(HI×DIŠ)|
|GU₂×(HI×U)|
|GU₂×IGI@g|
|GU₂.KAK|
|GU₂×KAK|
|GU₂×KAK.GIŠ%GIŠ|
|GU₂×KAK.IGI|
|GU₂×KAK×IGI|
|GU₂×KAK×IGI@g|
|GU₂.NUN|
|GU₂×NUN|
|GU₂.NUNUZ|
|GU₂×PA|
|GU₂×PAP|
GU₂@s
|GU₂×(SAL.TUG₂)|
|GU₂.UN|
gu₃
gu₄
gu₅
gu₇
gu₇⁻
gu₈
gu₉
guana
gub
gub₂
gub₃
gub₄
gub₅
guba
gubalag
gubalaga
gublaga
gubu
gubu₃
gud
GUD
gud₁₀
gud₂
gud₃
gud₄
gud₅
gud₆
gud₇
gud₈
gud₉
guda₂
guda₃
|GUD×(A.KUR)|
|GUD.AN.NA|
|GUD×AŠ|
|GUD×BAD|
|GUD×DIŠ|
gudedde
|GUD.GIŠ|
|GUD.GIŠ×KID₂|
|GUD.GIŠ×TAK₄|
|GUD.GIŠ×TAK₄.SI|
|GUD&GUD|
|GUD&GUD.LUGAL|
|GUD×HI|
gudibdim
gudibir
gudibir₂
gudiddi
|GUD×KASKAL|
|GUD.KU|
|GUD×KUR|
|(GUD×KUR₂)&(GUD×KUR₂)|
gudma
GUD@s
|GUD×ŠE|
gudu
gudu₁₀
gudu₁₁
gudu₂
gudu₄
gudu₅
|GUD×UD|
gudug
gudug₂
gueriši
gug
gug₂
gug₃
gug₄
gug₅
gug₆
gugarid
guggal
guggim
gugim
gugina
gugru
|GU%GU|
|GU&GU|
|GU.GU|
gugu₂
|GU×GU@90|
|GU%GU.GU%GU|
gugumu
guhšu
guhšu₂
gukim
gukin
gukin₂
gukiri
gukkal
gukri
gul
GUL
gul₂
gul₃
gulla
gulu
|GUL.ZA|
gum
GUM
gum₂
gum₃
gum₄
gumgum
gumgumšu
gumle
|GUM×ŠE|
gumu
|GUM×X|
gun
gun₂
gun₃
gun₄
gun₅
guna₄
gunin₂
gunni
gunu₃
gunu₄
gup
gup₅
guq
gur
GUR
gur₁₀
gur₁₁
gur₁₂
gur₁₃
gur₁₄
gur₁₅
gur₁₆
gur₁₇
gur₁₈
gur₁₉
gur₂
gur₂₁
gur₂₂
gur₂₃
gur₃
gur₄
gur₅
gur₆
gur₇
GUR₇
|(GUR₇&GUR₇)×AN|
gur₈
gur₉
gura
gura₈
|GUR×AŠ@c|
gurdub
gurgig
gurin
gurmedub
gurmi
guru
guru₁₂
guru₁₇
guru₁₉
guru₂
guru₂₀
guru₂₁
guru₂₂
guru₃
guru₅
guru₆
guru₇
guru₈
gurud
gurud₂
guruda
gurum
gurum₂
gurun
GURUN
gurun₂
gurun₄
gurun₅
gurun₇
gurun₈
guruš
GURUŠ
guruš₂
guruš₃
guruš₄
gurusa
gurušda
gurušta
gurušti
guš
guškin
gušur₂
|GU.SUR.NUN|
gutir
guz
guz₂
guz₃
guza
guzza
ha
ha⁺
HA
ha₂
ha₃
ha₄
ha₅
ha₆
ha₇
|HA.A|
|HA.A.DU|
|HA.A.TAR|
|HA.A.TAR.DU|
hab
hab₂
haba
habrud
habrud₂
habrud₃
habrud₄
habruda
habruda₂
habruda₃
habruda₄
habur
had
had₂
had₃
had₄
hada₂
|HA.DU|
HA@g
|HA@g.TAR.A.DU|
|HA@g.TAR.DU|
hahad
haia
hal
HAL
hal₂
hala
halba
halba₂
halba₃
halba₄
halba₅
halba₆
halbi
halbi₂
halbi₃
halbi₄
halbi₅
halbi₆
halbu
halbu₂
halbu₃
halbu₄
halbu₅
halbu₆
halib
halpa
halpi
halpia
halubba
|HA.LU.EŠ₂|
hamanzer
hamun
|HA.MUŠ.DU|
|HA.NAGAR.BU|
hanburuda
haniš
haniš₂
haniš₃
hanzalub
hap
hap₂
har
har₂
har₃
hara
hara₃
hara₄
hara₅
haru₄
harub
haruba
has
haš
haṣ
has₂
haš₂
haṣ₂
haš₃
haš₄
hašhur
hat
HA@t
haṭ
hata
|HA.TAR.A.DU|
|HA.TAR.DU|
|HA@t×BAD|
HA@t@g
haya
haz
haz₂
hazabur
|HA.ZAG|
he
he₂
hegal
henbur
henbur₂
hendur
henzer
henzir
heŋal
her
heš
heš₂
heš₅
hi
HI
hi₂
|HI.A|
|HI.AŠ|
|HI×AŠ|
|HI.AŠ₂|
|HI×AŠ₂|
|HI×AŠ₂.DU|
|HI×AŠ₂.HI×AŠ₂|
|HI×AŠ₂.KA×GAR|
|HI×AŠ₂.SAG|
|HI×AŠ@c|
|(HI×AŠ)&(HI×AŠ)|
|HI+AŠ.NUN.ME|
|HI.BAD|
|HI×BAD|
hibira
hibis
hibis₂
hibiz
hibiz₂
|HI×DIŠ|
HI@g
|HI×GAD|
|HI.GIR₃|
|HI×HAL|
|HI×HI|
|HI.HU|
|HI×KIN|
|HI.KISIM₅×SA|
hilib
hilib₂
hilibu
|HI×MAŠ|
|HI×NUN|
|HI×NUN.HI×NUN|
|HI×NUN.KASKAL|
|HI×NUN.ME|
|HI×NUN.ME.BAD|
|HI×NUN.ME.U|
|HI×PA|
|HI×PAP|
hir
hir₂
hirim
hirin
hirin₂
his
hiš
hiš₂
hiš₃
hiš₄
|HI×SAR|
|HI×ŠE|
|HI.ŠE+SAR.ZU&ZU|
|HI.SUHUR|
|HI×U|
|HI×X|
hiz
hu
HU
hu₂
hu₃
hu₄
hu₅
hub
hub₂
HUB₂
|HUB₂×AN|
|HUB₂.DU|
|HUB₂×HAL|
|HUB₂×KASKAL|
|HUB₂×LIŠ|
|HUB₂×UD|
hubhub
hubhub₂
hubud
hubur
hud
hud₂
hud₃
hud₄
hudbu
huduš
|HU.ERIN₂|
hug
HU@g
|HU.HI|
huhud
|HU.KAK|
hul
hul₂
HUL₂
|HUL₂×X|
hul₃
hul₄
hula
hula₂
hulu
huluh
hulum
hulum₂
hulum₃
hum
|HU.MA₂|
|HU.MI.AN.IM|
humu
humuh
hun
|HU.NA₂|
hunin
huŋ
hup
hup₂
hur
hurin
hursag
hursaŋ
huru
hus
huš
huš⁻
hus₂
huš₂
huša
|HU.ŠE.ERIN₂|
|HU.SI|
hutpu
huya
i
I
i₁₁
i₁₄
i₁₆
i₂
i₃
i₄
i₅
i₆
i₇
i₈
i₉
ia
|I.A|
ia₁₀
ia₂
IA₂
ia₃
ia₄
ia₅
ia₇
ia₈
ia₉
ib
IB
ib₂
ibbanunna
ibbi
ibbi₂
ibila
ibila₂
ibila₃
ibila₄
ibira
ibira₂
id
id₂
id₃
id₄
id₆
id₇
id₈
ida₂
idi
idi₂
idi₃
|I.DIB|
idigna
idim
IDIM
|IDIM&IDIM.BUR|
idin
ie
ig
IG
ig₂
ig₃
igar
igeštu
igi
IGI
igi₂
|IGI.A|
|IGI×A|
|IGI.BI|
|IGI.BU|
|IGI.BUR|
|IGI.DIB|
|IGI.DIM|
|IGI.DU|
|IGI.DUB|
|IGI.DUN|
|IGI.E₂|
|IGI.ERIN₂|
|IGI.EŠ₂|
|IGI.EŠ₂.DU|
|IGI.EŠ₂.DU.ERIN₂|
IGI@g
|IGI.GA|
|IGI@g.ALAN|
|IGI.GAN₂@t|
|IGI.GAR|
|IGI@g.IGI@g|
|IGI@g.PAP|
|IGI@g.TAK₄.ALAN|
|IGI.IB|
|IGI.IGI|
|IGI&IGI.ŠIR&ŠIR.UD&UD|
|IGI.KAK|
|IGI.KUR|
|IGI.KUR.ZA|
|IGI.LAGAB|
|IGI.LAK248|
|IGI.LU|
|IGI.LU.LAK248|
|IGI.MAR|
|IGI.MIN|
|IGI.NAGAR|
|IGI.NAGAR.BU|
|IGI.NAGAR.ŠIR|
|IGI.NI|
igira₂
|IGI.RI|
igiru
|IGI.RU|
igištu
|IGI.SUHUR|
|IGI.TUR|
|IGI.TUR.TUR|
|IGI.UR|
|IGI.UR.RU.GAR|
|IGI.UR@s|
|IGI.UR.SAR|
|IGI.ZA.MUŠ₃@g|
|IGI.ZI|
igu
ih
ih₂
ii
ik
iku
iku₂
iku@c
IKU@c
iku@c@v
IKU@c@v
iku@t
IKU@t
il
IL
il₁₀
il₂
IL₂
|IL₂.DUB₂|
|IL₂.IL₂|
|IL₂.KID.DUB₂|
|IL₂.MA₂.DUB₂|
|IL₂.MA₂.IGI@g|
IL₂@n
il₃
il₄
il₅
il₆
il₈
ila
ila₂
ilar
ilba
ilba₂
ildag
ildag₂
ildag₃
ildag₄
ildu
ildu₂
ildu₃
ildum
ildum₂
ildum₃
ilduma
ilduma₂
ilduma₃
ildumma
ildumma₂
ildumma₃
|IL×GAN₂@t|
ilha
ili
ilī
ili₂
ili₅
ili₆
ili₇
ilimmu
ILIMMU
ilimmu₂
ilimmu₃
ilimmu₄
illa
illag
illamma
illar
illat
illatu
illil
illil₂
illu
illulu
illur
illuru
ilu
|I.LU|
|I.LU₂@s.NA|
ilumer
ilumer₂
ilumer₃
im
IM
im₂
im₂⁻
im₃
im₆
|IM.A|
|IM.A.A|
|IM.A.AN|
|IM.DUB₂|
imdudu
|IM.DUGUD|
|IM.DUN3@g@g.DUN|
|IM.DUN.DUN₃@g@g|
IM@g
imgaga
imgaga₂
imgaga₃
|IM.GAN₂.HI×NUN.ME.U|
|IM.HI×NUN.ME.U.GAN₂|
imhur₂
imhur₃
imhur₄
imi
imi₂
|IM%IM|
|IM&IM|
|IM@IM|
|IM.IM.KAD₃IM.KAD₃A|
imin
IMIN
imin₂
imin₃
imina
imina₂
imina₃
|IM.KAD₃|
|IM.LAK648|
imma
imma₂
imma₃
immal
immal₂
immal₃
immen
immen₂
|IM.MI|
immin
immin₂
immindu
immindu₂
imminte
|IM.NE|
|IM.NI.UD|
imŋaŋa
imŋaŋa₂
imŋaŋa₃
|IM.SI|
|IM.SI.A|
|IM.ŠITA|
|IM.ŠU₂|
|IM.TAK₄|
|IM×TAK₄|
|IM.UD|
in
IN
in₄
in₅
in₆
ina
ina₂
inana
inanna
inbir
inbir₂
inda
inda₃
inda₄
inda₅
indadili
indadilida
indagara
indagra
ingar
ini
ini₂
ini₄
inim
inini
inna
innana
innin
inšušinak
inu₂
iŋ₃
ip
ip₂
ipig
iq
ir
IR
ir₁₁
ir₁₃
ir₁₇
ir₂
ir₃
ir₄
ir₆
ir₉
ira₂
irbura
irda
ire₁₄
irgi
irhan
iri
iri₁₁
iri₁₂
iri₁₄
iri₈
irib
irib₂
iribura
irigal
irigal₂
irigal₃
irimma
irina
irina₃
irišeb
irkab
|IR.MUŠ.HA.DIN.BALAG|
irra
irsaŋ
irtu
is
iś
iš
IŠ
iṣ
iš₁₀
iš₁₁
is₂
iš₂
iṣ₂
is₃
iš₃
iṣ₃
iš₄
is₅
iš₅
iš₆
iš₇
iš₈
iš₉
|IŠ.A.SUD|
išdu
išhara
išhara₂
išhara₃
išhara₄
išhur₄
išhuru
išhuru₂
išhuru₃
išhuru₄
išhuru₅
išhurum₃
išhurum₅
isi
iši
isi₂
iši₂
isi₃
isib
išib
isim₂
isim₃
isima
isimu
isimu₂
isimu₃
isimu₄
isimud
isimud₄
isin
išin
isin₂
isina
isiš
isiš₂
isiš₃
iski
iskim
iškur
isla
išla
isli
išli
iššebu
ištar
ištaran
iṣu
|IŠ.UD.KA.BAR|
|IŠ.URUDA|
išuruengal
isurungal
i@t
it
I@t
iṭ
it₂
it₄
ita₄
ita₅
iti
iti₂
iti₃
iti₄
iti₅
itid
itid₂
itim
itima
itima₂
ITI@s
|ITI@s×BAD|
|ITI×(U.U.U)@g|
itu
itu₂
itu₄
itu₅
itud
itud₂
iu
iu₂
iw
iya
iyi
iyu
iyya
iyyi
iyyu
iz
iz₂
iz₃
izen
izi
izi₂
izid
izim
izin
izkim
izu
izun
iʾ
ka
KA
ka₁₀
ka₁₁
ka₁₃
ka₁₄
ka₁₅
KA@180
ka₂
KA₂
|KA₂.AN|
|KA₂.AN.RA|
|KA₂.GAL|
|KA₂%KA₂|
ka₃
ka₄
ka₅
ka₆
|KA×6(DIŠ)|
ka₇
ka₉
|KA×A|
|KA×A.A|
|KA×AD|
|KA.AD.KU₃|
|KA×(AD.KU₃)|
|KA×(A.LA₂)|
|KA×(A.ME)|
|KA.AN.NI.SI|
|KA×AŠ|
|KA×AŠ₂|
|KA×(A.X)|
kab
KAB
kab₂
|KA×BAD|
|KA×BAL|
|KA×BALAG|
|KA.BALAG.GA₂.TE.A.DU@s.ZA.NA|
kabar
|KA.BAR|
|KA×BAR|
kabar₂
|KAB.BU|
KAB@g
|KA×BI|
KAB@s
kabta
|KA×BU|
|KAB.UŠ|
kad
kad₂
KAD₂
|KAD₂.U.SI|
kad₃
KAD₃
|KAD₃.KAD₃|
kad₄
KAD₄
|KAD₄.KAD₄.KAD₅|
kad₅
KAD₅
|KAD₅&KAD₅|
|KAD₅.KAD₅|
|KAD₅&KAD₅.KAD₅&KAD₅|
kad₆
kad₈
|KA.DI|
|KA×DIŠ|
kadra
kadra₃
kadri
kadri₃
kadru
kadru₃
|KA×DU|
|KA×DUB₂|
|KA×ERIN₂|
|KA×EŠ|
|KA×EŠ₂|
kag₂
|KA×GA|
|KA×GA₂|
|KA×GAL|
|KA×GAN|
|KA×GAN₂|
|KA×GAN₂@t|
|KA×(GAN₂@t.ŠA)|
|KA×GAN₂@t.ŠA|
kagar
|KA×GAR|
|KA×(GAR.ŠA₃.A)|
|KA×(GAR.X)|
|KA×GA.SAG|
|KA×GI|
|KA×GIG|
|KA×GIR₂|
|KA×GIŠ|
|KA.GIŠ%GIŠ|
|KA×GIŠ%GIŠ|
|KA×(GIŠ.SAR)|
|KA×GU|
|KA×GUD|
|KA×GUR₇|
|KA.HI|
|KA×HI×AŠ₂|
|KA.HI.GA|
|KA×(HU.SI)|
|KA×IGI|
|KA×IM|
kak
KAK
kak₂
|KA&KA|
|KA.KA|
|KA×KA|
|KA×KAD₃|
|KA.KAK|
|KA×KAK|
|KA.KAL|
|KAK+DIŠ|
|KAK.GIŠ|
|KA×KI|
|KA×KID|
|KA×KID₂|
|KAK×IGI@g|
|KA×(KI.ŠU₂)|
|KAK&KAK|
kakkala
kakkuda
kakkul
kakkul₂
kakkul₃
kakkula
kakkuša
kakra
kakru
|KAK.TAR|
kaku
|KA×KU|
kal
KAL
kal₂
kal₃
kal₄
kala
kala₁₀
kala₂
kala₃
kala₄
kala₅
kalag
kalaga
kalam
kalama
|KAL×BAD|
kalbu
|KAL.EDIN|
kalga
|KA×LI|
|KA×LI.KA×LI|
|KAL%KAL|
|KA×LU|
|KA.LUM|
|KA×LUM|
KAL@v
kam
kam₂
KAM₂
kam₃
kam₄
KAM₄
kama
kama₅
kama₆
kamad
kamad₂
kamaru
kamaš
|KA×MAŠ|
|KA×ME|
|KA×(ME.DU)|
|KA×(ME.GAR)|
|KA×(ME.GAR.GAR.RA)|
|KA×(ME.GI)|
|KA×(ME.ME)|
|KA×MES|
|KA×(ME.TE)|
|KA×MI|
|KA×(MI.NUNUZ)|
|KAM×U|
|KA×MU.KA×MU|
kamuš
KAM@v
kan
kan₂
kan₃
kan₄
kan₅
kan₆
kana
|KA×NA|
kana₂
kana₃
kana₅
kana₆
kana₇
kanam
kanaŋ
|KA.NE|
|KA×NE|
|KA×NI₂|
kankal
kankan
|KA×NUN|
kap
kap₀
KAP₀
kap₃
kapa
|KA×PA|
kapar
|KA×PI|
kaptu
kaq
kar
KA@r
kar₂
kar₃
kar₄
kar₅
kara
kara₂
kara₄
kara₆
karadin
karadin₁₀
karadin₂
karadin₃
karadin₄
karadin₅
karadin₇
karadin₈
karadin₉
karam
karaš
karaš₂
karkar
karkara
|KAR.MUŠ|
|KA×RU|
kas
kaš
kaṣ
kas₂
kaš₂
kaṣ₂
kas₃
kaš₃
kaṣ₃
kas₄
kaš₄
kaš₄⁻
kas₅
kaš₅
kas₆
kaš₆
kas₇
kasa
|KA×SA|
|KA×ŠA|
|KA×SAL|
|KA.SAR|
|KA×SAR|
|KA×ŠAR₂|
kašbir
|KA×ŠE|
|KA×ŠE@f|
KAŠ@g
|KA×SI|
|KA×ŠID|
|KA×SIG|
kaskal
KASKAL
|KASKAL.6(DIŠ)|
|KASKAL.BU|
|KASKAL.GA|
|KASKAL.HI×NUN|
|KASKAL&KASKAL.DU&DU.BAD&BAD|
|KASKAL&KASKAL.LAGAB&LAGAB|
|KASKAL.KUR|
|KASKAL.LAGAB|
|KASKAL.LAGAB×U|
|(KASKAL.LAGAB×U)&(KASKAL.LAGAB×U)|
|KASKAL.(LAGAB×U)&(LAGAB×U)|
|KASKAL.LAGAB×X|
|KASKAL.PA.DU|
|KASKAL.UD@s|
|KA.ŠU|
|KA×ŠU|
|KA×(ŠU.EŠ₂)|
|KA×SUHUR|
|KA.ŠU.IG|
|KA×ŠU.ŠA|
|KA×(ŠU.X)|
kat
kat₂
kat₃
kat₄
kat₅
kat₇
kata₃
|KA.TAR|
|KA×TAR|
|KA×TE|
|KA×TIL|
|KA×TU|
|KA×U|
|KA.U₂|
|KA×U₂|
|KA.UD|
|KA×UD|
|KA.UD.AŠ|
|KA.UD.BAR|
|KA×UD.BAR|
|KA×UMUM×PA|
|KA×UR|
|KA×UR₂|
|KA×URUDA|
|KA×UŠ|
|KA×(U.U.U)|
|KA×UZU|
|KA.X|
|KA×X|
|KA×X.KA×X|
kaz
kaz₀
kaz₈
kazab
kazabu
kazabur
kazaza
kazba
kazbi
kazbu
|KA×ZI|
ke
ke₂
ke₃
ke₄
ke₅
kel
kel₃
kele
kem
ken
ken₂
kenke
ker
keš
keš₁₈
keš₂
KEŠ₂
|KEŠ₂×A|
keš₃
keš₄
keš₈
keš₉
kešda
keše
keše₂
keše₄
keši₁₈
keši₂
keši₃
ket
ki
KI
ki₂
ki₃
ki₄
ki₅
ki₆
ki₇
ki₈
ki₉
|KI.A|
|KI.AN|
|KI.AN.IM|
|KI.AN.ŠEŠ.KI|
|KI.AN.UD|
|KI.AŠ.AŠ|
kib
kib₃
|KI.BAD|
|KI×BAD|
KIB@g
|KI.BI|
|KI.BI.GAR|
|KI.BI.KAK|
kibini
|KI.BI.NI|
kibir₂
kibir₃
kibsur
kibšur
kid
KID
kid₁₀
kid₂
kid₃
kid₄
kid₅
kid₆
kid₇
kid₈
kid₉
|KID.BALAG|
kide
|KID.MA₂.MAH|
|KID.MA₂.ŠU₂|
|KID.MA₂.ŠU₂.A|
|KID.MAH|
|KID.ŠU₂.MA₂|
|KI.DU.KAK|
|KI.E.NE.DI|
|KI.E.NE.DI.AN.MUŠ₃|
|KI.EN.KAK|
|KI.EŠ₅|
kig₂
|KI.GAL|
|KI.IB|
kik
|KI.KAK|
|KI.KAL|
|KI.KAL.BAD|
|KI.KAL×BAD|
|KI.KAL.BAD.IDIM|
|KI.KAL.IDIM|
|KI.KA.LU₂|
|KI.KA.SAL|
|KI.KI|
kikken
kikken₂
kikkin
kikkin₂
kikla
|KI.KU|
|KI.KU.LU₂|
|KI.KU.SAG|
kil
kil₂
kil₃
kil₄
kilahha
|KI.LAL|
|KI.LAM|
kili
kili₃
kilib
kilib₃
kilibu
kilim
kilim₂
kilin
|KI.LU.EŠ₂|
|KI.LU.EŠ₂.GAR.SU.GAR.RA|
|KI.LUGAL|
|KI.LUGAL.DU|
kim
kim₂
kim₃
kim₄
kim₅
kim₆
kimin
|KI.MIN|
|KI.MUŠ₃@g|
kin
KIN
kin₂
kin₃
kin₄
kin₇
kin₈
kinbur
kinda
kinda₂
kindagal
kindagal₂
kindaŋal
|KI.NE|
|KI.NE.AN.MUŠ₃|
|KI.NE@s|
kingal
kingusila
kingusila₂
kingusili
KINGUSILI
kingusili₂
|KI.NI|
kinkin
|KIN.KIN|
kinkin₂
|KIN×UD|
kiŋ
kiŋ₂
kiŋgal
kip
kir
kir⁻
kir₁₀
kir₁₁
kir₁₃
kir₁₄
kir₁₇
kir₂
kir₃
kir₄
kir₅
kir₆
kir₇
kir₈
kir₉
kiraš
kiraši
kirban
kiri
kiri₂
kiri₃
kiri₄
kiri₆
kiri₇
kiri₈
kiri₉
kirid
kiris
kirit
kis
kiš
KIŠ
kiṣ
kiš₁₆
kis₂
kiš₂
kiš₅
kiša
kiša₂
|KIŠ.AB@g|
kišādu
|KI.SAG|
kišag
|KI.SAG.DU|
|KI.SAG@n|
|KI.SAG@n.DU|
|KI.SAG.SAL|
kisal
KISAL
|KISAL×PAP|
|KISAL×UD|
|KIŠ.ARAD|
kiše
kiše₄
kišeb
kišeg
kišeg₂
kišek
kišer
|KI.ŠEŠ.KAK|
|KI.ŠEŠ.KAK.A|
KIŠ@g
|KIŠ@g.ARAD|
kisi
kiši
kiši₁₀
kiši₁₁
kiši₁₂
kiši₁₃
kiši₁₄
kiši₁₅
kiši₁₆
kiši₁₇
kiši₂
kiši₃
kiši₄
kiši₅
kiši₆
kiši₇
kiši₈
kiši₉
kišib
kišib₂
kišib₃
kisig
kišig
kisig₂
kišig₂
kisiga
kišik
kišik₂
kisim
kisim₂
kisim₃
kisim₄
kisim₅
KISIM₅
kišim₅
|KISIM₅×KAK|
|KISIM₅&KISIM₅|
kisim₆
kisim₇
kislah
kislah₂
kislah₃
kišli
KIŠ@s
kissa
|KIŠ×TIL|
|KI.SU.LU.EŠ₂|
|KI.SU.LU.EŠ₂.GAR|
|KI.SU.LU.EŠ₂.GAR.KI|
|KI.SU.LU.EŠ₂.GAR.RA|
|KI.SU.LU.EŠ₂.KI.GAR|
|KI.SU.LU.GAR|
|KI.SU.LU.GAR.KI|
|KI.SU.LU.KI.GAR|
|KI.SU.LU.LAGAB×U.GAR|
|KI.SU.LU.ŠU.GAR|
|KI.SU.ZA.LU.EŠ₂|
kit
kiṭ
kit₁₀
kit₂
kit₉
kitim
|KI×U|
|KI.UD|
|KI×UD|
|KI.UD.A|
|KI.URU×MIN|
|KI×X|
kizlah
ku
KU
ku₁₀
ku₁₁
ku₁₂
ku₁₃
ku₁₄
ku₁₅
ku₁₆
ku₂
ku₃
KU₃
|KU₃.AN|
|KU₃.GI|
|KU₃.UD|
ku₄
KU₄
KU₄~a
ku₅
ku₆
ku₇
KU₇
|KU₇.KU₇|
ku₈
ku₉
kua
kua₂
|KU.AN|
|KU.AN.RA|
kuar
kuar₂
kuara
kuara₂
|KU.ARAD|
kub
|KU.BU.NUN.TU.KU|
kud
kud₃
kud₅
kud₆
|KUD.KUD|
kudma
kug
|KU.GAR|
|KU.GIŠ%GIŠ|
kugre
kugu
kugur
|KU&HI×AŠ₂.KU&HI×AŠ₂|
kuia
kuia₃
|KU.IDIM|
kuk
kuk₂
|KU.KI.SAG|
kukku
kukku₂
kukku₃
kukku₄
kukku₅
kukkuda
kukkuda₂
kukkug₂
kukkuš
kukkuša
kukkušda
kuksu
kuksu₂
|KU.KU|
kuku₅
kukuda₂
|KU.KU.KU|
kukula
kul
KUL
kul₂
kula
KUL@d
kulkul
kulla
|KUL.ŠA₃|
kulu
kum
kum₂
kum₃
kum₄
kun
KUN
kun₂
kun₃
kun₄
kun₅
kun₈
kun₉
kunga
kunga₂
kunga₃
kungal
kungi
kungi₂
kungi₃
kunigara
kunigara₂
kunigara₃
kunigara₄
kunigara₅
kunin
kunin₂
kunu
|KU.NU|
kuŋ₂
kuŋ₄
kuŋ₅
kuŋgala
kup
kup₃
kur
KUR
kur₁₁
kur₁₂
kur₁₄
kur₁₅
kur₂
kur₃
kur₄
kur₅
kur₆
kur₇
kur₉
|KUR.BAD|
kurin
kurku
kurku₂
|KUR@KUR|
|KUR.MUŠ₃|
|KUR.MUŠ₃@g.ZA|
|KUR.MUŠ₃@g.ZA.KI|
|KUR.RA|
|KUR.SI.A.GA|
|KUR.TI|
kuru
kuru₁₁
kuru₁₃
kuru₁₄
kuru₂
kuru₄
kuru₅
kuru₇
kurud
kuruda
kurul₁₄
kurum₁₀
kurum₅
kurum₆
kurum₇
kurun
kurun₂
kurun₃
kurun₅
kurun₆
kuruš
kurušda
|KUR.ZA.KUR.ZI|
kus
kuš
kuš₁₀
kus₂
kuš₂
kuš₂⁻
kuṣ₂
kuš₃
kuš₄
kuš₅
kuš₆
kuš₇
kuš₈
kuš₉
kuša
kušdim
kušgim
kušlug
kušu
kušu₂
KUŠU₂
|KUŠU₂.AN.MUŠ₃|
|KUŠU₂.AN.MUŠ₃@g|
|KUŠU₂.HI×DIŠ|
|KUŠU₂×KASKAL|
|KUŠU₂.MUŠ₃|
|KUŠU₂×SAL|
kušu₃
kušu₄
kušum
kušum₂
kušum₃
kušum₄
kusun
kut
KU@t
kut₂
kutra
kutu
kuwa₂
kuya₂
kuz
kuzbi
kuzbu
la
LA
la₁₀
la₁₂
la₂
LA₂@t
la₃
la₅
la₆
la₇
la₈
lab
laban
lad
lag
lagab
LAGAB
|LAGAB×1(N01)|
|LAGAB×A|
|LAGAB×(A.DA.HA)|
|LAGAB×(A.GAR)|
|LAGAB×AL|
|LAGAB×(A.LAL)|
|LAGAB×A.LUM|
|LAGAB×AN|
|LAGAB×AŠ|
|LAGAB×AŠ₂|
|LAGAB×AŠ@t|
|LAGAB×AŠ@z|
|LAGAB×A.TAR|
|LAGAB×(A.U)|
|LAGAB×BAD|
|LAGAB×(BAD&BAD)|
|LAGAB×BAR|
|LAGAB×BI|
|LAGAB.DAR|
|LAGAB×DAR|
|LAGAB×EN|
|LAGAB×GA|
|LAGAB×GAL|
|LAGAB×GAN₂|
|LAGAB×GAR|
|LAGAB×GUD|
|LAGAB×(GUD&GUD)|
|LAGAB×(GUD.GUD).A|
|LAGAB×(GUD&GUD)+HUL₂|
|LAGAB×GUD.LU.HI.A|
|LAGAB×GUR|
|LAGAB×HA|
|LAGAB×(HA.A)|
|LAGAB×HA.A|
|LAGAB×HAL|
|LAGAB×HAL.A|
|LAGAB×HAL.ŠU₂|
|LAGAB×HI×NUN|
|LAGAB×IGI|
|LAGAB×IGI@g|
|LAGAB×IGI@g.ME|
|LAGAB×IM|
|LAGAB×(IM.HA)|
|LAGAB×(IM.IM.ŠU₂LU)|
|LAGAB×(IM.LU)|
|LAGAB×KI|
|LAGAB×KIN|
|LAGAB×KU₃|
|LAGAB×KUL|
|LAGAB×(KUL.HI.A)|
|LAGAB.LAGAB|
|LAGAB×LAGAB|
|LAGAB×LAGAR|
|LAGAB×LAK175|
|LAGAB×LIŠ|
|LAGAB×LU|
|LAGAB×LUL|
|LAGAB×ME|
|LAGAB×(ME.EN)|
|LAGAB×MUŠ|
|LAGAB×NE|
|LAGAB×NUN|
|LAGAB×PA|
|LAGAB×PAP|
|LAGAB.SAG@g|
|LAGAB×ŠE|
|LAGAB×(ŠE.SUM)|
|LAGAB×SI|
|LAGAB×ŠITA|
|LAGAB×ŠITA₂|
|LAGAB×(ŠITA.GIŠ)|
|LAGAB×(ŠITA.GIŠ.ERIN₂)|
|LAGAB×(ŠITA@t.GIŠ)|
|LAGAB×(ŠITA@t.GIŠ.ERIN₂)|
|LAGAB×ŠU|
|LAGAB×ŠU₂|
|LAGAB×(ŠU₂.ŠU₂)|
|LAGAB×SUM|
|LAGAB×TAG|
|LAGAB×TAK₄|
|LAGAB×(TE.A.SU.NA)|
|LAGAB×TIL|
|LAGAB×U|
|LAGAB×(U₂.AŠ)|
|LAGAB×(U₂.AŠ@t)|
|LAGAB×(U.A)|
|LAGAB×UD|
|LAGAB.U.KAK|
|LAGAB×UN|
|LAGAB×UŠ|
|LAGAB×UŠ₂|
|LAGAB×(U.U.U)|
|LAGAB×(U.U.U).LAGAB×(U.U.U)|
|LAGAB×X|
|LAGAB×ZA|
|LAGAB×(ZU&ZU)|
lagal
lagar
LAGAR
lagar₂
lagar₃
LAGAR@g
|LAGAR@g.DU|
|LAGAR@g.DU@s|
|LAGAR@g&LAGAR@g|
|LAGAR@g&LAGAR@g.LAGAR@g&LAGAR@g.LAGAR@g&LAGAR@g|
|LAGAR@g&LAGAR@g.SAR|
|LAGAR@g&LAGAR@g.ŠE|
|LAGAR@g×ŠE|
|LAGAR@g×(ŠE.SUM)|
|(LAGAR@g.SU.LU.EŠ₂)&(LAGAR@g.SU.LU.EŠ₂)|
|LAGAR.IB|
|LAGAR×ŠE|
|LAGAR×(ŠE.SUM)|
|LAGAR×SUM|
|LAGAR×X|
|LAGAR×ZA|
lagas
lagaš
lagasa
lagaša
lah
lah₂
lah₃
lah₄
lah₅
lah₆
lah₇
laha₄
laha₅
lahar
lahar₂
lahhušu
lahru
lahrum
lahrum₂
lahšu
LAHŠU
lahta₆
lahtan
lahtan₂
lahtan₃
lahtan₄
lahtan₅
lahtan₆
lak
|(LAK079&LAK079)@g|
|LAK263×BAR|
|LAK449a×GU|
|LAK449a×IGI|
|LAK449×(AN.EŠ₂)|
|LAK449×GU|
|LAK449×IGI|
|LAK449×(PAP.LU₃)|
|LAK449×(PAP.PAP.LU₃)|
|LAK449×SI|
|LAK449×(U₂.BA)|
|LAK490×KASKAL|
|LAK617×AŠ|
|LAK617×BAD|
|LAK617×DUN₃@g@g|
|LAK617×KU₃|
|LAK617×LA|
|LAK617×LA@n|
|LAK617×MIR|
|LAK617×TAR|
|LAK617×TE|
|LAK617×U₂|
|LAK617×UD|
|LAK617×URUDA|
|LAK648×1(DIŠ@c)|
|LAK648×DUB|
|LAK648×GA|
|LAK648×IGI|
|LAK648×IGI@g|
|LAK648×IM|
|LAK648×NI|
|LAK648×(PAP.PAP.LU₃)|
|LAK648×(ŠEŠ.KI)|
|LAK648×UD|
|LAK648×URUDA|
|LAK81&LAK81|
laka
lal
LAL
lal₂
LAL₂
|LAL₂.A|
|LAL₂.AŠ₂|
|LAL₂.DU|
|LAL₂×DU|
|LAL₂.DU.DU|
|LAL₂×DU.DU|
|LAL₂.DUR₂|
|LAL₂×DUR₂|
|LAL₂.HAL|
|LAL₂×HAL|
|LAL₂.KAK|
|LAL₂×KAK|
|LAL₂.LAGAB|
|LAL₂.NI|
|LAL₂.SAR|
|LAL₂.TUG₂|
|LAL₂×TUG₂|
|LAL₂.U|
|LAL₂.URU|
|LAL₂.URU×MIN|
|LAL₂×(URU×MIN)|
|LAL₂.X|
lal₃
|LAL.A|
lala₂
lalah
lalah₂
|LAL×DIŠ|
|LAL.DUG|
|LAL.KAK|
|LAL×KU|
lalla
lalla₂
|LAL.LAGAB|
|LAL×LAGAB|
lallal
|LAL.NI|
LAL@r
|LAL.SAR|
|LAL.TUG₂|
lalʾu
lalʾu₂
lalʾu₃
lalʾu₄
lalʾu₅
lalʾu₆
lalʾu₇
lalʾu₈
lam
LAM
lam₂
lam₃
lam₄
lam₅
lama
lama₂
lama₃
lamahuš
lamar
lamassu
lambi
|LAM.HI×DIŠ|
lamhu
|LAM×KUR|
|LAM.KUR.RU|
|LAM×(KUR.RU)|
|LAM×KUR.RU.DA|
lamma
lammar
lammu
lammu₂
|LAM.RU|
|LAM.SAG|
LA@n
|LA.NU₁₁.BUR|
lap
laq
lar
larag
larag₂
larsa
larsa₂
larsam
larsam₂
lāsimu
lat
laṭ
lata
laʾu
laʾu₂
laʾu₃
laʾu₄
laʾu₅
laʾu₆
laʾu₇
laʾu₈
le
le₁₀
le₂
le₃
le₄
le₈
le₉
leb
lel₂
lelle
lelli
lem
lem₄
lep
leq
let
leʾum
li
LI
li₁₀
li₁₁
li₁₂
li₂
li₃
li₅
li₆
li₇
li₈
li₉
lib
lib₂
lib₃
lib₄
libi
libin
libir
libiš
libit
lid
lid₂
lidda
lidda₂
lidim
lig
ligidba
ligidba₂
ligim
ligima
ligin
lih
lih₂
lih₃
lik
lik₂
liki
lil
LIL
lil₂
lil₃
lil₅
lil₆
lil₇
lil₈
lila₂
|LI&LI|
lilib
liliru
lilis
liliz
lillan
lilli
lillia
lillu
lim
lim₂
lim₃
lim₄
lima
limi
limmu
LIMMU
limmu₂
LIMMU₂
limmu₃
limmu₄
limmu₅
LIMMU~a
LIMMU~b
limu
limu₂
limu₃
limu₄
limu₅
lip
lip₂
lip₃
lipiš
liq
liq₂
liq₃
liri
liri₂
liri₃
liri₄
liri₅
liri₆
liri₇
liri₈
liru
liru₂
liru₃
liru₄
liru₅
liru₆
liru₇
liru₈
lirum
lirum₂
lirum₃
lirum₄
lirum₅
lirum₆
lirum₇
lirum₈
lis
liš
LIŠ
lisi
lisin
lit
liṭ
liṭ₂
liti
liṭi
lium
liz
LN
lu
LU
lu₁₀
lu₂
LU₂
LU₂@90
|LU₂.AL|
|LU₂×AL|
|LU₂×AŠ₂|
|LU₂.BAD|
|LU₂×BAD|
|LU₂×BAD.BAD|
|LU₂×BAD.BAD.A|
|(LU₂×BAD)@t|
|LU₂.DIŠ|
|LU₂×DIŠ|
|(LU₂.DUR₂)&(LU₂.DUR₂)|
|LU₂.EN|
|LU₂.EŠ₂|
|LU₂×EŠ₂|
|LU₂×(EŠ₂.LAL)|
|LU₂.EŠ₂.LAL|
|LU₂.EŠ₂@t|
|LU₂×EŠ₂@t|
LU₂@g
|LU₂.GAM|
|LU₂×GAM|
|LU₂.GAN₂@t|
|LU₂×GAN₂@t|
|LU₂@g×AŠ|
|LU₂@g.UŠ₂|
|LU₂×HAL|
|LU₂.HI.BAD|
|LU₂.HI×BAD|
|LU₂×HI×BAD|
|LU₂×IM|
|LU₂×KAD₂|
|LU₂×KAD₃|
|LU₂×(KAD₃.AŠ)|
|LU₂.KI|
|LU₂×KI|
|LU₂.KU|
|LU₂×(LA.AŠ)|
|LU₂.LAGAB|
|LU₂×LAGAB|
|LU₂.LAGAB×U|
|LU₂×LIL|
|LU₂%LU₂|
|LU₂&LU₂|
|LU₂.LU₂|
|LU₂@LU₂|
|LU₂&LU₂.GIŠ&GIŠ|
|LU₂.LU₂.LU₂.LU₂|
|LU₂.ME.EN|
|LU₂×(ME.EN)|
|LU₂.NE|
|LU₂×NE|
|LU₂.NU|
|LU₂×NU|
|LU₂×PAP|
|LU₂×(PAP.PAP.LU₃)|
LU₂@s
|LU₂.ŠA₃|
|LU₂×ŠA₃|
|LU₂@s×BAD|
|LU₂@s+GAM|
|LU₂×(SI.AŠ)|
|LU₂×(SIK₂.BU)|
|LU₂@s.NA|
|LU₂@s×TIL|
|LU₂.SU|
|LU₂.ŠU|
|LU₂×ŠU|
|LU₂.SU.A|
LU₂@t
|LU₂×TAK₄|
|LU₂.TUG₂|
|LU₂×TUG₂|
|LU₂×(UD.TUG₂)|
|LU₂×UŠ₂|
LU₂~v
|LU₂×X|
lu₃
LU₃
|LU₃.PAP.PAP|
lu₄
lu₅
lu₆
lu₇
lu₇⁻
lu₈
lu₉
|LU.ANŠE×IGI|
lub
|LU.BAD|
|LU×BAD|
lubun
lud
|LU.EŠ₂.GAR.KI|
|(LU.EŠ₂)&(LU.EŠ₂)|
lug
lug₂
luga
lugal
LUGAL
lugala
|LUGAL.GAL|
|LUGAL.GAM|
|LUGAL.GAN|
|LUGAL.HI×BAD|
|LUGAL%LUGAL|
|LUGAL&LUGAL|
|LUGAL@LUGAL|
LUGAL@s
lugam
|LU.GIR₃×IGI|
lugud
lugud₂
lugud₃
lugud₄
luh
LUH
LUH@180
luhša
luhšu
luhu
|LU.HUL₂|
luhummu
|LU.KI.KAK|
lukur
lul
LUL
|LUL.A|
|LUL.AŠ|
|LUL.BALAG|
|LUL.DIN.LIŠ|
|LUL.E₂.BALAG|
lulim
lulima
|LUL×ŠE|
lulu
|LU.LU.EŠ₂.EŠ₂|
lum
LUM
lum₂
lum₃
luma
lumgi
lumgi₂
lumgi₃
lumha
|LUM%LUM|
|LUM&LUM|
|LUM.LUM|
|LUM&LUM.DU@s|
|LUM&LUM.GAR&GAR|
|LUM&LUM.ŠU₂|
lumu
lumu₃
lun
lunga
lunga₂
lunga₃
luŋ₂
luŋa
luŋa₂
lup
|(LU.SU)&(LU.SU)|
lut
luṭ
lutu
luṭu
m
ma
MA
ma₁₀
ma₂
MA₂
|MA₂.HI.DIŠ|
|MA₂.HU|
|MA₂.IGI|
|MA₂.IGI@g|
|MA₂.KAK|
|MA₂.KASKAL.IGI@g|
|MA₂.KASKAL.IGI@g&IGI@g|
|MA₂.LIŠ|
|MA₂.MUG|
|MA×2(N57)|
|MA₂.SAL.DIŠ|
ma₃
ma₄
ma₅
ma₆
ma₇
ma₈
ma₉
mabi
mabi₂
mabi₃
mad
mada
madal
madla
madlu
madul
MA@g
|MA×GAN₂@t|
magar
magara
|MA@g×TAK₄|
mah
MAH
mah₂
mah₃
maha
maha₂
mahar
MAH@g
mahra
mahru
mah@v
MAH@v
mak₀
makaš
makaš₂
makkaš
makkaš₂
mal
mal₂
mala
malba
malla
mam
mam₂
mam₃
mammi
mammi₂
mammi₃
man
man₂
man₃
mana
mangara
mar
MAR
mar₂
mar₃
mar₅
mar₆
mara
mara₂
marad
marad₂
marduk
martu
|MAR.TU|
martum
maru
maru⁻
mas
maś
maš
MAŠ
maṣ
maš₂
MAŠ₂
MAŠ₂@g
maš₃
maš₄
mašammi
mašda
mašda₂
mašda₃
mašda₄
|MAŠ.EN|
|MAŠ.EN.KAK|
mašgagen
|MAŠ.GU₂.GAR₃|
māṣit
|MAŠ.KAK|
|MAŠ.KAK.EN|
maškim
maškim₂
maškim₃
maškum
mašmin
|MAŠ.PA|
massa
massa₂
maššam
MAŠ@t
|MAŠ.U|
|MAŠ.U.U|
|MAŠ.U.U.U|
|MAŠ.X|
mat
maṭ
mat₂
mat₃
matšammi
|MA×X|
me
ME
me₁₁
me₁₂
me₂
me₃
me₄
me₅
me₆
me₇
me₈
me₉
|ME.AD.KU₃|
|ME.AN.ŠE.NAGA|
mebulug
mebulug₂
mebulug₃
med
medda
medda₂
meddu
meddu₂
medu
megida
megida₂
megidda
megidda₂
meh
mehida
mehidi
mehidu
mel
mel₂
mel₃
mele₂
meli
meli₂
mem
|ME.MU|
men
men₂
men₃
men₄
men₅
menari
menbulug
menbulug₂
menbulug₃
|ME.NUN.TAG|
mer
mer₃
mer₄
mere
meri₃
merimer
merimer₂
merimer₃
merimer₄
merimer₅
merimeri
merimeri₂
merimeri₃
merimeri₄
merimeri₅
mermer
mermer₂
mermer₃
mermer₄
mermer₅
mermeri
mermeri₂
mermeri₃
mermeri₄
mermeri₅
mes
MES
meš
meṣ
meš₂
mes₃
meš₃
meša
mesi
|MES.RU|
met
meṭ
meṭa
meṭa₂
mete
meṭu
meṭu₂
|ME.UM|
|ME.U.U.U|
mez
meze
mezeg
mezem
mezeŋ
mi
MI
mi₂
mi₃
mi₄
mi₅
mid
midda
midda₂
middu
middu₂
midra
migir
migir₂
mih
mil
mili
mili₂
milla
mim
mim₃
mim₄
|MI&MI|
|MI.MI|
min
MIN
min₂
min₃
min₄
min₅
min₆
min₇
min₈
mina
mina₃
minbulug
minbulug₂
mir
mir₅
miri
mis
miš
miṣ
miš₂
miš₃
misal
mišhaš
mišsun
mit
miṭ
miṭa
miṭa₂
miti
mitta
mitta₂
mittu
miṭṭu
mittu₂
mitu
miṭu
miṭu₂
mitum
mitum₂
|MI.ZA₇|
mizal
mizeg
mizem
mu
MU
mu₁₀
mu₁₁
mu₁₂
mu₁₃
mu₁₄
mu₂
mu₃
mu₄
mu₅
mu₆
mu₇
mu₈
mu₉
mua
muati
muatu
|MU.BU|
mud
mud₂
mud₃
|MUD₃@g×GU|
mud₄
mud₅
mud₆
mud₇
mud₈
mudgi
mudla
mudlu
mudra₃
mudra₅
mudra₆
mudru
mudru₂
mudru₃
mudru₄
mudru₅
mudru₆
mudul
mug
MUG
mug₂
muga
|MUG.DIŠ|
MUG@g
|MUG.MUG|
muh
muh₂
muh₃
muh₄
muhaldim
muhaldima
muhhu
muk
muk₀
muk₃
mul
mul₂
mul₃
mul₄
mulla
mullil
mullu
mulu
mulu₄
mum
|MU.ME.U.U.U|
mummun
|MU&MU|
mumun
mun
mun₂
mun₃
mun₄
mun₅
mun₆
munsub
MUNSUB
munšub
munsub₂
munšub₂
munsub₃
munsub₄
munu
munu₂
munu₃
munu₄
munu₅
munu₆
munus
munussa
munuz
munzer
munzur
muq
mur
mur₁₀
mur₁₁
mur₂
mur₃
mur₆
mur₇
mur₈
murga
murgišur
murgu
murgu₂
MURGU₂
murgu₃
muri
murim
muru
muru₁₁
muru₁₂
muru₁₃
muru₂
muru₃
muru₄
muru₅
muru₆
muru₉
murub
murub₂
murub₃
murub₄
MURUB₄
MURUB₄@g
murub₅
murub₆
murum
murum₁₁
murum₄
murum₅
murum₆
mus
muš
MUŠ
muṣ
muš₂
muš₃
MUŠ₃
|MUŠ₃×A|
|MUŠ₃.AB|
|MUŠ₃.AB@g|
|MUŠ₃.AB@g.ZA|
|MUŠ₃×(A.DI)|
|MUŠ₃.BU|
|MUŠ₃.DI|
|MUŠ₃×DI|
|MUŠ₃.EREN|
MUŠ₃@g
|MUŠ₃@g.BU|
|MUŠ₃@g.DI|
|MUŠ₃@g.SIK₂.LAM|
|MUŠ₃.KUŠU₂|
|MUŠ₃&MUŠ₃|
|MUŠ₃×MUŠ₃|
|MUŠ₃×PA|
|MUŠ₃.PAD|
|MUŠ₃.ŠEŠ₂|
|MUŠ₃.SIK₂.LAM|
|MUŠ₃.(TA×HI)|
|MUŠ₃.TE.AB@g|
|MUŠ₃.ZA|
|MUŠ₃×ZA|
|MUŠ₃.ZA₇|
|MUŠ₃.ZA.AB@g|
muš₄
muš₅
muš₇
muš₈
muš₉
MUŠ@90
|MUŠ@90.MUŠ@90|
|MUŠ×A|
|MUŠ.A.HA.DU|
mušda
mušdam
mušdama
mušdama₂
|MUŠ.DIN.BALAG|
|MUŠ.DIN.BALAG.DAR|
|MUŠ.DIN.ŠE.NUN&NUN.BALAG|
|MUŠ.DU.A.HA|
mušen
|MUŠEN×2(N57)|
mušena
|MUŠ×ERIN₂|
|MUŠ×GAD|
muši
|MUŠ.IR.HA.DIN.BALAG|
mušku
|MUŠ×KUR|
|MUŠ%MUŠ|
|MUŠ&MUŠ|
|MUŠ.MUŠ|
|MUŠ%MUŠ.AB|
|MUŠ%MUŠ×AB|
|MUŠ&MUŠ×AB|
|MUŠ%MUŠ.A.NA|
|MUŠ&MUŠ.A.NA|
|MUŠ&MUŠ×(A.NA)|
|(MUŠ&MUŠ)×GA|
|MUŠ%MUŠ.HI|
|(MUŠ&MUŠ)×KAK|
|MUŠ%MUŠ.KAK|
|MUŠ%MUŠ×MAŠ|
|(MUŠ&MUŠ)×NA|
|MUŠ×PA|
mussa
|MUŠ.ŠA|
muššagana
MUŠ@t
muštaptin
muštu
muštu₂
muštug
muštug₂
mušu
musub
musub₂
musub₃
musub₄
musug₂
musug₄
musug₅
musur
|MUŠ×ZA|
mut
muṭ
mut₂
muthum
|MU.UŠ.TUG₂.PI|
muwa
muwati
muya
muyati
muz
muzug
muzug₂
muzug₄
muzug₆
n
N
N01
N01@c
N01@f
N04
N04@f
N08
N08@c
N08@f
N14
N14@f
N19
N19@f
N22
N22@f
N24
N34
N34@c
N34@f
N34@f@t
N36
N36@f
N45
N45@f
N46
N46@f
N48
N48@f
N50
N51
N51@f
N54
N57
N58
N8
|N8×DIŠ|
na
NA
na₂
NA₂
|NA₂.HU|
|NA₂.X|
na₃
na₄
na₅
na₆
na₇
na₈
nab
nab₃
nab₄
nad
nad₃
nag
nag₃
nag₄
naga
NAGA
NAGA@180
naga₂
naga₃
naga₄
nagada
|NAGA×DIŠ|
nagal
|NAGA@NAGA|
nagar
NAGAR
nagar₃
nagara
|NAGAR.BU|
|NAGAR.DIŠ|
|NAGAR.ZA@t|
|NAGAR×ZA@t|
|NAGA×ŠU@t|
NAGA@t
|NAGA.U₂|
nagbu
nagga
nagiri
nah
nah₂
nak
nak₂
nam
NAM
nam₂
NAM₂
NAM₂@g@t
NAM₂@t
nam₃
nam₄
nama
|NAM.EN|
|NAM.EN.NA|
|NAM.LUGAL|
namma
nammu
namri
namru
|NAM.SAL.TUG₂|
namšeše
|NAM.SU|
nan
nan₂
nan₃
nanam
nanam₂
nanga
nanga₂
nanga₃
nanga₄
nanga₆
nanibgal
nanibgal₂
nanna
nanna₂
nanše
naŋ
naŋ₃
naŋ₄
naŋa
naŋa₃
naŋa₄
naŋar
nap
nap₂
nappilu
naq
nar
nar₃
nari
naš
našše
nat
nat₂
nata
nazi
ne
NE
ne₂
ne₃
ne₄
ne₅
ne₆
ne₇
ne₈
|NE×A|
ned
neda
|NE.GI|
|NE×KASKAL|
nem
nemur
nemur₂
nen
nen₉
|NE.NE|
nenim
nenin
nenkum
nenna
nenna₂
nenni
nenni₂
nenni₅
|NE.PAP|
|NE×PAP|
|NE.PAP.BAU077|
|NE.PAP.BAU377|
|NE.PAP.GIŠ|
neq₂
ner
nerah
nergal
nerigal
|NE.RU|
nes
NE@s
neš
neš₂
neša
nesag
nesag₂
nesaŋ
nesaŋ₂
|NE@s.GA.MES|
|NE@s.GI|
|NE.SI.A|
|NE.SI@g|
net
neṭ
|NE×UD|
ni
NI
ni₁₀
ni₁₁
ni₂
NI₂
ni₃
ni₅
ni₆
ni₇
ni₈
ni₉
nib
nibri
nibru
nid
nida
nida₂
nidaba
nidaba₂
nidalam
nidalam₂
nidalam₃
nidalam₄
nidba
nidba₂
|NI.DIŠ.GIŠ|
nidlam
nidlam₂
nidlam₃
nidlam₄
|NI×E|
nieš
nig
nig₂
nig₆
niga
nigan
nigar
niggi
niggin
nigginaku
nigi
nigi₂
nigi₃
nigida
nigidaeš
NIGIDAEŠ
NIGIDAEŠ@c
nigidalimmu
nigidamin
NIGIDAMIN
NIGIDAMIN@c
nigin
nigin₁₀
nigin₁₁
nigin₂
nigin₃
nigin₄
nigin₅
nigin₆
nigin₇
nigin₈
nigin₉
nigir
nigir₂
nigir₃
|NI.GIŠ|
nigru
nigu
|NI.HUB₂|
nik
nik₂
nik₅
nika
nilimmu
|NI.LU|
nim
NIM
nim₂
nim₅
nima
nimar
nimbar
nimem₃
nimen
nimen₂
nimen₄
nimen₅
|NIM×GAN₂|
|NIM×GAN₂@t|
|NIM×(GAR.GAN₂@t)|
nimgigre
nimgigri₂
nimgir
nimgir₂
nimgirgirri
nimgirgirri₂
nimin
nimina
nimŋirŋirri₂
nimur
nin
nin₁₀
nin₂
nin₃
nin₄
nin₅
nin₆
nin₇
nin₉
nina
nina₂
nina₃
nina₄
ninagal
ninda
ninda₂
NINDA₂
NINDA₂@180
|NINDA₂×1(N06)|
|NINDA₂×2(DIŠ)|
|NINDA₂×2(DIŠ@c)|
|NINDA₂×2(N01)|
|NINDA₂×3(AŠ)|
|NINDA₂×3(AŠ@c)|
|NINDA₂×AN|
|NINDA₂.AŠ|
|NINDA₂×AŠ|
|NINDA₂×(AŠ.AŠ)|
|NINDA₂.AŠ.AŠ|
|NINDA₂×AŠ@c|
|NINDA₂×(AŠ@c.AŠ@c)|
|NINDA₂×BAL|
|NINDA₂×DIM@g|
|NINDA₂×DIŠ@c|
|NINDA₂×(DIŠ.ŠE.A.AN)|
|NINDA₂×DUB|
|NINDA₂×DUN₃@g|
|NINDA₂×GAL|
|NINDA₂×GAR₃|
|NINDA₂×GI|
|NINDA₂×GI.IDIM|
|NINDA₂×GIŠ|
|NINDA₂×(GIŠ.DAR)|
|NINDA₂×GUD|
|NINDA₂×GUL|
|NINDA₂×HI|
|NINDA₂×IGI@g|
|NINDA₂×KEŠ₂|
|NINDA₂×LAK50|
|NINDA₂×MAŠ|
|NINDA₂×(ME.GAN₂@t)|
|NINDA₂×MI|
|NINDA₂×NE|
|NINDA₂×NUMUN|
|NINDA₂×NUN|
|NINDA₂×(PAP.PAP)|
|NINDA₂×ŠANABI@c|
|NINDA₂×ŠE|
|NINDA₂×ŠE.A|
|NINDA₂×(ŠE.A).AN|
|NINDA₂×(ŠE.A.AN)|
|NINDA₂×ŠE.A.AN|
|NINDA₂×(ŠE.AN)|
|NINDA₂×(ŠE.AŠ)|
|NINDA₂×(ŠE.AŠ.AŠ)|
|NINDA₂×(ŠE.AŠ@c)|
|NINDA₂×(ŠE.AŠ@c.AŠ@c)|
|NINDA₂×ŠID|
|NINDA₂×ŠIM|
|NINDA₂×ŠUŠANA@c|
|NINDA₂×TUR|
|NINDA₂×U|
|NINDA₂×U₂|
|NINDA₂×(U₂.AŠ)|
|NINDA₂×U@c|
|NINDA₂×(U@c.U@c)|
|NINDA₂×(U.GUD)|
|NINDA₂×URUDA|
|NINDA₂×UŠ|
|NINDA₂×(U.U)|
|NINDA₂×(U.U.U)|
|NINDA₂×X|
|NINDA₂×(X.MAŠ)|
ninda₃
nindaba
nindamekar
nindan
nindar
nindu
nindu₂
ningi
ningi₂
ningi₃
ningin₃
ningin₄
nini
|NI&NI|
|NI.NI|
ninim
ninindu
ninindu₂
ninir
ninkum
ninmuš
ninna
ninna₂
ninni₂
ninni₃
ninni₄
ninni₅
ninni₇
ninni₈
ninnim₄
ninnim₇
ninnu
ninnu₂
ninta
ninta₂
nintah
nintah₂
nintah₃
nintahu
niŋ
niŋ₂
niŋ₆
niŋar
niŋdaba
niŋdaba₂
niŋen
niŋen₂
niŋen₅
niŋen₆
niŋi₂
niŋin
niŋin₁₁
niŋin₂
niŋin₃
niŋin₄
niŋin₅
niŋin₆
niŋin₈
niŋin₉
niŋir
niŋir₂
niq
niq₂
nir
nir₂
nir₃
nir₄
nir₅
nir₆
nir₇
nira
nira₂
nira₃
nirah
nis
niš
nis₂
niš₂
niša
nisaba
nisaba₂
nisag
NISAG
nisag₂
nisaga
nisagga
nisaŋ
nisaŋ₂
nisi
nisig
nisku
niskum
nissa
nit
niṭ
nita
nita₂
nita₃
nita₄
nitadam
nitadam₂
nitadam₄
nitah
nitah₂
nitah₃
nitahu
nitalam
nitalam₂
nitalam₃
nitalam₄
nitlam
nitlam₂
nitlam₃
nitlam₄
|NI.TUK|
|NI.UD|
|NI.UD.EN|
|NI.UD.KI|
niz
nu
NU
nu₁₀
nu₁₁
NU₁₁
NU₁₁@90
|NU₁₁@90.PI|
|NU₁₁@90.SILA₃|
|NU₁₁.BUR|
|NU₁₁.BUR.HU|
|NU₁₁.BUR.LA|
|NU₁₁.BUR.LA.HU|
|NU₁₁.BUR.SU.HU.LA|
|NU₁₁.BUR.SU.LA.HU|
|NU₁₁.GIŠ|
|NU₁₁.IR|
|NU₁₁.LA.BUR|
|NU₁₁.LA.HU|
|NU₁₁&NU₁₁.BUR&BUR|
NU₁₁@t
nu₁₂
nu₁₃
nu₂
nu₃
nu₄
nu₅
nu₆
nu₇
nu₈
nud
nug
nug₂
num
num₂
numdu
numdum
numdun
numgišur
numma
numu
numun
numun₂
numun₃
numun@d
nun
NUN
nun₂
nun₃
nuna
nundu
nundum
nundun
|NUN.EŠ₂.AB.BU|
|NUN.EŠ₂.BU|
|NUN.EŠ₂.ŠE.BU|
nungi
nungi₂
nungi₃
|NUN.GIŠ%GIŠ|
|NUN.KI|
|NUN.LA.GA₂×GAR|
|NUN.LA.GA₂×UŠ|
|NUN.LAGAR|
|NUN.LAGAR×GAR|
|NUN.LAGAR×MAŠ|
|(NUN.LAGAR)&(NUN.LAGAR)|
|NUN.LAGAR×SAL|
|(NUN.LAGAR×SAL)&(NUN.LAGAR×SAL)|
|NUN.LAGAR×UŠ|
|NUN.ME|
|NUN.ME.AB₂.DU|
|NUN.ME.DU|
|NUN.ME.EZEN.KUM|
|NUN.ME.KA×GAN₂@t|
|NUN.ME.KA×ME|
nunmeli
|NUN.ME.TAG|
|NUN.ME.TAG.GA|
|NUN%NUN|
|NUN&NUN|
|NUN.NUN|
|NUN%NUN.LAGAR&LAGAR|
|(NUN&NUN)&(NUN&NUN)|
nunpe
|NUN.ŠE|
|NUN.ŠE.LAL|
NUN@t
|NUN.TAG|
|NUN@t.KI|
|NUN@t.ŠE|
nunu
nunun
|NU&NU.NUNUZ&NUNUZ.U₂&U₂|
nunurra
nunurru
nunus
nunuz
NUNUZ
NUNUZ~a
|NUNUZ.AB₂|
|NUNUZ.AB₂×AŠGAB|
|NUNUZ.AB₂×BI|
|NUNUZ.AB₂×(BULUG₂.GUG₂)|
|NUNUZ.AB₂×DUG|
|NUNUZ.AB₂×EŠ|
|NUNUZ.AB₂×GU|
|NUNUZ.AB₂×GUD|
|NUNUZ.AB₂×(GUG₂.BULUG₂)|
|NUNUZ.AB₂×IGI@g|
|NUNUZ.AB₂×KAD₃|
|NUNUZ.AB₂×LA|
|NUNUZ.AB₂×LU₃|
|NUNUZ.AB₂×(LU₃.PAP.PAP)|
|NUNUZ.AB₂×NE|
|NUNUZ.AB₂×SILA₃|
|NUNUZ.AB₂×TAB|
|NUNUZ.AB₂×U₂|
|NUNUZ.AB₂×X|
|NUNUZ.DIM₂|
|NUNUZ.DUH.A|
|NUNUZ.KISIM₅|
|NUNUZ.KISIM₅×AŠGAB|
|NUNUZ.KISIM₅×BI|
|NUNUZ.KISIM₅×BI.U|
|NUNUZ.KISIM₅×KAK|
|NUNUZ.KISIM₅×(LU₃.PAP.PAP)|
|NUNUZ.KISIM₅×(TUG₂.HI)|
|NUNUZ.KISIM₅×U₂|
|NUNUZ.NUNUZ|
nunuzzi
nuŋa
nuŋun
nur
nura
nuri
nuru
nus
nuska
nuška
nuska₂
nuška₂
nusku
nusku₂
nušku₂
nussu
|NU×U|
nuz
nuzzi
ŋa₁₀
ŋa₂
ŋa₆
ŋaburra
ŋadub
ŋagi₂
ŋagia
ŋagia₂
ŋahalla
ŋahili
ŋaiku
ŋal₂
ŋal₄
ŋalga
ŋalilla
ŋanun
ŋaŋirsu
ŋar
ŋar₃
ŋar₇
ŋar₈
ŋarim
ŋarim₂
ŋarin
ŋarza
ŋarza₂
ŋarzu
ŋasibir
ŋasikilla
ŋe₂₆
ŋe₆
ŋe₇
ŋedar
ŋedru
ŋeli₃
ŋen
ŋepar
ŋer₁₅
ŋereš₂
ŋeš
ŋeš₂
ŋeš₂@c
ŋeš₂@c@v
ŋeš₃
ŋešba
ŋešba₂
ŋešbu
ŋešbu₂
ŋešbun
ŋešbun₂
ŋešdan
ŋešdan₂
ŋešdan₃
ŋešdan₄
ŋešdana
ŋešdana₂
ŋešdana₃
ŋešdana₄
ŋešdu
ŋešgal
ŋešgem
ŋešhar
ŋešhur
ŋešimmar
ŋeškim
ŋešmaš
ŋešnimbar
ŋešninbar
ŋešnu
ŋešnu₂
ŋešnu₃
ŋešpa
ŋešpu
ŋešpu₂
ŋessal
ŋeššir
ŋessu
ŋessun
ŋeštae
ŋeštae₂
ŋeštan
ŋeštan₂
ŋeštan₃
ŋeštan₄
ŋeštana
ŋeštana₂
ŋeštana₃
ŋeštana₄
ŋeštin
ŋeština
ŋeštu
ŋeštu₂
ŋeštu₃
ŋestug
ŋeštug
ŋeštug₂
ŋeštug₃
ŋeštukul₂
ŋešturu
ŋešʾu
ŋešʾu@c
ŋezzal
ŋi₂₅
ŋi₆
ŋi₇
ŋidlam
ŋidlam₂
ŋidlam₃
ŋidlam₄
ŋidri
ŋidru
ŋili₃
ŋim₆
ŋin
ŋir
ŋir₁₅
ŋir₂
ŋir₃
ŋiri
ŋiri₁₆
ŋiri₂
ŋiri₃
ŋiš
ŋiš₂
ŋiš₃
ŋisal
ŋišbum
ŋišbun
ŋišbun₂
ŋišdu
ŋišgal
ŋišimmar
ŋiskim
ŋiškim
ŋišnimbar
ŋišnu
ŋišnu₂
ŋiššir
ŋissu
ŋištu
ŋištu₂
ŋištu₃
ŋistug
ŋištug
ŋištug₂
ŋištug₃
ŋitlam
ŋitlam₂
ŋitlam₃
ŋiz
ŋizal
ŋizza
ŋizzal
ŋizzal₂
ŋu₁₀
ŋulla
ŋur₂₃
ŋur₂₄
ŋurgu
ŋurgu₂
ŋuruš
ŋušur
ŋušur₂
o
O
ON
oo
OO
P₁
P₂
P₃
P₄
P₅
pa
PA
pa₁₀
pa₁₂
pa₂
pa₃
pa₄
pa₅
pa₆
pa₈
pa₉
|PA.AL|
|PA.AN|
pab
pad
PAD
pad₂
pad₃
pad₄
pad₅
pad₆
pada
|PA.DAG.KISIM₅×GA|
|PA.DAG.KISIM₅×GUD|
|PA.DAG.KISIM₅×KAK|
|PA.DAG.KISIM₅×LU|
|PA.DAG.KISIM₅×(LU.MAŠ₂)|
|PAD.AN.MUŠ₃|
|PAD.AN.MUŠ₃@g|
|PAD.DUG.GIŠ.SI|
|PAD.GISAL.SI|
|PAD.GISAL.SI.A|
|PAD.MUŠ₃|
|PA.DU|
|PAD.UD|
|PA.DU@g|
|PA.DUG.GIŠ.PAD.SI.A|
|PA.DUN₃|
|PA.DU@s|
|PA.DU@s.HUB₂|
|PA.E₂|
|PA.EL|
|PA.EL.BU@g|
|PA.EL.SUD|
|PA.EŠ₂|
pag
|PA.GA₂|
|PA.GAN|
|PA.GAR.TE.SI|
|PA.GI|
|PA.GISAL.PAD|
|PA.GISAL.SI|
|PA.GISAL.SI.A|
|PA.GISAL.SI.A.PAD|
|PA.GISAL.SI.KAL.RU|
pagra₃
|PA.GU₂@g|
|PA.GU₂×NUN|
pah
pah₃
|PA.HUB₂|
|PA.HUB₂.DU|
|PA.IB|
pak
|PA.KAK|
pal
pala
pala₂
pala₃
pala₄
|PA.LAGAB×(GUD&GUD)|
palil
palil₂
|PA.LU|
|PA.LU₂|
|PA.LUGAL|
|PA.LU.TA|
|PA.ME.U.U.U|
|PA.MUNSUB|
pan
PAN
pan₃
pana
|PA.NAM₂|
|PAN.GAM|
|(PAN&PAN).(EŠ₂&EŠ₂)|
pansur
panšur
panu
|PA.NUN.LAGAR|
pap
PAP
|PA.PA|
papa₂
|PAP.E|
|PAP.GIŠ.NE|
|PAP.GU₂.GAR₃|
|PAP.HAL|
|PAP.IGI@g|
|PAP.IGI@g.NUN.ME|
|PAP.IGI@g.NUN.ME.EZEN×KASKAL|
|PAP.IŠ|
|PAP.NA₂|
|PAP.NE|
|PAP.NE.GIŠ|
papnun
|PAP.NUN.ME.EZEN|
|PAP.PAP|
|PAP.PAP.4×IDIM|
|PAP.PAP.LU₃|
|(PAP.PAP)&(PAP.PAP)|
|PAP.PAP.ŠE|
|PAP.PAP×ŠE|
|(PAP.PAP)@t|
|PAP.SAG|
|PAP.ŠE.PAP|
paq
par
par₂
par₃
par₄
par₅
par₇
para
para₁₀
para₂
para₄
para₅
para₆
para₇
para₈
para₉
parag
parim
parsa
|PA.ŠA₆|
|PA.SAL.HUB₂.DU|
|PA.ŠE|
|PA.SI|
|PA.SI.GAR|
|PA.SU|
|PA.SUD.EL|
pat
paṭ
pat₂
paṭ₂
pata
|PA.TAR|
|PA.TE|
|PA.TE.SI|
|PA.TE.SI.GAR|
patru
|PA.TUG₂|
|PA.TUK.DU|
|PA.URU|
|PA.URU×MIN|
|PA.UZU|
pe
pe₂
pe₃
pe₅
pel
pel₂
pel₅
per
per₂
pes
peš
peš⁻
peš₁₀
peš₁₁
peš₁₂
peš₁₃
peš₁₄
peš₂
PEŠ₂
peš₃
peš₄
peš₅
peš₆
peš₇
peš₉
pešše
pet
pet₂
pi
PI
pi₂
pi₃
pi₄
pi₅
pi₈
|PI×A|
|PI×AB|
|PI×BI|
|PI×BU|
pid
pid₂
|PI×E|
|PI.GIŠ.TUG₂|
pihu
pihu₂
pihu₃
pihu₄
pihu₅
pihu₆
|PI×I|
|PI×IB|
pik
pil
pil₂
pil₃
pil₄
pil₇
pin
|PI%PI|
piq
pir
pir₂
pir₃
pir₆
pirig
PIRIG
pirig₂
pirig₃
piriga
|PIRIG.AB×GAL|
|PIRIG.AB@g.GAL|
|PIRIG×KAL|
|PIRIG.KIŠ|
|PIRIG×PA.LAGAB|
|PIRIG.PIRIG|
|PIRIG@PIRIG|
|PIRIG×ŠE|
|PIRIG.TUR|
|PIRIG×UD|
|PIRIG×X|
|PIRIG×ZA|
piriŋ
piriŋ⁺
piriŋ₂
piriŋ₃
piriŋa
pis
piš
piš₁₀
piš₂
piš₄
piš₅
piš₆
piša
pisag
pisag₂
pisag₃
pisan
pisan₂
pisan₃
pisaŋ
pisaŋ₂
pisaŋ₃
pit
piṭ
pit₂
pitru
|PI×U|
|PI×U₂|
PN
pu
pu₁₁
pu₂
pu₃
pu₅
pu₆
puglu
puh
puhrum
puk
pul
pul₂
pul₃
pum
puq₂
pur
pur₁₃
puru
puš₂
puš₃
puš₄
puta
pute
puti
putu
puzru
puzur
puzur₂
puzur₃
puzur₄
puzur₅
qa
qa₂
qa₃
qa₄
qa₆
qab
qab₂
qab₃
qablu
qad
qad₂
qad₃
qadma
qadmu
qal
qal₃
qal₄
qam
qam₂
qan
qan₂
qap
qap₂
qaptu
qaq
qaqqaru
qar
qar₂
qat
qat₂
qat₃
qaṭ₃
qat₅
qat₈
qata
qati
qe
qe₂
qe₃
qe₄
qeb
qel
qep
qer
qer₃
qer₅
qi
qi₂
qi₃
qi₄
qi₅
qi₆
qib
qid
qid₂
qil
qil₂
qim
qimku
qin
qip
qiq
qir
qir₃
qir₆
qir₇
qiri
qis
qiš
qišat
qit
qit₂
qit₃
qu
qû
qu₂
qu₃
qu₅
qu₆
qub
qud
qudma
qudmu
qul
qul₂
qum
qum₂
qum₃
qun
qup
qur
qur₂
qur₄
qur₈
qur₉
quru
qut
qutra
qutu
ra
RA
ra₂
ra₃
ra₄
ra₆
rab
RAB
rab₂
rab₃
raba
|RAB.GAL|
|RAB.GAN|
|RAB.HI×BAD|
rābiṣu
rabita
|RAB.MAH|
|RAB.TUR.TUR|
rad
rad₂
rag
ragab₃
rah
rah₂
rak
rak₀
ram
ram₀
ram₂
rama
raman
ramanu
rammanu
rap
rap₂
rapiku
rapikum
rapiqu
rapiqu₂
raq
|RA.RA|
ras
raš
raš₂
rašu
rat
raṭ
rata
razu
re
re₂
re₃
re₆
re₇
re₈
reb
red
reg
rek
rem
rem₂
reme
reme₂
rep
req
res
reš
rēšu
ret
reʾe
reʾi
reʾu
ri
RI
ri₂
ri₃
ri₄
ri₅
ri₆
ri₇
ri₈
ri₉
rib
rid
rig
rig₁₀
rig₁₁
rig₁₂
rig₂
rig₃
rig₅
rig₇
rig₈
rig₉
rige₁₂
rih
rik
rik₂
rik₄
rim
rim₂
rim₃
rim₄
rim₅
rimu₂
rin
rin₂
rin₃
rin₄
rin₅
rin₆
rina₂
rip
riq
riq₂
ririg
ris
riš
rit
riṭ
rit₂
RN
ru
RU
ru₁₀
ru₁₁
ru₁₂
ru₁₃
ru₁₄
ru₂
ru₃
ru₄
ru₅
ru₆
ru₇
ru₈
ru₉
rub
rud
rug
rug₂
ruh
ruh₂
ruk
|RU×KUR|
rum
rum₂
|RU.NE|
ruq
ruqu
rušban
rušpan
ruṭ
sa
SA
śa
ša
ŠA
ṣa
sa₁₀
ša₁₀
sa₁₁
ša₁₁
sa₁₂
ša₁₂
sa₁₃
ša₁₃
sa₁₄
sa₁₆
ša₁₆
sa₁₇
ša₁₇
sa₁₈
ša₁₈
sa₁₉
sa₂
śa₂
ša₂
sa₂₀
sa₂₁
ša₂₁
ša₂₂
ša₂₃
ša₂₄
ša₂₆
sa₃
ša₃
ŠA₃
ṣa₃
|ŠA₃.A|
|ŠA₃×A|
|ŠA₃×BAD|
|ŠA₃.DIŠ|
|ŠA₃.GI|
|ŠA₃×GIŠ|
|ŠA₃.GIŠ.SAR|
|ŠA₃.LAGAB|
|ŠA₃.MIN.DI|
|ŠA₃.MIN.KASKAL|
|ŠA₃.MIN.TAR|
|ŠA₃×NE|
|ŠA₃×SAL|
|ŠA₃.SAR|
|ŠA₃×ŠU₂|
|ŠA₃.TAR|
|ŠA₃×TAR|
|ŠA₃.TUR|
|ŠA₃×TUR|
|ŠA₃×U|
|ŠA₃×(U.A)|
|ŠA₃.U.U|
|ŠA₃×X|
sa₄
ša₄
sa₅
ša₅
sa₆
ša₆
ŠA₆
ŠA₆@t
|ŠA₆.TUR|
sa₇
sa₈
ša₈
sa₉
ša₉
|ŠA×AN|
sab
šab
ṣab
šab₀
šab₂
šab₄
šab₅
šab₆
ŠAB₆
saba
šaba
sabad
sabad₂
sabad₃
šabalbal
sabar
sabar₂
šabra
šabra₂
sabu
šabu
ṣābu
sad
šad
sad₂
sad₃
sad₄
šada
šadi
sadu
šadu
sag
SAG
šag
sag₁₀
sag₁₁
sag₁₂
sag₁₃
sag₂
sag₃
šag₃
sag₄
šag₄
sag₅
šag₅
sag₇
sag₈
sag₉
|SAG×A|
šaga
saga₁₀
saga₁₁
šaga₂
saga₇
|SAG.AN|
šagan
šagan₂
šagana
šagar
sagbar
sagdu
|SAG.DU|
|SAG×DU|
|SAG×DU₃|
|SAG×DUB|
sagdudu
sagdul
|SAG.DUN₃|
|SAG×EN|
|SAG.EZEN|
SAG@g
sagga
sagga₂
sagga₃
sagga₄
sagga₅
sagga₆
|SAG×GAN₂@t|
saggar
saggar₂
|SAG@g×HA|
šaggin
šaggina
|SAG@g×MIN|
|SAG×HA|
sagi
šagia
|SAG×IG|
šagina
|SAG×KAK|
|SAG×KAK.GABA|
|SAG.KEŠ₂|
|SAG×KU|
|SAG×KUR|
sagkurun
|SAG.LAL.SAL|
|SAG×LAM|
|SAG×LUM|
sagman
sagmaš
|SAG×MAŠ|
|SAG×MI|
sagmin
|SAG×MIN|
sagmunzer
sagmunzir
SAG@n
SAG@n@g
|SAG.NI|
|SAG×NI|
|SAG×NUN|
|SAG.PA.LAGAB|
|SAG&SAG|
|SAG.SAL|
|SAG×SAL|
|SAG×SAR|
|SAG×ŠID|
sagšu
sagtag
sagtag₃
sagtak
sagtak₃
|SAG×TAK₄|
|SAG×TAK₄@f|
|SAG.U|
|SAG×U|
|SAG×U₂|
|SAG×UB|
|SAG×UM|
|SAG×UR|
sagus
saguš
|SAG×UŠ|
|SAG×X|
sah
šah
ṣah
šah₂
ṣah₂
šah₃
sah₄
sah₆
sah₇
saha
šaha
šaha₂
saha₆
saha₇
sahab
šahab
sahab₂
šahab₂
šahan
šahan₃
sahar
sahar₂
sahardub
|SA.HI×ŠE.KAK|
sak
šak
ṣak
sak₃
sak₆
šak₇
saka
šakaka
šakan
šakan₂
šakan₃
šakan₄
šakan₅
šakan₆
šakanka
sakar
šakar
šakir
šakir₃
šakira
šakira₂
šakira₃
šakiri
sakkan
šakkan
sakkan₂
šakkan₂
šakkan₆
šakkan₇
šakkana
sal
SAL
šal
ṣal
|SAL×1(N58)|
sal₂
šal₂
sal₃
šal₃
sal₄
sala
sala₄
salagud
salah
|SAL.AL|
ṣalam
šalam₂
šalambi
|SAL.ANŠE|
|SAL.ARAD.DAM|
šalaš
|SAL.AŠ₂|
|SAL.AŠ₂.GAR₃|
|SAL.BAR|
|SAL.DI.UŠ|
|SAL.EN|
|SAL.EŠ₂|
|SAL.GA₂×PA|
|SAL.GIŠ|
salgud
|SAL.HUB|
|SAL.HUB₂|
|SAL.HUB₂.DU|
|SAL.HU.BA|
salim
|SAL.KAB|
|SAL.KU|
|SAL.KUR|
|SAL×KUR|
|SAL.KUŠU₂|
|SAL.LA|
|SAL.LAGAB|
|SAL.LAGAB×(GUD&GUD)|
|SAL.LAGAR|
šallam
šallam₂
šallur
|SAL.MA|
|SAL.ME|
|SAL.ME.HUB₂|
ṣalmu
|SAL.NUNUZ.ZI.AN.ŠEŠ.KI|
|SAL.SIK₂|
|SAL.TAB.KUN|
|SAL.TAK₄|
|SAL.TUG₂|
|SAL.TUG₂.IN.DUB|
|SAL.TUG₂.KU₃.GI|
|SAL.TUG₂.ME.DAG.X|
|SAL.TUG₂.PAP.E.IGI@g.NUN.ME.EZEN×KASKAL|
|SAL.TUG₂.PAP.IGI@g.NUN.EZEN×KASKAL|
|SAL.TUG₂.PAP.IGI@g.NUN.ME.EZEN×KASKAL|
|SAL.TUK|
|SAL.TUK.DU|
salubug₂
|SAL.UD|
|SAL.UD.EDIN|
|SAL.U.DIŠ|
salugub
salugub₂
|SAL.UR|
|SAL.UŠ|
|SAL.UŠ.DAM|
|SAL.UŠ.DI|
|SAL.UŠ.DI.E₂|
|SAL.UŠ.DI.KID|
|SAL.UŠ.KI|
|SAL.UŠ.KID|
|SAL.X|
sam
šam
sam₂
šam₂
šam₃
šam₄
samag
samag₂
samag₃
samag₄
samag₅
samag₆
saman
šaman⁺
saman₂
šaman₂
saman₃
saman₄
saman₅
samannu
samanur
šamanur
šamanur⁺
šamaš
šamaš₂
šamnu
samun⁺
san
šan
san₂
šan₂
san₃
šanaba
šanabaku₂
šanabi
ŠANABI
šanabi₂
ŠANABI@c
šanapi
sandak₄
šandan
šandana
šandilimma
sanga
šanga
sanga₂
SANGA₂
|SANGA₂.MAH|
sanga₃
sanga₄
sanga₅
sanga₆
sanga₇
šanga₇
sangu
sangu₂
sangu₃
sangu₄
sangu₅
sangu₆
|SA.NI|
šanna
santa
santa₂
santa₃
santa₄
santag
šantag
santag₂
santag₃
santag₄
santak
šantak
santak₂
šantak₂
santak₃
santak₄
santan
santana
saŋ
saŋ₄
saŋ₅
saŋa
šaŋa
saŋa₂
saŋa₃
saŋa₄
saŋa₅
saŋa₆
saŋa₇
saŋa₈
šaŋan
šaŋar
saŋdu
saŋdudu
saŋdul
saŋkurun
saŋman
saŋmaš
saŋmin
saŋŋa
saŋŋa₂
saŋŋa₃
saŋŋa₄
saŋŋa₅
saŋŋa₆
saŋŋa₇
saŋŋar
saŋŋar₂
saŋšu
saŋtak
saŋtak₂
saŋtak₃
saŋtak₄
saŋus
saŋuš
sap
šap
ṣap
šap₀
sap₂
sap₃
šap₅
šap₆
ṣapa
šapra
šapra₂
saq
šaq
šaqa
šaqa₂
šaqu
šaqu₂
šaqum
sar
SAR
śar
šar
ṣar
sar₂
šar₂
ŠAR₂
ṣar₂
|ŠAR₂×1(GEŠ₂)|
|ŠAR₂×1(U)|
|ŠAR₂×2(U)|
|ŠAR₂×3(U)|
|ŠAR₂×4(U)|
|ŠAR₂×5(U)|
šar₂@c
ŠAR₂@c
ŠAR₂@c@v
|ŠAR₂×GAD|
|ŠAR₂×GAL|
|ŠAR₂×(GAL.DIŠ)|
|ŠAR₂×(GAL.MIN)|
|ŠAR₂×HA|
|ŠAR₂×KASKAL|
|ŠAR₂×U@g|
sar₃
šar₃
ṣar₃
sar₄
šar₄
sar₅
šar₅
sar₆
šar₆
sar₇
šar₇
sar₈
šar₈
šar₉
sar@90
SAR@90
sara
šara
ṣara
sara₂
šara₂
šara₃
šara₄
šara₅
šara₆
šara₇
šara₉
šarag
šaran
šaran₂
šarap
sare₂
sargad
šargad
šargadu
šargal
šargal@c
ŠARGAL@c
šargaldiš
šargalmin
šarin
šarnimin
šarninnu
šarniš
šarŋeš
šarra
šarru
šarru₂
šarrum
sarsa
|SAR&SAR|
|SAR.SAR|
šaršari
|SAR×ŠE|
šaru
|SAR×U₂|
šaru@c
šarušu
šaru@v
|SAR×ZIZ₂|
|SAR×ZU&ZU|
šarʾu
šarʾu@c
šarʾu@v
sas
šas
šaš
šaṣ
šašamanur
šaški
šašku
|SA.SU₃|
šasuk
sat
šat
šaṭ
sata
šata
šatam
šaṭam
šattam
sa@v
SA@v
šaz
se
śe
še
ŠE
ṣe
se₁₀
še₁₀
se₁₁
še₁₁
se₁₂
še₁₂
še₁₃
še₁₄
se₁₅
še₁₅
še₁₆
še₁₇
še₁₈
še₁₉
se₂
śe₂
še₂
ṣe₂
se₂₀
še₂₁
še₂₂
še₂₃
se₂₄
še₂₄
se₂₅
še₂₅
se₂₆
še₂₆
še₂₆⁻
se₂₇
še₂₇
se₂₈
se₂₉
še₂₉
se₃
še₃
se₃₀
še₃@90
še₃@t
|ŠE₃.TU.BU|
še₄
še₅
še₆
še₇
se₈
še₈
se₉
še₉
|ŠE.AB₂.GUD|
|ŠE.AB₂.TAB|
šeb
šeb₄
|ŠE.BU.EŠ₂.NUN|
|ŠE.BULUG|
|ŠE.BU.NUN|
|ŠE.BU.NUN.EŠ₂|
|ŠE.BU.NUN.IDIM|
sed
šed
šed₁₀
šed₁₁
šed₁₂
šed₁₃
šed₁₄
šed₁₅
šed₁₆
sed₃
šed₃
sed₄
šed₄
sed₅
šed₅
sed₆
šed₆
sed₇
šed₇
sed₈
šed₈
šed₉
sedi
sedi₃
sedi₄
sedi₅
sedi₆
sedi₇
sedi₈
|ŠE.DIM|
|ŠE×DIŠ|
|ŠE.DIŠ&DIŠ.NUN&NUN|
šedu
šēdu
šedu₂
šedu₃
šedur
|ŠE.EŠ₂.BU|
|ŠE.EŠ₂.NUN.BU|
|ŠE.EŠ₂.NUN.BU.LUH|
|ŠE.EŠ₂.PI.GAR|
seg
seg₁₀
šeg₁₀
seg₁₁
šeg₁₁
šeg₁₂
seg₁₄
šeg₁₄
seg₁₅
seg₁₆
seg₁₇
seg₁₈
šeg₁₈
seg₂
seg₃
šeg₃
seg₄
šeg₄
seg₅
šeg₅
seg₆
šeg₆
seg₇
šeg₇
seg₈
šeg₈
seg₉
šeg₉
ŠEG₉
|ŠEG₉.BAR|
šega₉
|ŠE.GAN₂|
segga
šegga
šeh
ṣeh
seh₂
ṣeh₂
|ŠE.HU|
|ŠE.HU.TUR|
|ŠE.IGI.TUR|
sek
šek
šek₂
|ŠE.KAK|
|ŠE.KAK.A|
|ŠE.KAL|
|ŠE+KIN|
|ŠE.KIN|
|ŠE.KIN.KIN|
šeknu
|ŠE+KU|
sel
šel
šel₄
|ŠE.LUGAL|
sem
śem
šem
sem₃
šem₃
šem₄
sem₅
šem₅
šem₆
šem₇
šembi
šembi⁻
šembi₂
šembi₃
šembirida
šembizi
šembizid
šembulug₃
šembulug₄
šembulug₅
šemešal
šemmišla
šemmug
šemšala
šemuš
šen
ŠEN
šen₂
šen₃
šen₄
šen₅
šen₆
|ŠE.NAGA|
|ŠE.NAGA×A|
|ŠE.NAGA@ŠE.NAGA|
|ŠE.NAM₂|
šendilima
šeneg
|ŠE.NINDA₂@180×ZA|
šennu
šennur
|ŠE.NUN|
|ŠE.NUN.BU.E|
|ŠE.NUN.EŠ₂.BU|
|ŠE.NUN.LAGAB&ŠE.NUN.LAGAB|
|ŠE.NUN&NUN|
|(ŠE.NUN&NUN.LAGAB)&(ŠE.NUN&NUN.LAGAB)|
|(ŠE.NUN&NUN)&(ŠE.NUN&NUN)|
|(ŠE.NUN&NUN)&(ŠE.NUN&NUN).GAD&GAD|
|(ŠE.NUN&NUN)&(ŠE.NUN&NUN).GAD&GAD.GAR&GAR|
|(ŠE.NUN&NUN)&(ŠE.NUN&NUN).GAR|
|(ŠE.NUN&NUN)&(ŠE.NUN&NUN).LAGAB|
|(ŠE.NUN&NUN)&(ŠE.NUN&NUN).LAGAB.LAGAB|
|(ŠE.NUN&NUN)&(ŠE.NUN&NUN).U₂|
|(ŠE.NUN&NUN)×TAK₄|
šeŋ
šeŋ₁₄
šeŋ₁₅
šeŋ₃
šeŋ₆
šeŋ₇
šeŋ₉
sep
šep
ṣep
|ŠE.PAP.PAP|
šeq₂
ser
šer
ṣer
šer₁₀
šer₁₁
ser₂
šer₂
ser₃
šer₃
šer₄
šer₇
šer₉
šerah
šerba
šeri
šerid
šerim
šerim₂
šerimsur
šerinsur
šerkan
šerrida
šeru
ses
šes
šeš
ŠEŠ
šeṣ
šeš₂
ŠEŠ₂
ŠEŠ₂@g
šeš₃
šeš₄
|ŠEŠ.AB|
|ŠEŠ.AB@g|
šesag
|ŠE+SAR.HI.ZU&ZU|
|ŠE+SAR.ZU&ZU|
|ŠE&ŠE|
|ŠE&ŠE.GAD&GAD.GAR&GAR|
|ŠE&ŠE.GAR&GAR|
|(ŠE&ŠE).HUB₂|
|(ŠE%ŠE).KIN|
|(ŠE&ŠE).KIN|
|ŠE&ŠE.KIN|
|ŠE.ŠE.KIN|
|ŠE&ŠE.NI|
|ŠE.ŠE.NUN&NUN|
|ŠE&ŠE.PA&PA.GAR&GAR|
|ŠE.ŠEŠ|
|ŠE&ŠE.TAB&TAB.GAR&GAR|
|ŠEŠ.HU.HU|
|ŠEŠ.IB|
|ŠE.SIK₂|
|ŠEŠ.KI|
|ŠEŠ.KI.DIM×ŠE|
šešlam
ŠEŠLAM
šešlam₂
|ŠEŠ.NA|
šeššed
šeššed₂
šeššed₃
šeššeg
|ŠE.SUHUR|
|ŠEŠ.UNUG|
šet
ŠE@t
|ŠE.UR₄|
|ŠE@v+NAM₂|
si
SI
śi
ši
ṣi
si₁₁
si₁₂
si₁₃
si₁₄
si₁₅
si₁₇
si₁₉
si₂
śi₂
ši₂
ṣi₂
si₂₀
si₂₁
si₂₂
si₂₃
si₂₉
si₃
śi₃
ši₃
ṣi₃
si₃₀
si₄
ši₄
si₅
ši₅
si₆
ši₆
si₇
ši₇
si₈
ṣi₉
|SI.A|
|SI.A.BUR₂|
|SI.A.GAR.X|
sib
šib
ṣib
šib₀
sib₂
šib₂
ṣib₂
sib₃
šib₃
šib₄
siba
sibad
ṣibi
sibir
šibir
sibir₂
sibsib
sid
šid
ŠID
sid₂
šid₃
|ŠID×A|
sidar
|ŠID×AŠ@t|
|ŠID.GAR|
šidi
šidim
|ŠID×IM|
|ŠID.NUN|
sidra
|ŠID.RU|
sidug
sidug₂
siduga₂
sidugga
sidugga₂
sidugga₃
|ŠID×ZA|
sig
SI@g
SIG
šig
sig₁₀
sig₁₁
sig₁₄
sig₁₅
sig₁₅@v
sig₁₆
sig₁₇
sig₁₈
sig₁₉
sig₂
sig₃
sig₄
SIG₄
|SIG₄.ANŠE|
|SIG₄.IDIM|
|SIG₄%SIG₄.ŠU₂|
|SIG₄&SIG₄.ŠU₂|
|SIG₄.SIG₄.ŠU₂|
sig₅
šig₅
sig₆
sig₇
sig₈
sig₉
siga
|SI@g.A|
siga₁₈
šigagu
sigga
sigga₂
|SI.GIŠ.PAD.DUG|
|SIG.MU.BU|
|SI.GUD|
|SI.GUD.AŠ|
|SI.GUD×AŠ|
sih
ših
sih₂
ših₂
sih₄
sih₅
sik
šik
sik₁₀
sik₂
SIK₂
šik₂
|SIK₂.BU|
|SIK₂.E|
|SIK₂.HI×NUN.AŠ.U|
|SIK₂.HI×(NUN.ME)|
|SIK₂.HI×(NUN.ME.U)|
|SIK₂.LAM|
|SIK₂.LAM.HI×NUN.ME.GAM|
|SIK₂.LAM.HI×NUN.ME.U|
|SIK₂.LAM.SUHUR|
|SIK₂.MU.BU|
|SIK₂.NUN|
|SIK₂×NUN|
|SIK₂.NUN.ME.U|
|SIK₂.PA.IB|
|SIK₂.SAG.PA.IB|
|SIK₂.SUD|
|SIK₂.SUHUR|
šika
šikahara
šikangu
siki
siki₂
sikil
sikin
šikin
šikin₂
šikin₃
šikira₃
sil
šil
ṣil
sil₁₀
sil₂
ṣil₂
sil₃
šil₃
ṣil₃
sil₄
šil₄
ṣil₄
sil₅
sil₆
sil₇
sil₈
sil₉
sila
sila₁₁
sila₃
SILA₃
|SILA₃.GABA|
|SILA₃.GABA.A|
|SILA₃×ŠE|
|SILA₃.ŠU|
|SILA₃.ŠU.GABA|
|SILA₃.ŠU.GABA.A|
sila₄
silag
silaku
silal
šilam
šilam⁻
šilam₂
silaŋ
silig
šilig
silig₂
silig₃
silig₄
silig₅
šilig₅
silig₆
šilig₆
silig₇
šilig₇
silim
silim₂
silima
silima₂
sillal
ṣillu
sim
śim
šim
ŠIM
ṣim
sim₂
śim₂
šim₂
sim₃
|ŠIM×A|
|ŠIM.AN.MAŠ|
|ŠIM.AN.SAL.TUG₂.IB|
šimašgi
šimašgi₂
šimaški
šimaški₂
|ŠIM.BAL|
|ŠIM×BAL|
šimbi
šimbi₂
šimbi₃
šimbirida
šimbizi
|ŠIM.BULUG|
|ŠIM×BULUG|
šimbulug₃
šimbulug₄
šimbulug₅
|ŠIM×DIN|
simed
šimešal
šimeššal
ŠIM@g
|ŠIM.GAR|
|ŠIM×GAR|
|ŠIM×GIG|
|ŠIM@g×KUŠU₂|
|ŠIM@g×PI|
|ŠIM×HI|
simig
|ŠIM×IGI|
|ŠIM×IGI@g|
|ŠIM.KU|
|ŠIM×KUŠU₂|
|ŠIM×KUŠU₂+KASKAL|
|ŠIM×LUL|
šimmešla
šimmug
|ŠIM.MUG|
|ŠIM×MUG|
|ŠIM×PI|
|ŠIM.SAL|
|ŠIM×SAL|
|ŠIM×ŠE|
|ŠIM.TUG₂|
simug
sin
šin
ṣin
sin₂
sin₃
šina
šindilib
šindilimma
šinig
ŠINIG
sip
šip
ṣip
šip₀
sip₂
sip₃
šip₃
sip₄
sipa
sipa₂
sipad
sipar
sippar
siq
šiq
šiq₂
šiq₄
siqqa
sir
šir
ŠIR
ṣir
šir₁₀
sir₂
šir₂
sir₃
šir₃
sir₄
šir₄
šir₆
šir₈
šir₉
širam
sirara
sirara₂
sirara₃
sirara₄
sirara₅
sirara₆
siraran
siraš
siraš₂
siraš₃
sirda
|ŠIR.GI₄|
širi
širi₄
širim
sirim₂
siris
siriš
siris₂
siris₃
siris₄
siris₅
|ŠIR.LU.KUŠ&ŠIR.LU.KUŠ|
sirmuššu
sirsir
ŠIR@t
siru
širu
|ŠIR.UD|
sirum
širum
sis
siš
šiš
šiṣ
ṣiṣ
šiš₂
sishe
sisi
siskur
siškur
siskur₂
siškur₂
šit
šiṭ
sit₂
šita
ŠITA
šita₂
šita₃
šita₄
šita₅
ŠITA~a
|ŠITA~a.GIŠ.NAM₂|
|ŠITA.AN.MUŠ₃|
|ŠITA.GIŠ|
|ŠITA.GIŠ.NAM₂|
|ŠITA.GIŠ.TUG₂|
|SI×TAK₄|
šitan
ŠITA@t
šiten
šiti
šitim
šitim₂
ṣītu
siu
šiz
šizbu
sizkur
sizkur₂
su
SU
śu
šu
ŠU
ṣu
su₁₀
šu₁₀
su₁₁
šu₁₁
su₁₂
šu₁₂
su₁₃
šu₁₃
su₁₄
šu₁₄
su₁₅
su₁₆
šu₁₆
su₁₇
šu₁₇
su₁₈
ŠU@180
su₂
śu₂
šu₂
ŠU₂
ṣu₂
su₂₀
|ŠU₂.2(N57)|
|ŠU₂.3×AN|
|ŠU₂.AD|
|ŠU₂×(A.DIŠ)|
|ŠU₂.AN|
|ŠU₂.AN.HI×AŠ₂|
|ŠU₂.AN.HI.GAD|
|ŠU₂.AN.HI×GAD|
|ŠU₂.AN.HI×KAK|
|ŠU₂.AŠ₂|
|ŠU₂.BAD|
|ŠU₂.DUG×NI|
|ŠU₂.DUN₃|
|ŠU₂.DUN₃@g@g@s|
|ŠU₂.E₂|
|ŠU₂.(E₂×AN)|
|ŠU₂.GUD|
|ŠU₂.HI.AN|
|ŠU₂.IG|
|ŠU₂.IŠ|
|ŠU₂.NAGA|
|ŠU₂.NE|
|ŠU₂.NESAG|
|ŠU₂.RA|
|ŠU₂.ŠE.KU.KAK|
|ŠU₂.UR@s|
|ŠU₂.U.U.U|
|ŠU₂.ZI₃|
|ŠU₂.ZIB|
su₃
su₃⁻
śu₃
šu₃
su₄
šu₄
su₅
šu₅
su₆
šu₆
su₇
su₈
su₉
|SU.A|
|SU×A|
|ŠU.AN|
sub
šub
sub₂
sub₃
šub₃
sub₄
šub₄
sub₅
šub₅
sub₆
šub₆
sub₇
šub₇
šub₈
suba
šuba
suba₂
šuba₂
suba₃
šuba₃
šuba₅
|ŠU.BAD|
subar
šubar
šubartin
šubba
subi
subi₂
subi₃
subi₄
subir
šubtu
šubtu₃
šubtu₄
šubtu₅
šubtu₆
šubtu₇
šubtum₃
šubtum₄
šubtum₅
šubtum₆
šubtum₇
subu
|ŠU.BU|
šubul
šubun
subur
šubur
ŠUBUR
subur₂
šubura
šu@c
ŠU@c
sud
sud⁻
SUD
šud
sud₂
SUD₂
šud₂
sud₃
šud₃
sud₄
šud₄
sud₅
SUD@90
SUD@g
|ŠU.DI|
|ŠU.DIM₂|
|ŠU.DIŠ|
|ŠU.DI.U.U.U|
|SUD.NUN.EŠ₂.TU|
|SUD.NUN.ŠE.EŠ₂|
|SUD.PA.EL|
|SUD.ŠE.NUN.EŠ₂|
|SUD&SUD.AB|
šudu₃
šudug
šudul
šudul₂
šudul₃
šudul₄
šudul₅
šudul₆
šudulu
šudum
šudun
šudun₂
šudun₃
šudun₄
šudun₅
|SU.EDIN|
suen
suena
|ŠU.EREN.ME|
sug
šug
sug₂
sug₄
sug₅
sug₆
sug₇
sug₈
|ŠU.GA|
|ŠU.GABA.A|
sugal
sugal₂
sugal₃
sugal₄
sugal₅
sugal₆
sugal₇
|ŠU.GAN|
|ŠU.GAN₂@t|
|ŠU.GAR|
|ŠU.GAR.TUR|
|ŠU.GAR.TUR.LAL|
|ŠU.GAR.TUR.LAL.BI|
|ŠU.GAR.TUR.LAL.EŠ₂|
|ŠU.GAR.TUR.RU.LAL|
šugi
|ŠU.GI|
|ŠU.GI%GI|
sugin
|ŠU.GIR₂@g|
šugur
suh
šuh
suh₁₀
šuh₂
suh₃
suh₄
suh₅
suh₆
suh₇
|ŠU.HA|
|ŠU.HA@g|
suhirim
suhirin
suhub
šuhub
suhub₂
šuhub₂
suhub₃
suhub₄
šuhub₄
suhub₅
suhul
suhul₂
suhul₃
suhur
SUHUR
suhuš
suhuš⁻
šuhuš
suhuš₂
šuhuš₂
suk
šuk
šuk₂
suk₃
šuk₃
|ŠU.KAD₄|
|ŠU.KAD₅|
|ŠU.KAK|
sukal
šukal
|ŠU.KAL|
|SU.KI.LU.EŠ₂.KI|
sukkal
šukkal
sukkal₂
sukkal₃
šukra
šuku
šuku₂
šuku₃
suku₄
suku₅
suku₆
sukud
sukud₂
šukud₂
sukud₃
šukud₃
|ŠU.KUL.UŠ.MAŠ|
šukun₃
|SU.KUR|
šukur
šukur₂
|SU.KUR.RU|
sukuš
sul
šul
sul₂
sul₃
šul₃
sul₄
|ŠU.LAGAB|
|ŠU.LAGAB.NA|
|ŠU.LAL.TUR|
|SU.LAM.KUR.RU|
sulgar
|ŠUL.GI|
sullat
šullat
sullat₂
šullat₂
sullim
sulu
|ŠU.LU₂|
|SU.LU.EŠ₂|
|SU.LU.EŠ₂.KI.GAR|
|(SU.LU.EŠ₂.LAGAR@g)&(SU.LU.EŠ₂.LAGAR@g)|
|(SU.LU.EŠ₂)&(SU.LU.EŠ₂)|
sulug
|ŠU.LUGAL|
suluhu
suluhu₂
suluhu₃
suluhu₄
|ŠU.LUL|
sulumhi
sulumhi₂
sulumhi₃
sulumhi₄
sulummar
sulummar₂
sulun
|SU.LU.ŠU.KI.GAR|
|(SU.LU.UB₂.GAR)&(SU.LU.UB₂.GAR).ŠIR|
sum
SUM
śum
šum
ṣum
sum₂
śum₂
šum₂
sum₃
šum₃
sum₄
šum₄
sum₅
šum₅
sum₆
sumaš
SUMAŠ
SUMAŠ@g
|SUMAŠ.MAŠ|
|SUMAŠ.ME|
šumati
|SUM×DIŠ|
|ŠU.ME.EREN|
šumgamme
|ŠU.MIN|
|ŠU.MIN.ME.U.U.U|
|(SUM.IR)@(SUM.IR)|
sumu
šumu
šumu₂
šumu₃
sumug
sumug₂
sumug₃
sumug₄
sumug₅
sumugan
sumugga
sumukan
sumun
šumun
sumun₂
sumuna₂
sumunda
šumunda
sumunu₂
sumuqan
sumur
sumur⁻
sumur₂
sumur₃
sun
šun
sun₂
šun₂
sun₃
šun₃
sun₄
šun₄
sun₅
sun₆
sun₇
suna
suna₂
|ŠU.NAGA|
sungin
šunigin
šuniŋin
šup
šup₂
šup₃
|ŠU.PAP.PAP|
|SU.PIRIG|
suq
šuq
sur
SUR
śur
šur
ṣur
sur₁₀
sur₁₁
sur₁₂
sur₁₄
sur₂
sur₂⁻
śur₂
šur₂
šur₂⁻
ṣur₂
sur₃
šur₃
sur₄
šur₄
sur₅
šur₅
sur₆
sur₇
sur₈
sur₉
SUR₉
sura
sura₁₀
sura₁₂
sura₁₃
sura₉
surengal
surgal
suri
šurim
šurim₃
šurin₅
šuripak
šuripak₂
šurippak
šurippak₂
šurmen
šurmin
surra₁₃
surru
surru₂
ṣurṣub
ṣurṣub₂
šuru
ṣuru
šuru₂
šuru₃
suru₅
šuru₆
suruen
suruengal
surugal
|SU.RU×KUR|
šurum
šurum₃
šurum₆
šurum₇
šurun
šurun₂
šurun₃
šurun₄
surungal
šurupak
šurupak₂
šuruppag
šuruppak
šuruppak₂
sus
suš
ŠU@s
šuš
sus₂
suš₂
šuš₂
suš₃
šuš₃
šuš₄
šuš₅
šuš₆
susan
šušana
ŠUŠANA
šušana₂
ŠUŠANA@c
šušanaku
šušbar
susbu
sušbu
šusbu
susbu₂
susbu₃
susbu₄
šušgim
|ŠU.SI.DI|
|ŠU.SILA₃.GABA|
|ŠU.SILA₃.GABA.A|
susin
šušin
susina
šušina
šušinak
suslug
šušmaš
šušru
|SU&SU|
šušu
|ŠU&ŠU@180|
|SU&SU.A|
šušudi
|ŠU.SUD.NUN.TU.EŠ₂|
|SU.SU.LU.LU.EŠ₂.EŠ₂|
šušum
šušun
šušur
šušur₂
šušurum
šut
ŠU@t
šuṭ
|ŠU.TAG|
sutu
šutug
šutug₂
šutul
šutul₂
šutul₃
šutul₄
šutul₅
šutul₆
šutum
šutum₂
šutum₃
šutun₄
šutun₅
šutur
|ŠU.TUR|
|ŠU.U|
|SU×U@c|
|ŠU.U.U.U.DI|
šuwati
suz
šuz
suz₂
suzbu
suzbu₂
suzbu₃
šuzi
ta
TA
ṭa
ta₂
ṭa₂
ta₃
ṭa₃
ta₄
ṭa₄
ta₅
ta₆
ta₇
ta₈
ta₉
tab
TAB
ṭab
tab₂
ṭab₃
tab₄
ṭab₆
taba
|TAB+ERIN₂×(U.U.U)|
|TAB.GAR.ŠE|
tabira
|TAB.KUN|
|TAB.PI|
tab@t
TAB@t
|TAB&TAB|
|TAB.TAB.AŠ|
|TAB&TAB.NI&NI.DIŠ&DIŠ|
|TAB.TAB.TAB|
|TAB.TAB.TAB.AŠ|
|TAB.TAB.TAB.TAB|
|TAB.TAB.TAB.TAB.AŠ|
|TAB.TI|
tad
tag
TA@g
TAG
tag₂
tag₄
taga
|TA×GAR|
|TAG×BI|
|TAG.GAM.ME|
|TAG×GUD|
|TAG×KU|
|TAG.LU|
|TAG.NUN|
|TAG×ŠE|
|TAG.ŠU|
|TAG×ŠU|
|TAG.TAG|
|TAG.TUG₂|
|TAG×TUG₂|
|TAG.UD|
|TAG×UD|
tah
ṭah
tah₂
ṭah₂
tah₃
taha
|TA×HI|
tahta
tahtu
|TA×IGI@g|
|TA×IR|
tak
tak₂
tak₃
tak₄
TAK₄
|TAK₄.ALAN|
TAK₄@f
|TAK₄.IM|
|TAK₄.SILA₃.GABA|
|TAK₄.TAK₄|
taka
taka₄
tal
ṭal
tal₂
tal₃
tal₄
tal₅
tala
tala₂
taltal
tam
ṭam
tam₂
ṭam₂
tam₃
tam₄
tam₅
tam₆
tama
|TA×MI|
tan
ṭan
tan₂
tan₃
tan₄
tan₆
tan₇
tan₈
tana
tap
ṭap
ṭap₃
tapa
taq
taq₂
taq₃
tar
TAR
ṭar
tar₂
ṭar₂
tar₃
ṭar₃
tar₅
tara
tara₃
tara₄
|TAR.A.DU|
tarah
tarah₂
targul
tari
tarim
taru
taru₅
TAR@v
tas
taš
taṣ
ṭaš
taš₂
taš₃
taša
|TA×ŠE|
taskarin
taškarin
tat
ṭat
tatam
tatge
TA@v
taz
te
TE
ṭe
te₁₀
te₂
ṭe₂
te₃
ṭe₃
te₄
ṭe₄
te₅
ṭe₅
te₆
ṭe₆
te₈
te₈⁻
te₉
|TE.A|
|TE.AB|
|TE.AB@g|
teb
ṭeb
tebiru
TE@g
teg₃
|TE@g.AB@g|
tegi
tegi₂
teh₂
tehe
tehe₃
tehi
tehi₂
tehi₃
tehi₄
tek
tel
ṭel
tel₃
|TE.LAL|
telmun
tem
ṭem
ṭem₂
teme
|TE.ME|
teme₂
temen
ṭēmu
|TE.MUŠ₃|
ten
ṭen
ten₂
ten₃
teŋ₃
teŋ₄
tep
ṭep
ter
ṭer
ter₂
ter₄
ṭer₅
tertu
TE@s
teš
tes₂
teš₂
tešbi
tešlug
teššela
teššeru
tešub
|TE&TE|
ti
TI
ṭi
ti₂
TI₂
ṭi₂
ti₃
ṭi₃
ti₄
ṭi₄
ti₅
ṭi₅
ti₇
ti₈
ti₉
tib
ṭib
tibir
tibir₂
tibir₃
tibir₄
tibir₅
tibira
tibira₂
tibnu
tidanu
tidanum
tidnim
tidnu
tidnum
tig₃
tig₄
tigi
tigi₂
tigidla
tigidla₂
tigidla₃
tigu
tigu₂
tik
tik₂
til
TIL
ṭil
til₂
ṭil₂
til₃
til₄
til₅
til₆
til₇
til₈
tila
tila₃
|TIL×AŠ|
tile
tilhar
tilla
tilla₂
tilla₅
tilmun
tim
ṭim
tim₂
ṭim₂
tim₃
tin
tin₃
tinur
tinur₂
tinur₃
tinuru
tiŋ₄
tip
ṭip
tiq
tiq₂
tir
ṭir
tir₂
ṭir₂
tir₃
ṭir₃
tir₄
ṭir₄
tir₅
ṭir₅
tiru
tirum
tiš
ṭiš
tis₂
tiš₂
tiṣ₂
tiškarin
tiškarini
tišpak
TI@t
titab
titab₂
tiz
tiz₂
tu
TU
ṭu
tu₁₀
tu₁₁
tu₁₁⁺
tu₁₂
tu₁₃
tu₁₄
tu₁₅
tu₁₇
tu₁₈
tu₂
ṭu₂
tu₂₀
tu₂₁
tu₂₂
tu₂₃
tu₂₄
tu₂₅
tu₃
ṭu₃
tu₄
ṭu₄
tu₅
ṭu₅
tu₆
ṭu₆
tu₇
tu₈
tu₉
tub
ṭub
tub₂
ṭub₂
tuba
tuba₂
tuba₃
tuba₄
tubašin
tud
tud₂
tudu
tug
tug₂
TUG₂
|TUG₂.BU.TUG₂.TU|
|TUG₂.DU@s|
|TUG₂.NAM.LUGAL|
|TUG₂.PI.PI|
|TUG₂.PI.TE.A.RA|
|TUG₂.TE.A.DU|
|TUG₂.UD|
tug₃
tug₄
tug₇
tug₈
|TU.GABA.LIŠ|
tugir
tugul
tugure
tuh
ṭuh
tuh₂
tuh₃
tuhu
tuhul
tuk
TUK
tuk₂
tuk₃
tuk₄
tuk₇
tuk₈
|TUK.TUK|
tuku
tuku₂
tuku₄
tuku₅
tuku₆
|TUK×UD|
tukul
tukula
tukum
tukumbi
tukun
tukunbi
tukur
tukur₂
tukur₃
tul
ṭul
tul₂
ṭul₃
tul₄
ṭul₄
tul₅
tul₆
tul₇
tul₈
tum
TUM
ṭum
tum₁₀
tum₁₁
tum₁₂
tum₁₃
tum₂
tum₃
tum₃⁻
tum₄
tum₈
tum₉
|TUM×A|
tuma₂
|TUM.AŠ₂|
|TUM×(DIŠ.DIŠ.DIŠ)|
|TUM.EŠ|
tumga
|TUM×GAN₂@t|
|TUM.KAD₃|
|TUM×PAP|
|TUM×SAL|
|TUM.ŠU₂|
tumu
tumu₂
tumu₃
tumu₄
|TUM.UD|
|TUM×UD|
|TUM×(U.U.U)|
tun
tun₂
tun₃
tun₃⁺
tun₄
tuna₃
tunda
tungal
tungal₂
tunŋal₂
|TU.NUN&NUN.LIŠ.A|
tunur
tup
ṭup
tup₂
tuq
tuq₃
tur
TUR
ṭur
tur₂
ṭur₂
tur₃
ṭur₃
|TUR₃×TAK₄|
tur₄
ṭur₄
tur₅
ṭur₅
tur₆
tur₇
tura
|TUR.ARAD|
|TUR×ARAD|
|TUR.DIŠ|
|TUR.EŠ₂|
|TUR.NE|
|TUR×NUN|
|TUR.ŠA₆|
|TUR.SAG|
|TUR.SAL.TUR.TUR|
|TUR.TUR|
|TUR.TUR.LA₂|
|TUR&TUR.ZA&ZA|
|TUR&TUR.ZA&ZA.TUR&TUR.ZA&ZA|
turu
ṭuru
turungal
|TUR.UŠ|
|TUR.ZA|
|TUR×ZI|
tuš
ṭuš
tuše
tuššuru
tušu
tutke
tutki
tutku
|TU&TU|
u
U
u₁₀
u₁₁
u₁₂
u₁₃
u₁₆
u₁₇
u₁₈
u₁₉
u₂
U₂
u₂₀
u₂₁
u₂₂
u₂₄
|U₂.A.LAGAB×HAL|
|U₂.GA₂×X|
|U₂.GA₂×X.TUR|
|U₂.GIR₂|
|U₂.GIR₂@g|
|U₂.GIŠ.MI|
|U₂.GIŠ.SAR|
|U₂.KA|
|U₂.KA×LI|
|U₂.KI.SUM.GA|
|U₂.KUR|
|U₂.KUR.NI.TUK.KI|
|U₂.KUR.RA|
|U₂.KUR.SAL.TUK|
|U₂.KUR.ZA.MUŠ₃@g.KI|
|U₂.NAGA|
|U₂.NAGA.A|
|U₂.NAGA.AN.AŠ.ŠIR|
|U₂.NAGA.AN.ŠIR|
|U₂.NAGA.GA|
|U₂.NAGA@U₂.NAGA|
|U₂.SA|
|U₂.SAG|
|U₂.SA.KA.KAK|
|U₂.(ŠE.NUN&NUN)%(ŠE.NUN&NUN)|
|U₂.(ŠE.NUN&NUN)&(ŠE.NUN&NUN)|
U₂@t
|U₂&U₂|
|U₂.UR₂|
|U₂.ZA.MUŠ₃|
u₃
u₄
u₅
|U.5(DIŠ)|
u₆
u₇
u₈
u₉
ua
ua₂
ua₄
|U.AD|
|U.AN|
ub
UB
ub₂
ub₃
ub₄
ub₅
ub₆
ub₇
uba
uba₂
uba₅
ubar
ubara
ubda
ubi
ubi₂
ubilla
ubilla₂
ubinigga
ubisag
ubisag₂
|UB.ME|
ubri
|UB.RI|
ubri₂
ubrim
ubu
ubu₂
ubudil
ubudili
ubur
ubur₂
ubur₃
ubur₄
ubura
uburu
u@c
U@c
ud
UD
UD@180
|UD×1(N01)|
|UD×1(N01@f)|
ud₂
|UD×3(N57)|
ud₄
ud₅
ud₆
|UD.A|
uda₅
|UD.AB|
|UD.AB@g|
|UD.AB×(U.U.U)|
|UD.AB×(U.U.U).ŠIR.LAGAB.A|
|UD.AN.ŠEŠ.KI|
|UD.AN.UD|
|U.DAR|
|UD×BAD|
udda
|UD×DIŠ|
|UD.DU|
|UD.DU.BU|
udeššu
UD@g
|UD.GAN|
|UD×GIŠ|
|UD.(GIŠ%GIŠ)@g.AN|
|UD.GIŠ%GIŠ.NUN|
|UD.GIŠ%GIŠ.NUN.KI|
UD@g@v
|UD.HI×AŠ₂|
|UD.HI.HU.HI.NUN.NA|
|UD.HUB₂|
|UD.HU.HI.HU.KI|
|UD.HU.HI.NUN|
|UD.HU.HI.NUN.NA|
udilia
|U.DIM|
|U.DIM×ŠE|
udinim
|UD.KA|
|UD.KA.AŠ|
|UD.KA.BAR|
|UD.KA×BAR|
|UD.KID|
|UD.KUŠU₂|
|UD×KUŠU₂|
|UD.MA₂.AB×HA|
|UD.MA₂.AB×HA.KI.TAG|
|UD.MA₂.AB×HA.ŠIR|
|UD.MA₂.AB×HA.TAG|
|UD.MA₂.AB.TAG|
|UD.MA₂.AB×(U.U.U).ŠIR|
|UD.MI|
|UD×MI|
|UD.MUD.NUN.KI|
|UD.NI|
|UD.NI.HUB₂|
udnim
|UD.NUN|
|UD.NUN.GIŠ%GIŠ|
|UD×PAP|
udra
udra₂
udra₃
udru
UD@s
|UD.SAL.HUB₂|
|UD.SAL.KAB|
|UD.SAR|
|UD@s×BAD|
|UD.ŠEŠ.KI|
|UD@s.KID|
|UD@s.KUŠU₂|
|UD@s×U|
|UD×TIL|
udu
udu₂
udub
udub₂
udub₃
|UD&UD|
|UD.UD|
|UD.UD.AK|
udug
UDUG
udug₂
udul
udul₁₀
udul₁₁
udul₃
udul₄
udul₅
udul₆
udul₇
udul₈
udul₉
udun
|UD×(U.U.U)|
|UD×(U.U.U).AN.ŠEŠ.KI|
|UD×(U.U.U).DU|
|UD×(U.U.U)@g|
|UD×X|
|U.EDIN|
|U.EN|
|U.EN×GAN₂@t|
u@f
U@f
ug
ug⁻
U@g
ug₂
ug₃
ug₄
ug₅
ug₆
ug₇
uga
|U.GA|
uga₂
|U.GA₂|
uga₃
uga₅
ugab
|U.GA.HI|
ugal
|U.GAN|
|U.GAN@s|
ugar
|U.GIŠ%GIŠ|
ugnim
ugra
ugri
ugu
ugu₂
ugu₃
ugu₄
ugu₅
ugu₆
ugu₇
|U.GUD|
ugudil
ugudili
ugula
ugulu
ugun₂
ugun₃
ugunu
ugunu₂
ugur
|U.GUR|
ugur₂
uh
uh₂
uh₃
uh₄
uh₅
uh₆
uhhu
uhhur₃
uhu
uhu₂
uhul
uia
uk
uk₅
|U.KA|
|U×KASKAL|
ukdin
|U.KID|
|U.KID₂|
ukken
ukkin
ukra
uktim
uktin
uku
uku₂
uku₃
uku₄
uku₅
ukum
ukur₂
ukur₃
ukur₄
ukur₅
ukurrim
ukuš
ukuš₂
ul
ul₁₂
ul₂
ul₃
ul₄
ul₅
ul₆
ul₇
ula
ula₂
ulal
uli
ulil
ullu
ullu₃
ulu
ulu₂
ulu₃
ulu₃⁻
ulu₄
uluba
uluba₂
ulubar
ulubar₂
ulud
uludim
uludim₂
uludin
uludin₂
ulul
ulul₂
ulumaš
ulumaš₂
ulušin
ulušin₂
ulušin₃
ulutim
ulutim₂
ulutin
ulutin₂
um
UM
um₂
umah
uman
|U.MAŠ.KAB|
umbara
umbin
UMBIN
|UMBIN×LU|
|UMBIN×MAŠ|
umbisag
umbisag₂
umbisaŋ
umbisaŋ₂
|UM.LAGAB|
|UM×LAGAB|
umma
|UM.MA|
umman
ummanu
|UM.ME|
|UM×ME|
ummeda
|UM×(ME.DA)|
ummeda₂
ummu
ummu₃
|UM×ŠA₃|
umu
|U.MU|
|UM×U|
umuh
|UM×U.LAGAB|
umum
UMUM
|UMUM×AN|
|UMUM×DUN₃@g|
|UMUM×HA|
|UMUM×KASKAL|
|UMUM×PA|
umun
umun₁₁
umun₂
umun₃
umun₄
umun₅
umun₆
umun₇
umun₈
umun₉
umuna₁₂
umuš
un
UN
un₂
un₃
un₄
un₅
UN@g
unken
|UNKEN×AN|
|UNKEN×DUG|
unkin
|UNKIN×DUG|
unu
unu⁻
unu₁₀
unu₁₁
unu₁₂
unu₂
unu₃
unu₄
unu₅
unu₆
unu₇
unu₈
unu₉
unud
unug
unug⁻
unug₂
unug₃
unug₄
unugi
unugi₂
uŋ₂
uŋ₃
uŋ₅
uŋnim
up
up₂
|U.PIRIG|
uq
ur
UR
ur₁₀
ur₁₁
ur₁₂
ur₁₄
UR@180
ur₂
UR₂
|UR₂×A|
|UR₂×(A.HA)|
|UR₂×AL|
|UR₂×(A.NA)|
|UR₂×AŠ|
|UR₂×AŠ₂|
ur₂@g
UR₂@g
|UR₂×GAD|
|UR₂×GAN₂@t|
|UR₂×(GI.IDIM)|
UR₂@h
|UR₂×HA|
|UR₂×(HA.A)|
|UR₂×KAL|
|UR₂×KID₂|
|UR₂×KID₂.SU|
|UR₂×NUN|
|UR₂×U₂|
|UR₂×(U₂.AŠ)|
|UR₂×(U₂.BI)|
|UR₂×UD|
|UR₂×X|
ur₃
ur₄
UR₄
ur₅
ur₇
ur₈
ur₉
ura
|UR×A|
ura₁₅
ura₁₆
ura₃
ura₄
ura₅
|UR.A.EDIN|
|UR×AL|
uram
uram₂
uraš
urbigu
urbigu₂
urbigu₃
urbingu
urbingu₂
urbingu₃
urda
urda₂
|UR×DIŠ|
|UR×(DIŠ.DIŠ.DIŠ)|
urdu
urdu₂
urgilim
urgu
urgu₂
uri
URI
uri₂
uri₃
URI₃
uri₄
uri₅
urim₂
urim₅
urin
URI@n
|UR×KASKAL|
|UR.MAH|
|UR×MIN|
urrub
urrub₂
UR@s
urša
|UR×SAG|
ursagsim
ursaŋsim
|UR×ŠU|
ursub
urṣub
ursub₂
urta
uru
URU
uru₁₀
uru₁₁
uru₁₂
uru₁₃
uru₁₄
uru₁₅
uru₁₆
uru₁₇
uru₁₇⁻
uru₁₈
uru₁₉
uru₂
uru₃
uru₄
uru₅
uru₆
uru₇
uru₈
uru₉
urua
|URU.A|
|URU×A|
|URU×A.A|
uruaka
|URU×AŠGAB|
urub
|URU×BAR|
urud
urud₂
uruda
URUDA
|URUDA.NAGAR|
|URU×DARA₃|
|URUDA×ŠU|
|URUDA×U|
|URUDA×U.LAGAB|
|URUDA×U.U|
|URUDA×U.U.U|
|URUDA×U.U.UM|
urudu
urudu₂
|URU×DUN|
|URU×EŠ|
URU@g
|URU×GA|
|URU×GA@g|
urugal
|URU×GAL|
urugal₂
|URU×GA.ME|
|URU×GAN₂@t|
|URU×GAR|
|URU×GU|
uruh
|URU×HA|
|URU×HI|
|URU×IGI|
|URU×IGI@g|
|URU×IM|
|URU×IŠ|
uruišdua
uruišduha
uruk
|URU×KI|
|URU×KUR|
|URU×LAK668|
urulla
|URU×LUM|
urum
urum₂
urum₃
urum₄
urum₅
urum₆
urum₇
urum₈
urum₉
|URU×MAŠ|
urume
|URU.ME.U.U.U|
|URU×MIN|
|URU×(MIN.GA)|
|URU×(MIN.GU)|
|URU×(MIN.IGI)|
|URU×(MIN.IM)|
|URU×(MIN.NI)|
|URU×(MIN.NI.GA)|
|URU×(MIN.URUDA)|
urun
|URU×PA|
|UR%UR|
|UR&UR|
ururim
|URU×ŠA₃|
|URU×ŠAH₂|
|URU×SAL|
|URU×ŠE|
urušeb
|URU×ŠEŠ₂|
urušib
|URU×SIG₄|
urutamga
urutamga₂
|URU×TIL|
|URU×TU|
|URU×(TU&TU)|
|URU×TU&TU|
|URU×TU.URU×TU|
|URU×U₂@t|
|URU×UD|
|URU×(U.GUD)|
|URU×URUDA|
|URU×X|
|URU×X₂|
urzub
us
uś
uš
UŠ
uṣ
uš₁₀
uš₁₁
uš₁₄
uš₁₅
uš₁₇
uš₁₈
us₂
uš₂
UŠ₂
uṣ₂
uš₃
us₄
uš₄
uṣ₄
us₅
uš₅
uš₆
uš₇
uš₈
uš₉
usa
|U.ŠA|
|UŠ×A|
usa₂
usab
usag
|U.SAG|
usan
usan₂
usan₃
usan₄
usan₅
usan₆
usanda
usandu
|UŠ.ANŠE|
usar
|U.SAR|
ušar
usar₂
ušar₂
usar₃
ušar₃
usar₄
ušar₄
ušbar
|UŠ.BAR|
ušbar₂
ušbar₃
ušbar₆
ušbar₇
|UŠ.BU.DA|
ušbur
ušbur₂
ušbur₃
ušbur₄
ušbur₅
ušbur₆
ušbur₇
|UŠ.DAM|
usduha
ušen
ušera
ušeri
|UŠ.GA|
|UŠ.GA₂|
usi
usian
usil
|UŠ.KU|
|UŠ×KU|
|UŠ×KUR|
|UŠ.SA|
ušša
ussa₂
ussa₃
|UŠ.SAL.DAM|
ussu
USSU
ussu₂
ussu₃
USSU₃
|UŠ×TAK₄|
|UŠ×TAR|
uštil
uštu
uštu₂
uštug
uštug₂
|UŠ.TUG₂.PI|
uštuh
usu
ušu
usu₂
ušu₂
usu₃
ušu₃
ušub
|UŠ×U@c|
usud
usug
usug₂
usug₃
usug₄
usug₅
ušum
ušumgal
usun
usur
ušur
ušur₂
ušur₃
usur₄
ušur₄
ušur₅
ušuš
|UŠ×X|
UŠX
ut
uṭ
ut₂
ut₄
ut₅
ut₆
uta
utag
utah
utak
uṭe
utima
utima₂
utte
uttu
uttu₂
uttu₄
uttu₅
uttu₆
uttuku
utu
uṭu
utu₂
uṭu₂
utu₃
utu₄
uṭu₄
utu₅
uṭu₅
uṭu₆
utua
utua₂
utug
|U.TUG₂|
UTUKI
uṭuku
utul
utul₁₀
utul₁₁
utul₂
utul₃
utul₄
utul₅
utul₆
utul₇
utul₈
utul₉
utun
utuwa
utuwa₂
|U&U|
|U.U|
|U.UD|
|U.UD.KID|
|U&U.GAR₃&GAR₃|
|U.U.HUB₂|
|U&U.PA&PA.GAR&GAR|
|U.UR@s|
|U&U.SUR&SUR|
|U.U.U|
|U.U.U.AŠ₃|
|U&U.U&U.U|
|U&U.U@v&U@v|
U@v
uw
uya
uz
uz₂
uz₃
UZ₃
|UZ₃.BALAG|
|UZ₃×BALAG|
|UZ₃.IGI@g|
|UZ₃.IGI@g.IGI@g|
|UZ₃.KASKAL|
|UZ₃×KASKAL|
uz₄
uz₅
uza
uza₃
|U.ZAG|
uzaglal
uzalag
uzalak
uzduha
uzu
UZU
uzu₂
uzu₃
uzu₅
uzu@90
UZU@90
uzud
uzug
uzug₂
uzug₃
uzug₄
uzug₅
|UZU×GA|
uʾ
uʾ₃
uʾ₄
uʾa
uʾi
uʾu
wa
wa₂
wa₃
wa₄
wa₆
wan
war₂
war₃
wardu
wāṣit
we
we₂
wi
wi₂
wi₄
wi₅
wir
WN
wu
wu₂
wu₃
wu₄
wuk
wuš
x
X
X₁
X₂
X₃
X₄
X₅
X₆
X₇
ya
ya₁₀
ya₃
ya₄
ye
yi
yi₂
yi₃
yu
za
ZA
za₂
za₃
za₄
za₅
za₆
za₇
ZA₇
|ZA₇.MUŠ₃.AB@g|
|ZA.AN.MUŠ₃|
|ZA.AN.MUŠ₃@g|
zab
zabala
zabala₂
zabala₃
zabala₄
zabala₅
zabala₆
zabalam
zabalam₂
zabalam₃
zabalam₄
zabalam₅
zabalam₆
zabar
zabar₂
zabar₃
zabitum
zadim
zadra
zadri
zadru
|ZA.DUN₃@g|
|ZA.DUN₃@g@g|
zag
ZAG
zag₂
zag₃
|ZAG.AN|
zagga
|ZAG.GA|
zagga₂
|ZAG.HA|
zagindur
|ZA.GUL|
zah
zah₂
zah₃
zaha₂
zaha₃
zahan
zahan₂
|ZA.IB|
zak
zak₂
|ZA.KUR|
|ZA.KUR.A|
zal
zala
zalag
zalag₂
zalag₃
zalaga
zalah
|ZA.LAK247|
zalli
zamin
zamug
|ZA.MUŠ₃|
|ZA.MUŠ₃.AB@g|
|ZA.MUŠ₃.AB×(U.U.U)|
|ZA.MUŠ₃.DI|
|ZA.MUŠ₃@g|
|ZA.MUŠ₃@g.AB@g|
|ZA.MUŠ₃@g.AB×(U.U.U)|
|ZA.MUŠ₃@g.DI|
|ZA.MUŠ₃@g.EREN|
zanabal
zanabal₂
zanabal₃
zanaru
zanaru₂
zanbur
zandar
zandara
zanga
|ZA.NIM|
zannaru
zannaru₂
zansur
zanzana
zaŋ₃
zaŋa
zap
zapah
|ZA.PIRIG|
zaq
zaq₂
zaq₄
zar
zar₂
zar₃
zar₄
zar₅
zar₆
zar₇
zara
zara₅
zara₆
zarah
zarah₂
zarim
|ZA.SU|
zat
ZA@t
|ZA@t.NAGAR|
ZAX
zaz
|ZA.ZA₇.MUŠ₃|
zazana
zazna
ze
ze₂
ZE₂
ze₄
zeb
zeb₂
zeb₃
zeh₂
zel
zer
zer₃
zermušku
zermuššu
zezna
zi
ZI
zi₂
zi₃
ZI₃
|ZI₃.LU₃|
zi₃@t
ZI₃@t
zi₄
zi₇
zib
zib₂
zib₃
zibar
zibar₃
zibbir
zibin
zibin₂
ZIB@k
zid
zid₂
zig
ZIG
zig₂
zig₃
zigara
zigkaru
zigum
zih
zih₂
zik
zik₀
zik₂
zik₃
zikara
zikaru
zikum
zikura
zil
zil₀
zil₂
zil₃
|ZI.LAGAB&ZI.LAGAB|
zilpe
zilulu
zimbir
zin
zinanutu
zip
zip₃
zipah
zipah₂
ziq
ziq₂
ziqi
zir
zir₀
zir₂
zir₃
zir₄
ziri
zirru
zis
ziz
ziz₂
ZIZ₂
|ZIZ₂.A|
|ZIZ₂.A.AN|
|ZIZ₂.AN|
|ZIZ₂.AN.AN|
|ZIZ₂.AN.AN.AN|
|ZIZ₂.AN.NA|
ziz₃
ziz₄
ziz₅
zizanu
zizi
|ZI%ZI|
|ZI&ZI|
|ZI&ZI.A|
|ZI&ZI.EŠ₂|
|ZI&ZI.EŠ₂.ŠE|
|ZI&ZI.LAGAB|
|ZI&ZI.LAGAB×AŠ|
|ZI&ZI.LAGAB&LAGAB|
|ZI&ZI.LAGAB.ŠE|
zizna
zu
ZU
zu₂
zu₃
zu₄
zu₅
ZU₅
|ZU₅×A|
|ZU₅×(DIŠ@t.DIŠ@t.DIŠ@t)|
zu₆
zu₇
zu₈
zu₉
|ZU.AB|
zub
zub₂
zubi
ZUBI
zubu
zubud
zubur
ZUBUR
zuen
zuena
zug
zug₂
zug₃
zug₄
zugud
zuguz
zuh
zuk
zukum
zukum₂
zukura
zulug
zuluhu
zuluhu₂
zuluhu₃
zuluhu₄
zulumhi
zulumhi⁻
zulumhi₂
zulumhi₃
zulumhi₄
zum
ZUM
|ZUM×KASKAL|
|ZUM×LAGAB|
|ZUM.SI|
|ZUM×TUG₂|
|ZU.PIRIG|
zuq
zur
zur₂
zur₃
zur₄
zur₅
zur₈
zuru₁₀
zuru₅
zuru₉
zurzub
zurzub₂
zusu
|ZU&ZU|
|ZU&ZU.SAR|
|ZU&ZU.ŠE|
|ZU&ZU.ŠE.SAR|
ʾ
ʾa
ʾa₃
ʾa₄
ʾa₅
ʾe
ʾi
ʾi₃
ʾu
ʾu₃
ʾu₄
