This is XeTeX, Version 3.1415926-2.3-0.9997.5 (TeX Live 2011) (INITEX)  24 JUL 2012 11:00
entering extended mode
 restricted \write18 enabled.
 %&-line parsing enabled.
**oracctex.ini
(./oracctex.ini (./cdf.tex (./daplain.tex
\maxdimen=\dimen10
\hideskip=\skip10
\centering=\skip11
\p@=\dimen11
\z@=\dimen12
\z@skip=\skip12
\voidb@x=\box10
\smallskipamount=\skip13
\medskipamount=\skip14
\bigskipamount=\skip15
\normalbaselineskip=\skip16
\normallineskip=\skip17
\normallineskiplimit=\dimen13
\jot=\dimen14
\interdisplaylinepenalty=\count23
\interfootnotelinepenalty=\count24
\strutbox=\box11
\mscount=\count25
\tabs=\box12
\tabsyet=\box13
\tabsdone=\box14
\rootbox=\box15
\p@renwd=\dimen15
) (./replain.tex) (./utility.tex
\posthboxtominamount=\skip18
\nextpar=\toks110
\rulespace=\dimen16
\interrulespace=\dimen17
\d@tct=\count26
\hours=\count27
\minutes=\count28
\vbnumbering=\count29
\vbbox=\box16
\currfmt=\count30
\tracingpaths=\count31
\protected@flag=\count32
\savedfmt=\count33
)
(./output.tex
\fpoutputpending=\count34
\headline=\toks111
\footline=\toks112
\lefthdrinfo=\toks113
\centrehdrinfo=\toks114
\righthdrinfo=\toks115
\leftftrinfo=\toks116
\centreftrinfo=\toks117
\rightftrinfo=\toks118
\fnparindent=\dimen18
\savedindent=\dimen19
\footins=\insert254
\foottopskip=\dimen20
\footbeginstrutbox=\box17
\footendstrutbox=\box18
\footlastlinedp=\dimen21
\interfootpenalty=\count35
\interfootskip=\skip19
\fnoteparindent=\dimen22
\fnoteparskip=\skip20
\fnotecounter=\count36
\enoteskip=\skip21
\topins=\insert253
\fnotebelowruleskip=\skip22
\partialpage=\box19
\whatsleft=\box20
\intercolgutter=\dimen23
\savedvsize=\dimen24
\tmpct=\count37
\tmpctb=\count38
\@numcols=\count39
\fpleftb@x=\box21
\fpleftp@ge=\box22
\fpleftb@@=\box23
\fprightb@x=\box24
\fprightp@ge=\box25
\fprightb@@=\box26
\fppreleftb@x=\box27
\fpprerightb@x=\box28
\fppagegoal=\dimen25
\fppagetotal=\dimen26
\vf@zz=\dimen27
\fpb@xsize=\dimen28
\fpskip=\skip23
\fpshrink=\dimen29
\fppreskip=\dimen30
\fp@lreadysize=\dimen31
\fpnumsof@r=\count40
\fpb@xht=\dimen32
\fpb@xdp=\dimen33
\fpflushn@m=\count41
\@coltarget=\dimen34
 (./boxincol.tex
\savedboxincolsb@x=\box29
\bic@numcols=\count42
\boxincolsb@x=\box30
\b@xhsize=\dimen35
\redo@xtra=\dimen36
\c@lshort=\dimen37
\c@leverythingsize=\dimen38
\reb@lancebox=\box31
\columnfuzz=\dimen39
\bic@diff@fuzz=\dimen40
\lastc@lsize=\dimen41
\coltestbox=\box32
\colsavedbox=\box33
\@colmax=\dimen42
\mincoltarget=\dimen43
\footmincoltarget=\dimen44
\bic@pushbox=\box34
\do@overbox=\box35
\boxsizedimen=\dimen45
\testb@xdimen=\dimen46
) (./mcolnote.tex
\numfnotec@ls=\count43
\fn@tehsize=\dimen47
\fnoteintercolgutter=\dimen48
\saved@gutter=\dimen49
\saved@minfirstcollength=\dimen50
\saved@topskip=\dimen51
\testbox=\box36
) (./multicol.tex
\mc@lpagegoal=\dimen52
\mc@added=\count44
\mc@calcbox=\box37
\mc@magicbox=\box38
\hijackedinsert=\box39
\mc@magicpenalty=\count45
\mc@magicskip=\dimen53
\mc@magicboxdp=\dimen54
\mcolmagicthreshold=\dimen55
\goal@vsize=\dimen56
\mc@calcdimen=\dimen57
\one@pt=\dimen58
\saved@mincoltarget=\dimen59
\footsize@box=\box40
)) (./fonts.tex
\FLODtextintcoll=\toks119
\FLODmathintcoll=\toks120
\FLODintcol@=\toks121
\FLODintsize=\toks122
\FLODextsize=\toks123
\FLODintsiz@=\toks124
\FLODextsiz@=\toks125
\FLODintface=\toks126
\tracingfonts=\count46
\rmfam=\fam0
\mifam=\fam1
\syfam=\fam2
\exfam=\fam3
\itfam=\fam4
\bffam=\fam5
\bifam=\fam6
\mibfam=\fam7
\sybfam=\fam8
\sufam=\fam9
\subfam=\fam10
\akfam=\fam11
\akbfam=\fam12
\Xfam=\fam13
\currfam=\count47
\FLOD@restoreface=\count48
\FLOD@pushedfam=\count49
\FLODtextpushedcoll=\toks127
\FLODmathpushedcoll=\toks128
Font: Loading CuneiformNA
Font: Loading UngkamBookBasic
Font: Loading DejaVuSans
Font: Loading DejaVuMono
) (./paper.tex) (./spacing.tex
\physicalpageheight=\dimen60
\physicalpagewidth=\dimen61
\leftmargin=\dimen62
\topmargin=\dimen63
\rightmargin=\dimen64
\botmargin=\dimen65
\headersep=\dimen66
\footersep=\dimen67
\textheight=\dimen68
\textwidth=\dimen69
\fullhsize=\dimen70
\strutbox=\box41
\bigskipamount=\skip24
\medskipamount=\skip25
\smallskipamount=\skip26
\basicleading=\skip27
\aboveheadingskip=\skip28
\belowheadingskip=\skip29
\itemskip=\skip30
\spreadfactor=\dimen71
\quadsp=\dimen72
\indention=\dimen73
\displayleftmargin=\dimen74
\displayrightmargin=\dimen75
\displayindent=\dimen76
\hbindentamount=\dimen77
\fontstrutbox=\box42
) (./document.tex
\title=\toks129
\subtitle=\toks130
\author=\toks131
\affiliation=\toks132
\paperinfo=\toks133
\editor=\toks134
\publisher=\toks135
\placeofpublication=\toks136
\yearofpublication=\toks137
\drafttitle=\toks138
\draftnumber=\toks139
\date=\toks140
\dedication=\toks141
\epigraph=\toks142
\abovetitleskip=\skip31
\intertitleskip=\skip32
\belowtitleskip=\skip33
\belowauthorskip=\skip34
\belowaffiliationskip=\skip35
\belowpaperinfoskip=\skip36
\belowepigraphskip=\skip37
 (./div.tex
\sectct=\count50
\subsectct=\count51
\subsubsectct=\count52
\subsubsubsectct=\count53
\@secnumtoks=\toks143
\abovechapter=\dimen78
\chaptertotitle=\dimen79
\belowchapter=\dimen80
\chapterno=\count54
\toc@rangeid=\count55
\chaptertitletoks=\toks144
\partno=\count56
\aboveappendix=\dimen81
\appendixtotitle=\dimen82
\belowappendix=\dimen83
\appendixno=\count57
) (./toc.tex
\tocfile=\write0
\toc@lastlevel=\count58
\tocpagev@l=\count59
\toczerorightskip=\dimen84
\toczeroindent=\dimen85
\toczerohang=\dimen86
\toconerightskip=\dimen87
\toconeindent=\dimen88
\toconehang=\dimen89
\toctworightskip=\dimen90
\toctwoindent=\dimen91
\toctwohang=\dimen92
\tocthreerightskip=\dimen93
\tocthreeindent=\dimen94
\tocthreehang=\dimen95
\tocrangefile=\write1
)
(./xref.tex
\xrffile=\write2
\marginkern=\dimen96
\marginstrut=\box43
\marginnotecount=\count60
\marginpagetotal=\dimen97
\marginnoteskip=\skip38
\xrefinsert=\insert252
\fakebox=\box44
)) (./env.tex (./editions.tex
\composition@toks=\toks145
\longname@toks=\toks146
\citeas@toks=\toks147
\PSDname@toks=\toks148
\text@toks=\toks149
\siglumb@x=\box45
\musnob@x=\box46
\linesb@x=\box47
\descb@x=\box48
\bibb@x=\box49
\provb@x=\box50
\typeb@x=\box51
\ltypeb@x=\box52
\withb@x=\box53
\Sousiglumwd=\dimen98
\Soumusnowd=\dimen99
\Soubibwd=\dimen100
\Souprovwd=\dimen101
\Soulineswd=\dimen102
\Soudescwd=\dimen103
\Souhangindent=\dimen104
\Souparindent=\dimen105
\Sougutter=\skip39
\Souintersourceskip=\skip40
\exxrulewd=\dimen106
\exxunit=\dimen107
\exxtablesize=\dimen108
\vlistheight=\dimen109
\currtop=\count61
\currbot=\count62
\lastbot=\count63
\startline=\count64
\endline=\count65
\countx=\count66
\vlistbox=\box54
\leftscalebox=\box55
\rightscalebox=\box56
\currexemplar=\toks150
\toobigct=\count67
\donebits=\count68
\incontinuation=\count69
\notect=\count70
\txttoks=\toks151
\sigtoks=\toks152
\everyscore=\toks153
\conttoks=\toks154
\txtfonts@ze=\toks155
\numfonts@ze=\toks156
\scofonts@ze=\toks157
\txtpoints@ze=\toks158
\sigpoints@ze=\toks159
\hyphbox=\box57
\hyphwidth=\dimen110
\dotbox=\box58
\dotwidth=\dimen111
\colonbox=\box59
\colonwidth=\dimen112
\spacewidth=\dimen113
\hybox=\box60
\astbox=\box61
\toobig=\dimen114
\toobigfuzz=\dimen115
\txttoscoreamt=\dimen116
\scoretonoteamt=\dimen117
\internoteamt=\dimen118
\notebaselineskip=\skip41
\noteleftmargin=\dimen119
\noterightskip=\skip42
\notewidth=\dimen120
\alwidth=\dimen121
\contfirstcolwd=\dimen122
\contblockleft=\dimen123
\numgutter=\dimen124
\interscoreskip=\skip43
\intersinglineskip=\skip44
\intercontskip=\skip45
\pt=\dimen125
\ctyinterskip=\skip46
) (./composit.tex
\cmp@restoflinebox=\box62
\cmp@lines=\count71
\cmp@penaltyval=\count72
\cmp@hsize=\dimen126
\cmp@leftadjust=\dimen127
\cmpfullhsize=\dimen128
\cmphsize=\dimen129
\cmpnumwidth=\dimen130
\cmpsigwidth=\dimen131
\cmpsigrskip=\skip47
\cmpsighang=\dimen132
\cmptextrskip=\skip48
\cmptexthang=\dimen133
\cmpinterlineskip=\skip49
\cmpinterblockskip=\skip50
\cmpabovehdrskip=\skip51
\cmpbelowhdrskip=\skip52
\cmpinterhdrskip=\skip53
\cmplabelwd=\dimen134
\cmplabelrskip=\skip54
\cmplabelhang=\dimen135
\cmprulelength=\dimen136
\cmpmaxlabelwd=\dimen137
\cmpleftskip=\dimen138
\cmpstrutbox=\box63
)
\@ndentamt=\dimen139
\nostuffindent=\dimen140
\@ndentlev=\count73
\en@mlev=\count74
\@utlinelev=\count75
\@listnestlev=\count76
\en@mi=\count77
\@utlinei=\count78
\@utlinevi=\count79
\en@mii=\count80
\@utlineii=\count81
\@utlinevii=\count82
\en@miii=\count83
\@utlineiii=\count84
\@utlineviii=\count85
\en@miv=\count86
\@utlineiv=\count87
\@utlineix=\count88
\en@mv=\count89
\@utlinev=\count90
\@utlinex=\count91
\en@mtoks=\toks160
\en@mlabwd=\dimen141
\en@mlabtoks=\toks161
\envparskip=\skip55
\subabovedisplayskip=\skip56
\subbelowdisplayskip=\skip57
\descbox=\box64
\quoteindent=\dimen142
\iwddotbox=\box65
\indexeolspace=\dimen143
) (./styles.tex)
(./polyglot.tex
\French=\language1
\German=\language2
\Italian=\language3
\Spanish=\language4
 English hyphenation) (./hyphen.tex)) (./graphics/graphicx.tex
(./graphics/miniltx.tex
\@tempcnta=\count92
\@tempcntb=\count93
\@tempdima=\dimen144
\@tempdimb=\dimen145
\@tempdimc=\dimen146
\@tempboxa=\box66
\@tempskipa=\skip58
\@tempskipb=\skip59
\@temptokena=\toks162

Defining generic filename parser.

\leftmarginv=\dimen147
\leftmarginvi=\dimen148
\@ovxx=\dimen149
\@ovyy=\dimen150
\@ovdx=\dimen151
\@ovdy=\dimen152
\@ovro=\dimen153
\@ovri=\dimen154
\@xdim=\dimen155
\@ydim=\dimen156
\@linelen=\dimen157
\@dashdim=\dimen158
\fboxsep=\dimen159
\fboxrule=\dimen160
)
(/usr/share/texlive/texmf-dist/tex/latex/graphics/graphicx.sty
graphicx: 1999/02/16 v1.0f Enhanced LaTeX Graphics (DPC,SPQR)

(/usr/share/texlive/texmf-dist/tex/latex/graphics/keyval.sty
keyval: 1999/03/16 v1.13 key=value parser (DPC)
\KV@toks@=\toks163
)
(/usr/share/texlive/texmf-dist/tex/latex/graphics/graphics.sty
graphics: 2009/02/05 v1.0o Standard LaTeX Graphics (DPC,SPQR)

(/usr/share/texlive/texmf-dist/tex/latex/graphics/trig.sty
trig: 1999/03/16 v1.09 sin cos tan (DPC)
)
(/usr/share/texlive/texmf-dist/tex/latex/latexconfig/graphics.cfg
graphics.cfg: 2010/04/23 v1.9 graphics configuration of TeX Live
)
graphics: Driver file: xetex.def

(/usr/share/texlive/texmf-dist/tex/xelatex/xetex-def/xetex.def
xetex.def: 2009/11/22 v0.94 LaTeX color/graphics driver for XeTeX (RRM/JK)
))
\Gin@req@height=\dimen161
\Gin@req@width=\dimen162
)) )
Beginning to dump on file oracctex.fmt
 (format=oracctex 2012.7.24)
70191 strings of total length 62390
37532 memory locations dumped; current usage is 252&37232
3630 multiletter control sequences
\font\nullfont=nullfont
0 words of font info for 0 preloaded fonts
14 hyphenation exceptions
Hyphenation trie of length 6076 has 181 ops out of 35111
  181 for language 0
No pages of output.
